<?xml version="1.0" encoding="UTF-8"?>
<testsuite xmlns:xsi="http://www.w3.org/2001/XMLSchema-instance" xsi:noNamespaceSchemaLocation="https://maven.apache.org/surefire/maven-surefire-plugin/xsd/surefire-test-report-3.0.xsd" version="3.0" name="com.calendarConverter.service.ConvertDateTest" time="2.677" tests="3" errors="0" skipped="0" failures="0">
  <properties>
    <property name="java.specification.version" value="22"/>
    <property name="sun.cpu.isalist" value="amd64"/>
    <property name="sun.jnu.encoding" value="Cp1252"/>
    <property name="java.class.path" value="C:\Users\mabdu\IdeaProjects\calendarConverter\target\test-classes;C:\Users\mabdu\IdeaProjects\calendarConverter\target\classes;C:\Users\mabdu\.m2\repository\org\junit\jupiter\junit-jupiter-api\5.9.1\junit-jupiter-api-5.9.1.jar;C:\Users\mabdu\.m2\repository\org\opentest4j\opentest4j\1.2.0\opentest4j-1.2.0.jar;C:\Users\mabdu\.m2\repository\org\junit\platform\junit-platform-commons\1.9.1\junit-platform-commons-1.9.1.jar;C:\Users\mabdu\.m2\repository\org\apiguardian\apiguardian-api\1.1.2\apiguardian-api-1.1.2.jar;C:\Users\mabdu\.m2\repository\org\junit\jupiter\junit-jupiter-engine\5.9.1\junit-jupiter-engine-5.9.1.jar;C:\Users\mabdu\.m2\repository\org\junit\platform\junit-platform-engine\1.9.1\junit-platform-engine-1.9.1.jar;C:\Users\mabdu\.m2\repository\org\springframework\spring-test\6.1.12\spring-test-6.1.12.jar;C:\Users\mabdu\.m2\repository\org\springframework\spring-core\6.1.12\spring-core-6.1.12.jar;C:\Users\mabdu\.m2\repository\org\springframework\spring-jcl\6.1.12\spring-jcl-6.1.12.jar;C:\Users\mabdu\.m2\repository\org\springframework\spring-beans\6.1.12\spring-beans-6.1.12.jar;C:\Users\mabdu\.m2\repository\org\springframework\spring-context\6.1.12\spring-context-6.1.12.jar;C:\Users\mabdu\.m2\repository\org\springframework\spring-expression\6.1.12\spring-expression-6.1.12.jar;C:\Users\mabdu\.m2\repository\io\micrometer\micrometer-observation\1.12.9\micrometer-observation-1.12.9.jar;C:\Users\mabdu\.m2\repository\io\micrometer\micrometer-commons\1.12.9\micrometer-commons-1.12.9.jar;C:\Users\mabdu\.m2\repository\org\springframework\spring-aop\6.1.12\spring-aop-6.1.12.jar;C:\Users\mabdu\.m2\repository\org\aspectj\aspectjweaver\1.9.22\aspectjweaver-1.9.22.jar;C:\Users\mabdu\.m2\repository\org\apache\logging\log4j\log4j-core\2.23.1\log4j-core-2.23.1.jar;C:\Users\mabdu\.m2\repository\org\apache\logging\log4j\log4j-api\2.23.1\log4j-api-2.23.1.jar;C:\Users\mabdu\.m2\repository\org\openjfx\javafx-controls\22\javafx-controls-22.jar;C:\Users\mabdu\.m2\repository\org\openjfx\javafx-controls\22\javafx-controls-22-win.jar;C:\Users\mabdu\.m2\repository\org\openjfx\javafx-graphics\22\javafx-graphics-22.jar;C:\Users\mabdu\.m2\repository\org\openjfx\javafx-graphics\22\javafx-graphics-22-win.jar;C:\Users\mabdu\.m2\repository\org\openjfx\javafx-base\22\javafx-base-22.jar;C:\Users\mabdu\.m2\repository\org\openjfx\javafx-base\22\javafx-base-22-win.jar;C:\Users\mabdu\.m2\repository\org\openjfx\javafx-fxml\22\javafx-fxml-22.jar;C:\Users\mabdu\.m2\repository\org\openjfx\javafx-fxml\22\javafx-fxml-22-win.jar;"/>
    <property name="java.vm.vendor" value="Oracle Corporation"/>
    <property name="sun.arch.data.model" value="64"/>
    <property name="user.variant" value=""/>
    <property name="java.vendor.url" value="https://java.oracle.com/"/>
    <property name="user.timezone" value="Africa/Addis_Ababa"/>
    <property name="user.country.format" value="AS"/>
    <property name="os.name" value="Windows 11"/>
    <property name="java.vm.specification.version" value="22"/>
    <property name="sun.java.launcher" value="SUN_STANDARD"/>
    <property name="user.country" value="US"/>
    <property name="sun.boot.library.path" value="C:\Program Files\Java\jdk-22\bin"/>
    <property name="sun.java.command" value="C:\Users\mabdu\AppData\Local\Temp\surefire16794914563156201449\surefirebooter-20240911161800316_3.jar C:\Users\mabdu\AppData\Local\Temp\surefire16794914563156201449 2024-09-11T16-18-00_193-jvmRun1 surefire-20240911161800316_1tmp surefire_0-20240911161800316_2tmp"/>
    <property name="jdk.debug" value="release"/>
    <property name="surefire.test.class.path" value="C:\Users\mabdu\IdeaProjects\calendarConverter\target\test-classes;C:\Users\mabdu\IdeaProjects\calendarConverter\target\classes;C:\Users\mabdu\.m2\repository\org\junit\jupiter\junit-jupiter-api\5.9.1\junit-jupiter-api-5.9.1.jar;C:\Users\mabdu\.m2\repository\org\opentest4j\opentest4j\1.2.0\opentest4j-1.2.0.jar;C:\Users\mabdu\.m2\repository\org\junit\platform\junit-platform-commons\1.9.1\junit-platform-commons-1.9.1.jar;C:\Users\mabdu\.m2\repository\org\apiguardian\apiguardian-api\1.1.2\apiguardian-api-1.1.2.jar;C:\Users\mabdu\.m2\repository\org\junit\jupiter\junit-jupiter-engine\5.9.1\junit-jupiter-engine-5.9.1.jar;C:\Users\mabdu\.m2\repository\org\junit\platform\junit-platform-engine\1.9.1\junit-platform-engine-1.9.1.jar;C:\Users\mabdu\.m2\repository\org\springframework\spring-test\6.1.12\spring-test-6.1.12.jar;C:\Users\mabdu\.m2\repository\org\springframework\spring-core\6.1.12\spring-core-6.1.12.jar;C:\Users\mabdu\.m2\repository\org\springframework\spring-jcl\6.1.12\spring-jcl-6.1.12.jar;C:\Users\mabdu\.m2\repository\org\springframework\spring-beans\6.1.12\spring-beans-6.1.12.jar;C:\Users\mabdu\.m2\repository\org\springframework\spring-context\6.1.12\spring-context-6.1.12.jar;C:\Users\mabdu\.m2\repository\org\springframework\spring-expression\6.1.12\spring-expression-6.1.12.jar;C:\Users\mabdu\.m2\repository\io\micrometer\micrometer-observation\1.12.9\micrometer-observation-1.12.9.jar;C:\Users\mabdu\.m2\repository\io\micrometer\micrometer-commons\1.12.9\micrometer-commons-1.12.9.jar;C:\Users\mabdu\.m2\repository\org\springframework\spring-aop\6.1.12\spring-aop-6.1.12.jar;C:\Users\mabdu\.m2\repository\org\aspectj\aspectjweaver\1.9.22\aspectjweaver-1.9.22.jar;C:\Users\mabdu\.m2\repository\org\apache\logging\log4j\log4j-core\2.23.1\log4j-core-2.23.1.jar;C:\Users\mabdu\.m2\repository\org\apache\logging\log4j\log4j-api\2.23.1\log4j-api-2.23.1.jar;C:\Users\mabdu\.m2\repository\org\openjfx\javafx-controls\22\javafx-controls-22.jar;C:\Users\mabdu\.m2\repository\org\openjfx\javafx-controls\22\javafx-controls-22-win.jar;C:\Users\mabdu\.m2\repository\org\openjfx\javafx-graphics\22\javafx-graphics-22.jar;C:\Users\mabdu\.m2\repository\org\openjfx\javafx-graphics\22\javafx-graphics-22-win.jar;C:\Users\mabdu\.m2\repository\org\openjfx\javafx-base\22\javafx-base-22.jar;C:\Users\mabdu\.m2\repository\org\openjfx\javafx-base\22\javafx-base-22-win.jar;C:\Users\mabdu\.m2\repository\org\openjfx\javafx-fxml\22\javafx-fxml-22.jar;C:\Users\mabdu\.m2\repository\org\openjfx\javafx-fxml\22\javafx-fxml-22-win.jar;"/>
    <property name="sun.cpu.endian" value="little"/>
    <property name="user.home" value="C:\Users\mabdu"/>
    <property name="user.language" value="en"/>
    <property name="java.specification.vendor" value="Oracle Corporation"/>
    <property name="java.version.date" value="2024-07-16"/>
    <property name="java.home" value="C:\Program Files\Java\jdk-22"/>
    <property name="file.separator" value="\"/>
    <property name="basedir" value="C:\Users\mabdu\IdeaProjects\calendarConverter"/>
    <property name="java.vm.compressedOopsMode" value="32-bit"/>
    <property name="line.separator" value="&#10;"/>
    <property name="java.vm.specification.vendor" value="Oracle Corporation"/>
    <property name="java.specification.name" value="Java Platform API Specification"/>
    <property name="surefire.real.class.path" value="C:\Users\mabdu\AppData\Local\Temp\surefire16794914563156201449\surefirebooter-20240911161800316_3.jar"/>
    <property name="user.script" value=""/>
    <property name="sun.management.compiler" value="HotSpot 64-Bit Tiered Compilers"/>
    <property name="java.runtime.version" value="22.0.2+9-70"/>
    <property name="user.name" value="mabdu"/>
    <property name="stdout.encoding" value="Cp1252"/>
    <property name="path.separator" value=";"/>
    <property name="os.version" value="10.0"/>
    <property name="java.runtime.name" value="Java(TM) SE Runtime Environment"/>
    <property name="file.encoding" value="UTF-8"/>
    <property name="java.vm.name" value="Java HotSpot(TM) 64-Bit Server VM"/>
    <property name="localRepository" value="C:\Users\mabdu\.m2\repository"/>
    <property name="java.vendor.url.bug" value="https://bugreport.java.com/bugreport/"/>
    <property name="java.io.tmpdir" value="C:\Users\mabdu\AppData\Local\Temp\"/>
    <property name="java.version" value="22.0.2"/>
    <property name="user.dir" value="C:\Users\mabdu\IdeaProjects\calendarConverter"/>
    <property name="os.arch" value="amd64"/>
    <property name="java.vm.specification.name" value="Java Virtual Machine Specification"/>
    <property name="sun.os.patch.level" value=""/>
    <property name="native.encoding" value="Cp1252"/>
    <property name="java.library.path" value="C:\Program Files\Java\jdk-22\bin;C:\WINDOWS\Sun\Java\bin;C:\WINDOWS\system32;C:\WINDOWS;C:\Program Files\Common Files\Oracle\Java\javapath;C:\WINDOWS\system32;C:\WINDOWS;C:\WINDOWS\System32\Wbem;C:\WINDOWS\System32\WindowsPowerShell\v1.0\;C:\WINDOWS\System32\OpenSSH\;C:\Program Files\Java\jdk-22\bin;C:\Program Files\dotnet\;C:\Program Files\wix;C:\Program Files\apache-maven-3.9.8\bin;C:\Program Files\spring-3.3.3\bin;C:\RabbitMQ\rabbitmq_server-3.13.6\sbin;C:\Program Files\Java\groovy-4.0.22\bin;C:\ProgramData\chocolatey\bin;C:\Program Files\Git\cmd;C:\Program Files\Calibre2\;C:\Users\mabdu\AppData\Local\Microsoft\WindowsApps;C:\Users\mabdu\AppData\Local\Programs\Microsoft VS Code\bin;C:\Program Files\JetBrains\IntelliJ IDEA 2022.2\bin;;C:\Users\mabdu\.dotnet\tools;;."/>
    <property name="java.vm.info" value="mixed mode, sharing"/>
    <property name="stderr.encoding" value="Cp1252"/>
    <property name="java.vendor" value="Oracle Corporation"/>
    <property name="java.vm.version" value="22.0.2+9-70"/>
    <property name="sun.io.unicode.encoding" value="UnicodeLittle"/>
    <property name="java.class.version" value="66.0"/>
  </properties>
  <testcase name="testForECDays21DD2MM" classname="com.calendarConverter.service.ConvertDateTest" time="0.026">
    <system-out><![CDATA[Bean: appConfig initialized...
Bean: date initialized...
Bean: utility initialized...
Bean: ECOperations initialized...
Bean: GCOperations initialized...
Bean: textFieldFormatter initialized...
Bean: convertDate initialized...
Bean: appFXML initialized...
Logging initialized...
Bean: loggingAspect initialized...
Bean: com.calendarConverter.service.ConvertDateTest.ORIGINAL initialized...
This the setUp method and this is the Date : {1, 1, 2000}
true
BaseY: 2000
StartY: 1988
BaseDay: 3
First day of year: 6
The day is: 4
GC Date: {19, 5, 2011}
]]></system-out>
  </testcase>
  <testcase name="ECtoGCtoEC" classname="com.calendarConverter.service.ConvertDateTest" time="1.769">
    <system-out><![CDATA[Bean: com.calendarConverter.service.ConvertDateTest.ORIGINAL initialized...
This the setUp method and this is the Date : {19, 5, 2011}
true
Date : {1, 1, 2000} Iterations: 1
BaseY: 2000
StartY: 1988
BaseDay: 3
First day of year: 3
The day is: 3
DateGC : {12, 9, 2007} Iterations: 1
BaseY: 2000
StartY: 1988
BaseDay: 3
First day of year: 3
The day is: 3
Date : {1, 1, 2000} Iterations: 1
Date : {2, 1, 2000} Iterations: 2
BaseY: 2000
StartY: 1988
BaseDay: 3
First day of year: 3
The day is: 4
DateGC : {13, 9, 2007} Iterations: 2
BaseY: 2000
StartY: 1988
BaseDay: 3
First day of year: 3
The day is: 4
Date : {2, 1, 2000} Iterations: 2
Date : {3, 1, 2000} Iterations: 3
BaseY: 2000
StartY: 1988
BaseDay: 3
First day of year: 3
The day is: 5
DateGC : {14, 9, 2007} Iterations: 3
BaseY: 2000
StartY: 1988
BaseDay: 3
First day of year: 3
The day is: 5
Date : {3, 1, 2000} Iterations: 3
Date : {4, 1, 2000} Iterations: 4
BaseY: 2000
StartY: 1988
BaseDay: 3
First day of year: 3
The day is: 6
DateGC : {15, 9, 2007} Iterations: 4
BaseY: 2000
StartY: 1988
BaseDay: 3
First day of year: 3
The day is: 6
Date : {4, 1, 2000} Iterations: 4
Date : {5, 1, 2000} Iterations: 5
BaseY: 2000
StartY: 1988
BaseDay: 3
First day of year: 3
The day is: 7
DateGC : {16, 9, 2007} Iterations: 5
BaseY: 2000
StartY: 1988
BaseDay: 3
First day of year: 3
The day is: 7
Date : {5, 1, 2000} Iterations: 5
Date : {6, 1, 2000} Iterations: 6
BaseY: 2000
StartY: 1988
BaseDay: 3
First day of year: 3
The day is: 1
DateGC : {17, 9, 2007} Iterations: 6
BaseY: 2000
StartY: 1988
BaseDay: 3
First day of year: 3
The day is: 1
Date : {6, 1, 2000} Iterations: 6
Date : {7, 1, 2000} Iterations: 7
BaseY: 2000
StartY: 1988
BaseDay: 3
First day of year: 3
The day is: 2
DateGC : {18, 9, 2007} Iterations: 7
BaseY: 2000
StartY: 1988
BaseDay: 3
First day of year: 3
The day is: 2
Date : {7, 1, 2000} Iterations: 7
Date : {8, 1, 2000} Iterations: 8
BaseY: 2000
StartY: 1988
BaseDay: 3
First day of year: 3
The day is: 3
DateGC : {19, 9, 2007} Iterations: 8
BaseY: 2000
StartY: 1988
BaseDay: 3
First day of year: 3
The day is: 3
Date : {8, 1, 2000} Iterations: 8
Date : {9, 1, 2000} Iterations: 9
BaseY: 2000
StartY: 1988
BaseDay: 3
First day of year: 3
The day is: 4
DateGC : {20, 9, 2007} Iterations: 9
BaseY: 2000
StartY: 1988
BaseDay: 3
First day of year: 3
The day is: 4
Date : {9, 1, 2000} Iterations: 9
Date : {10, 1, 2000} Iterations: 10
BaseY: 2000
StartY: 1988
BaseDay: 3
First day of year: 3
The day is: 5
DateGC : {21, 9, 2007} Iterations: 10
BaseY: 2000
StartY: 1988
BaseDay: 3
First day of year: 3
The day is: 5
Date : {10, 1, 2000} Iterations: 10
Date : {11, 1, 2000} Iterations: 11
BaseY: 2000
StartY: 1988
BaseDay: 3
First day of year: 3
The day is: 6
DateGC : {22, 9, 2007} Iterations: 11
BaseY: 2000
StartY: 1988
BaseDay: 3
First day of year: 3
The day is: 6
Date : {11, 1, 2000} Iterations: 11
Date : {12, 1, 2000} Iterations: 12
BaseY: 2000
StartY: 1988
BaseDay: 3
First day of year: 3
The day is: 7
DateGC : {23, 9, 2007} Iterations: 12
BaseY: 2000
StartY: 1988
BaseDay: 3
First day of year: 3
The day is: 7
Date : {12, 1, 2000} Iterations: 12
Date : {13, 1, 2000} Iterations: 13
BaseY: 2000
StartY: 1988
BaseDay: 3
First day of year: 3
The day is: 1
DateGC : {24, 9, 2007} Iterations: 13
BaseY: 2000
StartY: 1988
BaseDay: 3
First day of year: 3
The day is: 1
Date : {13, 1, 2000} Iterations: 13
Date : {14, 1, 2000} Iterations: 14
BaseY: 2000
StartY: 1988
BaseDay: 3
First day of year: 3
The day is: 2
DateGC : {25, 9, 2007} Iterations: 14
BaseY: 2000
StartY: 1988
BaseDay: 3
First day of year: 3
The day is: 2
Date : {14, 1, 2000} Iterations: 14
Date : {15, 1, 2000} Iterations: 15
BaseY: 2000
StartY: 1988
BaseDay: 3
First day of year: 3
The day is: 3
DateGC : {26, 9, 2007} Iterations: 15
BaseY: 2000
StartY: 1988
BaseDay: 3
First day of year: 3
The day is: 3
Date : {15, 1, 2000} Iterations: 15
Date : {16, 1, 2000} Iterations: 16
BaseY: 2000
StartY: 1988
BaseDay: 3
First day of year: 3
The day is: 4
DateGC : {27, 9, 2007} Iterations: 16
BaseY: 2000
StartY: 1988
BaseDay: 3
First day of year: 3
The day is: 4
Date : {16, 1, 2000} Iterations: 16
Date : {17, 1, 2000} Iterations: 17
BaseY: 2000
StartY: 1988
BaseDay: 3
First day of year: 3
The day is: 5
DateGC : {28, 9, 2007} Iterations: 17
BaseY: 2000
StartY: 1988
BaseDay: 3
First day of year: 3
The day is: 5
Date : {17, 1, 2000} Iterations: 17
Date : {18, 1, 2000} Iterations: 18
BaseY: 2000
StartY: 1988
BaseDay: 3
First day of year: 3
The day is: 6
DateGC : {29, 9, 2007} Iterations: 18
BaseY: 2000
StartY: 1988
BaseDay: 3
First day of year: 3
The day is: 6
Date : {18, 1, 2000} Iterations: 18
Date : {19, 1, 2000} Iterations: 19
BaseY: 2000
StartY: 1988
BaseDay: 3
First day of year: 3
The day is: 7
DateGC : {30, 9, 2007} Iterations: 19
BaseY: 2000
StartY: 1988
BaseDay: 3
First day of year: 3
The day is: 7
Date : {19, 1, 2000} Iterations: 19
Date : {20, 1, 2000} Iterations: 20
BaseY: 2000
StartY: 1988
BaseDay: 3
First day of year: 3
The day is: 1
DateGC : {1, 10, 2007} Iterations: 20
BaseY: 2000
StartY: 1988
BaseDay: 3
First day of year: 3
The day is: 1
Date : {20, 1, 2000} Iterations: 20
Date : {21, 1, 2000} Iterations: 21
BaseY: 2000
StartY: 1988
BaseDay: 3
First day of year: 3
The day is: 2
DateGC : {2, 10, 2007} Iterations: 21
BaseY: 2000
StartY: 1988
BaseDay: 3
First day of year: 3
The day is: 2
Date : {21, 1, 2000} Iterations: 21
Date : {22, 1, 2000} Iterations: 22
BaseY: 2000
StartY: 1988
BaseDay: 3
First day of year: 3
The day is: 3
DateGC : {3, 10, 2007} Iterations: 22
BaseY: 2000
StartY: 1988
BaseDay: 3
First day of year: 3
The day is: 3
Date : {22, 1, 2000} Iterations: 22
Date : {23, 1, 2000} Iterations: 23
BaseY: 2000
StartY: 1988
BaseDay: 3
First day of year: 3
The day is: 4
DateGC : {4, 10, 2007} Iterations: 23
BaseY: 2000
StartY: 1988
BaseDay: 3
First day of year: 3
The day is: 4
Date : {23, 1, 2000} Iterations: 23
Date : {24, 1, 2000} Iterations: 24
BaseY: 2000
StartY: 1988
BaseDay: 3
First day of year: 3
The day is: 5
DateGC : {5, 10, 2007} Iterations: 24
BaseY: 2000
StartY: 1988
BaseDay: 3
First day of year: 3
The day is: 5
Date : {24, 1, 2000} Iterations: 24
Date : {25, 1, 2000} Iterations: 25
BaseY: 2000
StartY: 1988
BaseDay: 3
First day of year: 3
The day is: 6
DateGC : {6, 10, 2007} Iterations: 25
BaseY: 2000
StartY: 1988
BaseDay: 3
First day of year: 3
The day is: 6
Date : {25, 1, 2000} Iterations: 25
Date : {26, 1, 2000} Iterations: 26
BaseY: 2000
StartY: 1988
BaseDay: 3
First day of year: 3
The day is: 7
DateGC : {7, 10, 2007} Iterations: 26
BaseY: 2000
StartY: 1988
BaseDay: 3
First day of year: 3
The day is: 7
Date : {26, 1, 2000} Iterations: 26
Date : {27, 1, 2000} Iterations: 27
BaseY: 2000
StartY: 1988
BaseDay: 3
First day of year: 3
The day is: 1
DateGC : {8, 10, 2007} Iterations: 27
BaseY: 2000
StartY: 1988
BaseDay: 3
First day of year: 3
The day is: 1
Date : {27, 1, 2000} Iterations: 27
Date : {28, 1, 2000} Iterations: 28
BaseY: 2000
StartY: 1988
BaseDay: 3
First day of year: 3
The day is: 2
DateGC : {9, 10, 2007} Iterations: 28
BaseY: 2000
StartY: 1988
BaseDay: 3
First day of year: 3
The day is: 2
Date : {28, 1, 2000} Iterations: 28
Date : {29, 1, 2000} Iterations: 29
BaseY: 2000
StartY: 1988
BaseDay: 3
First day of year: 3
The day is: 3
DateGC : {10, 10, 2007} Iterations: 29
BaseY: 2000
StartY: 1988
BaseDay: 3
First day of year: 3
The day is: 3
Date : {29, 1, 2000} Iterations: 29
Date : {30, 1, 2000} Iterations: 30
BaseY: 2000
StartY: 1988
BaseDay: 3
First day of year: 3
The day is: 4
DateGC : {11, 10, 2007} Iterations: 30
BaseY: 2000
StartY: 1988
BaseDay: 3
First day of year: 3
The day is: 4
Date : {30, 1, 2000} Iterations: 30
Date : {1, 2, 2000} Iterations: 31
BaseY: 2000
StartY: 1988
BaseDay: 3
First day of year: 3
The day is: 5
DateGC : {12, 10, 2007} Iterations: 31
BaseY: 2000
StartY: 1988
BaseDay: 3
First day of year: 3
The day is: 5
Date : {1, 2, 2000} Iterations: 31
Date : {2, 2, 2000} Iterations: 32
BaseY: 2000
StartY: 1988
BaseDay: 3
First day of year: 3
The day is: 6
DateGC : {13, 10, 2007} Iterations: 32
BaseY: 2000
StartY: 1988
BaseDay: 3
First day of year: 3
The day is: 6
Date : {2, 2, 2000} Iterations: 32
Date : {3, 2, 2000} Iterations: 33
BaseY: 2000
StartY: 1988
BaseDay: 3
First day of year: 3
The day is: 7
DateGC : {14, 10, 2007} Iterations: 33
BaseY: 2000
StartY: 1988
BaseDay: 3
First day of year: 3
The day is: 7
Date : {3, 2, 2000} Iterations: 33
Date : {4, 2, 2000} Iterations: 34
BaseY: 2000
StartY: 1988
BaseDay: 3
First day of year: 3
The day is: 1
DateGC : {15, 10, 2007} Iterations: 34
BaseY: 2000
StartY: 1988
BaseDay: 3
First day of year: 3
The day is: 1
Date : {4, 2, 2000} Iterations: 34
Date : {5, 2, 2000} Iterations: 35
BaseY: 2000
StartY: 1988
BaseDay: 3
First day of year: 3
The day is: 2
DateGC : {16, 10, 2007} Iterations: 35
BaseY: 2000
StartY: 1988
BaseDay: 3
First day of year: 3
The day is: 2
Date : {5, 2, 2000} Iterations: 35
Date : {6, 2, 2000} Iterations: 36
BaseY: 2000
StartY: 1988
BaseDay: 3
First day of year: 3
The day is: 3
DateGC : {17, 10, 2007} Iterations: 36
BaseY: 2000
StartY: 1988
BaseDay: 3
First day of year: 3
The day is: 3
Date : {6, 2, 2000} Iterations: 36
Date : {7, 2, 2000} Iterations: 37
BaseY: 2000
StartY: 1988
BaseDay: 3
First day of year: 3
The day is: 4
DateGC : {18, 10, 2007} Iterations: 37
BaseY: 2000
StartY: 1988
BaseDay: 3
First day of year: 3
The day is: 4
Date : {7, 2, 2000} Iterations: 37
Date : {8, 2, 2000} Iterations: 38
BaseY: 2000
StartY: 1988
BaseDay: 3
First day of year: 3
The day is: 5
DateGC : {19, 10, 2007} Iterations: 38
BaseY: 2000
StartY: 1988
BaseDay: 3
First day of year: 3
The day is: 5
Date : {8, 2, 2000} Iterations: 38
Date : {9, 2, 2000} Iterations: 39
BaseY: 2000
StartY: 1988
BaseDay: 3
First day of year: 3
The day is: 6
DateGC : {20, 10, 2007} Iterations: 39
BaseY: 2000
StartY: 1988
BaseDay: 3
First day of year: 3
The day is: 6
Date : {9, 2, 2000} Iterations: 39
Date : {10, 2, 2000} Iterations: 40
BaseY: 2000
StartY: 1988
BaseDay: 3
First day of year: 3
The day is: 7
DateGC : {21, 10, 2007} Iterations: 40
BaseY: 2000
StartY: 1988
BaseDay: 3
First day of year: 3
The day is: 7
Date : {10, 2, 2000} Iterations: 40
Date : {11, 2, 2000} Iterations: 41
BaseY: 2000
StartY: 1988
BaseDay: 3
First day of year: 3
The day is: 1
DateGC : {22, 10, 2007} Iterations: 41
BaseY: 2000
StartY: 1988
BaseDay: 3
First day of year: 3
The day is: 1
Date : {11, 2, 2000} Iterations: 41
Date : {12, 2, 2000} Iterations: 42
BaseY: 2000
StartY: 1988
BaseDay: 3
First day of year: 3
The day is: 2
DateGC : {23, 10, 2007} Iterations: 42
BaseY: 2000
StartY: 1988
BaseDay: 3
First day of year: 3
The day is: 2
Date : {12, 2, 2000} Iterations: 42
Date : {13, 2, 2000} Iterations: 43
BaseY: 2000
StartY: 1988
BaseDay: 3
First day of year: 3
The day is: 3
DateGC : {24, 10, 2007} Iterations: 43
BaseY: 2000
StartY: 1988
BaseDay: 3
First day of year: 3
The day is: 3
Date : {13, 2, 2000} Iterations: 43
Date : {14, 2, 2000} Iterations: 44
BaseY: 2000
StartY: 1988
BaseDay: 3
First day of year: 3
The day is: 4
DateGC : {25, 10, 2007} Iterations: 44
BaseY: 2000
StartY: 1988
BaseDay: 3
First day of year: 3
The day is: 4
Date : {14, 2, 2000} Iterations: 44
Date : {15, 2, 2000} Iterations: 45
BaseY: 2000
StartY: 1988
BaseDay: 3
First day of year: 3
The day is: 5
DateGC : {26, 10, 2007} Iterations: 45
BaseY: 2000
StartY: 1988
BaseDay: 3
First day of year: 3
The day is: 5
Date : {15, 2, 2000} Iterations: 45
Date : {16, 2, 2000} Iterations: 46
BaseY: 2000
StartY: 1988
BaseDay: 3
First day of year: 3
The day is: 6
DateGC : {27, 10, 2007} Iterations: 46
BaseY: 2000
StartY: 1988
BaseDay: 3
First day of year: 3
The day is: 6
Date : {16, 2, 2000} Iterations: 46
Date : {17, 2, 2000} Iterations: 47
BaseY: 2000
StartY: 1988
BaseDay: 3
First day of year: 3
The day is: 7
DateGC : {28, 10, 2007} Iterations: 47
BaseY: 2000
StartY: 1988
BaseDay: 3
First day of year: 3
The day is: 7
Date : {17, 2, 2000} Iterations: 47
Date : {18, 2, 2000} Iterations: 48
BaseY: 2000
StartY: 1988
BaseDay: 3
First day of year: 3
The day is: 1
DateGC : {29, 10, 2007} Iterations: 48
BaseY: 2000
StartY: 1988
BaseDay: 3
First day of year: 3
The day is: 1
Date : {18, 2, 2000} Iterations: 48
Date : {19, 2, 2000} Iterations: 49
BaseY: 2000
StartY: 1988
BaseDay: 3
First day of year: 3
The day is: 2
DateGC : {30, 10, 2007} Iterations: 49
BaseY: 2000
StartY: 1988
BaseDay: 3
First day of year: 3
The day is: 2
Date : {19, 2, 2000} Iterations: 49
Date : {20, 2, 2000} Iterations: 50
BaseY: 2000
StartY: 1988
BaseDay: 3
First day of year: 3
The day is: 3
DateGC : {31, 10, 2007} Iterations: 50
BaseY: 2000
StartY: 1988
BaseDay: 3
First day of year: 3
The day is: 3
Date : {20, 2, 2000} Iterations: 50
Date : {21, 2, 2000} Iterations: 51
BaseY: 2000
StartY: 1988
BaseDay: 3
First day of year: 3
The day is: 4
DateGC : {1, 11, 2007} Iterations: 51
BaseY: 2000
StartY: 1988
BaseDay: 3
First day of year: 3
The day is: 4
Date : {21, 2, 2000} Iterations: 51
Date : {22, 2, 2000} Iterations: 52
BaseY: 2000
StartY: 1988
BaseDay: 3
First day of year: 3
The day is: 5
DateGC : {2, 11, 2007} Iterations: 52
BaseY: 2000
StartY: 1988
BaseDay: 3
First day of year: 3
The day is: 5
Date : {22, 2, 2000} Iterations: 52
Date : {23, 2, 2000} Iterations: 53
BaseY: 2000
StartY: 1988
BaseDay: 3
First day of year: 3
The day is: 6
DateGC : {3, 11, 2007} Iterations: 53
BaseY: 2000
StartY: 1988
BaseDay: 3
First day of year: 3
The day is: 6
Date : {23, 2, 2000} Iterations: 53
Date : {24, 2, 2000} Iterations: 54
BaseY: 2000
StartY: 1988
BaseDay: 3
First day of year: 3
The day is: 7
DateGC : {4, 11, 2007} Iterations: 54
BaseY: 2000
StartY: 1988
BaseDay: 3
First day of year: 3
The day is: 7
Date : {24, 2, 2000} Iterations: 54
Date : {25, 2, 2000} Iterations: 55
BaseY: 2000
StartY: 1988
BaseDay: 3
First day of year: 3
The day is: 1
DateGC : {5, 11, 2007} Iterations: 55
BaseY: 2000
StartY: 1988
BaseDay: 3
First day of year: 3
The day is: 1
Date : {25, 2, 2000} Iterations: 55
Date : {26, 2, 2000} Iterations: 56
BaseY: 2000
StartY: 1988
BaseDay: 3
First day of year: 3
The day is: 2
DateGC : {6, 11, 2007} Iterations: 56
BaseY: 2000
StartY: 1988
BaseDay: 3
First day of year: 3
The day is: 2
Date : {26, 2, 2000} Iterations: 56
Date : {27, 2, 2000} Iterations: 57
BaseY: 2000
StartY: 1988
BaseDay: 3
First day of year: 3
The day is: 3
DateGC : {7, 11, 2007} Iterations: 57
BaseY: 2000
StartY: 1988
BaseDay: 3
First day of year: 3
The day is: 3
Date : {27, 2, 2000} Iterations: 57
Date : {28, 2, 2000} Iterations: 58
BaseY: 2000
StartY: 1988
BaseDay: 3
First day of year: 3
The day is: 4
DateGC : {8, 11, 2007} Iterations: 58
BaseY: 2000
StartY: 1988
BaseDay: 3
First day of year: 3
The day is: 4
Date : {28, 2, 2000} Iterations: 58
Date : {29, 2, 2000} Iterations: 59
BaseY: 2000
StartY: 1988
BaseDay: 3
First day of year: 3
The day is: 5
DateGC : {9, 11, 2007} Iterations: 59
BaseY: 2000
StartY: 1988
BaseDay: 3
First day of year: 3
The day is: 5
Date : {29, 2, 2000} Iterations: 59
Date : {30, 2, 2000} Iterations: 60
BaseY: 2000
StartY: 1988
BaseDay: 3
First day of year: 3
The day is: 6
DateGC : {10, 11, 2007} Iterations: 60
BaseY: 2000
StartY: 1988
BaseDay: 3
First day of year: 3
The day is: 6
Date : {30, 2, 2000} Iterations: 60
Date : {1, 3, 2000} Iterations: 61
BaseY: 2000
StartY: 1988
BaseDay: 3
First day of year: 3
The day is: 7
DateGC : {11, 11, 2007} Iterations: 61
BaseY: 2000
StartY: 1988
BaseDay: 3
First day of year: 3
The day is: 7
Date : {1, 3, 2000} Iterations: 61
Date : {2, 3, 2000} Iterations: 62
BaseY: 2000
StartY: 1988
BaseDay: 3
First day of year: 3
The day is: 1
DateGC : {12, 11, 2007} Iterations: 62
BaseY: 2000
StartY: 1988
BaseDay: 3
First day of year: 3
The day is: 1
Date : {2, 3, 2000} Iterations: 62
Date : {3, 3, 2000} Iterations: 63
BaseY: 2000
StartY: 1988
BaseDay: 3
First day of year: 3
The day is: 2
DateGC : {13, 11, 2007} Iterations: 63
BaseY: 2000
StartY: 1988
BaseDay: 3
First day of year: 3
The day is: 2
Date : {3, 3, 2000} Iterations: 63
Date : {4, 3, 2000} Iterations: 64
BaseY: 2000
StartY: 1988
BaseDay: 3
First day of year: 3
The day is: 3
DateGC : {14, 11, 2007} Iterations: 64
BaseY: 2000
StartY: 1988
BaseDay: 3
First day of year: 3
The day is: 3
Date : {4, 3, 2000} Iterations: 64
Date : {5, 3, 2000} Iterations: 65
BaseY: 2000
StartY: 1988
BaseDay: 3
First day of year: 3
The day is: 4
DateGC : {15, 11, 2007} Iterations: 65
BaseY: 2000
StartY: 1988
BaseDay: 3
First day of year: 3
The day is: 4
Date : {5, 3, 2000} Iterations: 65
Date : {6, 3, 2000} Iterations: 66
BaseY: 2000
StartY: 1988
BaseDay: 3
First day of year: 3
The day is: 5
DateGC : {16, 11, 2007} Iterations: 66
BaseY: 2000
StartY: 1988
BaseDay: 3
First day of year: 3
The day is: 5
Date : {6, 3, 2000} Iterations: 66
Date : {7, 3, 2000} Iterations: 67
BaseY: 2000
StartY: 1988
BaseDay: 3
First day of year: 3
The day is: 6
DateGC : {17, 11, 2007} Iterations: 67
BaseY: 2000
StartY: 1988
BaseDay: 3
First day of year: 3
The day is: 6
Date : {7, 3, 2000} Iterations: 67
Date : {8, 3, 2000} Iterations: 68
BaseY: 2000
StartY: 1988
BaseDay: 3
First day of year: 3
The day is: 7
DateGC : {18, 11, 2007} Iterations: 68
BaseY: 2000
StartY: 1988
BaseDay: 3
First day of year: 3
The day is: 7
Date : {8, 3, 2000} Iterations: 68
Date : {9, 3, 2000} Iterations: 69
BaseY: 2000
StartY: 1988
BaseDay: 3
First day of year: 3
The day is: 1
DateGC : {19, 11, 2007} Iterations: 69
BaseY: 2000
StartY: 1988
BaseDay: 3
First day of year: 3
The day is: 1
Date : {9, 3, 2000} Iterations: 69
Date : {10, 3, 2000} Iterations: 70
BaseY: 2000
StartY: 1988
BaseDay: 3
First day of year: 3
The day is: 2
DateGC : {20, 11, 2007} Iterations: 70
BaseY: 2000
StartY: 1988
BaseDay: 3
First day of year: 3
The day is: 2
Date : {10, 3, 2000} Iterations: 70
Date : {11, 3, 2000} Iterations: 71
BaseY: 2000
StartY: 1988
BaseDay: 3
First day of year: 3
The day is: 3
DateGC : {21, 11, 2007} Iterations: 71
BaseY: 2000
StartY: 1988
BaseDay: 3
First day of year: 3
The day is: 3
Date : {11, 3, 2000} Iterations: 71
Date : {12, 3, 2000} Iterations: 72
BaseY: 2000
StartY: 1988
BaseDay: 3
First day of year: 3
The day is: 4
DateGC : {22, 11, 2007} Iterations: 72
BaseY: 2000
StartY: 1988
BaseDay: 3
First day of year: 3
The day is: 4
Date : {12, 3, 2000} Iterations: 72
Date : {13, 3, 2000} Iterations: 73
BaseY: 2000
StartY: 1988
BaseDay: 3
First day of year: 3
The day is: 5
DateGC : {23, 11, 2007} Iterations: 73
BaseY: 2000
StartY: 1988
BaseDay: 3
First day of year: 3
The day is: 5
Date : {13, 3, 2000} Iterations: 73
Date : {14, 3, 2000} Iterations: 74
BaseY: 2000
StartY: 1988
BaseDay: 3
First day of year: 3
The day is: 6
DateGC : {24, 11, 2007} Iterations: 74
BaseY: 2000
StartY: 1988
BaseDay: 3
First day of year: 3
The day is: 6
Date : {14, 3, 2000} Iterations: 74
Date : {15, 3, 2000} Iterations: 75
BaseY: 2000
StartY: 1988
BaseDay: 3
First day of year: 3
The day is: 7
DateGC : {25, 11, 2007} Iterations: 75
BaseY: 2000
StartY: 1988
BaseDay: 3
First day of year: 3
The day is: 7
Date : {15, 3, 2000} Iterations: 75
Date : {16, 3, 2000} Iterations: 76
BaseY: 2000
StartY: 1988
BaseDay: 3
First day of year: 3
The day is: 1
DateGC : {26, 11, 2007} Iterations: 76
BaseY: 2000
StartY: 1988
BaseDay: 3
First day of year: 3
The day is: 1
Date : {16, 3, 2000} Iterations: 76
Date : {17, 3, 2000} Iterations: 77
BaseY: 2000
StartY: 1988
BaseDay: 3
First day of year: 3
The day is: 2
DateGC : {27, 11, 2007} Iterations: 77
BaseY: 2000
StartY: 1988
BaseDay: 3
First day of year: 3
The day is: 2
Date : {17, 3, 2000} Iterations: 77
Date : {18, 3, 2000} Iterations: 78
BaseY: 2000
StartY: 1988
BaseDay: 3
First day of year: 3
The day is: 3
DateGC : {28, 11, 2007} Iterations: 78
BaseY: 2000
StartY: 1988
BaseDay: 3
First day of year: 3
The day is: 3
Date : {18, 3, 2000} Iterations: 78
Date : {19, 3, 2000} Iterations: 79
BaseY: 2000
StartY: 1988
BaseDay: 3
First day of year: 3
The day is: 4
DateGC : {29, 11, 2007} Iterations: 79
BaseY: 2000
StartY: 1988
BaseDay: 3
First day of year: 3
The day is: 4
Date : {19, 3, 2000} Iterations: 79
Date : {20, 3, 2000} Iterations: 80
BaseY: 2000
StartY: 1988
BaseDay: 3
First day of year: 3
The day is: 5
DateGC : {30, 11, 2007} Iterations: 80
BaseY: 2000
StartY: 1988
BaseDay: 3
First day of year: 3
The day is: 5
Date : {20, 3, 2000} Iterations: 80
Date : {21, 3, 2000} Iterations: 81
BaseY: 2000
StartY: 1988
BaseDay: 3
First day of year: 3
The day is: 6
DateGC : {1, 12, 2007} Iterations: 81
BaseY: 2000
StartY: 1988
BaseDay: 3
First day of year: 3
The day is: 6
Date : {21, 3, 2000} Iterations: 81
Date : {22, 3, 2000} Iterations: 82
BaseY: 2000
StartY: 1988
BaseDay: 3
First day of year: 3
The day is: 7
DateGC : {2, 12, 2007} Iterations: 82
BaseY: 2000
StartY: 1988
BaseDay: 3
First day of year: 3
The day is: 7
Date : {22, 3, 2000} Iterations: 82
Date : {23, 3, 2000} Iterations: 83
BaseY: 2000
StartY: 1988
BaseDay: 3
First day of year: 3
The day is: 1
DateGC : {3, 12, 2007} Iterations: 83
BaseY: 2000
StartY: 1988
BaseDay: 3
First day of year: 3
The day is: 1
Date : {23, 3, 2000} Iterations: 83
Date : {24, 3, 2000} Iterations: 84
BaseY: 2000
StartY: 1988
BaseDay: 3
First day of year: 3
The day is: 2
DateGC : {4, 12, 2007} Iterations: 84
BaseY: 2000
StartY: 1988
BaseDay: 3
First day of year: 3
The day is: 2
Date : {24, 3, 2000} Iterations: 84
Date : {25, 3, 2000} Iterations: 85
BaseY: 2000
StartY: 1988
BaseDay: 3
First day of year: 3
The day is: 3
DateGC : {5, 12, 2007} Iterations: 85
BaseY: 2000
StartY: 1988
BaseDay: 3
First day of year: 3
The day is: 3
Date : {25, 3, 2000} Iterations: 85
Date : {26, 3, 2000} Iterations: 86
BaseY: 2000
StartY: 1988
BaseDay: 3
First day of year: 3
The day is: 4
DateGC : {6, 12, 2007} Iterations: 86
BaseY: 2000
StartY: 1988
BaseDay: 3
First day of year: 3
The day is: 4
Date : {26, 3, 2000} Iterations: 86
Date : {27, 3, 2000} Iterations: 87
BaseY: 2000
StartY: 1988
BaseDay: 3
First day of year: 3
The day is: 5
DateGC : {7, 12, 2007} Iterations: 87
BaseY: 2000
StartY: 1988
BaseDay: 3
First day of year: 3
The day is: 5
Date : {27, 3, 2000} Iterations: 87
Date : {28, 3, 2000} Iterations: 88
BaseY: 2000
StartY: 1988
BaseDay: 3
First day of year: 3
The day is: 6
DateGC : {8, 12, 2007} Iterations: 88
BaseY: 2000
StartY: 1988
BaseDay: 3
First day of year: 3
The day is: 6
Date : {28, 3, 2000} Iterations: 88
Date : {29, 3, 2000} Iterations: 89
BaseY: 2000
StartY: 1988
BaseDay: 3
First day of year: 3
The day is: 7
DateGC : {9, 12, 2007} Iterations: 89
BaseY: 2000
StartY: 1988
BaseDay: 3
First day of year: 3
The day is: 7
Date : {29, 3, 2000} Iterations: 89
Date : {30, 3, 2000} Iterations: 90
BaseY: 2000
StartY: 1988
BaseDay: 3
First day of year: 3
The day is: 1
DateGC : {10, 12, 2007} Iterations: 90
BaseY: 2000
StartY: 1988
BaseDay: 3
First day of year: 3
The day is: 1
Date : {30, 3, 2000} Iterations: 90
Date : {1, 4, 2000} Iterations: 91
BaseY: 2000
StartY: 1988
BaseDay: 3
First day of year: 3
The day is: 2
DateGC : {11, 12, 2007} Iterations: 91
BaseY: 2000
StartY: 1988
BaseDay: 3
First day of year: 3
The day is: 2
Date : {1, 4, 2000} Iterations: 91
Date : {2, 4, 2000} Iterations: 92
BaseY: 2000
StartY: 1988
BaseDay: 3
First day of year: 3
The day is: 3
DateGC : {12, 12, 2007} Iterations: 92
BaseY: 2000
StartY: 1988
BaseDay: 3
First day of year: 3
The day is: 3
Date : {2, 4, 2000} Iterations: 92
Date : {3, 4, 2000} Iterations: 93
BaseY: 2000
StartY: 1988
BaseDay: 3
First day of year: 3
The day is: 4
DateGC : {13, 12, 2007} Iterations: 93
BaseY: 2000
StartY: 1988
BaseDay: 3
First day of year: 3
The day is: 4
Date : {3, 4, 2000} Iterations: 93
Date : {4, 4, 2000} Iterations: 94
BaseY: 2000
StartY: 1988
BaseDay: 3
First day of year: 3
The day is: 5
DateGC : {14, 12, 2007} Iterations: 94
BaseY: 2000
StartY: 1988
BaseDay: 3
First day of year: 3
The day is: 5
Date : {4, 4, 2000} Iterations: 94
Date : {5, 4, 2000} Iterations: 95
BaseY: 2000
StartY: 1988
BaseDay: 3
First day of year: 3
The day is: 6
DateGC : {15, 12, 2007} Iterations: 95
BaseY: 2000
StartY: 1988
BaseDay: 3
First day of year: 3
The day is: 6
Date : {5, 4, 2000} Iterations: 95
Date : {6, 4, 2000} Iterations: 96
BaseY: 2000
StartY: 1988
BaseDay: 3
First day of year: 3
The day is: 7
DateGC : {16, 12, 2007} Iterations: 96
BaseY: 2000
StartY: 1988
BaseDay: 3
First day of year: 3
The day is: 7
Date : {6, 4, 2000} Iterations: 96
Date : {7, 4, 2000} Iterations: 97
BaseY: 2000
StartY: 1988
BaseDay: 3
First day of year: 3
The day is: 1
DateGC : {17, 12, 2007} Iterations: 97
BaseY: 2000
StartY: 1988
BaseDay: 3
First day of year: 3
The day is: 1
Date : {7, 4, 2000} Iterations: 97
Date : {8, 4, 2000} Iterations: 98
BaseY: 2000
StartY: 1988
BaseDay: 3
First day of year: 3
The day is: 2
DateGC : {18, 12, 2007} Iterations: 98
BaseY: 2000
StartY: 1988
BaseDay: 3
First day of year: 3
The day is: 2
Date : {8, 4, 2000} Iterations: 98
Date : {9, 4, 2000} Iterations: 99
BaseY: 2000
StartY: 1988
BaseDay: 3
First day of year: 3
The day is: 3
DateGC : {19, 12, 2007} Iterations: 99
BaseY: 2000
StartY: 1988
BaseDay: 3
First day of year: 3
The day is: 3
Date : {9, 4, 2000} Iterations: 99
Date : {10, 4, 2000} Iterations: 100
BaseY: 2000
StartY: 1988
BaseDay: 3
First day of year: 3
The day is: 4
DateGC : {20, 12, 2007} Iterations: 100
BaseY: 2000
StartY: 1988
BaseDay: 3
First day of year: 3
The day is: 4
Date : {10, 4, 2000} Iterations: 100
Date : {11, 4, 2000} Iterations: 101
BaseY: 2000
StartY: 1988
BaseDay: 3
First day of year: 3
The day is: 5
DateGC : {21, 12, 2007} Iterations: 101
BaseY: 2000
StartY: 1988
BaseDay: 3
First day of year: 3
The day is: 5
Date : {11, 4, 2000} Iterations: 101
Date : {12, 4, 2000} Iterations: 102
BaseY: 2000
StartY: 1988
BaseDay: 3
First day of year: 3
The day is: 6
DateGC : {22, 12, 2007} Iterations: 102
BaseY: 2000
StartY: 1988
BaseDay: 3
First day of year: 3
The day is: 6
Date : {12, 4, 2000} Iterations: 102
Date : {13, 4, 2000} Iterations: 103
BaseY: 2000
StartY: 1988
BaseDay: 3
First day of year: 3
The day is: 7
DateGC : {23, 12, 2007} Iterations: 103
BaseY: 2000
StartY: 1988
BaseDay: 3
First day of year: 3
The day is: 7
Date : {13, 4, 2000} Iterations: 103
Date : {14, 4, 2000} Iterations: 104
BaseY: 2000
StartY: 1988
BaseDay: 3
First day of year: 3
The day is: 1
DateGC : {24, 12, 2007} Iterations: 104
BaseY: 2000
StartY: 1988
BaseDay: 3
First day of year: 3
The day is: 1
Date : {14, 4, 2000} Iterations: 104
Date : {15, 4, 2000} Iterations: 105
BaseY: 2000
StartY: 1988
BaseDay: 3
First day of year: 3
The day is: 2
DateGC : {25, 12, 2007} Iterations: 105
BaseY: 2000
StartY: 1988
BaseDay: 3
First day of year: 3
The day is: 2
Date : {15, 4, 2000} Iterations: 105
Date : {16, 4, 2000} Iterations: 106
BaseY: 2000
StartY: 1988
BaseDay: 3
First day of year: 3
The day is: 3
DateGC : {26, 12, 2007} Iterations: 106
BaseY: 2000
StartY: 1988
BaseDay: 3
First day of year: 3
The day is: 3
Date : {16, 4, 2000} Iterations: 106
Date : {17, 4, 2000} Iterations: 107
BaseY: 2000
StartY: 1988
BaseDay: 3
First day of year: 3
The day is: 4
DateGC : {27, 12, 2007} Iterations: 107
BaseY: 2000
StartY: 1988
BaseDay: 3
First day of year: 3
The day is: 4
Date : {17, 4, 2000} Iterations: 107
Date : {18, 4, 2000} Iterations: 108
BaseY: 2000
StartY: 1988
BaseDay: 3
First day of year: 3
The day is: 5
DateGC : {28, 12, 2007} Iterations: 108
BaseY: 2000
StartY: 1988
BaseDay: 3
First day of year: 3
The day is: 5
Date : {18, 4, 2000} Iterations: 108
Date : {19, 4, 2000} Iterations: 109
BaseY: 2000
StartY: 1988
BaseDay: 3
First day of year: 3
The day is: 6
DateGC : {29, 12, 2007} Iterations: 109
BaseY: 2000
StartY: 1988
BaseDay: 3
First day of year: 3
The day is: 6
Date : {19, 4, 2000} Iterations: 109
Date : {20, 4, 2000} Iterations: 110
BaseY: 2000
StartY: 1988
BaseDay: 3
First day of year: 3
The day is: 7
DateGC : {30, 12, 2007} Iterations: 110
BaseY: 2000
StartY: 1988
BaseDay: 3
First day of year: 3
The day is: 7
Date : {20, 4, 2000} Iterations: 110
Date : {21, 4, 2000} Iterations: 111
BaseY: 2000
StartY: 1988
BaseDay: 3
First day of year: 3
The day is: 1
DateGC : {31, 12, 2007} Iterations: 111
BaseY: 2000
StartY: 1988
BaseDay: 3
First day of year: 3
The day is: 1
Date : {21, 4, 2000} Iterations: 111
Date : {22, 4, 2000} Iterations: 112
BaseY: 2000
StartY: 1988
BaseDay: 3
First day of year: 3
The day is: 2
DateGC : {1, 1, 2008} Iterations: 112
BaseY: 2000
StartY: 1988
BaseDay: 3
First day of year: 3
The day is: 2
Date : {22, 4, 2000} Iterations: 112
Date : {23, 4, 2000} Iterations: 113
BaseY: 2000
StartY: 1988
BaseDay: 3
First day of year: 3
The day is: 3
DateGC : {2, 1, 2008} Iterations: 113
BaseY: 2000
StartY: 1988
BaseDay: 3
First day of year: 3
The day is: 3
Date : {23, 4, 2000} Iterations: 113
Date : {24, 4, 2000} Iterations: 114
BaseY: 2000
StartY: 1988
BaseDay: 3
First day of year: 3
The day is: 4
DateGC : {3, 1, 2008} Iterations: 114
BaseY: 2000
StartY: 1988
BaseDay: 3
First day of year: 3
The day is: 4
Date : {24, 4, 2000} Iterations: 114
Date : {25, 4, 2000} Iterations: 115
BaseY: 2000
StartY: 1988
BaseDay: 3
First day of year: 3
The day is: 5
DateGC : {4, 1, 2008} Iterations: 115
BaseY: 2000
StartY: 1988
BaseDay: 3
First day of year: 3
The day is: 5
Date : {25, 4, 2000} Iterations: 115
Date : {26, 4, 2000} Iterations: 116
BaseY: 2000
StartY: 1988
BaseDay: 3
First day of year: 3
The day is: 6
DateGC : {5, 1, 2008} Iterations: 116
BaseY: 2000
StartY: 1988
BaseDay: 3
First day of year: 3
The day is: 6
Date : {26, 4, 2000} Iterations: 116
Date : {27, 4, 2000} Iterations: 117
BaseY: 2000
StartY: 1988
BaseDay: 3
First day of year: 3
The day is: 7
DateGC : {6, 1, 2008} Iterations: 117
BaseY: 2000
StartY: 1988
BaseDay: 3
First day of year: 3
The day is: 7
Date : {27, 4, 2000} Iterations: 117
Date : {28, 4, 2000} Iterations: 118
BaseY: 2000
StartY: 1988
BaseDay: 3
First day of year: 3
The day is: 1
DateGC : {7, 1, 2008} Iterations: 118
BaseY: 2000
StartY: 1988
BaseDay: 3
First day of year: 3
The day is: 1
Date : {28, 4, 2000} Iterations: 118
Date : {29, 4, 2000} Iterations: 119
BaseY: 2000
StartY: 1988
BaseDay: 3
First day of year: 3
The day is: 2
DateGC : {8, 1, 2008} Iterations: 119
BaseY: 2000
StartY: 1988
BaseDay: 3
First day of year: 3
The day is: 2
Date : {29, 4, 2000} Iterations: 119
Date : {30, 4, 2000} Iterations: 120
BaseY: 2000
StartY: 1988
BaseDay: 3
First day of year: 3
The day is: 3
DateGC : {9, 1, 2008} Iterations: 120
BaseY: 2000
StartY: 1988
BaseDay: 3
First day of year: 3
The day is: 3
Date : {30, 4, 2000} Iterations: 120
Date : {1, 5, 2000} Iterations: 121
BaseY: 2000
StartY: 1988
BaseDay: 3
First day of year: 3
The day is: 4
DateGC : {10, 1, 2008} Iterations: 121
BaseY: 2000
StartY: 1988
BaseDay: 3
First day of year: 3
The day is: 4
Date : {1, 5, 2000} Iterations: 121
Date : {2, 5, 2000} Iterations: 122
BaseY: 2000
StartY: 1988
BaseDay: 3
First day of year: 3
The day is: 5
DateGC : {11, 1, 2008} Iterations: 122
BaseY: 2000
StartY: 1988
BaseDay: 3
First day of year: 3
The day is: 5
Date : {2, 5, 2000} Iterations: 122
Date : {3, 5, 2000} Iterations: 123
BaseY: 2000
StartY: 1988
BaseDay: 3
First day of year: 3
The day is: 6
DateGC : {12, 1, 2008} Iterations: 123
BaseY: 2000
StartY: 1988
BaseDay: 3
First day of year: 3
The day is: 6
Date : {3, 5, 2000} Iterations: 123
Date : {4, 5, 2000} Iterations: 124
BaseY: 2000
StartY: 1988
BaseDay: 3
First day of year: 3
The day is: 7
DateGC : {13, 1, 2008} Iterations: 124
BaseY: 2000
StartY: 1988
BaseDay: 3
First day of year: 3
The day is: 7
Date : {4, 5, 2000} Iterations: 124
Date : {5, 5, 2000} Iterations: 125
BaseY: 2000
StartY: 1988
BaseDay: 3
First day of year: 3
The day is: 1
DateGC : {14, 1, 2008} Iterations: 125
BaseY: 2000
StartY: 1988
BaseDay: 3
First day of year: 3
The day is: 1
Date : {5, 5, 2000} Iterations: 125
Date : {6, 5, 2000} Iterations: 126
BaseY: 2000
StartY: 1988
BaseDay: 3
First day of year: 3
The day is: 2
DateGC : {15, 1, 2008} Iterations: 126
BaseY: 2000
StartY: 1988
BaseDay: 3
First day of year: 3
The day is: 2
Date : {6, 5, 2000} Iterations: 126
Date : {7, 5, 2000} Iterations: 127
BaseY: 2000
StartY: 1988
BaseDay: 3
First day of year: 3
The day is: 3
DateGC : {16, 1, 2008} Iterations: 127
BaseY: 2000
StartY: 1988
BaseDay: 3
First day of year: 3
The day is: 3
Date : {7, 5, 2000} Iterations: 127
Date : {8, 5, 2000} Iterations: 128
BaseY: 2000
StartY: 1988
BaseDay: 3
First day of year: 3
The day is: 4
DateGC : {17, 1, 2008} Iterations: 128
BaseY: 2000
StartY: 1988
BaseDay: 3
First day of year: 3
The day is: 4
Date : {8, 5, 2000} Iterations: 128
Date : {9, 5, 2000} Iterations: 129
BaseY: 2000
StartY: 1988
BaseDay: 3
First day of year: 3
The day is: 5
DateGC : {18, 1, 2008} Iterations: 129
BaseY: 2000
StartY: 1988
BaseDay: 3
First day of year: 3
The day is: 5
Date : {9, 5, 2000} Iterations: 129
Date : {10, 5, 2000} Iterations: 130
BaseY: 2000
StartY: 1988
BaseDay: 3
First day of year: 3
The day is: 6
DateGC : {19, 1, 2008} Iterations: 130
BaseY: 2000
StartY: 1988
BaseDay: 3
First day of year: 3
The day is: 6
Date : {10, 5, 2000} Iterations: 130
Date : {11, 5, 2000} Iterations: 131
BaseY: 2000
StartY: 1988
BaseDay: 3
First day of year: 3
The day is: 7
DateGC : {20, 1, 2008} Iterations: 131
BaseY: 2000
StartY: 1988
BaseDay: 3
First day of year: 3
The day is: 7
Date : {11, 5, 2000} Iterations: 131
Date : {12, 5, 2000} Iterations: 132
BaseY: 2000
StartY: 1988
BaseDay: 3
First day of year: 3
The day is: 1
DateGC : {21, 1, 2008} Iterations: 132
BaseY: 2000
StartY: 1988
BaseDay: 3
First day of year: 3
The day is: 1
Date : {12, 5, 2000} Iterations: 132
Date : {13, 5, 2000} Iterations: 133
BaseY: 2000
StartY: 1988
BaseDay: 3
First day of year: 3
The day is: 2
DateGC : {22, 1, 2008} Iterations: 133
BaseY: 2000
StartY: 1988
BaseDay: 3
First day of year: 3
The day is: 2
Date : {13, 5, 2000} Iterations: 133
Date : {14, 5, 2000} Iterations: 134
BaseY: 2000
StartY: 1988
BaseDay: 3
First day of year: 3
The day is: 3
DateGC : {23, 1, 2008} Iterations: 134
BaseY: 2000
StartY: 1988
BaseDay: 3
First day of year: 3
The day is: 3
Date : {14, 5, 2000} Iterations: 134
Date : {15, 5, 2000} Iterations: 135
BaseY: 2000
StartY: 1988
BaseDay: 3
First day of year: 3
The day is: 4
DateGC : {24, 1, 2008} Iterations: 135
BaseY: 2000
StartY: 1988
BaseDay: 3
First day of year: 3
The day is: 4
Date : {15, 5, 2000} Iterations: 135
Date : {16, 5, 2000} Iterations: 136
BaseY: 2000
StartY: 1988
BaseDay: 3
First day of year: 3
The day is: 5
DateGC : {25, 1, 2008} Iterations: 136
BaseY: 2000
StartY: 1988
BaseDay: 3
First day of year: 3
The day is: 5
Date : {16, 5, 2000} Iterations: 136
Date : {17, 5, 2000} Iterations: 137
BaseY: 2000
StartY: 1988
BaseDay: 3
First day of year: 3
The day is: 6
DateGC : {26, 1, 2008} Iterations: 137
BaseY: 2000
StartY: 1988
BaseDay: 3
First day of year: 3
The day is: 6
Date : {17, 5, 2000} Iterations: 137
Date : {18, 5, 2000} Iterations: 138
BaseY: 2000
StartY: 1988
BaseDay: 3
First day of year: 3
The day is: 7
DateGC : {27, 1, 2008} Iterations: 138
BaseY: 2000
StartY: 1988
BaseDay: 3
First day of year: 3
The day is: 7
Date : {18, 5, 2000} Iterations: 138
Date : {19, 5, 2000} Iterations: 139
BaseY: 2000
StartY: 1988
BaseDay: 3
First day of year: 3
The day is: 1
DateGC : {28, 1, 2008} Iterations: 139
BaseY: 2000
StartY: 1988
BaseDay: 3
First day of year: 3
The day is: 1
Date : {19, 5, 2000} Iterations: 139
Date : {20, 5, 2000} Iterations: 140
BaseY: 2000
StartY: 1988
BaseDay: 3
First day of year: 3
The day is: 2
DateGC : {29, 1, 2008} Iterations: 140
BaseY: 2000
StartY: 1988
BaseDay: 3
First day of year: 3
The day is: 2
Date : {20, 5, 2000} Iterations: 140
Date : {21, 5, 2000} Iterations: 141
BaseY: 2000
StartY: 1988
BaseDay: 3
First day of year: 3
The day is: 3
DateGC : {30, 1, 2008} Iterations: 141
BaseY: 2000
StartY: 1988
BaseDay: 3
First day of year: 3
The day is: 3
Date : {21, 5, 2000} Iterations: 141
Date : {22, 5, 2000} Iterations: 142
BaseY: 2000
StartY: 1988
BaseDay: 3
First day of year: 3
The day is: 4
DateGC : {31, 1, 2008} Iterations: 142
BaseY: 2000
StartY: 1988
BaseDay: 3
First day of year: 3
The day is: 4
Date : {22, 5, 2000} Iterations: 142
Date : {23, 5, 2000} Iterations: 143
BaseY: 2000
StartY: 1988
BaseDay: 3
First day of year: 3
The day is: 5
DateGC : {1, 2, 2008} Iterations: 143
BaseY: 2000
StartY: 1988
BaseDay: 3
First day of year: 3
The day is: 5
Date : {23, 5, 2000} Iterations: 143
Date : {24, 5, 2000} Iterations: 144
BaseY: 2000
StartY: 1988
BaseDay: 3
First day of year: 3
The day is: 6
DateGC : {2, 2, 2008} Iterations: 144
BaseY: 2000
StartY: 1988
BaseDay: 3
First day of year: 3
The day is: 6
Date : {24, 5, 2000} Iterations: 144
Date : {25, 5, 2000} Iterations: 145
BaseY: 2000
StartY: 1988
BaseDay: 3
First day of year: 3
The day is: 7
DateGC : {3, 2, 2008} Iterations: 145
BaseY: 2000
StartY: 1988
BaseDay: 3
First day of year: 3
The day is: 7
Date : {25, 5, 2000} Iterations: 145
Date : {26, 5, 2000} Iterations: 146
BaseY: 2000
StartY: 1988
BaseDay: 3
First day of year: 3
The day is: 1
DateGC : {4, 2, 2008} Iterations: 146
BaseY: 2000
StartY: 1988
BaseDay: 3
First day of year: 3
The day is: 1
Date : {26, 5, 2000} Iterations: 146
Date : {27, 5, 2000} Iterations: 147
BaseY: 2000
StartY: 1988
BaseDay: 3
First day of year: 3
The day is: 2
DateGC : {5, 2, 2008} Iterations: 147
BaseY: 2000
StartY: 1988
BaseDay: 3
First day of year: 3
The day is: 2
Date : {27, 5, 2000} Iterations: 147
Date : {28, 5, 2000} Iterations: 148
BaseY: 2000
StartY: 1988
BaseDay: 3
First day of year: 3
The day is: 3
DateGC : {6, 2, 2008} Iterations: 148
BaseY: 2000
StartY: 1988
BaseDay: 3
First day of year: 3
The day is: 3
Date : {28, 5, 2000} Iterations: 148
Date : {29, 5, 2000} Iterations: 149
BaseY: 2000
StartY: 1988
BaseDay: 3
First day of year: 3
The day is: 4
DateGC : {7, 2, 2008} Iterations: 149
BaseY: 2000
StartY: 1988
BaseDay: 3
First day of year: 3
The day is: 4
Date : {29, 5, 2000} Iterations: 149
Date : {30, 5, 2000} Iterations: 150
BaseY: 2000
StartY: 1988
BaseDay: 3
First day of year: 3
The day is: 5
DateGC : {8, 2, 2008} Iterations: 150
BaseY: 2000
StartY: 1988
BaseDay: 3
First day of year: 3
The day is: 5
Date : {30, 5, 2000} Iterations: 150
Date : {1, 6, 2000} Iterations: 151
BaseY: 2000
StartY: 1988
BaseDay: 3
First day of year: 3
The day is: 6
DateGC : {9, 2, 2008} Iterations: 151
BaseY: 2000
StartY: 1988
BaseDay: 3
First day of year: 3
The day is: 6
Date : {1, 6, 2000} Iterations: 151
Date : {2, 6, 2000} Iterations: 152
BaseY: 2000
StartY: 1988
BaseDay: 3
First day of year: 3
The day is: 7
DateGC : {10, 2, 2008} Iterations: 152
BaseY: 2000
StartY: 1988
BaseDay: 3
First day of year: 3
The day is: 7
Date : {2, 6, 2000} Iterations: 152
Date : {3, 6, 2000} Iterations: 153
BaseY: 2000
StartY: 1988
BaseDay: 3
First day of year: 3
The day is: 1
DateGC : {11, 2, 2008} Iterations: 153
BaseY: 2000
StartY: 1988
BaseDay: 3
First day of year: 3
The day is: 1
Date : {3, 6, 2000} Iterations: 153
Date : {4, 6, 2000} Iterations: 154
BaseY: 2000
StartY: 1988
BaseDay: 3
First day of year: 3
The day is: 2
DateGC : {12, 2, 2008} Iterations: 154
BaseY: 2000
StartY: 1988
BaseDay: 3
First day of year: 3
The day is: 2
Date : {4, 6, 2000} Iterations: 154
Date : {5, 6, 2000} Iterations: 155
BaseY: 2000
StartY: 1988
BaseDay: 3
First day of year: 3
The day is: 3
DateGC : {13, 2, 2008} Iterations: 155
BaseY: 2000
StartY: 1988
BaseDay: 3
First day of year: 3
The day is: 3
Date : {5, 6, 2000} Iterations: 155
Date : {6, 6, 2000} Iterations: 156
BaseY: 2000
StartY: 1988
BaseDay: 3
First day of year: 3
The day is: 4
DateGC : {14, 2, 2008} Iterations: 156
BaseY: 2000
StartY: 1988
BaseDay: 3
First day of year: 3
The day is: 4
Date : {6, 6, 2000} Iterations: 156
Date : {7, 6, 2000} Iterations: 157
BaseY: 2000
StartY: 1988
BaseDay: 3
First day of year: 3
The day is: 5
DateGC : {15, 2, 2008} Iterations: 157
BaseY: 2000
StartY: 1988
BaseDay: 3
First day of year: 3
The day is: 5
Date : {7, 6, 2000} Iterations: 157
Date : {8, 6, 2000} Iterations: 158
BaseY: 2000
StartY: 1988
BaseDay: 3
First day of year: 3
The day is: 6
DateGC : {16, 2, 2008} Iterations: 158
BaseY: 2000
StartY: 1988
BaseDay: 3
First day of year: 3
The day is: 6
Date : {8, 6, 2000} Iterations: 158
Date : {9, 6, 2000} Iterations: 159
BaseY: 2000
StartY: 1988
BaseDay: 3
First day of year: 3
The day is: 7
DateGC : {17, 2, 2008} Iterations: 159
BaseY: 2000
StartY: 1988
BaseDay: 3
First day of year: 3
The day is: 7
Date : {9, 6, 2000} Iterations: 159
Date : {10, 6, 2000} Iterations: 160
BaseY: 2000
StartY: 1988
BaseDay: 3
First day of year: 3
The day is: 1
DateGC : {18, 2, 2008} Iterations: 160
BaseY: 2000
StartY: 1988
BaseDay: 3
First day of year: 3
The day is: 1
Date : {10, 6, 2000} Iterations: 160
Date : {11, 6, 2000} Iterations: 161
BaseY: 2000
StartY: 1988
BaseDay: 3
First day of year: 3
The day is: 2
DateGC : {19, 2, 2008} Iterations: 161
BaseY: 2000
StartY: 1988
BaseDay: 3
First day of year: 3
The day is: 2
Date : {11, 6, 2000} Iterations: 161
Date : {12, 6, 2000} Iterations: 162
BaseY: 2000
StartY: 1988
BaseDay: 3
First day of year: 3
The day is: 3
DateGC : {20, 2, 2008} Iterations: 162
BaseY: 2000
StartY: 1988
BaseDay: 3
First day of year: 3
The day is: 3
Date : {12, 6, 2000} Iterations: 162
Date : {13, 6, 2000} Iterations: 163
BaseY: 2000
StartY: 1988
BaseDay: 3
First day of year: 3
The day is: 4
DateGC : {21, 2, 2008} Iterations: 163
BaseY: 2000
StartY: 1988
BaseDay: 3
First day of year: 3
The day is: 4
Date : {13, 6, 2000} Iterations: 163
Date : {14, 6, 2000} Iterations: 164
BaseY: 2000
StartY: 1988
BaseDay: 3
First day of year: 3
The day is: 5
DateGC : {22, 2, 2008} Iterations: 164
BaseY: 2000
StartY: 1988
BaseDay: 3
First day of year: 3
The day is: 5
Date : {14, 6, 2000} Iterations: 164
Date : {15, 6, 2000} Iterations: 165
BaseY: 2000
StartY: 1988
BaseDay: 3
First day of year: 3
The day is: 6
DateGC : {23, 2, 2008} Iterations: 165
BaseY: 2000
StartY: 1988
BaseDay: 3
First day of year: 3
The day is: 6
Date : {15, 6, 2000} Iterations: 165
Date : {16, 6, 2000} Iterations: 166
BaseY: 2000
StartY: 1988
BaseDay: 3
First day of year: 3
The day is: 7
DateGC : {24, 2, 2008} Iterations: 166
BaseY: 2000
StartY: 1988
BaseDay: 3
First day of year: 3
The day is: 7
Date : {16, 6, 2000} Iterations: 166
Date : {17, 6, 2000} Iterations: 167
BaseY: 2000
StartY: 1988
BaseDay: 3
First day of year: 3
The day is: 1
DateGC : {25, 2, 2008} Iterations: 167
BaseY: 2000
StartY: 1988
BaseDay: 3
First day of year: 3
The day is: 1
Date : {17, 6, 2000} Iterations: 167
Date : {18, 6, 2000} Iterations: 168
BaseY: 2000
StartY: 1988
BaseDay: 3
First day of year: 3
The day is: 2
DateGC : {26, 2, 2008} Iterations: 168
BaseY: 2000
StartY: 1988
BaseDay: 3
First day of year: 3
The day is: 2
Date : {18, 6, 2000} Iterations: 168
Date : {19, 6, 2000} Iterations: 169
BaseY: 2000
StartY: 1988
BaseDay: 3
First day of year: 3
The day is: 3
DateGC : {27, 2, 2008} Iterations: 169
BaseY: 2000
StartY: 1988
BaseDay: 3
First day of year: 3
The day is: 3
Date : {19, 6, 2000} Iterations: 169
Date : {20, 6, 2000} Iterations: 170
BaseY: 2000
StartY: 1988
BaseDay: 3
First day of year: 3
The day is: 4
DateGC : {28, 2, 2008} Iterations: 170
BaseY: 2000
StartY: 1988
BaseDay: 3
First day of year: 3
The day is: 4
Date : {20, 6, 2000} Iterations: 170
Date : {21, 6, 2000} Iterations: 171
BaseY: 2000
StartY: 1988
BaseDay: 3
First day of year: 3
The day is: 5
DateGC : {29, 2, 2008} Iterations: 171
BaseY: 2000
StartY: 1988
BaseDay: 3
First day of year: 3
The day is: 5
Date : {21, 6, 2000} Iterations: 171
Date : {22, 6, 2000} Iterations: 172
BaseY: 2000
StartY: 1988
BaseDay: 3
First day of year: 3
The day is: 6
DateGC : {1, 3, 2008} Iterations: 172
BaseY: 2000
StartY: 1988
BaseDay: 3
First day of year: 3
The day is: 6
Date : {22, 6, 2000} Iterations: 172
Date : {23, 6, 2000} Iterations: 173
BaseY: 2000
StartY: 1988
BaseDay: 3
First day of year: 3
The day is: 7
DateGC : {2, 3, 2008} Iterations: 173
BaseY: 2000
StartY: 1988
BaseDay: 3
First day of year: 3
The day is: 7
Date : {23, 6, 2000} Iterations: 173
Date : {24, 6, 2000} Iterations: 174
BaseY: 2000
StartY: 1988
BaseDay: 3
First day of year: 3
The day is: 1
DateGC : {3, 3, 2008} Iterations: 174
BaseY: 2000
StartY: 1988
BaseDay: 3
First day of year: 3
The day is: 1
Date : {24, 6, 2000} Iterations: 174
Date : {25, 6, 2000} Iterations: 175
BaseY: 2000
StartY: 1988
BaseDay: 3
First day of year: 3
The day is: 2
DateGC : {4, 3, 2008} Iterations: 175
BaseY: 2000
StartY: 1988
BaseDay: 3
First day of year: 3
The day is: 2
Date : {25, 6, 2000} Iterations: 175
Date : {26, 6, 2000} Iterations: 176
BaseY: 2000
StartY: 1988
BaseDay: 3
First day of year: 3
The day is: 3
DateGC : {5, 3, 2008} Iterations: 176
BaseY: 2000
StartY: 1988
BaseDay: 3
First day of year: 3
The day is: 3
Date : {26, 6, 2000} Iterations: 176
Date : {27, 6, 2000} Iterations: 177
BaseY: 2000
StartY: 1988
BaseDay: 3
First day of year: 3
The day is: 4
DateGC : {6, 3, 2008} Iterations: 177
BaseY: 2000
StartY: 1988
BaseDay: 3
First day of year: 3
The day is: 4
Date : {27, 6, 2000} Iterations: 177
Date : {28, 6, 2000} Iterations: 178
BaseY: 2000
StartY: 1988
BaseDay: 3
First day of year: 3
The day is: 5
DateGC : {7, 3, 2008} Iterations: 178
BaseY: 2000
StartY: 1988
BaseDay: 3
First day of year: 3
The day is: 5
Date : {28, 6, 2000} Iterations: 178
Date : {29, 6, 2000} Iterations: 179
BaseY: 2000
StartY: 1988
BaseDay: 3
First day of year: 3
The day is: 6
DateGC : {8, 3, 2008} Iterations: 179
BaseY: 2000
StartY: 1988
BaseDay: 3
First day of year: 3
The day is: 6
Date : {29, 6, 2000} Iterations: 179
Date : {30, 6, 2000} Iterations: 180
BaseY: 2000
StartY: 1988
BaseDay: 3
First day of year: 3
The day is: 7
DateGC : {9, 3, 2008} Iterations: 180
BaseY: 2000
StartY: 1988
BaseDay: 3
First day of year: 3
The day is: 7
Date : {30, 6, 2000} Iterations: 180
Date : {1, 7, 2000} Iterations: 181
BaseY: 2000
StartY: 1988
BaseDay: 3
First day of year: 3
The day is: 1
DateGC : {10, 3, 2008} Iterations: 181
BaseY: 2000
StartY: 1988
BaseDay: 3
First day of year: 3
The day is: 1
Date : {1, 7, 2000} Iterations: 181
Date : {2, 7, 2000} Iterations: 182
BaseY: 2000
StartY: 1988
BaseDay: 3
First day of year: 3
The day is: 2
DateGC : {11, 3, 2008} Iterations: 182
BaseY: 2000
StartY: 1988
BaseDay: 3
First day of year: 3
The day is: 2
Date : {2, 7, 2000} Iterations: 182
Date : {3, 7, 2000} Iterations: 183
BaseY: 2000
StartY: 1988
BaseDay: 3
First day of year: 3
The day is: 3
DateGC : {12, 3, 2008} Iterations: 183
BaseY: 2000
StartY: 1988
BaseDay: 3
First day of year: 3
The day is: 3
Date : {3, 7, 2000} Iterations: 183
Date : {4, 7, 2000} Iterations: 184
BaseY: 2000
StartY: 1988
BaseDay: 3
First day of year: 3
The day is: 4
DateGC : {13, 3, 2008} Iterations: 184
BaseY: 2000
StartY: 1988
BaseDay: 3
First day of year: 3
The day is: 4
Date : {4, 7, 2000} Iterations: 184
Date : {5, 7, 2000} Iterations: 185
BaseY: 2000
StartY: 1988
BaseDay: 3
First day of year: 3
The day is: 5
DateGC : {14, 3, 2008} Iterations: 185
BaseY: 2000
StartY: 1988
BaseDay: 3
First day of year: 3
The day is: 5
Date : {5, 7, 2000} Iterations: 185
Date : {6, 7, 2000} Iterations: 186
BaseY: 2000
StartY: 1988
BaseDay: 3
First day of year: 3
The day is: 6
DateGC : {15, 3, 2008} Iterations: 186
BaseY: 2000
StartY: 1988
BaseDay: 3
First day of year: 3
The day is: 6
Date : {6, 7, 2000} Iterations: 186
Date : {7, 7, 2000} Iterations: 187
BaseY: 2000
StartY: 1988
BaseDay: 3
First day of year: 3
The day is: 7
DateGC : {16, 3, 2008} Iterations: 187
BaseY: 2000
StartY: 1988
BaseDay: 3
First day of year: 3
The day is: 7
Date : {7, 7, 2000} Iterations: 187
Date : {8, 7, 2000} Iterations: 188
BaseY: 2000
StartY: 1988
BaseDay: 3
First day of year: 3
The day is: 1
DateGC : {17, 3, 2008} Iterations: 188
BaseY: 2000
StartY: 1988
BaseDay: 3
First day of year: 3
The day is: 1
Date : {8, 7, 2000} Iterations: 188
Date : {9, 7, 2000} Iterations: 189
BaseY: 2000
StartY: 1988
BaseDay: 3
First day of year: 3
The day is: 2
DateGC : {18, 3, 2008} Iterations: 189
BaseY: 2000
StartY: 1988
BaseDay: 3
First day of year: 3
The day is: 2
Date : {9, 7, 2000} Iterations: 189
Date : {10, 7, 2000} Iterations: 190
BaseY: 2000
StartY: 1988
BaseDay: 3
First day of year: 3
The day is: 3
DateGC : {19, 3, 2008} Iterations: 190
BaseY: 2000
StartY: 1988
BaseDay: 3
First day of year: 3
The day is: 3
Date : {10, 7, 2000} Iterations: 190
Date : {11, 7, 2000} Iterations: 191
BaseY: 2000
StartY: 1988
BaseDay: 3
First day of year: 3
The day is: 4
DateGC : {20, 3, 2008} Iterations: 191
BaseY: 2000
StartY: 1988
BaseDay: 3
First day of year: 3
The day is: 4
Date : {11, 7, 2000} Iterations: 191
Date : {12, 7, 2000} Iterations: 192
BaseY: 2000
StartY: 1988
BaseDay: 3
First day of year: 3
The day is: 5
DateGC : {21, 3, 2008} Iterations: 192
BaseY: 2000
StartY: 1988
BaseDay: 3
First day of year: 3
The day is: 5
Date : {12, 7, 2000} Iterations: 192
Date : {13, 7, 2000} Iterations: 193
BaseY: 2000
StartY: 1988
BaseDay: 3
First day of year: 3
The day is: 6
DateGC : {22, 3, 2008} Iterations: 193
BaseY: 2000
StartY: 1988
BaseDay: 3
First day of year: 3
The day is: 6
Date : {13, 7, 2000} Iterations: 193
Date : {14, 7, 2000} Iterations: 194
BaseY: 2000
StartY: 1988
BaseDay: 3
First day of year: 3
The day is: 7
DateGC : {23, 3, 2008} Iterations: 194
BaseY: 2000
StartY: 1988
BaseDay: 3
First day of year: 3
The day is: 7
Date : {14, 7, 2000} Iterations: 194
Date : {15, 7, 2000} Iterations: 195
BaseY: 2000
StartY: 1988
BaseDay: 3
First day of year: 3
The day is: 1
DateGC : {24, 3, 2008} Iterations: 195
BaseY: 2000
StartY: 1988
BaseDay: 3
First day of year: 3
The day is: 1
Date : {15, 7, 2000} Iterations: 195
Date : {16, 7, 2000} Iterations: 196
BaseY: 2000
StartY: 1988
BaseDay: 3
First day of year: 3
The day is: 2
DateGC : {25, 3, 2008} Iterations: 196
BaseY: 2000
StartY: 1988
BaseDay: 3
First day of year: 3
The day is: 2
Date : {16, 7, 2000} Iterations: 196
Date : {17, 7, 2000} Iterations: 197
BaseY: 2000
StartY: 1988
BaseDay: 3
First day of year: 3
The day is: 3
DateGC : {26, 3, 2008} Iterations: 197
BaseY: 2000
StartY: 1988
BaseDay: 3
First day of year: 3
The day is: 3
Date : {17, 7, 2000} Iterations: 197
Date : {18, 7, 2000} Iterations: 198
BaseY: 2000
StartY: 1988
BaseDay: 3
First day of year: 3
The day is: 4
DateGC : {27, 3, 2008} Iterations: 198
BaseY: 2000
StartY: 1988
BaseDay: 3
First day of year: 3
The day is: 4
Date : {18, 7, 2000} Iterations: 198
Date : {19, 7, 2000} Iterations: 199
BaseY: 2000
StartY: 1988
BaseDay: 3
First day of year: 3
The day is: 5
DateGC : {28, 3, 2008} Iterations: 199
BaseY: 2000
StartY: 1988
BaseDay: 3
First day of year: 3
The day is: 5
Date : {19, 7, 2000} Iterations: 199
Date : {20, 7, 2000} Iterations: 200
BaseY: 2000
StartY: 1988
BaseDay: 3
First day of year: 3
The day is: 6
DateGC : {29, 3, 2008} Iterations: 200
BaseY: 2000
StartY: 1988
BaseDay: 3
First day of year: 3
The day is: 6
Date : {20, 7, 2000} Iterations: 200
Date : {21, 7, 2000} Iterations: 201
BaseY: 2000
StartY: 1988
BaseDay: 3
First day of year: 3
The day is: 7
DateGC : {30, 3, 2008} Iterations: 201
BaseY: 2000
StartY: 1988
BaseDay: 3
First day of year: 3
The day is: 7
Date : {21, 7, 2000} Iterations: 201
Date : {22, 7, 2000} Iterations: 202
BaseY: 2000
StartY: 1988
BaseDay: 3
First day of year: 3
The day is: 1
DateGC : {31, 3, 2008} Iterations: 202
BaseY: 2000
StartY: 1988
BaseDay: 3
First day of year: 3
The day is: 1
Date : {22, 7, 2000} Iterations: 202
Date : {23, 7, 2000} Iterations: 203
BaseY: 2000
StartY: 1988
BaseDay: 3
First day of year: 3
The day is: 2
DateGC : {1, 4, 2008} Iterations: 203
BaseY: 2000
StartY: 1988
BaseDay: 3
First day of year: 3
The day is: 2
Date : {23, 7, 2000} Iterations: 203
Date : {24, 7, 2000} Iterations: 204
BaseY: 2000
StartY: 1988
BaseDay: 3
First day of year: 3
The day is: 3
DateGC : {2, 4, 2008} Iterations: 204
BaseY: 2000
StartY: 1988
BaseDay: 3
First day of year: 3
The day is: 3
Date : {24, 7, 2000} Iterations: 204
Date : {25, 7, 2000} Iterations: 205
BaseY: 2000
StartY: 1988
BaseDay: 3
First day of year: 3
The day is: 4
DateGC : {3, 4, 2008} Iterations: 205
BaseY: 2000
StartY: 1988
BaseDay: 3
First day of year: 3
The day is: 4
Date : {25, 7, 2000} Iterations: 205
Date : {26, 7, 2000} Iterations: 206
BaseY: 2000
StartY: 1988
BaseDay: 3
First day of year: 3
The day is: 5
DateGC : {4, 4, 2008} Iterations: 206
BaseY: 2000
StartY: 1988
BaseDay: 3
First day of year: 3
The day is: 5
Date : {26, 7, 2000} Iterations: 206
Date : {27, 7, 2000} Iterations: 207
BaseY: 2000
StartY: 1988
BaseDay: 3
First day of year: 3
The day is: 6
DateGC : {5, 4, 2008} Iterations: 207
BaseY: 2000
StartY: 1988
BaseDay: 3
First day of year: 3
The day is: 6
Date : {27, 7, 2000} Iterations: 207
Date : {28, 7, 2000} Iterations: 208
BaseY: 2000
StartY: 1988
BaseDay: 3
First day of year: 3
The day is: 7
DateGC : {6, 4, 2008} Iterations: 208
BaseY: 2000
StartY: 1988
BaseDay: 3
First day of year: 3
The day is: 7
Date : {28, 7, 2000} Iterations: 208
Date : {29, 7, 2000} Iterations: 209
BaseY: 2000
StartY: 1988
BaseDay: 3
First day of year: 3
The day is: 1
DateGC : {7, 4, 2008} Iterations: 209
BaseY: 2000
StartY: 1988
BaseDay: 3
First day of year: 3
The day is: 1
Date : {29, 7, 2000} Iterations: 209
Date : {30, 7, 2000} Iterations: 210
BaseY: 2000
StartY: 1988
BaseDay: 3
First day of year: 3
The day is: 2
DateGC : {8, 4, 2008} Iterations: 210
BaseY: 2000
StartY: 1988
BaseDay: 3
First day of year: 3
The day is: 2
Date : {30, 7, 2000} Iterations: 210
Date : {1, 8, 2000} Iterations: 211
BaseY: 2000
StartY: 1988
BaseDay: 3
First day of year: 3
The day is: 3
DateGC : {9, 4, 2008} Iterations: 211
BaseY: 2000
StartY: 1988
BaseDay: 3
First day of year: 3
The day is: 3
Date : {1, 8, 2000} Iterations: 211
Date : {2, 8, 2000} Iterations: 212
BaseY: 2000
StartY: 1988
BaseDay: 3
First day of year: 3
The day is: 4
DateGC : {10, 4, 2008} Iterations: 212
BaseY: 2000
StartY: 1988
BaseDay: 3
First day of year: 3
The day is: 4
Date : {2, 8, 2000} Iterations: 212
Date : {3, 8, 2000} Iterations: 213
BaseY: 2000
StartY: 1988
BaseDay: 3
First day of year: 3
The day is: 5
DateGC : {11, 4, 2008} Iterations: 213
BaseY: 2000
StartY: 1988
BaseDay: 3
First day of year: 3
The day is: 5
Date : {3, 8, 2000} Iterations: 213
Date : {4, 8, 2000} Iterations: 214
BaseY: 2000
StartY: 1988
BaseDay: 3
First day of year: 3
The day is: 6
DateGC : {12, 4, 2008} Iterations: 214
BaseY: 2000
StartY: 1988
BaseDay: 3
First day of year: 3
The day is: 6
Date : {4, 8, 2000} Iterations: 214
Date : {5, 8, 2000} Iterations: 215
BaseY: 2000
StartY: 1988
BaseDay: 3
First day of year: 3
The day is: 7
DateGC : {13, 4, 2008} Iterations: 215
BaseY: 2000
StartY: 1988
BaseDay: 3
First day of year: 3
The day is: 7
Date : {5, 8, 2000} Iterations: 215
Date : {6, 8, 2000} Iterations: 216
BaseY: 2000
StartY: 1988
BaseDay: 3
First day of year: 3
The day is: 1
DateGC : {14, 4, 2008} Iterations: 216
BaseY: 2000
StartY: 1988
BaseDay: 3
First day of year: 3
The day is: 1
Date : {6, 8, 2000} Iterations: 216
Date : {7, 8, 2000} Iterations: 217
BaseY: 2000
StartY: 1988
BaseDay: 3
First day of year: 3
The day is: 2
DateGC : {15, 4, 2008} Iterations: 217
BaseY: 2000
StartY: 1988
BaseDay: 3
First day of year: 3
The day is: 2
Date : {7, 8, 2000} Iterations: 217
Date : {8, 8, 2000} Iterations: 218
BaseY: 2000
StartY: 1988
BaseDay: 3
First day of year: 3
The day is: 3
DateGC : {16, 4, 2008} Iterations: 218
BaseY: 2000
StartY: 1988
BaseDay: 3
First day of year: 3
The day is: 3
Date : {8, 8, 2000} Iterations: 218
Date : {9, 8, 2000} Iterations: 219
BaseY: 2000
StartY: 1988
BaseDay: 3
First day of year: 3
The day is: 4
DateGC : {17, 4, 2008} Iterations: 219
BaseY: 2000
StartY: 1988
BaseDay: 3
First day of year: 3
The day is: 4
Date : {9, 8, 2000} Iterations: 219
Date : {10, 8, 2000} Iterations: 220
BaseY: 2000
StartY: 1988
BaseDay: 3
First day of year: 3
The day is: 5
DateGC : {18, 4, 2008} Iterations: 220
BaseY: 2000
StartY: 1988
BaseDay: 3
First day of year: 3
The day is: 5
Date : {10, 8, 2000} Iterations: 220
Date : {11, 8, 2000} Iterations: 221
BaseY: 2000
StartY: 1988
BaseDay: 3
First day of year: 3
The day is: 6
DateGC : {19, 4, 2008} Iterations: 221
BaseY: 2000
StartY: 1988
BaseDay: 3
First day of year: 3
The day is: 6
Date : {11, 8, 2000} Iterations: 221
Date : {12, 8, 2000} Iterations: 222
BaseY: 2000
StartY: 1988
BaseDay: 3
First day of year: 3
The day is: 7
DateGC : {20, 4, 2008} Iterations: 222
BaseY: 2000
StartY: 1988
BaseDay: 3
First day of year: 3
The day is: 7
Date : {12, 8, 2000} Iterations: 222
Date : {13, 8, 2000} Iterations: 223
BaseY: 2000
StartY: 1988
BaseDay: 3
First day of year: 3
The day is: 1
DateGC : {21, 4, 2008} Iterations: 223
BaseY: 2000
StartY: 1988
BaseDay: 3
First day of year: 3
The day is: 1
Date : {13, 8, 2000} Iterations: 223
Date : {14, 8, 2000} Iterations: 224
BaseY: 2000
StartY: 1988
BaseDay: 3
First day of year: 3
The day is: 2
DateGC : {22, 4, 2008} Iterations: 224
BaseY: 2000
StartY: 1988
BaseDay: 3
First day of year: 3
The day is: 2
Date : {14, 8, 2000} Iterations: 224
Date : {15, 8, 2000} Iterations: 225
BaseY: 2000
StartY: 1988
BaseDay: 3
First day of year: 3
The day is: 3
DateGC : {23, 4, 2008} Iterations: 225
BaseY: 2000
StartY: 1988
BaseDay: 3
First day of year: 3
The day is: 3
Date : {15, 8, 2000} Iterations: 225
Date : {16, 8, 2000} Iterations: 226
BaseY: 2000
StartY: 1988
BaseDay: 3
First day of year: 3
The day is: 4
DateGC : {24, 4, 2008} Iterations: 226
BaseY: 2000
StartY: 1988
BaseDay: 3
First day of year: 3
The day is: 4
Date : {16, 8, 2000} Iterations: 226
Date : {17, 8, 2000} Iterations: 227
BaseY: 2000
StartY: 1988
BaseDay: 3
First day of year: 3
The day is: 5
DateGC : {25, 4, 2008} Iterations: 227
BaseY: 2000
StartY: 1988
BaseDay: 3
First day of year: 3
The day is: 5
Date : {17, 8, 2000} Iterations: 227
Date : {18, 8, 2000} Iterations: 228
BaseY: 2000
StartY: 1988
BaseDay: 3
First day of year: 3
The day is: 6
DateGC : {26, 4, 2008} Iterations: 228
BaseY: 2000
StartY: 1988
BaseDay: 3
First day of year: 3
The day is: 6
Date : {18, 8, 2000} Iterations: 228
Date : {19, 8, 2000} Iterations: 229
BaseY: 2000
StartY: 1988
BaseDay: 3
First day of year: 3
The day is: 7
DateGC : {27, 4, 2008} Iterations: 229
BaseY: 2000
StartY: 1988
BaseDay: 3
First day of year: 3
The day is: 7
Date : {19, 8, 2000} Iterations: 229
Date : {20, 8, 2000} Iterations: 230
BaseY: 2000
StartY: 1988
BaseDay: 3
First day of year: 3
The day is: 1
DateGC : {28, 4, 2008} Iterations: 230
BaseY: 2000
StartY: 1988
BaseDay: 3
First day of year: 3
The day is: 1
Date : {20, 8, 2000} Iterations: 230
Date : {21, 8, 2000} Iterations: 231
BaseY: 2000
StartY: 1988
BaseDay: 3
First day of year: 3
The day is: 2
DateGC : {29, 4, 2008} Iterations: 231
BaseY: 2000
StartY: 1988
BaseDay: 3
First day of year: 3
The day is: 2
Date : {21, 8, 2000} Iterations: 231
Date : {22, 8, 2000} Iterations: 232
BaseY: 2000
StartY: 1988
BaseDay: 3
First day of year: 3
The day is: 3
DateGC : {30, 4, 2008} Iterations: 232
BaseY: 2000
StartY: 1988
BaseDay: 3
First day of year: 3
The day is: 3
Date : {22, 8, 2000} Iterations: 232
Date : {23, 8, 2000} Iterations: 233
BaseY: 2000
StartY: 1988
BaseDay: 3
First day of year: 3
The day is: 4
DateGC : {1, 5, 2008} Iterations: 233
BaseY: 2000
StartY: 1988
BaseDay: 3
First day of year: 3
The day is: 4
Date : {23, 8, 2000} Iterations: 233
Date : {24, 8, 2000} Iterations: 234
BaseY: 2000
StartY: 1988
BaseDay: 3
First day of year: 3
The day is: 5
DateGC : {2, 5, 2008} Iterations: 234
BaseY: 2000
StartY: 1988
BaseDay: 3
First day of year: 3
The day is: 5
Date : {24, 8, 2000} Iterations: 234
Date : {25, 8, 2000} Iterations: 235
BaseY: 2000
StartY: 1988
BaseDay: 3
First day of year: 3
The day is: 6
DateGC : {3, 5, 2008} Iterations: 235
BaseY: 2000
StartY: 1988
BaseDay: 3
First day of year: 3
The day is: 6
Date : {25, 8, 2000} Iterations: 235
Date : {26, 8, 2000} Iterations: 236
BaseY: 2000
StartY: 1988
BaseDay: 3
First day of year: 3
The day is: 7
DateGC : {4, 5, 2008} Iterations: 236
BaseY: 2000
StartY: 1988
BaseDay: 3
First day of year: 3
The day is: 7
Date : {26, 8, 2000} Iterations: 236
Date : {27, 8, 2000} Iterations: 237
BaseY: 2000
StartY: 1988
BaseDay: 3
First day of year: 3
The day is: 1
DateGC : {5, 5, 2008} Iterations: 237
BaseY: 2000
StartY: 1988
BaseDay: 3
First day of year: 3
The day is: 1
Date : {27, 8, 2000} Iterations: 237
Date : {28, 8, 2000} Iterations: 238
BaseY: 2000
StartY: 1988
BaseDay: 3
First day of year: 3
The day is: 2
DateGC : {6, 5, 2008} Iterations: 238
BaseY: 2000
StartY: 1988
BaseDay: 3
First day of year: 3
The day is: 2
Date : {28, 8, 2000} Iterations: 238
Date : {29, 8, 2000} Iterations: 239
BaseY: 2000
StartY: 1988
BaseDay: 3
First day of year: 3
The day is: 3
DateGC : {7, 5, 2008} Iterations: 239
BaseY: 2000
StartY: 1988
BaseDay: 3
First day of year: 3
The day is: 3
Date : {29, 8, 2000} Iterations: 239
Date : {30, 8, 2000} Iterations: 240
BaseY: 2000
StartY: 1988
BaseDay: 3
First day of year: 3
The day is: 4
DateGC : {8, 5, 2008} Iterations: 240
BaseY: 2000
StartY: 1988
BaseDay: 3
First day of year: 3
The day is: 4
Date : {30, 8, 2000} Iterations: 240
Date : {1, 9, 2000} Iterations: 241
BaseY: 2000
StartY: 1988
BaseDay: 3
First day of year: 3
The day is: 5
DateGC : {9, 5, 2008} Iterations: 241
BaseY: 2000
StartY: 1988
BaseDay: 3
First day of year: 3
The day is: 5
Date : {1, 9, 2000} Iterations: 241
Date : {2, 9, 2000} Iterations: 242
BaseY: 2000
StartY: 1988
BaseDay: 3
First day of year: 3
The day is: 6
DateGC : {10, 5, 2008} Iterations: 242
BaseY: 2000
StartY: 1988
BaseDay: 3
First day of year: 3
The day is: 6
Date : {2, 9, 2000} Iterations: 242
Date : {3, 9, 2000} Iterations: 243
BaseY: 2000
StartY: 1988
BaseDay: 3
First day of year: 3
The day is: 7
DateGC : {11, 5, 2008} Iterations: 243
BaseY: 2000
StartY: 1988
BaseDay: 3
First day of year: 3
The day is: 7
Date : {3, 9, 2000} Iterations: 243
Date : {4, 9, 2000} Iterations: 244
BaseY: 2000
StartY: 1988
BaseDay: 3
First day of year: 3
The day is: 1
DateGC : {12, 5, 2008} Iterations: 244
BaseY: 2000
StartY: 1988
BaseDay: 3
First day of year: 3
The day is: 1
Date : {4, 9, 2000} Iterations: 244
Date : {5, 9, 2000} Iterations: 245
BaseY: 2000
StartY: 1988
BaseDay: 3
First day of year: 3
The day is: 2
DateGC : {13, 5, 2008} Iterations: 245
BaseY: 2000
StartY: 1988
BaseDay: 3
First day of year: 3
The day is: 2
Date : {5, 9, 2000} Iterations: 245
Date : {6, 9, 2000} Iterations: 246
BaseY: 2000
StartY: 1988
BaseDay: 3
First day of year: 3
The day is: 3
DateGC : {14, 5, 2008} Iterations: 246
BaseY: 2000
StartY: 1988
BaseDay: 3
First day of year: 3
The day is: 3
Date : {6, 9, 2000} Iterations: 246
Date : {7, 9, 2000} Iterations: 247
BaseY: 2000
StartY: 1988
BaseDay: 3
First day of year: 3
The day is: 4
DateGC : {15, 5, 2008} Iterations: 247
BaseY: 2000
StartY: 1988
BaseDay: 3
First day of year: 3
The day is: 4
Date : {7, 9, 2000} Iterations: 247
Date : {8, 9, 2000} Iterations: 248
BaseY: 2000
StartY: 1988
BaseDay: 3
First day of year: 3
The day is: 5
DateGC : {16, 5, 2008} Iterations: 248
BaseY: 2000
StartY: 1988
BaseDay: 3
First day of year: 3
The day is: 5
Date : {8, 9, 2000} Iterations: 248
Date : {9, 9, 2000} Iterations: 249
BaseY: 2000
StartY: 1988
BaseDay: 3
First day of year: 3
The day is: 6
DateGC : {17, 5, 2008} Iterations: 249
BaseY: 2000
StartY: 1988
BaseDay: 3
First day of year: 3
The day is: 6
Date : {9, 9, 2000} Iterations: 249
Date : {10, 9, 2000} Iterations: 250
BaseY: 2000
StartY: 1988
BaseDay: 3
First day of year: 3
The day is: 7
DateGC : {18, 5, 2008} Iterations: 250
BaseY: 2000
StartY: 1988
BaseDay: 3
First day of year: 3
The day is: 7
Date : {10, 9, 2000} Iterations: 250
Date : {11, 9, 2000} Iterations: 251
BaseY: 2000
StartY: 1988
BaseDay: 3
First day of year: 3
The day is: 1
DateGC : {19, 5, 2008} Iterations: 251
BaseY: 2000
StartY: 1988
BaseDay: 3
First day of year: 3
The day is: 1
Date : {11, 9, 2000} Iterations: 251
Date : {12, 9, 2000} Iterations: 252
BaseY: 2000
StartY: 1988
BaseDay: 3
First day of year: 3
The day is: 2
DateGC : {20, 5, 2008} Iterations: 252
BaseY: 2000
StartY: 1988
BaseDay: 3
First day of year: 3
The day is: 2
Date : {12, 9, 2000} Iterations: 252
Date : {13, 9, 2000} Iterations: 253
BaseY: 2000
StartY: 1988
BaseDay: 3
First day of year: 3
The day is: 3
DateGC : {21, 5, 2008} Iterations: 253
BaseY: 2000
StartY: 1988
BaseDay: 3
First day of year: 3
The day is: 3
Date : {13, 9, 2000} Iterations: 253
Date : {14, 9, 2000} Iterations: 254
BaseY: 2000
StartY: 1988
BaseDay: 3
First day of year: 3
The day is: 4
DateGC : {22, 5, 2008} Iterations: 254
BaseY: 2000
StartY: 1988
BaseDay: 3
First day of year: 3
The day is: 4
Date : {14, 9, 2000} Iterations: 254
Date : {15, 9, 2000} Iterations: 255
BaseY: 2000
StartY: 1988
BaseDay: 3
First day of year: 3
The day is: 5
DateGC : {23, 5, 2008} Iterations: 255
BaseY: 2000
StartY: 1988
BaseDay: 3
First day of year: 3
The day is: 5
Date : {15, 9, 2000} Iterations: 255
Date : {16, 9, 2000} Iterations: 256
BaseY: 2000
StartY: 1988
BaseDay: 3
First day of year: 3
The day is: 6
DateGC : {24, 5, 2008} Iterations: 256
BaseY: 2000
StartY: 1988
BaseDay: 3
First day of year: 3
The day is: 6
Date : {16, 9, 2000} Iterations: 256
Date : {17, 9, 2000} Iterations: 257
BaseY: 2000
StartY: 1988
BaseDay: 3
First day of year: 3
The day is: 7
DateGC : {25, 5, 2008} Iterations: 257
BaseY: 2000
StartY: 1988
BaseDay: 3
First day of year: 3
The day is: 7
Date : {17, 9, 2000} Iterations: 257
Date : {18, 9, 2000} Iterations: 258
BaseY: 2000
StartY: 1988
BaseDay: 3
First day of year: 3
The day is: 1
DateGC : {26, 5, 2008} Iterations: 258
BaseY: 2000
StartY: 1988
BaseDay: 3
First day of year: 3
The day is: 1
Date : {18, 9, 2000} Iterations: 258
Date : {19, 9, 2000} Iterations: 259
BaseY: 2000
StartY: 1988
BaseDay: 3
First day of year: 3
The day is: 2
DateGC : {27, 5, 2008} Iterations: 259
BaseY: 2000
StartY: 1988
BaseDay: 3
First day of year: 3
The day is: 2
Date : {19, 9, 2000} Iterations: 259
Date : {20, 9, 2000} Iterations: 260
BaseY: 2000
StartY: 1988
BaseDay: 3
First day of year: 3
The day is: 3
DateGC : {28, 5, 2008} Iterations: 260
BaseY: 2000
StartY: 1988
BaseDay: 3
First day of year: 3
The day is: 3
Date : {20, 9, 2000} Iterations: 260
Date : {21, 9, 2000} Iterations: 261
BaseY: 2000
StartY: 1988
BaseDay: 3
First day of year: 3
The day is: 4
DateGC : {29, 5, 2008} Iterations: 261
BaseY: 2000
StartY: 1988
BaseDay: 3
First day of year: 3
The day is: 4
Date : {21, 9, 2000} Iterations: 261
Date : {22, 9, 2000} Iterations: 262
BaseY: 2000
StartY: 1988
BaseDay: 3
First day of year: 3
The day is: 5
DateGC : {30, 5, 2008} Iterations: 262
BaseY: 2000
StartY: 1988
BaseDay: 3
First day of year: 3
The day is: 5
Date : {22, 9, 2000} Iterations: 262
Date : {23, 9, 2000} Iterations: 263
BaseY: 2000
StartY: 1988
BaseDay: 3
First day of year: 3
The day is: 6
DateGC : {31, 5, 2008} Iterations: 263
BaseY: 2000
StartY: 1988
BaseDay: 3
First day of year: 3
The day is: 6
Date : {23, 9, 2000} Iterations: 263
Date : {24, 9, 2000} Iterations: 264
BaseY: 2000
StartY: 1988
BaseDay: 3
First day of year: 3
The day is: 7
DateGC : {1, 6, 2008} Iterations: 264
BaseY: 2000
StartY: 1988
BaseDay: 3
First day of year: 3
The day is: 7
Date : {24, 9, 2000} Iterations: 264
Date : {25, 9, 2000} Iterations: 265
BaseY: 2000
StartY: 1988
BaseDay: 3
First day of year: 3
The day is: 1
DateGC : {2, 6, 2008} Iterations: 265
BaseY: 2000
StartY: 1988
BaseDay: 3
First day of year: 3
The day is: 1
Date : {25, 9, 2000} Iterations: 265
Date : {26, 9, 2000} Iterations: 266
BaseY: 2000
StartY: 1988
BaseDay: 3
First day of year: 3
The day is: 2
DateGC : {3, 6, 2008} Iterations: 266
BaseY: 2000
StartY: 1988
BaseDay: 3
First day of year: 3
The day is: 2
Date : {26, 9, 2000} Iterations: 266
Date : {27, 9, 2000} Iterations: 267
BaseY: 2000
StartY: 1988
BaseDay: 3
First day of year: 3
The day is: 3
DateGC : {4, 6, 2008} Iterations: 267
BaseY: 2000
StartY: 1988
BaseDay: 3
First day of year: 3
The day is: 3
Date : {27, 9, 2000} Iterations: 267
Date : {28, 9, 2000} Iterations: 268
BaseY: 2000
StartY: 1988
BaseDay: 3
First day of year: 3
The day is: 4
DateGC : {5, 6, 2008} Iterations: 268
BaseY: 2000
StartY: 1988
BaseDay: 3
First day of year: 3
The day is: 4
Date : {28, 9, 2000} Iterations: 268
Date : {29, 9, 2000} Iterations: 269
BaseY: 2000
StartY: 1988
BaseDay: 3
First day of year: 3
The day is: 5
DateGC : {6, 6, 2008} Iterations: 269
BaseY: 2000
StartY: 1988
BaseDay: 3
First day of year: 3
The day is: 5
Date : {29, 9, 2000} Iterations: 269
Date : {30, 9, 2000} Iterations: 270
BaseY: 2000
StartY: 1988
BaseDay: 3
First day of year: 3
The day is: 6
DateGC : {7, 6, 2008} Iterations: 270
BaseY: 2000
StartY: 1988
BaseDay: 3
First day of year: 3
The day is: 6
Date : {30, 9, 2000} Iterations: 270
Date : {1, 10, 2000} Iterations: 271
BaseY: 2000
StartY: 1988
BaseDay: 3
First day of year: 3
The day is: 7
DateGC : {8, 6, 2008} Iterations: 271
BaseY: 2000
StartY: 1988
BaseDay: 3
First day of year: 3
The day is: 7
Date : {1, 10, 2000} Iterations: 271
Date : {2, 10, 2000} Iterations: 272
BaseY: 2000
StartY: 1988
BaseDay: 3
First day of year: 3
The day is: 1
DateGC : {9, 6, 2008} Iterations: 272
BaseY: 2000
StartY: 1988
BaseDay: 3
First day of year: 3
The day is: 1
Date : {2, 10, 2000} Iterations: 272
Date : {3, 10, 2000} Iterations: 273
BaseY: 2000
StartY: 1988
BaseDay: 3
First day of year: 3
The day is: 2
DateGC : {10, 6, 2008} Iterations: 273
BaseY: 2000
StartY: 1988
BaseDay: 3
First day of year: 3
The day is: 2
Date : {3, 10, 2000} Iterations: 273
Date : {4, 10, 2000} Iterations: 274
BaseY: 2000
StartY: 1988
BaseDay: 3
First day of year: 3
The day is: 3
DateGC : {11, 6, 2008} Iterations: 274
BaseY: 2000
StartY: 1988
BaseDay: 3
First day of year: 3
The day is: 3
Date : {4, 10, 2000} Iterations: 274
Date : {5, 10, 2000} Iterations: 275
BaseY: 2000
StartY: 1988
BaseDay: 3
First day of year: 3
The day is: 4
DateGC : {12, 6, 2008} Iterations: 275
BaseY: 2000
StartY: 1988
BaseDay: 3
First day of year: 3
The day is: 4
Date : {5, 10, 2000} Iterations: 275
Date : {6, 10, 2000} Iterations: 276
BaseY: 2000
StartY: 1988
BaseDay: 3
First day of year: 3
The day is: 5
DateGC : {13, 6, 2008} Iterations: 276
BaseY: 2000
StartY: 1988
BaseDay: 3
First day of year: 3
The day is: 5
Date : {6, 10, 2000} Iterations: 276
Date : {7, 10, 2000} Iterations: 277
BaseY: 2000
StartY: 1988
BaseDay: 3
First day of year: 3
The day is: 6
DateGC : {14, 6, 2008} Iterations: 277
BaseY: 2000
StartY: 1988
BaseDay: 3
First day of year: 3
The day is: 6
Date : {7, 10, 2000} Iterations: 277
Date : {8, 10, 2000} Iterations: 278
BaseY: 2000
StartY: 1988
BaseDay: 3
First day of year: 3
The day is: 7
DateGC : {15, 6, 2008} Iterations: 278
BaseY: 2000
StartY: 1988
BaseDay: 3
First day of year: 3
The day is: 7
Date : {8, 10, 2000} Iterations: 278
Date : {9, 10, 2000} Iterations: 279
BaseY: 2000
StartY: 1988
BaseDay: 3
First day of year: 3
The day is: 1
DateGC : {16, 6, 2008} Iterations: 279
BaseY: 2000
StartY: 1988
BaseDay: 3
First day of year: 3
The day is: 1
Date : {9, 10, 2000} Iterations: 279
Date : {10, 10, 2000} Iterations: 280
BaseY: 2000
StartY: 1988
BaseDay: 3
First day of year: 3
The day is: 2
DateGC : {17, 6, 2008} Iterations: 280
BaseY: 2000
StartY: 1988
BaseDay: 3
First day of year: 3
The day is: 2
Date : {10, 10, 2000} Iterations: 280
Date : {11, 10, 2000} Iterations: 281
BaseY: 2000
StartY: 1988
BaseDay: 3
First day of year: 3
The day is: 3
DateGC : {18, 6, 2008} Iterations: 281
BaseY: 2000
StartY: 1988
BaseDay: 3
First day of year: 3
The day is: 3
Date : {11, 10, 2000} Iterations: 281
Date : {12, 10, 2000} Iterations: 282
BaseY: 2000
StartY: 1988
BaseDay: 3
First day of year: 3
The day is: 4
DateGC : {19, 6, 2008} Iterations: 282
BaseY: 2000
StartY: 1988
BaseDay: 3
First day of year: 3
The day is: 4
Date : {12, 10, 2000} Iterations: 282
Date : {13, 10, 2000} Iterations: 283
BaseY: 2000
StartY: 1988
BaseDay: 3
First day of year: 3
The day is: 5
DateGC : {20, 6, 2008} Iterations: 283
BaseY: 2000
StartY: 1988
BaseDay: 3
First day of year: 3
The day is: 5
Date : {13, 10, 2000} Iterations: 283
Date : {14, 10, 2000} Iterations: 284
BaseY: 2000
StartY: 1988
BaseDay: 3
First day of year: 3
The day is: 6
DateGC : {21, 6, 2008} Iterations: 284
BaseY: 2000
StartY: 1988
BaseDay: 3
First day of year: 3
The day is: 6
Date : {14, 10, 2000} Iterations: 284
Date : {15, 10, 2000} Iterations: 285
BaseY: 2000
StartY: 1988
BaseDay: 3
First day of year: 3
The day is: 7
DateGC : {22, 6, 2008} Iterations: 285
BaseY: 2000
StartY: 1988
BaseDay: 3
First day of year: 3
The day is: 7
Date : {15, 10, 2000} Iterations: 285
Date : {16, 10, 2000} Iterations: 286
BaseY: 2000
StartY: 1988
BaseDay: 3
First day of year: 3
The day is: 1
DateGC : {23, 6, 2008} Iterations: 286
BaseY: 2000
StartY: 1988
BaseDay: 3
First day of year: 3
The day is: 1
Date : {16, 10, 2000} Iterations: 286
Date : {17, 10, 2000} Iterations: 287
BaseY: 2000
StartY: 1988
BaseDay: 3
First day of year: 3
The day is: 2
DateGC : {24, 6, 2008} Iterations: 287
BaseY: 2000
StartY: 1988
BaseDay: 3
First day of year: 3
The day is: 2
Date : {17, 10, 2000} Iterations: 287
Date : {18, 10, 2000} Iterations: 288
BaseY: 2000
StartY: 1988
BaseDay: 3
First day of year: 3
The day is: 3
DateGC : {25, 6, 2008} Iterations: 288
BaseY: 2000
StartY: 1988
BaseDay: 3
First day of year: 3
The day is: 3
Date : {18, 10, 2000} Iterations: 288
Date : {19, 10, 2000} Iterations: 289
BaseY: 2000
StartY: 1988
BaseDay: 3
First day of year: 3
The day is: 4
DateGC : {26, 6, 2008} Iterations: 289
BaseY: 2000
StartY: 1988
BaseDay: 3
First day of year: 3
The day is: 4
Date : {19, 10, 2000} Iterations: 289
Date : {20, 10, 2000} Iterations: 290
BaseY: 2000
StartY: 1988
BaseDay: 3
First day of year: 3
The day is: 5
DateGC : {27, 6, 2008} Iterations: 290
BaseY: 2000
StartY: 1988
BaseDay: 3
First day of year: 3
The day is: 5
Date : {20, 10, 2000} Iterations: 290
Date : {21, 10, 2000} Iterations: 291
BaseY: 2000
StartY: 1988
BaseDay: 3
First day of year: 3
The day is: 6
DateGC : {28, 6, 2008} Iterations: 291
BaseY: 2000
StartY: 1988
BaseDay: 3
First day of year: 3
The day is: 6
Date : {21, 10, 2000} Iterations: 291
Date : {22, 10, 2000} Iterations: 292
BaseY: 2000
StartY: 1988
BaseDay: 3
First day of year: 3
The day is: 7
DateGC : {29, 6, 2008} Iterations: 292
BaseY: 2000
StartY: 1988
BaseDay: 3
First day of year: 3
The day is: 7
Date : {22, 10, 2000} Iterations: 292
Date : {23, 10, 2000} Iterations: 293
BaseY: 2000
StartY: 1988
BaseDay: 3
First day of year: 3
The day is: 1
DateGC : {30, 6, 2008} Iterations: 293
BaseY: 2000
StartY: 1988
BaseDay: 3
First day of year: 3
The day is: 1
Date : {23, 10, 2000} Iterations: 293
Date : {24, 10, 2000} Iterations: 294
BaseY: 2000
StartY: 1988
BaseDay: 3
First day of year: 3
The day is: 2
DateGC : {1, 7, 2008} Iterations: 294
BaseY: 2000
StartY: 1988
BaseDay: 3
First day of year: 3
The day is: 2
Date : {24, 10, 2000} Iterations: 294
Date : {25, 10, 2000} Iterations: 295
BaseY: 2000
StartY: 1988
BaseDay: 3
First day of year: 3
The day is: 3
DateGC : {2, 7, 2008} Iterations: 295
BaseY: 2000
StartY: 1988
BaseDay: 3
First day of year: 3
The day is: 3
Date : {25, 10, 2000} Iterations: 295
Date : {26, 10, 2000} Iterations: 296
BaseY: 2000
StartY: 1988
BaseDay: 3
First day of year: 3
The day is: 4
DateGC : {3, 7, 2008} Iterations: 296
BaseY: 2000
StartY: 1988
BaseDay: 3
First day of year: 3
The day is: 4
Date : {26, 10, 2000} Iterations: 296
Date : {27, 10, 2000} Iterations: 297
BaseY: 2000
StartY: 1988
BaseDay: 3
First day of year: 3
The day is: 5
DateGC : {4, 7, 2008} Iterations: 297
BaseY: 2000
StartY: 1988
BaseDay: 3
First day of year: 3
The day is: 5
Date : {27, 10, 2000} Iterations: 297
Date : {28, 10, 2000} Iterations: 298
BaseY: 2000
StartY: 1988
BaseDay: 3
First day of year: 3
The day is: 6
DateGC : {5, 7, 2008} Iterations: 298
BaseY: 2000
StartY: 1988
BaseDay: 3
First day of year: 3
The day is: 6
Date : {28, 10, 2000} Iterations: 298
Date : {29, 10, 2000} Iterations: 299
BaseY: 2000
StartY: 1988
BaseDay: 3
First day of year: 3
The day is: 7
DateGC : {6, 7, 2008} Iterations: 299
BaseY: 2000
StartY: 1988
BaseDay: 3
First day of year: 3
The day is: 7
Date : {29, 10, 2000} Iterations: 299
Date : {30, 10, 2000} Iterations: 300
BaseY: 2000
StartY: 1988
BaseDay: 3
First day of year: 3
The day is: 1
DateGC : {7, 7, 2008} Iterations: 300
BaseY: 2000
StartY: 1988
BaseDay: 3
First day of year: 3
The day is: 1
Date : {30, 10, 2000} Iterations: 300
Date : {1, 11, 2000} Iterations: 301
BaseY: 2000
StartY: 1988
BaseDay: 3
First day of year: 3
The day is: 2
DateGC : {8, 7, 2008} Iterations: 301
BaseY: 2000
StartY: 1988
BaseDay: 3
First day of year: 3
The day is: 2
Date : {1, 11, 2000} Iterations: 301
Date : {2, 11, 2000} Iterations: 302
BaseY: 2000
StartY: 1988
BaseDay: 3
First day of year: 3
The day is: 3
DateGC : {9, 7, 2008} Iterations: 302
BaseY: 2000
StartY: 1988
BaseDay: 3
First day of year: 3
The day is: 3
Date : {2, 11, 2000} Iterations: 302
Date : {3, 11, 2000} Iterations: 303
BaseY: 2000
StartY: 1988
BaseDay: 3
First day of year: 3
The day is: 4
DateGC : {10, 7, 2008} Iterations: 303
BaseY: 2000
StartY: 1988
BaseDay: 3
First day of year: 3
The day is: 4
Date : {3, 11, 2000} Iterations: 303
Date : {4, 11, 2000} Iterations: 304
BaseY: 2000
StartY: 1988
BaseDay: 3
First day of year: 3
The day is: 5
DateGC : {11, 7, 2008} Iterations: 304
BaseY: 2000
StartY: 1988
BaseDay: 3
First day of year: 3
The day is: 5
Date : {4, 11, 2000} Iterations: 304
Date : {5, 11, 2000} Iterations: 305
BaseY: 2000
StartY: 1988
BaseDay: 3
First day of year: 3
The day is: 6
DateGC : {12, 7, 2008} Iterations: 305
BaseY: 2000
StartY: 1988
BaseDay: 3
First day of year: 3
The day is: 6
Date : {5, 11, 2000} Iterations: 305
Date : {6, 11, 2000} Iterations: 306
BaseY: 2000
StartY: 1988
BaseDay: 3
First day of year: 3
The day is: 7
DateGC : {13, 7, 2008} Iterations: 306
BaseY: 2000
StartY: 1988
BaseDay: 3
First day of year: 3
The day is: 7
Date : {6, 11, 2000} Iterations: 306
Date : {7, 11, 2000} Iterations: 307
BaseY: 2000
StartY: 1988
BaseDay: 3
First day of year: 3
The day is: 1
DateGC : {14, 7, 2008} Iterations: 307
BaseY: 2000
StartY: 1988
BaseDay: 3
First day of year: 3
The day is: 1
Date : {7, 11, 2000} Iterations: 307
Date : {8, 11, 2000} Iterations: 308
BaseY: 2000
StartY: 1988
BaseDay: 3
First day of year: 3
The day is: 2
DateGC : {15, 7, 2008} Iterations: 308
BaseY: 2000
StartY: 1988
BaseDay: 3
First day of year: 3
The day is: 2
Date : {8, 11, 2000} Iterations: 308
Date : {9, 11, 2000} Iterations: 309
BaseY: 2000
StartY: 1988
BaseDay: 3
First day of year: 3
The day is: 3
DateGC : {16, 7, 2008} Iterations: 309
BaseY: 2000
StartY: 1988
BaseDay: 3
First day of year: 3
The day is: 3
Date : {9, 11, 2000} Iterations: 309
Date : {10, 11, 2000} Iterations: 310
BaseY: 2000
StartY: 1988
BaseDay: 3
First day of year: 3
The day is: 4
DateGC : {17, 7, 2008} Iterations: 310
BaseY: 2000
StartY: 1988
BaseDay: 3
First day of year: 3
The day is: 4
Date : {10, 11, 2000} Iterations: 310
Date : {11, 11, 2000} Iterations: 311
BaseY: 2000
StartY: 1988
BaseDay: 3
First day of year: 3
The day is: 5
DateGC : {18, 7, 2008} Iterations: 311
BaseY: 2000
StartY: 1988
BaseDay: 3
First day of year: 3
The day is: 5
Date : {11, 11, 2000} Iterations: 311
Date : {12, 11, 2000} Iterations: 312
BaseY: 2000
StartY: 1988
BaseDay: 3
First day of year: 3
The day is: 6
DateGC : {19, 7, 2008} Iterations: 312
BaseY: 2000
StartY: 1988
BaseDay: 3
First day of year: 3
The day is: 6
Date : {12, 11, 2000} Iterations: 312
Date : {13, 11, 2000} Iterations: 313
BaseY: 2000
StartY: 1988
BaseDay: 3
First day of year: 3
The day is: 7
DateGC : {20, 7, 2008} Iterations: 313
BaseY: 2000
StartY: 1988
BaseDay: 3
First day of year: 3
The day is: 7
Date : {13, 11, 2000} Iterations: 313
Date : {14, 11, 2000} Iterations: 314
BaseY: 2000
StartY: 1988
BaseDay: 3
First day of year: 3
The day is: 1
DateGC : {21, 7, 2008} Iterations: 314
BaseY: 2000
StartY: 1988
BaseDay: 3
First day of year: 3
The day is: 1
Date : {14, 11, 2000} Iterations: 314
Date : {15, 11, 2000} Iterations: 315
BaseY: 2000
StartY: 1988
BaseDay: 3
First day of year: 3
The day is: 2
DateGC : {22, 7, 2008} Iterations: 315
BaseY: 2000
StartY: 1988
BaseDay: 3
First day of year: 3
The day is: 2
Date : {15, 11, 2000} Iterations: 315
Date : {16, 11, 2000} Iterations: 316
BaseY: 2000
StartY: 1988
BaseDay: 3
First day of year: 3
The day is: 3
DateGC : {23, 7, 2008} Iterations: 316
BaseY: 2000
StartY: 1988
BaseDay: 3
First day of year: 3
The day is: 3
Date : {16, 11, 2000} Iterations: 316
Date : {17, 11, 2000} Iterations: 317
BaseY: 2000
StartY: 1988
BaseDay: 3
First day of year: 3
The day is: 4
DateGC : {24, 7, 2008} Iterations: 317
BaseY: 2000
StartY: 1988
BaseDay: 3
First day of year: 3
The day is: 4
Date : {17, 11, 2000} Iterations: 317
Date : {18, 11, 2000} Iterations: 318
BaseY: 2000
StartY: 1988
BaseDay: 3
First day of year: 3
The day is: 5
DateGC : {25, 7, 2008} Iterations: 318
BaseY: 2000
StartY: 1988
BaseDay: 3
First day of year: 3
The day is: 5
Date : {18, 11, 2000} Iterations: 318
Date : {19, 11, 2000} Iterations: 319
BaseY: 2000
StartY: 1988
BaseDay: 3
First day of year: 3
The day is: 6
DateGC : {26, 7, 2008} Iterations: 319
BaseY: 2000
StartY: 1988
BaseDay: 3
First day of year: 3
The day is: 6
Date : {19, 11, 2000} Iterations: 319
Date : {20, 11, 2000} Iterations: 320
BaseY: 2000
StartY: 1988
BaseDay: 3
First day of year: 3
The day is: 7
DateGC : {27, 7, 2008} Iterations: 320
BaseY: 2000
StartY: 1988
BaseDay: 3
First day of year: 3
The day is: 7
Date : {20, 11, 2000} Iterations: 320
Date : {21, 11, 2000} Iterations: 321
BaseY: 2000
StartY: 1988
BaseDay: 3
First day of year: 3
The day is: 1
DateGC : {28, 7, 2008} Iterations: 321
BaseY: 2000
StartY: 1988
BaseDay: 3
First day of year: 3
The day is: 1
Date : {21, 11, 2000} Iterations: 321
Date : {22, 11, 2000} Iterations: 322
BaseY: 2000
StartY: 1988
BaseDay: 3
First day of year: 3
The day is: 2
DateGC : {29, 7, 2008} Iterations: 322
BaseY: 2000
StartY: 1988
BaseDay: 3
First day of year: 3
The day is: 2
Date : {22, 11, 2000} Iterations: 322
Date : {23, 11, 2000} Iterations: 323
BaseY: 2000
StartY: 1988
BaseDay: 3
First day of year: 3
The day is: 3
DateGC : {30, 7, 2008} Iterations: 323
BaseY: 2000
StartY: 1988
BaseDay: 3
First day of year: 3
The day is: 3
Date : {23, 11, 2000} Iterations: 323
Date : {24, 11, 2000} Iterations: 324
BaseY: 2000
StartY: 1988
BaseDay: 3
First day of year: 3
The day is: 4
DateGC : {31, 7, 2008} Iterations: 324
BaseY: 2000
StartY: 1988
BaseDay: 3
First day of year: 3
The day is: 4
Date : {24, 11, 2000} Iterations: 324
Date : {25, 11, 2000} Iterations: 325
BaseY: 2000
StartY: 1988
BaseDay: 3
First day of year: 3
The day is: 5
DateGC : {1, 8, 2008} Iterations: 325
BaseY: 2000
StartY: 1988
BaseDay: 3
First day of year: 3
The day is: 5
Date : {25, 11, 2000} Iterations: 325
Date : {26, 11, 2000} Iterations: 326
BaseY: 2000
StartY: 1988
BaseDay: 3
First day of year: 3
The day is: 6
DateGC : {2, 8, 2008} Iterations: 326
BaseY: 2000
StartY: 1988
BaseDay: 3
First day of year: 3
The day is: 6
Date : {26, 11, 2000} Iterations: 326
Date : {27, 11, 2000} Iterations: 327
BaseY: 2000
StartY: 1988
BaseDay: 3
First day of year: 3
The day is: 7
DateGC : {3, 8, 2008} Iterations: 327
BaseY: 2000
StartY: 1988
BaseDay: 3
First day of year: 3
The day is: 7
Date : {27, 11, 2000} Iterations: 327
Date : {28, 11, 2000} Iterations: 328
BaseY: 2000
StartY: 1988
BaseDay: 3
First day of year: 3
The day is: 1
DateGC : {4, 8, 2008} Iterations: 328
BaseY: 2000
StartY: 1988
BaseDay: 3
First day of year: 3
The day is: 1
Date : {28, 11, 2000} Iterations: 328
Date : {29, 11, 2000} Iterations: 329
BaseY: 2000
StartY: 1988
BaseDay: 3
First day of year: 3
The day is: 2
DateGC : {5, 8, 2008} Iterations: 329
BaseY: 2000
StartY: 1988
BaseDay: 3
First day of year: 3
The day is: 2
Date : {29, 11, 2000} Iterations: 329
Date : {30, 11, 2000} Iterations: 330
BaseY: 2000
StartY: 1988
BaseDay: 3
First day of year: 3
The day is: 3
DateGC : {6, 8, 2008} Iterations: 330
BaseY: 2000
StartY: 1988
BaseDay: 3
First day of year: 3
The day is: 3
Date : {30, 11, 2000} Iterations: 330
Date : {1, 12, 2000} Iterations: 331
BaseY: 2000
StartY: 1988
BaseDay: 3
First day of year: 3
The day is: 4
DateGC : {7, 8, 2008} Iterations: 331
BaseY: 2000
StartY: 1988
BaseDay: 3
First day of year: 3
The day is: 4
Date : {1, 12, 2000} Iterations: 331
Date : {2, 12, 2000} Iterations: 332
BaseY: 2000
StartY: 1988
BaseDay: 3
First day of year: 3
The day is: 5
DateGC : {8, 8, 2008} Iterations: 332
BaseY: 2000
StartY: 1988
BaseDay: 3
First day of year: 3
The day is: 5
Date : {2, 12, 2000} Iterations: 332
Date : {3, 12, 2000} Iterations: 333
BaseY: 2000
StartY: 1988
BaseDay: 3
First day of year: 3
The day is: 6
DateGC : {9, 8, 2008} Iterations: 333
BaseY: 2000
StartY: 1988
BaseDay: 3
First day of year: 3
The day is: 6
Date : {3, 12, 2000} Iterations: 333
Date : {4, 12, 2000} Iterations: 334
BaseY: 2000
StartY: 1988
BaseDay: 3
First day of year: 3
The day is: 7
DateGC : {10, 8, 2008} Iterations: 334
BaseY: 2000
StartY: 1988
BaseDay: 3
First day of year: 3
The day is: 7
Date : {4, 12, 2000} Iterations: 334
Date : {5, 12, 2000} Iterations: 335
BaseY: 2000
StartY: 1988
BaseDay: 3
First day of year: 3
The day is: 1
DateGC : {11, 8, 2008} Iterations: 335
BaseY: 2000
StartY: 1988
BaseDay: 3
First day of year: 3
The day is: 1
Date : {5, 12, 2000} Iterations: 335
Date : {6, 12, 2000} Iterations: 336
BaseY: 2000
StartY: 1988
BaseDay: 3
First day of year: 3
The day is: 2
DateGC : {12, 8, 2008} Iterations: 336
BaseY: 2000
StartY: 1988
BaseDay: 3
First day of year: 3
The day is: 2
Date : {6, 12, 2000} Iterations: 336
Date : {7, 12, 2000} Iterations: 337
BaseY: 2000
StartY: 1988
BaseDay: 3
First day of year: 3
The day is: 3
DateGC : {13, 8, 2008} Iterations: 337
BaseY: 2000
StartY: 1988
BaseDay: 3
First day of year: 3
The day is: 3
Date : {7, 12, 2000} Iterations: 337
Date : {8, 12, 2000} Iterations: 338
BaseY: 2000
StartY: 1988
BaseDay: 3
First day of year: 3
The day is: 4
DateGC : {14, 8, 2008} Iterations: 338
BaseY: 2000
StartY: 1988
BaseDay: 3
First day of year: 3
The day is: 4
Date : {8, 12, 2000} Iterations: 338
Date : {9, 12, 2000} Iterations: 339
BaseY: 2000
StartY: 1988
BaseDay: 3
First day of year: 3
The day is: 5
DateGC : {15, 8, 2008} Iterations: 339
BaseY: 2000
StartY: 1988
BaseDay: 3
First day of year: 3
The day is: 5
Date : {9, 12, 2000} Iterations: 339
Date : {10, 12, 2000} Iterations: 340
BaseY: 2000
StartY: 1988
BaseDay: 3
First day of year: 3
The day is: 6
DateGC : {16, 8, 2008} Iterations: 340
BaseY: 2000
StartY: 1988
BaseDay: 3
First day of year: 3
The day is: 6
Date : {10, 12, 2000} Iterations: 340
Date : {11, 12, 2000} Iterations: 341
BaseY: 2000
StartY: 1988
BaseDay: 3
First day of year: 3
The day is: 7
DateGC : {17, 8, 2008} Iterations: 341
BaseY: 2000
StartY: 1988
BaseDay: 3
First day of year: 3
The day is: 7
Date : {11, 12, 2000} Iterations: 341
Date : {12, 12, 2000} Iterations: 342
BaseY: 2000
StartY: 1988
BaseDay: 3
First day of year: 3
The day is: 1
DateGC : {18, 8, 2008} Iterations: 342
BaseY: 2000
StartY: 1988
BaseDay: 3
First day of year: 3
The day is: 1
Date : {12, 12, 2000} Iterations: 342
Date : {13, 12, 2000} Iterations: 343
BaseY: 2000
StartY: 1988
BaseDay: 3
First day of year: 3
The day is: 2
DateGC : {19, 8, 2008} Iterations: 343
BaseY: 2000
StartY: 1988
BaseDay: 3
First day of year: 3
The day is: 2
Date : {13, 12, 2000} Iterations: 343
Date : {14, 12, 2000} Iterations: 344
BaseY: 2000
StartY: 1988
BaseDay: 3
First day of year: 3
The day is: 3
DateGC : {20, 8, 2008} Iterations: 344
BaseY: 2000
StartY: 1988
BaseDay: 3
First day of year: 3
The day is: 3
Date : {14, 12, 2000} Iterations: 344
Date : {15, 12, 2000} Iterations: 345
BaseY: 2000
StartY: 1988
BaseDay: 3
First day of year: 3
The day is: 4
DateGC : {21, 8, 2008} Iterations: 345
BaseY: 2000
StartY: 1988
BaseDay: 3
First day of year: 3
The day is: 4
Date : {15, 12, 2000} Iterations: 345
Date : {16, 12, 2000} Iterations: 346
BaseY: 2000
StartY: 1988
BaseDay: 3
First day of year: 3
The day is: 5
DateGC : {22, 8, 2008} Iterations: 346
BaseY: 2000
StartY: 1988
BaseDay: 3
First day of year: 3
The day is: 5
Date : {16, 12, 2000} Iterations: 346
Date : {17, 12, 2000} Iterations: 347
BaseY: 2000
StartY: 1988
BaseDay: 3
First day of year: 3
The day is: 6
DateGC : {23, 8, 2008} Iterations: 347
BaseY: 2000
StartY: 1988
BaseDay: 3
First day of year: 3
The day is: 6
Date : {17, 12, 2000} Iterations: 347
Date : {18, 12, 2000} Iterations: 348
BaseY: 2000
StartY: 1988
BaseDay: 3
First day of year: 3
The day is: 7
DateGC : {24, 8, 2008} Iterations: 348
BaseY: 2000
StartY: 1988
BaseDay: 3
First day of year: 3
The day is: 7
Date : {18, 12, 2000} Iterations: 348
Date : {19, 12, 2000} Iterations: 349
BaseY: 2000
StartY: 1988
BaseDay: 3
First day of year: 3
The day is: 1
DateGC : {25, 8, 2008} Iterations: 349
BaseY: 2000
StartY: 1988
BaseDay: 3
First day of year: 3
The day is: 1
Date : {19, 12, 2000} Iterations: 349
Date : {20, 12, 2000} Iterations: 350
BaseY: 2000
StartY: 1988
BaseDay: 3
First day of year: 3
The day is: 2
DateGC : {26, 8, 2008} Iterations: 350
BaseY: 2000
StartY: 1988
BaseDay: 3
First day of year: 3
The day is: 2
Date : {20, 12, 2000} Iterations: 350
Date : {21, 12, 2000} Iterations: 351
BaseY: 2000
StartY: 1988
BaseDay: 3
First day of year: 3
The day is: 3
DateGC : {27, 8, 2008} Iterations: 351
BaseY: 2000
StartY: 1988
BaseDay: 3
First day of year: 3
The day is: 3
Date : {21, 12, 2000} Iterations: 351
Date : {22, 12, 2000} Iterations: 352
BaseY: 2000
StartY: 1988
BaseDay: 3
First day of year: 3
The day is: 4
DateGC : {28, 8, 2008} Iterations: 352
BaseY: 2000
StartY: 1988
BaseDay: 3
First day of year: 3
The day is: 4
Date : {22, 12, 2000} Iterations: 352
Date : {23, 12, 2000} Iterations: 353
BaseY: 2000
StartY: 1988
BaseDay: 3
First day of year: 3
The day is: 5
DateGC : {29, 8, 2008} Iterations: 353
BaseY: 2000
StartY: 1988
BaseDay: 3
First day of year: 3
The day is: 5
Date : {23, 12, 2000} Iterations: 353
Date : {24, 12, 2000} Iterations: 354
BaseY: 2000
StartY: 1988
BaseDay: 3
First day of year: 3
The day is: 6
DateGC : {30, 8, 2008} Iterations: 354
BaseY: 2000
StartY: 1988
BaseDay: 3
First day of year: 3
The day is: 6
Date : {24, 12, 2000} Iterations: 354
Date : {25, 12, 2000} Iterations: 355
BaseY: 2000
StartY: 1988
BaseDay: 3
First day of year: 3
The day is: 7
DateGC : {31, 8, 2008} Iterations: 355
BaseY: 2000
StartY: 1988
BaseDay: 3
First day of year: 3
The day is: 7
Date : {25, 12, 2000} Iterations: 355
Date : {26, 12, 2000} Iterations: 356
BaseY: 2000
StartY: 1988
BaseDay: 3
First day of year: 3
The day is: 1
DateGC : {1, 9, 2008} Iterations: 356
BaseY: 2000
StartY: 1988
BaseDay: 3
First day of year: 3
The day is: 1
Date : {26, 12, 2000} Iterations: 356
Date : {27, 12, 2000} Iterations: 357
BaseY: 2000
StartY: 1988
BaseDay: 3
First day of year: 3
The day is: 2
DateGC : {2, 9, 2008} Iterations: 357
BaseY: 2000
StartY: 1988
BaseDay: 3
First day of year: 3
The day is: 2
Date : {27, 12, 2000} Iterations: 357
Date : {28, 12, 2000} Iterations: 358
BaseY: 2000
StartY: 1988
BaseDay: 3
First day of year: 3
The day is: 3
DateGC : {3, 9, 2008} Iterations: 358
BaseY: 2000
StartY: 1988
BaseDay: 3
First day of year: 3
The day is: 3
Date : {28, 12, 2000} Iterations: 358
Date : {29, 12, 2000} Iterations: 359
BaseY: 2000
StartY: 1988
BaseDay: 3
First day of year: 3
The day is: 4
DateGC : {4, 9, 2008} Iterations: 359
BaseY: 2000
StartY: 1988
BaseDay: 3
First day of year: 3
The day is: 4
Date : {29, 12, 2000} Iterations: 359
Date : {30, 12, 2000} Iterations: 360
BaseY: 2000
StartY: 1988
BaseDay: 3
First day of year: 3
The day is: 5
DateGC : {5, 9, 2008} Iterations: 360
BaseY: 2000
StartY: 1988
BaseDay: 3
First day of year: 3
The day is: 5
Date : {30, 12, 2000} Iterations: 360
Date : {1, 13, 2000} Iterations: 361
BaseY: 2000
StartY: 1988
BaseDay: 3
First day of year: 3
The day is: 6
DateGC : {6, 9, 2008} Iterations: 361
BaseY: 2000
StartY: 1988
BaseDay: 3
First day of year: 3
The day is: 6
Date : {1, 13, 2000} Iterations: 361
Date : {2, 13, 2000} Iterations: 362
BaseY: 2000
StartY: 1988
BaseDay: 3
First day of year: 3
The day is: 7
DateGC : {7, 9, 2008} Iterations: 362
BaseY: 2000
StartY: 1988
BaseDay: 3
First day of year: 3
The day is: 7
Date : {2, 13, 2000} Iterations: 362
Date : {3, 13, 2000} Iterations: 363
BaseY: 2000
StartY: 1988
BaseDay: 3
First day of year: 3
The day is: 1
DateGC : {8, 9, 2008} Iterations: 363
BaseY: 2000
StartY: 1988
BaseDay: 3
First day of year: 3
The day is: 1
Date : {3, 13, 2000} Iterations: 363
Date : {4, 13, 2000} Iterations: 364
BaseY: 2000
StartY: 1988
BaseDay: 3
First day of year: 3
The day is: 2
DateGC : {9, 9, 2008} Iterations: 364
BaseY: 2000
StartY: 1988
BaseDay: 3
First day of year: 3
The day is: 2
Date : {4, 13, 2000} Iterations: 364
Date : {5, 13, 2000} Iterations: 365
BaseY: 2000
StartY: 1988
BaseDay: 3
First day of year: 3
The day is: 3
DateGC : {10, 9, 2008} Iterations: 365
BaseY: 2000
StartY: 1988
BaseDay: 3
First day of year: 3
The day is: 3
Date : {5, 13, 2000} Iterations: 365
Date : {1, 1, 2001} Iterations: 366
BaseY: 2000
StartY: 1988
BaseDay: 3
First day of year: 4
The day is: 4
DateGC : {11, 9, 2008} Iterations: 366
BaseY: 2000
StartY: 1988
BaseDay: 3
First day of year: 4
The day is: 4
Date : {1, 1, 2001} Iterations: 366
Date : {2, 1, 2001} Iterations: 367
BaseY: 2000
StartY: 1988
BaseDay: 3
First day of year: 4
The day is: 5
DateGC : {12, 9, 2008} Iterations: 367
BaseY: 2000
StartY: 1988
BaseDay: 3
First day of year: 4
The day is: 5
Date : {2, 1, 2001} Iterations: 367
Date : {3, 1, 2001} Iterations: 368
BaseY: 2000
StartY: 1988
BaseDay: 3
First day of year: 4
The day is: 6
DateGC : {13, 9, 2008} Iterations: 368
BaseY: 2000
StartY: 1988
BaseDay: 3
First day of year: 4
The day is: 6
Date : {3, 1, 2001} Iterations: 368
Date : {4, 1, 2001} Iterations: 369
BaseY: 2000
StartY: 1988
BaseDay: 3
First day of year: 4
The day is: 7
DateGC : {14, 9, 2008} Iterations: 369
BaseY: 2000
StartY: 1988
BaseDay: 3
First day of year: 4
The day is: 7
Date : {4, 1, 2001} Iterations: 369
Date : {5, 1, 2001} Iterations: 370
BaseY: 2000
StartY: 1988
BaseDay: 3
First day of year: 4
The day is: 1
DateGC : {15, 9, 2008} Iterations: 370
BaseY: 2000
StartY: 1988
BaseDay: 3
First day of year: 4
The day is: 1
Date : {5, 1, 2001} Iterations: 370
Date : {6, 1, 2001} Iterations: 371
BaseY: 2000
StartY: 1988
BaseDay: 3
First day of year: 4
The day is: 2
DateGC : {16, 9, 2008} Iterations: 371
BaseY: 2000
StartY: 1988
BaseDay: 3
First day of year: 4
The day is: 2
Date : {6, 1, 2001} Iterations: 371
Date : {7, 1, 2001} Iterations: 372
BaseY: 2000
StartY: 1988
BaseDay: 3
First day of year: 4
The day is: 3
DateGC : {17, 9, 2008} Iterations: 372
BaseY: 2000
StartY: 1988
BaseDay: 3
First day of year: 4
The day is: 3
Date : {7, 1, 2001} Iterations: 372
Date : {8, 1, 2001} Iterations: 373
BaseY: 2000
StartY: 1988
BaseDay: 3
First day of year: 4
The day is: 4
DateGC : {18, 9, 2008} Iterations: 373
BaseY: 2000
StartY: 1988
BaseDay: 3
First day of year: 4
The day is: 4
Date : {8, 1, 2001} Iterations: 373
Date : {9, 1, 2001} Iterations: 374
BaseY: 2000
StartY: 1988
BaseDay: 3
First day of year: 4
The day is: 5
DateGC : {19, 9, 2008} Iterations: 374
BaseY: 2000
StartY: 1988
BaseDay: 3
First day of year: 4
The day is: 5
Date : {9, 1, 2001} Iterations: 374
Date : {10, 1, 2001} Iterations: 375
BaseY: 2000
StartY: 1988
BaseDay: 3
First day of year: 4
The day is: 6
DateGC : {20, 9, 2008} Iterations: 375
BaseY: 2000
StartY: 1988
BaseDay: 3
First day of year: 4
The day is: 6
Date : {10, 1, 2001} Iterations: 375
Date : {11, 1, 2001} Iterations: 376
BaseY: 2000
StartY: 1988
BaseDay: 3
First day of year: 4
The day is: 7
DateGC : {21, 9, 2008} Iterations: 376
BaseY: 2000
StartY: 1988
BaseDay: 3
First day of year: 4
The day is: 7
Date : {11, 1, 2001} Iterations: 376
Date : {12, 1, 2001} Iterations: 377
BaseY: 2000
StartY: 1988
BaseDay: 3
First day of year: 4
The day is: 1
DateGC : {22, 9, 2008} Iterations: 377
BaseY: 2000
StartY: 1988
BaseDay: 3
First day of year: 4
The day is: 1
Date : {12, 1, 2001} Iterations: 377
Date : {13, 1, 2001} Iterations: 378
BaseY: 2000
StartY: 1988
BaseDay: 3
First day of year: 4
The day is: 2
DateGC : {23, 9, 2008} Iterations: 378
BaseY: 2000
StartY: 1988
BaseDay: 3
First day of year: 4
The day is: 2
Date : {13, 1, 2001} Iterations: 378
Date : {14, 1, 2001} Iterations: 379
BaseY: 2000
StartY: 1988
BaseDay: 3
First day of year: 4
The day is: 3
DateGC : {24, 9, 2008} Iterations: 379
BaseY: 2000
StartY: 1988
BaseDay: 3
First day of year: 4
The day is: 3
Date : {14, 1, 2001} Iterations: 379
Date : {15, 1, 2001} Iterations: 380
BaseY: 2000
StartY: 1988
BaseDay: 3
First day of year: 4
The day is: 4
DateGC : {25, 9, 2008} Iterations: 380
BaseY: 2000
StartY: 1988
BaseDay: 3
First day of year: 4
The day is: 4
Date : {15, 1, 2001} Iterations: 380
Date : {16, 1, 2001} Iterations: 381
BaseY: 2000
StartY: 1988
BaseDay: 3
First day of year: 4
The day is: 5
DateGC : {26, 9, 2008} Iterations: 381
BaseY: 2000
StartY: 1988
BaseDay: 3
First day of year: 4
The day is: 5
Date : {16, 1, 2001} Iterations: 381
Date : {17, 1, 2001} Iterations: 382
BaseY: 2000
StartY: 1988
BaseDay: 3
First day of year: 4
The day is: 6
DateGC : {27, 9, 2008} Iterations: 382
BaseY: 2000
StartY: 1988
BaseDay: 3
First day of year: 4
The day is: 6
Date : {17, 1, 2001} Iterations: 382
Date : {18, 1, 2001} Iterations: 383
BaseY: 2000
StartY: 1988
BaseDay: 3
First day of year: 4
The day is: 7
DateGC : {28, 9, 2008} Iterations: 383
BaseY: 2000
StartY: 1988
BaseDay: 3
First day of year: 4
The day is: 7
Date : {18, 1, 2001} Iterations: 383
Date : {19, 1, 2001} Iterations: 384
BaseY: 2000
StartY: 1988
BaseDay: 3
First day of year: 4
The day is: 1
DateGC : {29, 9, 2008} Iterations: 384
BaseY: 2000
StartY: 1988
BaseDay: 3
First day of year: 4
The day is: 1
Date : {19, 1, 2001} Iterations: 384
Date : {20, 1, 2001} Iterations: 385
BaseY: 2000
StartY: 1988
BaseDay: 3
First day of year: 4
The day is: 2
DateGC : {30, 9, 2008} Iterations: 385
BaseY: 2000
StartY: 1988
BaseDay: 3
First day of year: 4
The day is: 2
Date : {20, 1, 2001} Iterations: 385
Date : {21, 1, 2001} Iterations: 386
BaseY: 2000
StartY: 1988
BaseDay: 3
First day of year: 4
The day is: 3
DateGC : {1, 10, 2008} Iterations: 386
BaseY: 2000
StartY: 1988
BaseDay: 3
First day of year: 4
The day is: 3
Date : {21, 1, 2001} Iterations: 386
Date : {22, 1, 2001} Iterations: 387
BaseY: 2000
StartY: 1988
BaseDay: 3
First day of year: 4
The day is: 4
DateGC : {2, 10, 2008} Iterations: 387
BaseY: 2000
StartY: 1988
BaseDay: 3
First day of year: 4
The day is: 4
Date : {22, 1, 2001} Iterations: 387
Date : {23, 1, 2001} Iterations: 388
BaseY: 2000
StartY: 1988
BaseDay: 3
First day of year: 4
The day is: 5
DateGC : {3, 10, 2008} Iterations: 388
BaseY: 2000
StartY: 1988
BaseDay: 3
First day of year: 4
The day is: 5
Date : {23, 1, 2001} Iterations: 388
Date : {24, 1, 2001} Iterations: 389
BaseY: 2000
StartY: 1988
BaseDay: 3
First day of year: 4
The day is: 6
DateGC : {4, 10, 2008} Iterations: 389
BaseY: 2000
StartY: 1988
BaseDay: 3
First day of year: 4
The day is: 6
Date : {24, 1, 2001} Iterations: 389
Date : {25, 1, 2001} Iterations: 390
BaseY: 2000
StartY: 1988
BaseDay: 3
First day of year: 4
The day is: 7
DateGC : {5, 10, 2008} Iterations: 390
BaseY: 2000
StartY: 1988
BaseDay: 3
First day of year: 4
The day is: 7
Date : {25, 1, 2001} Iterations: 390
Date : {26, 1, 2001} Iterations: 391
BaseY: 2000
StartY: 1988
BaseDay: 3
First day of year: 4
The day is: 1
DateGC : {6, 10, 2008} Iterations: 391
BaseY: 2000
StartY: 1988
BaseDay: 3
First day of year: 4
The day is: 1
Date : {26, 1, 2001} Iterations: 391
Date : {27, 1, 2001} Iterations: 392
BaseY: 2000
StartY: 1988
BaseDay: 3
First day of year: 4
The day is: 2
DateGC : {7, 10, 2008} Iterations: 392
BaseY: 2000
StartY: 1988
BaseDay: 3
First day of year: 4
The day is: 2
Date : {27, 1, 2001} Iterations: 392
Date : {28, 1, 2001} Iterations: 393
BaseY: 2000
StartY: 1988
BaseDay: 3
First day of year: 4
The day is: 3
DateGC : {8, 10, 2008} Iterations: 393
BaseY: 2000
StartY: 1988
BaseDay: 3
First day of year: 4
The day is: 3
Date : {28, 1, 2001} Iterations: 393
Date : {29, 1, 2001} Iterations: 394
BaseY: 2000
StartY: 1988
BaseDay: 3
First day of year: 4
The day is: 4
DateGC : {9, 10, 2008} Iterations: 394
BaseY: 2000
StartY: 1988
BaseDay: 3
First day of year: 4
The day is: 4
Date : {29, 1, 2001} Iterations: 394
Date : {30, 1, 2001} Iterations: 395
BaseY: 2000
StartY: 1988
BaseDay: 3
First day of year: 4
The day is: 5
DateGC : {10, 10, 2008} Iterations: 395
BaseY: 2000
StartY: 1988
BaseDay: 3
First day of year: 4
The day is: 5
Date : {30, 1, 2001} Iterations: 395
Date : {1, 2, 2001} Iterations: 396
BaseY: 2000
StartY: 1988
BaseDay: 3
First day of year: 4
The day is: 6
DateGC : {11, 10, 2008} Iterations: 396
BaseY: 2000
StartY: 1988
BaseDay: 3
First day of year: 4
The day is: 6
Date : {1, 2, 2001} Iterations: 396
Date : {2, 2, 2001} Iterations: 397
BaseY: 2000
StartY: 1988
BaseDay: 3
First day of year: 4
The day is: 7
DateGC : {12, 10, 2008} Iterations: 397
BaseY: 2000
StartY: 1988
BaseDay: 3
First day of year: 4
The day is: 7
Date : {2, 2, 2001} Iterations: 397
Date : {3, 2, 2001} Iterations: 398
BaseY: 2000
StartY: 1988
BaseDay: 3
First day of year: 4
The day is: 1
DateGC : {13, 10, 2008} Iterations: 398
BaseY: 2000
StartY: 1988
BaseDay: 3
First day of year: 4
The day is: 1
Date : {3, 2, 2001} Iterations: 398
Date : {4, 2, 2001} Iterations: 399
BaseY: 2000
StartY: 1988
BaseDay: 3
First day of year: 4
The day is: 2
DateGC : {14, 10, 2008} Iterations: 399
BaseY: 2000
StartY: 1988
BaseDay: 3
First day of year: 4
The day is: 2
Date : {4, 2, 2001} Iterations: 399
Date : {5, 2, 2001} Iterations: 400
BaseY: 2000
StartY: 1988
BaseDay: 3
First day of year: 4
The day is: 3
DateGC : {15, 10, 2008} Iterations: 400
BaseY: 2000
StartY: 1988
BaseDay: 3
First day of year: 4
The day is: 3
Date : {5, 2, 2001} Iterations: 400
Date : {6, 2, 2001} Iterations: 401
BaseY: 2000
StartY: 1988
BaseDay: 3
First day of year: 4
The day is: 4
DateGC : {16, 10, 2008} Iterations: 401
BaseY: 2000
StartY: 1988
BaseDay: 3
First day of year: 4
The day is: 4
Date : {6, 2, 2001} Iterations: 401
Date : {7, 2, 2001} Iterations: 402
BaseY: 2000
StartY: 1988
BaseDay: 3
First day of year: 4
The day is: 5
DateGC : {17, 10, 2008} Iterations: 402
BaseY: 2000
StartY: 1988
BaseDay: 3
First day of year: 4
The day is: 5
Date : {7, 2, 2001} Iterations: 402
Date : {8, 2, 2001} Iterations: 403
BaseY: 2000
StartY: 1988
BaseDay: 3
First day of year: 4
The day is: 6
DateGC : {18, 10, 2008} Iterations: 403
BaseY: 2000
StartY: 1988
BaseDay: 3
First day of year: 4
The day is: 6
Date : {8, 2, 2001} Iterations: 403
Date : {9, 2, 2001} Iterations: 404
BaseY: 2000
StartY: 1988
BaseDay: 3
First day of year: 4
The day is: 7
DateGC : {19, 10, 2008} Iterations: 404
BaseY: 2000
StartY: 1988
BaseDay: 3
First day of year: 4
The day is: 7
Date : {9, 2, 2001} Iterations: 404
Date : {10, 2, 2001} Iterations: 405
BaseY: 2000
StartY: 1988
BaseDay: 3
First day of year: 4
The day is: 1
DateGC : {20, 10, 2008} Iterations: 405
BaseY: 2000
StartY: 1988
BaseDay: 3
First day of year: 4
The day is: 1
Date : {10, 2, 2001} Iterations: 405
Date : {11, 2, 2001} Iterations: 406
BaseY: 2000
StartY: 1988
BaseDay: 3
First day of year: 4
The day is: 2
DateGC : {21, 10, 2008} Iterations: 406
BaseY: 2000
StartY: 1988
BaseDay: 3
First day of year: 4
The day is: 2
Date : {11, 2, 2001} Iterations: 406
Date : {12, 2, 2001} Iterations: 407
BaseY: 2000
StartY: 1988
BaseDay: 3
First day of year: 4
The day is: 3
DateGC : {22, 10, 2008} Iterations: 407
BaseY: 2000
StartY: 1988
BaseDay: 3
First day of year: 4
The day is: 3
Date : {12, 2, 2001} Iterations: 407
Date : {13, 2, 2001} Iterations: 408
BaseY: 2000
StartY: 1988
BaseDay: 3
First day of year: 4
The day is: 4
DateGC : {23, 10, 2008} Iterations: 408
BaseY: 2000
StartY: 1988
BaseDay: 3
First day of year: 4
The day is: 4
Date : {13, 2, 2001} Iterations: 408
Date : {14, 2, 2001} Iterations: 409
BaseY: 2000
StartY: 1988
BaseDay: 3
First day of year: 4
The day is: 5
DateGC : {24, 10, 2008} Iterations: 409
BaseY: 2000
StartY: 1988
BaseDay: 3
First day of year: 4
The day is: 5
Date : {14, 2, 2001} Iterations: 409
Date : {15, 2, 2001} Iterations: 410
BaseY: 2000
StartY: 1988
BaseDay: 3
First day of year: 4
The day is: 6
DateGC : {25, 10, 2008} Iterations: 410
BaseY: 2000
StartY: 1988
BaseDay: 3
First day of year: 4
The day is: 6
Date : {15, 2, 2001} Iterations: 410
Date : {16, 2, 2001} Iterations: 411
BaseY: 2000
StartY: 1988
BaseDay: 3
First day of year: 4
The day is: 7
DateGC : {26, 10, 2008} Iterations: 411
BaseY: 2000
StartY: 1988
BaseDay: 3
First day of year: 4
The day is: 7
Date : {16, 2, 2001} Iterations: 411
Date : {17, 2, 2001} Iterations: 412
BaseY: 2000
StartY: 1988
BaseDay: 3
First day of year: 4
The day is: 1
DateGC : {27, 10, 2008} Iterations: 412
BaseY: 2000
StartY: 1988
BaseDay: 3
First day of year: 4
The day is: 1
Date : {17, 2, 2001} Iterations: 412
Date : {18, 2, 2001} Iterations: 413
BaseY: 2000
StartY: 1988
BaseDay: 3
First day of year: 4
The day is: 2
DateGC : {28, 10, 2008} Iterations: 413
BaseY: 2000
StartY: 1988
BaseDay: 3
First day of year: 4
The day is: 2
Date : {18, 2, 2001} Iterations: 413
Date : {19, 2, 2001} Iterations: 414
BaseY: 2000
StartY: 1988
BaseDay: 3
First day of year: 4
The day is: 3
DateGC : {29, 10, 2008} Iterations: 414
BaseY: 2000
StartY: 1988
BaseDay: 3
First day of year: 4
The day is: 3
Date : {19, 2, 2001} Iterations: 414
Date : {20, 2, 2001} Iterations: 415
BaseY: 2000
StartY: 1988
BaseDay: 3
First day of year: 4
The day is: 4
DateGC : {30, 10, 2008} Iterations: 415
BaseY: 2000
StartY: 1988
BaseDay: 3
First day of year: 4
The day is: 4
Date : {20, 2, 2001} Iterations: 415
Date : {21, 2, 2001} Iterations: 416
BaseY: 2000
StartY: 1988
BaseDay: 3
First day of year: 4
The day is: 5
DateGC : {31, 10, 2008} Iterations: 416
BaseY: 2000
StartY: 1988
BaseDay: 3
First day of year: 4
The day is: 5
Date : {21, 2, 2001} Iterations: 416
Date : {22, 2, 2001} Iterations: 417
BaseY: 2000
StartY: 1988
BaseDay: 3
First day of year: 4
The day is: 6
DateGC : {1, 11, 2008} Iterations: 417
BaseY: 2000
StartY: 1988
BaseDay: 3
First day of year: 4
The day is: 6
Date : {22, 2, 2001} Iterations: 417
Date : {23, 2, 2001} Iterations: 418
BaseY: 2000
StartY: 1988
BaseDay: 3
First day of year: 4
The day is: 7
DateGC : {2, 11, 2008} Iterations: 418
BaseY: 2000
StartY: 1988
BaseDay: 3
First day of year: 4
The day is: 7
Date : {23, 2, 2001} Iterations: 418
Date : {24, 2, 2001} Iterations: 419
BaseY: 2000
StartY: 1988
BaseDay: 3
First day of year: 4
The day is: 1
DateGC : {3, 11, 2008} Iterations: 419
BaseY: 2000
StartY: 1988
BaseDay: 3
First day of year: 4
The day is: 1
Date : {24, 2, 2001} Iterations: 419
Date : {25, 2, 2001} Iterations: 420
BaseY: 2000
StartY: 1988
BaseDay: 3
First day of year: 4
The day is: 2
DateGC : {4, 11, 2008} Iterations: 420
BaseY: 2000
StartY: 1988
BaseDay: 3
First day of year: 4
The day is: 2
Date : {25, 2, 2001} Iterations: 420
Date : {26, 2, 2001} Iterations: 421
BaseY: 2000
StartY: 1988
BaseDay: 3
First day of year: 4
The day is: 3
DateGC : {5, 11, 2008} Iterations: 421
BaseY: 2000
StartY: 1988
BaseDay: 3
First day of year: 4
The day is: 3
Date : {26, 2, 2001} Iterations: 421
Date : {27, 2, 2001} Iterations: 422
BaseY: 2000
StartY: 1988
BaseDay: 3
First day of year: 4
The day is: 4
DateGC : {6, 11, 2008} Iterations: 422
BaseY: 2000
StartY: 1988
BaseDay: 3
First day of year: 4
The day is: 4
Date : {27, 2, 2001} Iterations: 422
Date : {28, 2, 2001} Iterations: 423
BaseY: 2000
StartY: 1988
BaseDay: 3
First day of year: 4
The day is: 5
DateGC : {7, 11, 2008} Iterations: 423
BaseY: 2000
StartY: 1988
BaseDay: 3
First day of year: 4
The day is: 5
Date : {28, 2, 2001} Iterations: 423
Date : {29, 2, 2001} Iterations: 424
BaseY: 2000
StartY: 1988
BaseDay: 3
First day of year: 4
The day is: 6
DateGC : {8, 11, 2008} Iterations: 424
BaseY: 2000
StartY: 1988
BaseDay: 3
First day of year: 4
The day is: 6
Date : {29, 2, 2001} Iterations: 424
Date : {30, 2, 2001} Iterations: 425
BaseY: 2000
StartY: 1988
BaseDay: 3
First day of year: 4
The day is: 7
DateGC : {9, 11, 2008} Iterations: 425
BaseY: 2000
StartY: 1988
BaseDay: 3
First day of year: 4
The day is: 7
Date : {30, 2, 2001} Iterations: 425
Date : {1, 3, 2001} Iterations: 426
BaseY: 2000
StartY: 1988
BaseDay: 3
First day of year: 4
The day is: 1
DateGC : {10, 11, 2008} Iterations: 426
BaseY: 2000
StartY: 1988
BaseDay: 3
First day of year: 4
The day is: 1
Date : {1, 3, 2001} Iterations: 426
Date : {2, 3, 2001} Iterations: 427
BaseY: 2000
StartY: 1988
BaseDay: 3
First day of year: 4
The day is: 2
DateGC : {11, 11, 2008} Iterations: 427
BaseY: 2000
StartY: 1988
BaseDay: 3
First day of year: 4
The day is: 2
Date : {2, 3, 2001} Iterations: 427
Date : {3, 3, 2001} Iterations: 428
BaseY: 2000
StartY: 1988
BaseDay: 3
First day of year: 4
The day is: 3
DateGC : {12, 11, 2008} Iterations: 428
BaseY: 2000
StartY: 1988
BaseDay: 3
First day of year: 4
The day is: 3
Date : {3, 3, 2001} Iterations: 428
Date : {4, 3, 2001} Iterations: 429
BaseY: 2000
StartY: 1988
BaseDay: 3
First day of year: 4
The day is: 4
DateGC : {13, 11, 2008} Iterations: 429
BaseY: 2000
StartY: 1988
BaseDay: 3
First day of year: 4
The day is: 4
Date : {4, 3, 2001} Iterations: 429
Date : {5, 3, 2001} Iterations: 430
BaseY: 2000
StartY: 1988
BaseDay: 3
First day of year: 4
The day is: 5
DateGC : {14, 11, 2008} Iterations: 430
BaseY: 2000
StartY: 1988
BaseDay: 3
First day of year: 4
The day is: 5
Date : {5, 3, 2001} Iterations: 430
Date : {6, 3, 2001} Iterations: 431
BaseY: 2000
StartY: 1988
BaseDay: 3
First day of year: 4
The day is: 6
DateGC : {15, 11, 2008} Iterations: 431
BaseY: 2000
StartY: 1988
BaseDay: 3
First day of year: 4
The day is: 6
Date : {6, 3, 2001} Iterations: 431
Date : {7, 3, 2001} Iterations: 432
BaseY: 2000
StartY: 1988
BaseDay: 3
First day of year: 4
The day is: 7
DateGC : {16, 11, 2008} Iterations: 432
BaseY: 2000
StartY: 1988
BaseDay: 3
First day of year: 4
The day is: 7
Date : {7, 3, 2001} Iterations: 432
Date : {8, 3, 2001} Iterations: 433
BaseY: 2000
StartY: 1988
BaseDay: 3
First day of year: 4
The day is: 1
DateGC : {17, 11, 2008} Iterations: 433
BaseY: 2000
StartY: 1988
BaseDay: 3
First day of year: 4
The day is: 1
Date : {8, 3, 2001} Iterations: 433
Date : {9, 3, 2001} Iterations: 434
BaseY: 2000
StartY: 1988
BaseDay: 3
First day of year: 4
The day is: 2
DateGC : {18, 11, 2008} Iterations: 434
BaseY: 2000
StartY: 1988
BaseDay: 3
First day of year: 4
The day is: 2
Date : {9, 3, 2001} Iterations: 434
Date : {10, 3, 2001} Iterations: 435
BaseY: 2000
StartY: 1988
BaseDay: 3
First day of year: 4
The day is: 3
DateGC : {19, 11, 2008} Iterations: 435
BaseY: 2000
StartY: 1988
BaseDay: 3
First day of year: 4
The day is: 3
Date : {10, 3, 2001} Iterations: 435
Date : {11, 3, 2001} Iterations: 436
BaseY: 2000
StartY: 1988
BaseDay: 3
First day of year: 4
The day is: 4
DateGC : {20, 11, 2008} Iterations: 436
BaseY: 2000
StartY: 1988
BaseDay: 3
First day of year: 4
The day is: 4
Date : {11, 3, 2001} Iterations: 436
Date : {12, 3, 2001} Iterations: 437
BaseY: 2000
StartY: 1988
BaseDay: 3
First day of year: 4
The day is: 5
DateGC : {21, 11, 2008} Iterations: 437
BaseY: 2000
StartY: 1988
BaseDay: 3
First day of year: 4
The day is: 5
Date : {12, 3, 2001} Iterations: 437
Date : {13, 3, 2001} Iterations: 438
BaseY: 2000
StartY: 1988
BaseDay: 3
First day of year: 4
The day is: 6
DateGC : {22, 11, 2008} Iterations: 438
BaseY: 2000
StartY: 1988
BaseDay: 3
First day of year: 4
The day is: 6
Date : {13, 3, 2001} Iterations: 438
Date : {14, 3, 2001} Iterations: 439
BaseY: 2000
StartY: 1988
BaseDay: 3
First day of year: 4
The day is: 7
DateGC : {23, 11, 2008} Iterations: 439
BaseY: 2000
StartY: 1988
BaseDay: 3
First day of year: 4
The day is: 7
Date : {14, 3, 2001} Iterations: 439
Date : {15, 3, 2001} Iterations: 440
BaseY: 2000
StartY: 1988
BaseDay: 3
First day of year: 4
The day is: 1
DateGC : {24, 11, 2008} Iterations: 440
BaseY: 2000
StartY: 1988
BaseDay: 3
First day of year: 4
The day is: 1
Date : {15, 3, 2001} Iterations: 440
Date : {16, 3, 2001} Iterations: 441
BaseY: 2000
StartY: 1988
BaseDay: 3
First day of year: 4
The day is: 2
DateGC : {25, 11, 2008} Iterations: 441
BaseY: 2000
StartY: 1988
BaseDay: 3
First day of year: 4
The day is: 2
Date : {16, 3, 2001} Iterations: 441
Date : {17, 3, 2001} Iterations: 442
BaseY: 2000
StartY: 1988
BaseDay: 3
First day of year: 4
The day is: 3
DateGC : {26, 11, 2008} Iterations: 442
BaseY: 2000
StartY: 1988
BaseDay: 3
First day of year: 4
The day is: 3
Date : {17, 3, 2001} Iterations: 442
Date : {18, 3, 2001} Iterations: 443
BaseY: 2000
StartY: 1988
BaseDay: 3
First day of year: 4
The day is: 4
DateGC : {27, 11, 2008} Iterations: 443
BaseY: 2000
StartY: 1988
BaseDay: 3
First day of year: 4
The day is: 4
Date : {18, 3, 2001} Iterations: 443
Date : {19, 3, 2001} Iterations: 444
BaseY: 2000
StartY: 1988
BaseDay: 3
First day of year: 4
The day is: 5
DateGC : {28, 11, 2008} Iterations: 444
BaseY: 2000
StartY: 1988
BaseDay: 3
First day of year: 4
The day is: 5
Date : {19, 3, 2001} Iterations: 444
Date : {20, 3, 2001} Iterations: 445
BaseY: 2000
StartY: 1988
BaseDay: 3
First day of year: 4
The day is: 6
DateGC : {29, 11, 2008} Iterations: 445
BaseY: 2000
StartY: 1988
BaseDay: 3
First day of year: 4
The day is: 6
Date : {20, 3, 2001} Iterations: 445
Date : {21, 3, 2001} Iterations: 446
BaseY: 2000
StartY: 1988
BaseDay: 3
First day of year: 4
The day is: 7
DateGC : {30, 11, 2008} Iterations: 446
BaseY: 2000
StartY: 1988
BaseDay: 3
First day of year: 4
The day is: 7
Date : {21, 3, 2001} Iterations: 446
Date : {22, 3, 2001} Iterations: 447
BaseY: 2000
StartY: 1988
BaseDay: 3
First day of year: 4
The day is: 1
DateGC : {1, 12, 2008} Iterations: 447
BaseY: 2000
StartY: 1988
BaseDay: 3
First day of year: 4
The day is: 1
Date : {22, 3, 2001} Iterations: 447
Date : {23, 3, 2001} Iterations: 448
BaseY: 2000
StartY: 1988
BaseDay: 3
First day of year: 4
The day is: 2
DateGC : {2, 12, 2008} Iterations: 448
BaseY: 2000
StartY: 1988
BaseDay: 3
First day of year: 4
The day is: 2
Date : {23, 3, 2001} Iterations: 448
Date : {24, 3, 2001} Iterations: 449
BaseY: 2000
StartY: 1988
BaseDay: 3
First day of year: 4
The day is: 3
DateGC : {3, 12, 2008} Iterations: 449
BaseY: 2000
StartY: 1988
BaseDay: 3
First day of year: 4
The day is: 3
Date : {24, 3, 2001} Iterations: 449
Date : {25, 3, 2001} Iterations: 450
BaseY: 2000
StartY: 1988
BaseDay: 3
First day of year: 4
The day is: 4
DateGC : {4, 12, 2008} Iterations: 450
BaseY: 2000
StartY: 1988
BaseDay: 3
First day of year: 4
The day is: 4
Date : {25, 3, 2001} Iterations: 450
Date : {26, 3, 2001} Iterations: 451
BaseY: 2000
StartY: 1988
BaseDay: 3
First day of year: 4
The day is: 5
DateGC : {5, 12, 2008} Iterations: 451
BaseY: 2000
StartY: 1988
BaseDay: 3
First day of year: 4
The day is: 5
Date : {26, 3, 2001} Iterations: 451
Date : {27, 3, 2001} Iterations: 452
BaseY: 2000
StartY: 1988
BaseDay: 3
First day of year: 4
The day is: 6
DateGC : {6, 12, 2008} Iterations: 452
BaseY: 2000
StartY: 1988
BaseDay: 3
First day of year: 4
The day is: 6
Date : {27, 3, 2001} Iterations: 452
Date : {28, 3, 2001} Iterations: 453
BaseY: 2000
StartY: 1988
BaseDay: 3
First day of year: 4
The day is: 7
DateGC : {7, 12, 2008} Iterations: 453
BaseY: 2000
StartY: 1988
BaseDay: 3
First day of year: 4
The day is: 7
Date : {28, 3, 2001} Iterations: 453
Date : {29, 3, 2001} Iterations: 454
BaseY: 2000
StartY: 1988
BaseDay: 3
First day of year: 4
The day is: 1
DateGC : {8, 12, 2008} Iterations: 454
BaseY: 2000
StartY: 1988
BaseDay: 3
First day of year: 4
The day is: 1
Date : {29, 3, 2001} Iterations: 454
Date : {30, 3, 2001} Iterations: 455
BaseY: 2000
StartY: 1988
BaseDay: 3
First day of year: 4
The day is: 2
DateGC : {9, 12, 2008} Iterations: 455
BaseY: 2000
StartY: 1988
BaseDay: 3
First day of year: 4
The day is: 2
Date : {30, 3, 2001} Iterations: 455
Date : {1, 4, 2001} Iterations: 456
BaseY: 2000
StartY: 1988
BaseDay: 3
First day of year: 4
The day is: 3
DateGC : {10, 12, 2008} Iterations: 456
BaseY: 2000
StartY: 1988
BaseDay: 3
First day of year: 4
The day is: 3
Date : {1, 4, 2001} Iterations: 456
Date : {2, 4, 2001} Iterations: 457
BaseY: 2000
StartY: 1988
BaseDay: 3
First day of year: 4
The day is: 4
DateGC : {11, 12, 2008} Iterations: 457
BaseY: 2000
StartY: 1988
BaseDay: 3
First day of year: 4
The day is: 4
Date : {2, 4, 2001} Iterations: 457
Date : {3, 4, 2001} Iterations: 458
BaseY: 2000
StartY: 1988
BaseDay: 3
First day of year: 4
The day is: 5
DateGC : {12, 12, 2008} Iterations: 458
BaseY: 2000
StartY: 1988
BaseDay: 3
First day of year: 4
The day is: 5
Date : {3, 4, 2001} Iterations: 458
Date : {4, 4, 2001} Iterations: 459
BaseY: 2000
StartY: 1988
BaseDay: 3
First day of year: 4
The day is: 6
DateGC : {13, 12, 2008} Iterations: 459
BaseY: 2000
StartY: 1988
BaseDay: 3
First day of year: 4
The day is: 6
Date : {4, 4, 2001} Iterations: 459
Date : {5, 4, 2001} Iterations: 460
BaseY: 2000
StartY: 1988
BaseDay: 3
First day of year: 4
The day is: 7
DateGC : {14, 12, 2008} Iterations: 460
BaseY: 2000
StartY: 1988
BaseDay: 3
First day of year: 4
The day is: 7
Date : {5, 4, 2001} Iterations: 460
Date : {6, 4, 2001} Iterations: 461
BaseY: 2000
StartY: 1988
BaseDay: 3
First day of year: 4
The day is: 1
DateGC : {15, 12, 2008} Iterations: 461
BaseY: 2000
StartY: 1988
BaseDay: 3
First day of year: 4
The day is: 1
Date : {6, 4, 2001} Iterations: 461
Date : {7, 4, 2001} Iterations: 462
BaseY: 2000
StartY: 1988
BaseDay: 3
First day of year: 4
The day is: 2
DateGC : {16, 12, 2008} Iterations: 462
BaseY: 2000
StartY: 1988
BaseDay: 3
First day of year: 4
The day is: 2
Date : {7, 4, 2001} Iterations: 462
Date : {8, 4, 2001} Iterations: 463
BaseY: 2000
StartY: 1988
BaseDay: 3
First day of year: 4
The day is: 3
DateGC : {17, 12, 2008} Iterations: 463
BaseY: 2000
StartY: 1988
BaseDay: 3
First day of year: 4
The day is: 3
Date : {8, 4, 2001} Iterations: 463
Date : {9, 4, 2001} Iterations: 464
BaseY: 2000
StartY: 1988
BaseDay: 3
First day of year: 4
The day is: 4
DateGC : {18, 12, 2008} Iterations: 464
BaseY: 2000
StartY: 1988
BaseDay: 3
First day of year: 4
The day is: 4
Date : {9, 4, 2001} Iterations: 464
Date : {10, 4, 2001} Iterations: 465
BaseY: 2000
StartY: 1988
BaseDay: 3
First day of year: 4
The day is: 5
DateGC : {19, 12, 2008} Iterations: 465
BaseY: 2000
StartY: 1988
BaseDay: 3
First day of year: 4
The day is: 5
Date : {10, 4, 2001} Iterations: 465
Date : {11, 4, 2001} Iterations: 466
BaseY: 2000
StartY: 1988
BaseDay: 3
First day of year: 4
The day is: 6
DateGC : {20, 12, 2008} Iterations: 466
BaseY: 2000
StartY: 1988
BaseDay: 3
First day of year: 4
The day is: 6
Date : {11, 4, 2001} Iterations: 466
Date : {12, 4, 2001} Iterations: 467
BaseY: 2000
StartY: 1988
BaseDay: 3
First day of year: 4
The day is: 7
DateGC : {21, 12, 2008} Iterations: 467
BaseY: 2000
StartY: 1988
BaseDay: 3
First day of year: 4
The day is: 7
Date : {12, 4, 2001} Iterations: 467
Date : {13, 4, 2001} Iterations: 468
BaseY: 2000
StartY: 1988
BaseDay: 3
First day of year: 4
The day is: 1
DateGC : {22, 12, 2008} Iterations: 468
BaseY: 2000
StartY: 1988
BaseDay: 3
First day of year: 4
The day is: 1
Date : {13, 4, 2001} Iterations: 468
Date : {14, 4, 2001} Iterations: 469
BaseY: 2000
StartY: 1988
BaseDay: 3
First day of year: 4
The day is: 2
DateGC : {23, 12, 2008} Iterations: 469
BaseY: 2000
StartY: 1988
BaseDay: 3
First day of year: 4
The day is: 2
Date : {14, 4, 2001} Iterations: 469
Date : {15, 4, 2001} Iterations: 470
BaseY: 2000
StartY: 1988
BaseDay: 3
First day of year: 4
The day is: 3
DateGC : {24, 12, 2008} Iterations: 470
BaseY: 2000
StartY: 1988
BaseDay: 3
First day of year: 4
The day is: 3
Date : {15, 4, 2001} Iterations: 470
Date : {16, 4, 2001} Iterations: 471
BaseY: 2000
StartY: 1988
BaseDay: 3
First day of year: 4
The day is: 4
DateGC : {25, 12, 2008} Iterations: 471
BaseY: 2000
StartY: 1988
BaseDay: 3
First day of year: 4
The day is: 4
Date : {16, 4, 2001} Iterations: 471
Date : {17, 4, 2001} Iterations: 472
BaseY: 2000
StartY: 1988
BaseDay: 3
First day of year: 4
The day is: 5
DateGC : {26, 12, 2008} Iterations: 472
BaseY: 2000
StartY: 1988
BaseDay: 3
First day of year: 4
The day is: 5
Date : {17, 4, 2001} Iterations: 472
Date : {18, 4, 2001} Iterations: 473
BaseY: 2000
StartY: 1988
BaseDay: 3
First day of year: 4
The day is: 6
DateGC : {27, 12, 2008} Iterations: 473
BaseY: 2000
StartY: 1988
BaseDay: 3
First day of year: 4
The day is: 6
Date : {18, 4, 2001} Iterations: 473
Date : {19, 4, 2001} Iterations: 474
BaseY: 2000
StartY: 1988
BaseDay: 3
First day of year: 4
The day is: 7
DateGC : {28, 12, 2008} Iterations: 474
BaseY: 2000
StartY: 1988
BaseDay: 3
First day of year: 4
The day is: 7
Date : {19, 4, 2001} Iterations: 474
Date : {20, 4, 2001} Iterations: 475
BaseY: 2000
StartY: 1988
BaseDay: 3
First day of year: 4
The day is: 1
DateGC : {29, 12, 2008} Iterations: 475
BaseY: 2000
StartY: 1988
BaseDay: 3
First day of year: 4
The day is: 1
Date : {20, 4, 2001} Iterations: 475
Date : {21, 4, 2001} Iterations: 476
BaseY: 2000
StartY: 1988
BaseDay: 3
First day of year: 4
The day is: 2
DateGC : {30, 12, 2008} Iterations: 476
BaseY: 2000
StartY: 1988
BaseDay: 3
First day of year: 4
The day is: 2
Date : {21, 4, 2001} Iterations: 476
Date : {22, 4, 2001} Iterations: 477
BaseY: 2000
StartY: 1988
BaseDay: 3
First day of year: 4
The day is: 3
DateGC : {31, 12, 2008} Iterations: 477
BaseY: 2000
StartY: 1988
BaseDay: 3
First day of year: 4
The day is: 3
Date : {22, 4, 2001} Iterations: 477
Date : {23, 4, 2001} Iterations: 478
BaseY: 2000
StartY: 1988
BaseDay: 3
First day of year: 4
The day is: 4
DateGC : {1, 1, 2009} Iterations: 478
BaseY: 2000
StartY: 1988
BaseDay: 3
First day of year: 4
The day is: 4
Date : {23, 4, 2001} Iterations: 478
Date : {24, 4, 2001} Iterations: 479
BaseY: 2000
StartY: 1988
BaseDay: 3
First day of year: 4
The day is: 5
DateGC : {2, 1, 2009} Iterations: 479
BaseY: 2000
StartY: 1988
BaseDay: 3
First day of year: 4
The day is: 5
Date : {24, 4, 2001} Iterations: 479
Date : {25, 4, 2001} Iterations: 480
BaseY: 2000
StartY: 1988
BaseDay: 3
First day of year: 4
The day is: 6
DateGC : {3, 1, 2009} Iterations: 480
BaseY: 2000
StartY: 1988
BaseDay: 3
First day of year: 4
The day is: 6
Date : {25, 4, 2001} Iterations: 480
Date : {26, 4, 2001} Iterations: 481
BaseY: 2000
StartY: 1988
BaseDay: 3
First day of year: 4
The day is: 7
DateGC : {4, 1, 2009} Iterations: 481
BaseY: 2000
StartY: 1988
BaseDay: 3
First day of year: 4
The day is: 7
Date : {26, 4, 2001} Iterations: 481
Date : {27, 4, 2001} Iterations: 482
BaseY: 2000
StartY: 1988
BaseDay: 3
First day of year: 4
The day is: 1
DateGC : {5, 1, 2009} Iterations: 482
BaseY: 2000
StartY: 1988
BaseDay: 3
First day of year: 4
The day is: 1
Date : {27, 4, 2001} Iterations: 482
Date : {28, 4, 2001} Iterations: 483
BaseY: 2000
StartY: 1988
BaseDay: 3
First day of year: 4
The day is: 2
DateGC : {6, 1, 2009} Iterations: 483
BaseY: 2000
StartY: 1988
BaseDay: 3
First day of year: 4
The day is: 2
Date : {28, 4, 2001} Iterations: 483
Date : {29, 4, 2001} Iterations: 484
BaseY: 2000
StartY: 1988
BaseDay: 3
First day of year: 4
The day is: 3
DateGC : {7, 1, 2009} Iterations: 484
BaseY: 2000
StartY: 1988
BaseDay: 3
First day of year: 4
The day is: 3
Date : {29, 4, 2001} Iterations: 484
Date : {30, 4, 2001} Iterations: 485
BaseY: 2000
StartY: 1988
BaseDay: 3
First day of year: 4
The day is: 4
DateGC : {8, 1, 2009} Iterations: 485
BaseY: 2000
StartY: 1988
BaseDay: 3
First day of year: 4
The day is: 4
Date : {30, 4, 2001} Iterations: 485
Date : {1, 5, 2001} Iterations: 486
BaseY: 2000
StartY: 1988
BaseDay: 3
First day of year: 4
The day is: 5
DateGC : {9, 1, 2009} Iterations: 486
BaseY: 2000
StartY: 1988
BaseDay: 3
First day of year: 4
The day is: 5
Date : {1, 5, 2001} Iterations: 486
Date : {2, 5, 2001} Iterations: 487
BaseY: 2000
StartY: 1988
BaseDay: 3
First day of year: 4
The day is: 6
DateGC : {10, 1, 2009} Iterations: 487
BaseY: 2000
StartY: 1988
BaseDay: 3
First day of year: 4
The day is: 6
Date : {2, 5, 2001} Iterations: 487
Date : {3, 5, 2001} Iterations: 488
BaseY: 2000
StartY: 1988
BaseDay: 3
First day of year: 4
The day is: 7
DateGC : {11, 1, 2009} Iterations: 488
BaseY: 2000
StartY: 1988
BaseDay: 3
First day of year: 4
The day is: 7
Date : {3, 5, 2001} Iterations: 488
Date : {4, 5, 2001} Iterations: 489
BaseY: 2000
StartY: 1988
BaseDay: 3
First day of year: 4
The day is: 1
DateGC : {12, 1, 2009} Iterations: 489
BaseY: 2000
StartY: 1988
BaseDay: 3
First day of year: 4
The day is: 1
Date : {4, 5, 2001} Iterations: 489
Date : {5, 5, 2001} Iterations: 490
BaseY: 2000
StartY: 1988
BaseDay: 3
First day of year: 4
The day is: 2
DateGC : {13, 1, 2009} Iterations: 490
BaseY: 2000
StartY: 1988
BaseDay: 3
First day of year: 4
The day is: 2
Date : {5, 5, 2001} Iterations: 490
Date : {6, 5, 2001} Iterations: 491
BaseY: 2000
StartY: 1988
BaseDay: 3
First day of year: 4
The day is: 3
DateGC : {14, 1, 2009} Iterations: 491
BaseY: 2000
StartY: 1988
BaseDay: 3
First day of year: 4
The day is: 3
Date : {6, 5, 2001} Iterations: 491
Date : {7, 5, 2001} Iterations: 492
BaseY: 2000
StartY: 1988
BaseDay: 3
First day of year: 4
The day is: 4
DateGC : {15, 1, 2009} Iterations: 492
BaseY: 2000
StartY: 1988
BaseDay: 3
First day of year: 4
The day is: 4
Date : {7, 5, 2001} Iterations: 492
Date : {8, 5, 2001} Iterations: 493
BaseY: 2000
StartY: 1988
BaseDay: 3
First day of year: 4
The day is: 5
DateGC : {16, 1, 2009} Iterations: 493
BaseY: 2000
StartY: 1988
BaseDay: 3
First day of year: 4
The day is: 5
Date : {8, 5, 2001} Iterations: 493
Date : {9, 5, 2001} Iterations: 494
BaseY: 2000
StartY: 1988
BaseDay: 3
First day of year: 4
The day is: 6
DateGC : {17, 1, 2009} Iterations: 494
BaseY: 2000
StartY: 1988
BaseDay: 3
First day of year: 4
The day is: 6
Date : {9, 5, 2001} Iterations: 494
Date : {10, 5, 2001} Iterations: 495
BaseY: 2000
StartY: 1988
BaseDay: 3
First day of year: 4
The day is: 7
DateGC : {18, 1, 2009} Iterations: 495
BaseY: 2000
StartY: 1988
BaseDay: 3
First day of year: 4
The day is: 7
Date : {10, 5, 2001} Iterations: 495
Date : {11, 5, 2001} Iterations: 496
BaseY: 2000
StartY: 1988
BaseDay: 3
First day of year: 4
The day is: 1
DateGC : {19, 1, 2009} Iterations: 496
BaseY: 2000
StartY: 1988
BaseDay: 3
First day of year: 4
The day is: 1
Date : {11, 5, 2001} Iterations: 496
Date : {12, 5, 2001} Iterations: 497
BaseY: 2000
StartY: 1988
BaseDay: 3
First day of year: 4
The day is: 2
DateGC : {20, 1, 2009} Iterations: 497
BaseY: 2000
StartY: 1988
BaseDay: 3
First day of year: 4
The day is: 2
Date : {12, 5, 2001} Iterations: 497
Date : {13, 5, 2001} Iterations: 498
BaseY: 2000
StartY: 1988
BaseDay: 3
First day of year: 4
The day is: 3
DateGC : {21, 1, 2009} Iterations: 498
BaseY: 2000
StartY: 1988
BaseDay: 3
First day of year: 4
The day is: 3
Date : {13, 5, 2001} Iterations: 498
Date : {14, 5, 2001} Iterations: 499
BaseY: 2000
StartY: 1988
BaseDay: 3
First day of year: 4
The day is: 4
DateGC : {22, 1, 2009} Iterations: 499
BaseY: 2000
StartY: 1988
BaseDay: 3
First day of year: 4
The day is: 4
Date : {14, 5, 2001} Iterations: 499
Date : {15, 5, 2001} Iterations: 500
BaseY: 2000
StartY: 1988
BaseDay: 3
First day of year: 4
The day is: 5
DateGC : {23, 1, 2009} Iterations: 500
BaseY: 2000
StartY: 1988
BaseDay: 3
First day of year: 4
The day is: 5
Date : {15, 5, 2001} Iterations: 500
Date : {16, 5, 2001} Iterations: 501
BaseY: 2000
StartY: 1988
BaseDay: 3
First day of year: 4
The day is: 6
DateGC : {24, 1, 2009} Iterations: 501
BaseY: 2000
StartY: 1988
BaseDay: 3
First day of year: 4
The day is: 6
Date : {16, 5, 2001} Iterations: 501
Date : {17, 5, 2001} Iterations: 502
BaseY: 2000
StartY: 1988
BaseDay: 3
First day of year: 4
The day is: 7
DateGC : {25, 1, 2009} Iterations: 502
BaseY: 2000
StartY: 1988
BaseDay: 3
First day of year: 4
The day is: 7
Date : {17, 5, 2001} Iterations: 502
Date : {18, 5, 2001} Iterations: 503
BaseY: 2000
StartY: 1988
BaseDay: 3
First day of year: 4
The day is: 1
DateGC : {26, 1, 2009} Iterations: 503
BaseY: 2000
StartY: 1988
BaseDay: 3
First day of year: 4
The day is: 1
Date : {18, 5, 2001} Iterations: 503
Date : {19, 5, 2001} Iterations: 504
BaseY: 2000
StartY: 1988
BaseDay: 3
First day of year: 4
The day is: 2
DateGC : {27, 1, 2009} Iterations: 504
BaseY: 2000
StartY: 1988
BaseDay: 3
First day of year: 4
The day is: 2
Date : {19, 5, 2001} Iterations: 504
Date : {20, 5, 2001} Iterations: 505
BaseY: 2000
StartY: 1988
BaseDay: 3
First day of year: 4
The day is: 3
DateGC : {28, 1, 2009} Iterations: 505
BaseY: 2000
StartY: 1988
BaseDay: 3
First day of year: 4
The day is: 3
Date : {20, 5, 2001} Iterations: 505
Date : {21, 5, 2001} Iterations: 506
BaseY: 2000
StartY: 1988
BaseDay: 3
First day of year: 4
The day is: 4
DateGC : {29, 1, 2009} Iterations: 506
BaseY: 2000
StartY: 1988
BaseDay: 3
First day of year: 4
The day is: 4
Date : {21, 5, 2001} Iterations: 506
Date : {22, 5, 2001} Iterations: 507
BaseY: 2000
StartY: 1988
BaseDay: 3
First day of year: 4
The day is: 5
DateGC : {30, 1, 2009} Iterations: 507
BaseY: 2000
StartY: 1988
BaseDay: 3
First day of year: 4
The day is: 5
Date : {22, 5, 2001} Iterations: 507
Date : {23, 5, 2001} Iterations: 508
BaseY: 2000
StartY: 1988
BaseDay: 3
First day of year: 4
The day is: 6
DateGC : {31, 1, 2009} Iterations: 508
BaseY: 2000
StartY: 1988
BaseDay: 3
First day of year: 4
The day is: 6
Date : {23, 5, 2001} Iterations: 508
Date : {24, 5, 2001} Iterations: 509
BaseY: 2000
StartY: 1988
BaseDay: 3
First day of year: 4
The day is: 7
DateGC : {1, 2, 2009} Iterations: 509
BaseY: 2000
StartY: 1988
BaseDay: 3
First day of year: 4
The day is: 7
Date : {24, 5, 2001} Iterations: 509
Date : {25, 5, 2001} Iterations: 510
BaseY: 2000
StartY: 1988
BaseDay: 3
First day of year: 4
The day is: 1
DateGC : {2, 2, 2009} Iterations: 510
BaseY: 2000
StartY: 1988
BaseDay: 3
First day of year: 4
The day is: 1
Date : {25, 5, 2001} Iterations: 510
Date : {26, 5, 2001} Iterations: 511
BaseY: 2000
StartY: 1988
BaseDay: 3
First day of year: 4
The day is: 2
DateGC : {3, 2, 2009} Iterations: 511
BaseY: 2000
StartY: 1988
BaseDay: 3
First day of year: 4
The day is: 2
Date : {26, 5, 2001} Iterations: 511
Date : {27, 5, 2001} Iterations: 512
BaseY: 2000
StartY: 1988
BaseDay: 3
First day of year: 4
The day is: 3
DateGC : {4, 2, 2009} Iterations: 512
BaseY: 2000
StartY: 1988
BaseDay: 3
First day of year: 4
The day is: 3
Date : {27, 5, 2001} Iterations: 512
Date : {28, 5, 2001} Iterations: 513
BaseY: 2000
StartY: 1988
BaseDay: 3
First day of year: 4
The day is: 4
DateGC : {5, 2, 2009} Iterations: 513
BaseY: 2000
StartY: 1988
BaseDay: 3
First day of year: 4
The day is: 4
Date : {28, 5, 2001} Iterations: 513
Date : {29, 5, 2001} Iterations: 514
BaseY: 2000
StartY: 1988
BaseDay: 3
First day of year: 4
The day is: 5
DateGC : {6, 2, 2009} Iterations: 514
BaseY: 2000
StartY: 1988
BaseDay: 3
First day of year: 4
The day is: 5
Date : {29, 5, 2001} Iterations: 514
Date : {30, 5, 2001} Iterations: 515
BaseY: 2000
StartY: 1988
BaseDay: 3
First day of year: 4
The day is: 6
DateGC : {7, 2, 2009} Iterations: 515
BaseY: 2000
StartY: 1988
BaseDay: 3
First day of year: 4
The day is: 6
Date : {30, 5, 2001} Iterations: 515
Date : {1, 6, 2001} Iterations: 516
BaseY: 2000
StartY: 1988
BaseDay: 3
First day of year: 4
The day is: 7
DateGC : {8, 2, 2009} Iterations: 516
BaseY: 2000
StartY: 1988
BaseDay: 3
First day of year: 4
The day is: 7
Date : {1, 6, 2001} Iterations: 516
Date : {2, 6, 2001} Iterations: 517
BaseY: 2000
StartY: 1988
BaseDay: 3
First day of year: 4
The day is: 1
DateGC : {9, 2, 2009} Iterations: 517
BaseY: 2000
StartY: 1988
BaseDay: 3
First day of year: 4
The day is: 1
Date : {2, 6, 2001} Iterations: 517
Date : {3, 6, 2001} Iterations: 518
BaseY: 2000
StartY: 1988
BaseDay: 3
First day of year: 4
The day is: 2
DateGC : {10, 2, 2009} Iterations: 518
BaseY: 2000
StartY: 1988
BaseDay: 3
First day of year: 4
The day is: 2
Date : {3, 6, 2001} Iterations: 518
Date : {4, 6, 2001} Iterations: 519
BaseY: 2000
StartY: 1988
BaseDay: 3
First day of year: 4
The day is: 3
DateGC : {11, 2, 2009} Iterations: 519
BaseY: 2000
StartY: 1988
BaseDay: 3
First day of year: 4
The day is: 3
Date : {4, 6, 2001} Iterations: 519
Date : {5, 6, 2001} Iterations: 520
BaseY: 2000
StartY: 1988
BaseDay: 3
First day of year: 4
The day is: 4
DateGC : {12, 2, 2009} Iterations: 520
BaseY: 2000
StartY: 1988
BaseDay: 3
First day of year: 4
The day is: 4
Date : {5, 6, 2001} Iterations: 520
Date : {6, 6, 2001} Iterations: 521
BaseY: 2000
StartY: 1988
BaseDay: 3
First day of year: 4
The day is: 5
DateGC : {13, 2, 2009} Iterations: 521
BaseY: 2000
StartY: 1988
BaseDay: 3
First day of year: 4
The day is: 5
Date : {6, 6, 2001} Iterations: 521
Date : {7, 6, 2001} Iterations: 522
BaseY: 2000
StartY: 1988
BaseDay: 3
First day of year: 4
The day is: 6
DateGC : {14, 2, 2009} Iterations: 522
BaseY: 2000
StartY: 1988
BaseDay: 3
First day of year: 4
The day is: 6
Date : {7, 6, 2001} Iterations: 522
Date : {8, 6, 2001} Iterations: 523
BaseY: 2000
StartY: 1988
BaseDay: 3
First day of year: 4
The day is: 7
DateGC : {15, 2, 2009} Iterations: 523
BaseY: 2000
StartY: 1988
BaseDay: 3
First day of year: 4
The day is: 7
Date : {8, 6, 2001} Iterations: 523
Date : {9, 6, 2001} Iterations: 524
BaseY: 2000
StartY: 1988
BaseDay: 3
First day of year: 4
The day is: 1
DateGC : {16, 2, 2009} Iterations: 524
BaseY: 2000
StartY: 1988
BaseDay: 3
First day of year: 4
The day is: 1
Date : {9, 6, 2001} Iterations: 524
Date : {10, 6, 2001} Iterations: 525
BaseY: 2000
StartY: 1988
BaseDay: 3
First day of year: 4
The day is: 2
DateGC : {17, 2, 2009} Iterations: 525
BaseY: 2000
StartY: 1988
BaseDay: 3
First day of year: 4
The day is: 2
Date : {10, 6, 2001} Iterations: 525
Date : {11, 6, 2001} Iterations: 526
BaseY: 2000
StartY: 1988
BaseDay: 3
First day of year: 4
The day is: 3
DateGC : {18, 2, 2009} Iterations: 526
BaseY: 2000
StartY: 1988
BaseDay: 3
First day of year: 4
The day is: 3
Date : {11, 6, 2001} Iterations: 526
Date : {12, 6, 2001} Iterations: 527
BaseY: 2000
StartY: 1988
BaseDay: 3
First day of year: 4
The day is: 4
DateGC : {19, 2, 2009} Iterations: 527
BaseY: 2000
StartY: 1988
BaseDay: 3
First day of year: 4
The day is: 4
Date : {12, 6, 2001} Iterations: 527
Date : {13, 6, 2001} Iterations: 528
BaseY: 2000
StartY: 1988
BaseDay: 3
First day of year: 4
The day is: 5
DateGC : {20, 2, 2009} Iterations: 528
BaseY: 2000
StartY: 1988
BaseDay: 3
First day of year: 4
The day is: 5
Date : {13, 6, 2001} Iterations: 528
Date : {14, 6, 2001} Iterations: 529
BaseY: 2000
StartY: 1988
BaseDay: 3
First day of year: 4
The day is: 6
DateGC : {21, 2, 2009} Iterations: 529
BaseY: 2000
StartY: 1988
BaseDay: 3
First day of year: 4
The day is: 6
Date : {14, 6, 2001} Iterations: 529
Date : {15, 6, 2001} Iterations: 530
BaseY: 2000
StartY: 1988
BaseDay: 3
First day of year: 4
The day is: 7
DateGC : {22, 2, 2009} Iterations: 530
BaseY: 2000
StartY: 1988
BaseDay: 3
First day of year: 4
The day is: 7
Date : {15, 6, 2001} Iterations: 530
Date : {16, 6, 2001} Iterations: 531
BaseY: 2000
StartY: 1988
BaseDay: 3
First day of year: 4
The day is: 1
DateGC : {23, 2, 2009} Iterations: 531
BaseY: 2000
StartY: 1988
BaseDay: 3
First day of year: 4
The day is: 1
Date : {16, 6, 2001} Iterations: 531
Date : {17, 6, 2001} Iterations: 532
BaseY: 2000
StartY: 1988
BaseDay: 3
First day of year: 4
The day is: 2
DateGC : {24, 2, 2009} Iterations: 532
BaseY: 2000
StartY: 1988
BaseDay: 3
First day of year: 4
The day is: 2
Date : {17, 6, 2001} Iterations: 532
Date : {18, 6, 2001} Iterations: 533
BaseY: 2000
StartY: 1988
BaseDay: 3
First day of year: 4
The day is: 3
DateGC : {25, 2, 2009} Iterations: 533
BaseY: 2000
StartY: 1988
BaseDay: 3
First day of year: 4
The day is: 3
Date : {18, 6, 2001} Iterations: 533
Date : {19, 6, 2001} Iterations: 534
BaseY: 2000
StartY: 1988
BaseDay: 3
First day of year: 4
The day is: 4
DateGC : {26, 2, 2009} Iterations: 534
BaseY: 2000
StartY: 1988
BaseDay: 3
First day of year: 4
The day is: 4
Date : {19, 6, 2001} Iterations: 534
Date : {20, 6, 2001} Iterations: 535
BaseY: 2000
StartY: 1988
BaseDay: 3
First day of year: 4
The day is: 5
DateGC : {27, 2, 2009} Iterations: 535
BaseY: 2000
StartY: 1988
BaseDay: 3
First day of year: 4
The day is: 5
Date : {20, 6, 2001} Iterations: 535
Date : {21, 6, 2001} Iterations: 536
BaseY: 2000
StartY: 1988
BaseDay: 3
First day of year: 4
The day is: 6
DateGC : {28, 2, 2009} Iterations: 536
BaseY: 2000
StartY: 1988
BaseDay: 3
First day of year: 4
The day is: 6
Date : {21, 6, 2001} Iterations: 536
Date : {22, 6, 2001} Iterations: 537
BaseY: 2000
StartY: 1988
BaseDay: 3
First day of year: 4
The day is: 7
DateGC : {1, 3, 2009} Iterations: 537
BaseY: 2000
StartY: 1988
BaseDay: 3
First day of year: 4
The day is: 7
Date : {22, 6, 2001} Iterations: 537
Date : {23, 6, 2001} Iterations: 538
BaseY: 2000
StartY: 1988
BaseDay: 3
First day of year: 4
The day is: 1
DateGC : {2, 3, 2009} Iterations: 538
BaseY: 2000
StartY: 1988
BaseDay: 3
First day of year: 4
The day is: 1
Date : {23, 6, 2001} Iterations: 538
Date : {24, 6, 2001} Iterations: 539
BaseY: 2000
StartY: 1988
BaseDay: 3
First day of year: 4
The day is: 2
DateGC : {3, 3, 2009} Iterations: 539
BaseY: 2000
StartY: 1988
BaseDay: 3
First day of year: 4
The day is: 2
Date : {24, 6, 2001} Iterations: 539
Date : {25, 6, 2001} Iterations: 540
BaseY: 2000
StartY: 1988
BaseDay: 3
First day of year: 4
The day is: 3
DateGC : {4, 3, 2009} Iterations: 540
BaseY: 2000
StartY: 1988
BaseDay: 3
First day of year: 4
The day is: 3
Date : {25, 6, 2001} Iterations: 540
Date : {26, 6, 2001} Iterations: 541
BaseY: 2000
StartY: 1988
BaseDay: 3
First day of year: 4
The day is: 4
DateGC : {5, 3, 2009} Iterations: 541
BaseY: 2000
StartY: 1988
BaseDay: 3
First day of year: 4
The day is: 4
Date : {26, 6, 2001} Iterations: 541
Date : {27, 6, 2001} Iterations: 542
BaseY: 2000
StartY: 1988
BaseDay: 3
First day of year: 4
The day is: 5
DateGC : {6, 3, 2009} Iterations: 542
BaseY: 2000
StartY: 1988
BaseDay: 3
First day of year: 4
The day is: 5
Date : {27, 6, 2001} Iterations: 542
Date : {28, 6, 2001} Iterations: 543
BaseY: 2000
StartY: 1988
BaseDay: 3
First day of year: 4
The day is: 6
DateGC : {7, 3, 2009} Iterations: 543
BaseY: 2000
StartY: 1988
BaseDay: 3
First day of year: 4
The day is: 6
Date : {28, 6, 2001} Iterations: 543
Date : {29, 6, 2001} Iterations: 544
BaseY: 2000
StartY: 1988
BaseDay: 3
First day of year: 4
The day is: 7
DateGC : {8, 3, 2009} Iterations: 544
BaseY: 2000
StartY: 1988
BaseDay: 3
First day of year: 4
The day is: 7
Date : {29, 6, 2001} Iterations: 544
Date : {30, 6, 2001} Iterations: 545
BaseY: 2000
StartY: 1988
BaseDay: 3
First day of year: 4
The day is: 1
DateGC : {9, 3, 2009} Iterations: 545
BaseY: 2000
StartY: 1988
BaseDay: 3
First day of year: 4
The day is: 1
Date : {30, 6, 2001} Iterations: 545
Date : {1, 7, 2001} Iterations: 546
BaseY: 2000
StartY: 1988
BaseDay: 3
First day of year: 4
The day is: 2
DateGC : {10, 3, 2009} Iterations: 546
BaseY: 2000
StartY: 1988
BaseDay: 3
First day of year: 4
The day is: 2
Date : {1, 7, 2001} Iterations: 546
Date : {2, 7, 2001} Iterations: 547
BaseY: 2000
StartY: 1988
BaseDay: 3
First day of year: 4
The day is: 3
DateGC : {11, 3, 2009} Iterations: 547
BaseY: 2000
StartY: 1988
BaseDay: 3
First day of year: 4
The day is: 3
Date : {2, 7, 2001} Iterations: 547
Date : {3, 7, 2001} Iterations: 548
BaseY: 2000
StartY: 1988
BaseDay: 3
First day of year: 4
The day is: 4
DateGC : {12, 3, 2009} Iterations: 548
BaseY: 2000
StartY: 1988
BaseDay: 3
First day of year: 4
The day is: 4
Date : {3, 7, 2001} Iterations: 548
Date : {4, 7, 2001} Iterations: 549
BaseY: 2000
StartY: 1988
BaseDay: 3
First day of year: 4
The day is: 5
DateGC : {13, 3, 2009} Iterations: 549
BaseY: 2000
StartY: 1988
BaseDay: 3
First day of year: 4
The day is: 5
Date : {4, 7, 2001} Iterations: 549
Date : {5, 7, 2001} Iterations: 550
BaseY: 2000
StartY: 1988
BaseDay: 3
First day of year: 4
The day is: 6
DateGC : {14, 3, 2009} Iterations: 550
BaseY: 2000
StartY: 1988
BaseDay: 3
First day of year: 4
The day is: 6
Date : {5, 7, 2001} Iterations: 550
Date : {6, 7, 2001} Iterations: 551
BaseY: 2000
StartY: 1988
BaseDay: 3
First day of year: 4
The day is: 7
DateGC : {15, 3, 2009} Iterations: 551
BaseY: 2000
StartY: 1988
BaseDay: 3
First day of year: 4
The day is: 7
Date : {6, 7, 2001} Iterations: 551
Date : {7, 7, 2001} Iterations: 552
BaseY: 2000
StartY: 1988
BaseDay: 3
First day of year: 4
The day is: 1
DateGC : {16, 3, 2009} Iterations: 552
BaseY: 2000
StartY: 1988
BaseDay: 3
First day of year: 4
The day is: 1
Date : {7, 7, 2001} Iterations: 552
Date : {8, 7, 2001} Iterations: 553
BaseY: 2000
StartY: 1988
BaseDay: 3
First day of year: 4
The day is: 2
DateGC : {17, 3, 2009} Iterations: 553
BaseY: 2000
StartY: 1988
BaseDay: 3
First day of year: 4
The day is: 2
Date : {8, 7, 2001} Iterations: 553
Date : {9, 7, 2001} Iterations: 554
BaseY: 2000
StartY: 1988
BaseDay: 3
First day of year: 4
The day is: 3
DateGC : {18, 3, 2009} Iterations: 554
BaseY: 2000
StartY: 1988
BaseDay: 3
First day of year: 4
The day is: 3
Date : {9, 7, 2001} Iterations: 554
Date : {10, 7, 2001} Iterations: 555
BaseY: 2000
StartY: 1988
BaseDay: 3
First day of year: 4
The day is: 4
DateGC : {19, 3, 2009} Iterations: 555
BaseY: 2000
StartY: 1988
BaseDay: 3
First day of year: 4
The day is: 4
Date : {10, 7, 2001} Iterations: 555
Date : {11, 7, 2001} Iterations: 556
BaseY: 2000
StartY: 1988
BaseDay: 3
First day of year: 4
The day is: 5
DateGC : {20, 3, 2009} Iterations: 556
BaseY: 2000
StartY: 1988
BaseDay: 3
First day of year: 4
The day is: 5
Date : {11, 7, 2001} Iterations: 556
Date : {12, 7, 2001} Iterations: 557
BaseY: 2000
StartY: 1988
BaseDay: 3
First day of year: 4
The day is: 6
DateGC : {21, 3, 2009} Iterations: 557
BaseY: 2000
StartY: 1988
BaseDay: 3
First day of year: 4
The day is: 6
Date : {12, 7, 2001} Iterations: 557
Date : {13, 7, 2001} Iterations: 558
BaseY: 2000
StartY: 1988
BaseDay: 3
First day of year: 4
The day is: 7
DateGC : {22, 3, 2009} Iterations: 558
BaseY: 2000
StartY: 1988
BaseDay: 3
First day of year: 4
The day is: 7
Date : {13, 7, 2001} Iterations: 558
Date : {14, 7, 2001} Iterations: 559
BaseY: 2000
StartY: 1988
BaseDay: 3
First day of year: 4
The day is: 1
DateGC : {23, 3, 2009} Iterations: 559
BaseY: 2000
StartY: 1988
BaseDay: 3
First day of year: 4
The day is: 1
Date : {14, 7, 2001} Iterations: 559
Date : {15, 7, 2001} Iterations: 560
BaseY: 2000
StartY: 1988
BaseDay: 3
First day of year: 4
The day is: 2
DateGC : {24, 3, 2009} Iterations: 560
BaseY: 2000
StartY: 1988
BaseDay: 3
First day of year: 4
The day is: 2
Date : {15, 7, 2001} Iterations: 560
Date : {16, 7, 2001} Iterations: 561
BaseY: 2000
StartY: 1988
BaseDay: 3
First day of year: 4
The day is: 3
DateGC : {25, 3, 2009} Iterations: 561
BaseY: 2000
StartY: 1988
BaseDay: 3
First day of year: 4
The day is: 3
Date : {16, 7, 2001} Iterations: 561
Date : {17, 7, 2001} Iterations: 562
BaseY: 2000
StartY: 1988
BaseDay: 3
First day of year: 4
The day is: 4
DateGC : {26, 3, 2009} Iterations: 562
BaseY: 2000
StartY: 1988
BaseDay: 3
First day of year: 4
The day is: 4
Date : {17, 7, 2001} Iterations: 562
Date : {18, 7, 2001} Iterations: 563
BaseY: 2000
StartY: 1988
BaseDay: 3
First day of year: 4
The day is: 5
DateGC : {27, 3, 2009} Iterations: 563
BaseY: 2000
StartY: 1988
BaseDay: 3
First day of year: 4
The day is: 5
Date : {18, 7, 2001} Iterations: 563
Date : {19, 7, 2001} Iterations: 564
BaseY: 2000
StartY: 1988
BaseDay: 3
First day of year: 4
The day is: 6
DateGC : {28, 3, 2009} Iterations: 564
BaseY: 2000
StartY: 1988
BaseDay: 3
First day of year: 4
The day is: 6
Date : {19, 7, 2001} Iterations: 564
Date : {20, 7, 2001} Iterations: 565
BaseY: 2000
StartY: 1988
BaseDay: 3
First day of year: 4
The day is: 7
DateGC : {29, 3, 2009} Iterations: 565
BaseY: 2000
StartY: 1988
BaseDay: 3
First day of year: 4
The day is: 7
Date : {20, 7, 2001} Iterations: 565
Date : {21, 7, 2001} Iterations: 566
BaseY: 2000
StartY: 1988
BaseDay: 3
First day of year: 4
The day is: 1
DateGC : {30, 3, 2009} Iterations: 566
BaseY: 2000
StartY: 1988
BaseDay: 3
First day of year: 4
The day is: 1
Date : {21, 7, 2001} Iterations: 566
Date : {22, 7, 2001} Iterations: 567
BaseY: 2000
StartY: 1988
BaseDay: 3
First day of year: 4
The day is: 2
DateGC : {31, 3, 2009} Iterations: 567
BaseY: 2000
StartY: 1988
BaseDay: 3
First day of year: 4
The day is: 2
Date : {22, 7, 2001} Iterations: 567
Date : {23, 7, 2001} Iterations: 568
BaseY: 2000
StartY: 1988
BaseDay: 3
First day of year: 4
The day is: 3
DateGC : {1, 4, 2009} Iterations: 568
BaseY: 2000
StartY: 1988
BaseDay: 3
First day of year: 4
The day is: 3
Date : {23, 7, 2001} Iterations: 568
Date : {24, 7, 2001} Iterations: 569
BaseY: 2000
StartY: 1988
BaseDay: 3
First day of year: 4
The day is: 4
DateGC : {2, 4, 2009} Iterations: 569
BaseY: 2000
StartY: 1988
BaseDay: 3
First day of year: 4
The day is: 4
Date : {24, 7, 2001} Iterations: 569
Date : {25, 7, 2001} Iterations: 570
BaseY: 2000
StartY: 1988
BaseDay: 3
First day of year: 4
The day is: 5
DateGC : {3, 4, 2009} Iterations: 570
BaseY: 2000
StartY: 1988
BaseDay: 3
First day of year: 4
The day is: 5
Date : {25, 7, 2001} Iterations: 570
Date : {26, 7, 2001} Iterations: 571
BaseY: 2000
StartY: 1988
BaseDay: 3
First day of year: 4
The day is: 6
DateGC : {4, 4, 2009} Iterations: 571
BaseY: 2000
StartY: 1988
BaseDay: 3
First day of year: 4
The day is: 6
Date : {26, 7, 2001} Iterations: 571
Date : {27, 7, 2001} Iterations: 572
BaseY: 2000
StartY: 1988
BaseDay: 3
First day of year: 4
The day is: 7
DateGC : {5, 4, 2009} Iterations: 572
BaseY: 2000
StartY: 1988
BaseDay: 3
First day of year: 4
The day is: 7
Date : {27, 7, 2001} Iterations: 572
Date : {28, 7, 2001} Iterations: 573
BaseY: 2000
StartY: 1988
BaseDay: 3
First day of year: 4
The day is: 1
DateGC : {6, 4, 2009} Iterations: 573
BaseY: 2000
StartY: 1988
BaseDay: 3
First day of year: 4
The day is: 1
Date : {28, 7, 2001} Iterations: 573
Date : {29, 7, 2001} Iterations: 574
BaseY: 2000
StartY: 1988
BaseDay: 3
First day of year: 4
The day is: 2
DateGC : {7, 4, 2009} Iterations: 574
BaseY: 2000
StartY: 1988
BaseDay: 3
First day of year: 4
The day is: 2
Date : {29, 7, 2001} Iterations: 574
Date : {30, 7, 2001} Iterations: 575
BaseY: 2000
StartY: 1988
BaseDay: 3
First day of year: 4
The day is: 3
DateGC : {8, 4, 2009} Iterations: 575
BaseY: 2000
StartY: 1988
BaseDay: 3
First day of year: 4
The day is: 3
Date : {30, 7, 2001} Iterations: 575
Date : {1, 8, 2001} Iterations: 576
BaseY: 2000
StartY: 1988
BaseDay: 3
First day of year: 4
The day is: 4
DateGC : {9, 4, 2009} Iterations: 576
BaseY: 2000
StartY: 1988
BaseDay: 3
First day of year: 4
The day is: 4
Date : {1, 8, 2001} Iterations: 576
Date : {2, 8, 2001} Iterations: 577
BaseY: 2000
StartY: 1988
BaseDay: 3
First day of year: 4
The day is: 5
DateGC : {10, 4, 2009} Iterations: 577
BaseY: 2000
StartY: 1988
BaseDay: 3
First day of year: 4
The day is: 5
Date : {2, 8, 2001} Iterations: 577
Date : {3, 8, 2001} Iterations: 578
BaseY: 2000
StartY: 1988
BaseDay: 3
First day of year: 4
The day is: 6
DateGC : {11, 4, 2009} Iterations: 578
BaseY: 2000
StartY: 1988
BaseDay: 3
First day of year: 4
The day is: 6
Date : {3, 8, 2001} Iterations: 578
Date : {4, 8, 2001} Iterations: 579
BaseY: 2000
StartY: 1988
BaseDay: 3
First day of year: 4
The day is: 7
DateGC : {12, 4, 2009} Iterations: 579
BaseY: 2000
StartY: 1988
BaseDay: 3
First day of year: 4
The day is: 7
Date : {4, 8, 2001} Iterations: 579
Date : {5, 8, 2001} Iterations: 580
BaseY: 2000
StartY: 1988
BaseDay: 3
First day of year: 4
The day is: 1
DateGC : {13, 4, 2009} Iterations: 580
BaseY: 2000
StartY: 1988
BaseDay: 3
First day of year: 4
The day is: 1
Date : {5, 8, 2001} Iterations: 580
Date : {6, 8, 2001} Iterations: 581
BaseY: 2000
StartY: 1988
BaseDay: 3
First day of year: 4
The day is: 2
DateGC : {14, 4, 2009} Iterations: 581
BaseY: 2000
StartY: 1988
BaseDay: 3
First day of year: 4
The day is: 2
Date : {6, 8, 2001} Iterations: 581
Date : {7, 8, 2001} Iterations: 582
BaseY: 2000
StartY: 1988
BaseDay: 3
First day of year: 4
The day is: 3
DateGC : {15, 4, 2009} Iterations: 582
BaseY: 2000
StartY: 1988
BaseDay: 3
First day of year: 4
The day is: 3
Date : {7, 8, 2001} Iterations: 582
Date : {8, 8, 2001} Iterations: 583
BaseY: 2000
StartY: 1988
BaseDay: 3
First day of year: 4
The day is: 4
DateGC : {16, 4, 2009} Iterations: 583
BaseY: 2000
StartY: 1988
BaseDay: 3
First day of year: 4
The day is: 4
Date : {8, 8, 2001} Iterations: 583
Date : {9, 8, 2001} Iterations: 584
BaseY: 2000
StartY: 1988
BaseDay: 3
First day of year: 4
The day is: 5
DateGC : {17, 4, 2009} Iterations: 584
BaseY: 2000
StartY: 1988
BaseDay: 3
First day of year: 4
The day is: 5
Date : {9, 8, 2001} Iterations: 584
Date : {10, 8, 2001} Iterations: 585
BaseY: 2000
StartY: 1988
BaseDay: 3
First day of year: 4
The day is: 6
DateGC : {18, 4, 2009} Iterations: 585
BaseY: 2000
StartY: 1988
BaseDay: 3
First day of year: 4
The day is: 6
Date : {10, 8, 2001} Iterations: 585
Date : {11, 8, 2001} Iterations: 586
BaseY: 2000
StartY: 1988
BaseDay: 3
First day of year: 4
The day is: 7
DateGC : {19, 4, 2009} Iterations: 586
BaseY: 2000
StartY: 1988
BaseDay: 3
First day of year: 4
The day is: 7
Date : {11, 8, 2001} Iterations: 586
Date : {12, 8, 2001} Iterations: 587
BaseY: 2000
StartY: 1988
BaseDay: 3
First day of year: 4
The day is: 1
DateGC : {20, 4, 2009} Iterations: 587
BaseY: 2000
StartY: 1988
BaseDay: 3
First day of year: 4
The day is: 1
Date : {12, 8, 2001} Iterations: 587
Date : {13, 8, 2001} Iterations: 588
BaseY: 2000
StartY: 1988
BaseDay: 3
First day of year: 4
The day is: 2
DateGC : {21, 4, 2009} Iterations: 588
BaseY: 2000
StartY: 1988
BaseDay: 3
First day of year: 4
The day is: 2
Date : {13, 8, 2001} Iterations: 588
Date : {14, 8, 2001} Iterations: 589
BaseY: 2000
StartY: 1988
BaseDay: 3
First day of year: 4
The day is: 3
DateGC : {22, 4, 2009} Iterations: 589
BaseY: 2000
StartY: 1988
BaseDay: 3
First day of year: 4
The day is: 3
Date : {14, 8, 2001} Iterations: 589
Date : {15, 8, 2001} Iterations: 590
BaseY: 2000
StartY: 1988
BaseDay: 3
First day of year: 4
The day is: 4
DateGC : {23, 4, 2009} Iterations: 590
BaseY: 2000
StartY: 1988
BaseDay: 3
First day of year: 4
The day is: 4
Date : {15, 8, 2001} Iterations: 590
Date : {16, 8, 2001} Iterations: 591
BaseY: 2000
StartY: 1988
BaseDay: 3
First day of year: 4
The day is: 5
DateGC : {24, 4, 2009} Iterations: 591
BaseY: 2000
StartY: 1988
BaseDay: 3
First day of year: 4
The day is: 5
Date : {16, 8, 2001} Iterations: 591
Date : {17, 8, 2001} Iterations: 592
BaseY: 2000
StartY: 1988
BaseDay: 3
First day of year: 4
The day is: 6
DateGC : {25, 4, 2009} Iterations: 592
BaseY: 2000
StartY: 1988
BaseDay: 3
First day of year: 4
The day is: 6
Date : {17, 8, 2001} Iterations: 592
Date : {18, 8, 2001} Iterations: 593
BaseY: 2000
StartY: 1988
BaseDay: 3
First day of year: 4
The day is: 7
DateGC : {26, 4, 2009} Iterations: 593
BaseY: 2000
StartY: 1988
BaseDay: 3
First day of year: 4
The day is: 7
Date : {18, 8, 2001} Iterations: 593
Date : {19, 8, 2001} Iterations: 594
BaseY: 2000
StartY: 1988
BaseDay: 3
First day of year: 4
The day is: 1
DateGC : {27, 4, 2009} Iterations: 594
BaseY: 2000
StartY: 1988
BaseDay: 3
First day of year: 4
The day is: 1
Date : {19, 8, 2001} Iterations: 594
Date : {20, 8, 2001} Iterations: 595
BaseY: 2000
StartY: 1988
BaseDay: 3
First day of year: 4
The day is: 2
DateGC : {28, 4, 2009} Iterations: 595
BaseY: 2000
StartY: 1988
BaseDay: 3
First day of year: 4
The day is: 2
Date : {20, 8, 2001} Iterations: 595
Date : {21, 8, 2001} Iterations: 596
BaseY: 2000
StartY: 1988
BaseDay: 3
First day of year: 4
The day is: 3
DateGC : {29, 4, 2009} Iterations: 596
BaseY: 2000
StartY: 1988
BaseDay: 3
First day of year: 4
The day is: 3
Date : {21, 8, 2001} Iterations: 596
Date : {22, 8, 2001} Iterations: 597
BaseY: 2000
StartY: 1988
BaseDay: 3
First day of year: 4
The day is: 4
DateGC : {30, 4, 2009} Iterations: 597
BaseY: 2000
StartY: 1988
BaseDay: 3
First day of year: 4
The day is: 4
Date : {22, 8, 2001} Iterations: 597
Date : {23, 8, 2001} Iterations: 598
BaseY: 2000
StartY: 1988
BaseDay: 3
First day of year: 4
The day is: 5
DateGC : {1, 5, 2009} Iterations: 598
BaseY: 2000
StartY: 1988
BaseDay: 3
First day of year: 4
The day is: 5
Date : {23, 8, 2001} Iterations: 598
Date : {24, 8, 2001} Iterations: 599
BaseY: 2000
StartY: 1988
BaseDay: 3
First day of year: 4
The day is: 6
DateGC : {2, 5, 2009} Iterations: 599
BaseY: 2000
StartY: 1988
BaseDay: 3
First day of year: 4
The day is: 6
Date : {24, 8, 2001} Iterations: 599
Date : {25, 8, 2001} Iterations: 600
BaseY: 2000
StartY: 1988
BaseDay: 3
First day of year: 4
The day is: 7
DateGC : {3, 5, 2009} Iterations: 600
BaseY: 2000
StartY: 1988
BaseDay: 3
First day of year: 4
The day is: 7
Date : {25, 8, 2001} Iterations: 600
Date : {26, 8, 2001} Iterations: 601
BaseY: 2000
StartY: 1988
BaseDay: 3
First day of year: 4
The day is: 1
DateGC : {4, 5, 2009} Iterations: 601
BaseY: 2000
StartY: 1988
BaseDay: 3
First day of year: 4
The day is: 1
Date : {26, 8, 2001} Iterations: 601
Date : {27, 8, 2001} Iterations: 602
BaseY: 2000
StartY: 1988
BaseDay: 3
First day of year: 4
The day is: 2
DateGC : {5, 5, 2009} Iterations: 602
BaseY: 2000
StartY: 1988
BaseDay: 3
First day of year: 4
The day is: 2
Date : {27, 8, 2001} Iterations: 602
Date : {28, 8, 2001} Iterations: 603
BaseY: 2000
StartY: 1988
BaseDay: 3
First day of year: 4
The day is: 3
DateGC : {6, 5, 2009} Iterations: 603
BaseY: 2000
StartY: 1988
BaseDay: 3
First day of year: 4
The day is: 3
Date : {28, 8, 2001} Iterations: 603
Date : {29, 8, 2001} Iterations: 604
BaseY: 2000
StartY: 1988
BaseDay: 3
First day of year: 4
The day is: 4
DateGC : {7, 5, 2009} Iterations: 604
BaseY: 2000
StartY: 1988
BaseDay: 3
First day of year: 4
The day is: 4
Date : {29, 8, 2001} Iterations: 604
Date : {30, 8, 2001} Iterations: 605
BaseY: 2000
StartY: 1988
BaseDay: 3
First day of year: 4
The day is: 5
DateGC : {8, 5, 2009} Iterations: 605
BaseY: 2000
StartY: 1988
BaseDay: 3
First day of year: 4
The day is: 5
Date : {30, 8, 2001} Iterations: 605
Date : {1, 9, 2001} Iterations: 606
BaseY: 2000
StartY: 1988
BaseDay: 3
First day of year: 4
The day is: 6
DateGC : {9, 5, 2009} Iterations: 606
BaseY: 2000
StartY: 1988
BaseDay: 3
First day of year: 4
The day is: 6
Date : {1, 9, 2001} Iterations: 606
Date : {2, 9, 2001} Iterations: 607
BaseY: 2000
StartY: 1988
BaseDay: 3
First day of year: 4
The day is: 7
DateGC : {10, 5, 2009} Iterations: 607
BaseY: 2000
StartY: 1988
BaseDay: 3
First day of year: 4
The day is: 7
Date : {2, 9, 2001} Iterations: 607
Date : {3, 9, 2001} Iterations: 608
BaseY: 2000
StartY: 1988
BaseDay: 3
First day of year: 4
The day is: 1
DateGC : {11, 5, 2009} Iterations: 608
BaseY: 2000
StartY: 1988
BaseDay: 3
First day of year: 4
The day is: 1
Date : {3, 9, 2001} Iterations: 608
Date : {4, 9, 2001} Iterations: 609
BaseY: 2000
StartY: 1988
BaseDay: 3
First day of year: 4
The day is: 2
DateGC : {12, 5, 2009} Iterations: 609
BaseY: 2000
StartY: 1988
BaseDay: 3
First day of year: 4
The day is: 2
Date : {4, 9, 2001} Iterations: 609
Date : {5, 9, 2001} Iterations: 610
BaseY: 2000
StartY: 1988
BaseDay: 3
First day of year: 4
The day is: 3
DateGC : {13, 5, 2009} Iterations: 610
BaseY: 2000
StartY: 1988
BaseDay: 3
First day of year: 4
The day is: 3
Date : {5, 9, 2001} Iterations: 610
Date : {6, 9, 2001} Iterations: 611
BaseY: 2000
StartY: 1988
BaseDay: 3
First day of year: 4
The day is: 4
DateGC : {14, 5, 2009} Iterations: 611
BaseY: 2000
StartY: 1988
BaseDay: 3
First day of year: 4
The day is: 4
Date : {6, 9, 2001} Iterations: 611
Date : {7, 9, 2001} Iterations: 612
BaseY: 2000
StartY: 1988
BaseDay: 3
First day of year: 4
The day is: 5
DateGC : {15, 5, 2009} Iterations: 612
BaseY: 2000
StartY: 1988
BaseDay: 3
First day of year: 4
The day is: 5
Date : {7, 9, 2001} Iterations: 612
Date : {8, 9, 2001} Iterations: 613
BaseY: 2000
StartY: 1988
BaseDay: 3
First day of year: 4
The day is: 6
DateGC : {16, 5, 2009} Iterations: 613
BaseY: 2000
StartY: 1988
BaseDay: 3
First day of year: 4
The day is: 6
Date : {8, 9, 2001} Iterations: 613
Date : {9, 9, 2001} Iterations: 614
BaseY: 2000
StartY: 1988
BaseDay: 3
First day of year: 4
The day is: 7
DateGC : {17, 5, 2009} Iterations: 614
BaseY: 2000
StartY: 1988
BaseDay: 3
First day of year: 4
The day is: 7
Date : {9, 9, 2001} Iterations: 614
Date : {10, 9, 2001} Iterations: 615
BaseY: 2000
StartY: 1988
BaseDay: 3
First day of year: 4
The day is: 1
DateGC : {18, 5, 2009} Iterations: 615
BaseY: 2000
StartY: 1988
BaseDay: 3
First day of year: 4
The day is: 1
Date : {10, 9, 2001} Iterations: 615
Date : {11, 9, 2001} Iterations: 616
BaseY: 2000
StartY: 1988
BaseDay: 3
First day of year: 4
The day is: 2
DateGC : {19, 5, 2009} Iterations: 616
BaseY: 2000
StartY: 1988
BaseDay: 3
First day of year: 4
The day is: 2
Date : {11, 9, 2001} Iterations: 616
Date : {12, 9, 2001} Iterations: 617
BaseY: 2000
StartY: 1988
BaseDay: 3
First day of year: 4
The day is: 3
DateGC : {20, 5, 2009} Iterations: 617
BaseY: 2000
StartY: 1988
BaseDay: 3
First day of year: 4
The day is: 3
Date : {12, 9, 2001} Iterations: 617
Date : {13, 9, 2001} Iterations: 618
BaseY: 2000
StartY: 1988
BaseDay: 3
First day of year: 4
The day is: 4
DateGC : {21, 5, 2009} Iterations: 618
BaseY: 2000
StartY: 1988
BaseDay: 3
First day of year: 4
The day is: 4
Date : {13, 9, 2001} Iterations: 618
Date : {14, 9, 2001} Iterations: 619
BaseY: 2000
StartY: 1988
BaseDay: 3
First day of year: 4
The day is: 5
DateGC : {22, 5, 2009} Iterations: 619
BaseY: 2000
StartY: 1988
BaseDay: 3
First day of year: 4
The day is: 5
Date : {14, 9, 2001} Iterations: 619
Date : {15, 9, 2001} Iterations: 620
BaseY: 2000
StartY: 1988
BaseDay: 3
First day of year: 4
The day is: 6
DateGC : {23, 5, 2009} Iterations: 620
BaseY: 2000
StartY: 1988
BaseDay: 3
First day of year: 4
The day is: 6
Date : {15, 9, 2001} Iterations: 620
Date : {16, 9, 2001} Iterations: 621
BaseY: 2000
StartY: 1988
BaseDay: 3
First day of year: 4
The day is: 7
DateGC : {24, 5, 2009} Iterations: 621
BaseY: 2000
StartY: 1988
BaseDay: 3
First day of year: 4
The day is: 7
Date : {16, 9, 2001} Iterations: 621
Date : {17, 9, 2001} Iterations: 622
BaseY: 2000
StartY: 1988
BaseDay: 3
First day of year: 4
The day is: 1
DateGC : {25, 5, 2009} Iterations: 622
BaseY: 2000
StartY: 1988
BaseDay: 3
First day of year: 4
The day is: 1
Date : {17, 9, 2001} Iterations: 622
Date : {18, 9, 2001} Iterations: 623
BaseY: 2000
StartY: 1988
BaseDay: 3
First day of year: 4
The day is: 2
DateGC : {26, 5, 2009} Iterations: 623
BaseY: 2000
StartY: 1988
BaseDay: 3
First day of year: 4
The day is: 2
Date : {18, 9, 2001} Iterations: 623
Date : {19, 9, 2001} Iterations: 624
BaseY: 2000
StartY: 1988
BaseDay: 3
First day of year: 4
The day is: 3
DateGC : {27, 5, 2009} Iterations: 624
BaseY: 2000
StartY: 1988
BaseDay: 3
First day of year: 4
The day is: 3
Date : {19, 9, 2001} Iterations: 624
Date : {20, 9, 2001} Iterations: 625
BaseY: 2000
StartY: 1988
BaseDay: 3
First day of year: 4
The day is: 4
DateGC : {28, 5, 2009} Iterations: 625
BaseY: 2000
StartY: 1988
BaseDay: 3
First day of year: 4
The day is: 4
Date : {20, 9, 2001} Iterations: 625
Date : {21, 9, 2001} Iterations: 626
BaseY: 2000
StartY: 1988
BaseDay: 3
First day of year: 4
The day is: 5
DateGC : {29, 5, 2009} Iterations: 626
BaseY: 2000
StartY: 1988
BaseDay: 3
First day of year: 4
The day is: 5
Date : {21, 9, 2001} Iterations: 626
Date : {22, 9, 2001} Iterations: 627
BaseY: 2000
StartY: 1988
BaseDay: 3
First day of year: 4
The day is: 6
DateGC : {30, 5, 2009} Iterations: 627
BaseY: 2000
StartY: 1988
BaseDay: 3
First day of year: 4
The day is: 6
Date : {22, 9, 2001} Iterations: 627
Date : {23, 9, 2001} Iterations: 628
BaseY: 2000
StartY: 1988
BaseDay: 3
First day of year: 4
The day is: 7
DateGC : {31, 5, 2009} Iterations: 628
BaseY: 2000
StartY: 1988
BaseDay: 3
First day of year: 4
The day is: 7
Date : {23, 9, 2001} Iterations: 628
Date : {24, 9, 2001} Iterations: 629
BaseY: 2000
StartY: 1988
BaseDay: 3
First day of year: 4
The day is: 1
DateGC : {1, 6, 2009} Iterations: 629
BaseY: 2000
StartY: 1988
BaseDay: 3
First day of year: 4
The day is: 1
Date : {24, 9, 2001} Iterations: 629
Date : {25, 9, 2001} Iterations: 630
BaseY: 2000
StartY: 1988
BaseDay: 3
First day of year: 4
The day is: 2
DateGC : {2, 6, 2009} Iterations: 630
BaseY: 2000
StartY: 1988
BaseDay: 3
First day of year: 4
The day is: 2
Date : {25, 9, 2001} Iterations: 630
Date : {26, 9, 2001} Iterations: 631
BaseY: 2000
StartY: 1988
BaseDay: 3
First day of year: 4
The day is: 3
DateGC : {3, 6, 2009} Iterations: 631
BaseY: 2000
StartY: 1988
BaseDay: 3
First day of year: 4
The day is: 3
Date : {26, 9, 2001} Iterations: 631
Date : {27, 9, 2001} Iterations: 632
BaseY: 2000
StartY: 1988
BaseDay: 3
First day of year: 4
The day is: 4
DateGC : {4, 6, 2009} Iterations: 632
BaseY: 2000
StartY: 1988
BaseDay: 3
First day of year: 4
The day is: 4
Date : {27, 9, 2001} Iterations: 632
Date : {28, 9, 2001} Iterations: 633
BaseY: 2000
StartY: 1988
BaseDay: 3
First day of year: 4
The day is: 5
DateGC : {5, 6, 2009} Iterations: 633
BaseY: 2000
StartY: 1988
BaseDay: 3
First day of year: 4
The day is: 5
Date : {28, 9, 2001} Iterations: 633
Date : {29, 9, 2001} Iterations: 634
BaseY: 2000
StartY: 1988
BaseDay: 3
First day of year: 4
The day is: 6
DateGC : {6, 6, 2009} Iterations: 634
BaseY: 2000
StartY: 1988
BaseDay: 3
First day of year: 4
The day is: 6
Date : {29, 9, 2001} Iterations: 634
Date : {30, 9, 2001} Iterations: 635
BaseY: 2000
StartY: 1988
BaseDay: 3
First day of year: 4
The day is: 7
DateGC : {7, 6, 2009} Iterations: 635
BaseY: 2000
StartY: 1988
BaseDay: 3
First day of year: 4
The day is: 7
Date : {30, 9, 2001} Iterations: 635
Date : {1, 10, 2001} Iterations: 636
BaseY: 2000
StartY: 1988
BaseDay: 3
First day of year: 4
The day is: 1
DateGC : {8, 6, 2009} Iterations: 636
BaseY: 2000
StartY: 1988
BaseDay: 3
First day of year: 4
The day is: 1
Date : {1, 10, 2001} Iterations: 636
Date : {2, 10, 2001} Iterations: 637
BaseY: 2000
StartY: 1988
BaseDay: 3
First day of year: 4
The day is: 2
DateGC : {9, 6, 2009} Iterations: 637
BaseY: 2000
StartY: 1988
BaseDay: 3
First day of year: 4
The day is: 2
Date : {2, 10, 2001} Iterations: 637
Date : {3, 10, 2001} Iterations: 638
BaseY: 2000
StartY: 1988
BaseDay: 3
First day of year: 4
The day is: 3
DateGC : {10, 6, 2009} Iterations: 638
BaseY: 2000
StartY: 1988
BaseDay: 3
First day of year: 4
The day is: 3
Date : {3, 10, 2001} Iterations: 638
Date : {4, 10, 2001} Iterations: 639
BaseY: 2000
StartY: 1988
BaseDay: 3
First day of year: 4
The day is: 4
DateGC : {11, 6, 2009} Iterations: 639
BaseY: 2000
StartY: 1988
BaseDay: 3
First day of year: 4
The day is: 4
Date : {4, 10, 2001} Iterations: 639
Date : {5, 10, 2001} Iterations: 640
BaseY: 2000
StartY: 1988
BaseDay: 3
First day of year: 4
The day is: 5
DateGC : {12, 6, 2009} Iterations: 640
BaseY: 2000
StartY: 1988
BaseDay: 3
First day of year: 4
The day is: 5
Date : {5, 10, 2001} Iterations: 640
Date : {6, 10, 2001} Iterations: 641
BaseY: 2000
StartY: 1988
BaseDay: 3
First day of year: 4
The day is: 6
DateGC : {13, 6, 2009} Iterations: 641
BaseY: 2000
StartY: 1988
BaseDay: 3
First day of year: 4
The day is: 6
Date : {6, 10, 2001} Iterations: 641
Date : {7, 10, 2001} Iterations: 642
BaseY: 2000
StartY: 1988
BaseDay: 3
First day of year: 4
The day is: 7
DateGC : {14, 6, 2009} Iterations: 642
BaseY: 2000
StartY: 1988
BaseDay: 3
First day of year: 4
The day is: 7
Date : {7, 10, 2001} Iterations: 642
Date : {8, 10, 2001} Iterations: 643
BaseY: 2000
StartY: 1988
BaseDay: 3
First day of year: 4
The day is: 1
DateGC : {15, 6, 2009} Iterations: 643
BaseY: 2000
StartY: 1988
BaseDay: 3
First day of year: 4
The day is: 1
Date : {8, 10, 2001} Iterations: 643
Date : {9, 10, 2001} Iterations: 644
BaseY: 2000
StartY: 1988
BaseDay: 3
First day of year: 4
The day is: 2
DateGC : {16, 6, 2009} Iterations: 644
BaseY: 2000
StartY: 1988
BaseDay: 3
First day of year: 4
The day is: 2
Date : {9, 10, 2001} Iterations: 644
Date : {10, 10, 2001} Iterations: 645
BaseY: 2000
StartY: 1988
BaseDay: 3
First day of year: 4
The day is: 3
DateGC : {17, 6, 2009} Iterations: 645
BaseY: 2000
StartY: 1988
BaseDay: 3
First day of year: 4
The day is: 3
Date : {10, 10, 2001} Iterations: 645
Date : {11, 10, 2001} Iterations: 646
BaseY: 2000
StartY: 1988
BaseDay: 3
First day of year: 4
The day is: 4
DateGC : {18, 6, 2009} Iterations: 646
BaseY: 2000
StartY: 1988
BaseDay: 3
First day of year: 4
The day is: 4
Date : {11, 10, 2001} Iterations: 646
Date : {12, 10, 2001} Iterations: 647
BaseY: 2000
StartY: 1988
BaseDay: 3
First day of year: 4
The day is: 5
DateGC : {19, 6, 2009} Iterations: 647
BaseY: 2000
StartY: 1988
BaseDay: 3
First day of year: 4
The day is: 5
Date : {12, 10, 2001} Iterations: 647
Date : {13, 10, 2001} Iterations: 648
BaseY: 2000
StartY: 1988
BaseDay: 3
First day of year: 4
The day is: 6
DateGC : {20, 6, 2009} Iterations: 648
BaseY: 2000
StartY: 1988
BaseDay: 3
First day of year: 4
The day is: 6
Date : {13, 10, 2001} Iterations: 648
Date : {14, 10, 2001} Iterations: 649
BaseY: 2000
StartY: 1988
BaseDay: 3
First day of year: 4
The day is: 7
DateGC : {21, 6, 2009} Iterations: 649
BaseY: 2000
StartY: 1988
BaseDay: 3
First day of year: 4
The day is: 7
Date : {14, 10, 2001} Iterations: 649
Date : {15, 10, 2001} Iterations: 650
BaseY: 2000
StartY: 1988
BaseDay: 3
First day of year: 4
The day is: 1
DateGC : {22, 6, 2009} Iterations: 650
BaseY: 2000
StartY: 1988
BaseDay: 3
First day of year: 4
The day is: 1
Date : {15, 10, 2001} Iterations: 650
Date : {16, 10, 2001} Iterations: 651
BaseY: 2000
StartY: 1988
BaseDay: 3
First day of year: 4
The day is: 2
DateGC : {23, 6, 2009} Iterations: 651
BaseY: 2000
StartY: 1988
BaseDay: 3
First day of year: 4
The day is: 2
Date : {16, 10, 2001} Iterations: 651
Date : {17, 10, 2001} Iterations: 652
BaseY: 2000
StartY: 1988
BaseDay: 3
First day of year: 4
The day is: 3
DateGC : {24, 6, 2009} Iterations: 652
BaseY: 2000
StartY: 1988
BaseDay: 3
First day of year: 4
The day is: 3
Date : {17, 10, 2001} Iterations: 652
Date : {18, 10, 2001} Iterations: 653
BaseY: 2000
StartY: 1988
BaseDay: 3
First day of year: 4
The day is: 4
DateGC : {25, 6, 2009} Iterations: 653
BaseY: 2000
StartY: 1988
BaseDay: 3
First day of year: 4
The day is: 4
Date : {18, 10, 2001} Iterations: 653
Date : {19, 10, 2001} Iterations: 654
BaseY: 2000
StartY: 1988
BaseDay: 3
First day of year: 4
The day is: 5
DateGC : {26, 6, 2009} Iterations: 654
BaseY: 2000
StartY: 1988
BaseDay: 3
First day of year: 4
The day is: 5
Date : {19, 10, 2001} Iterations: 654
Date : {20, 10, 2001} Iterations: 655
BaseY: 2000
StartY: 1988
BaseDay: 3
First day of year: 4
The day is: 6
DateGC : {27, 6, 2009} Iterations: 655
BaseY: 2000
StartY: 1988
BaseDay: 3
First day of year: 4
The day is: 6
Date : {20, 10, 2001} Iterations: 655
Date : {21, 10, 2001} Iterations: 656
BaseY: 2000
StartY: 1988
BaseDay: 3
First day of year: 4
The day is: 7
DateGC : {28, 6, 2009} Iterations: 656
BaseY: 2000
StartY: 1988
BaseDay: 3
First day of year: 4
The day is: 7
Date : {21, 10, 2001} Iterations: 656
Date : {22, 10, 2001} Iterations: 657
BaseY: 2000
StartY: 1988
BaseDay: 3
First day of year: 4
The day is: 1
DateGC : {29, 6, 2009} Iterations: 657
BaseY: 2000
StartY: 1988
BaseDay: 3
First day of year: 4
The day is: 1
Date : {22, 10, 2001} Iterations: 657
Date : {23, 10, 2001} Iterations: 658
BaseY: 2000
StartY: 1988
BaseDay: 3
First day of year: 4
The day is: 2
DateGC : {30, 6, 2009} Iterations: 658
BaseY: 2000
StartY: 1988
BaseDay: 3
First day of year: 4
The day is: 2
Date : {23, 10, 2001} Iterations: 658
Date : {24, 10, 2001} Iterations: 659
BaseY: 2000
StartY: 1988
BaseDay: 3
First day of year: 4
The day is: 3
DateGC : {1, 7, 2009} Iterations: 659
BaseY: 2000
StartY: 1988
BaseDay: 3
First day of year: 4
The day is: 3
Date : {24, 10, 2001} Iterations: 659
Date : {25, 10, 2001} Iterations: 660
BaseY: 2000
StartY: 1988
BaseDay: 3
First day of year: 4
The day is: 4
DateGC : {2, 7, 2009} Iterations: 660
BaseY: 2000
StartY: 1988
BaseDay: 3
First day of year: 4
The day is: 4
Date : {25, 10, 2001} Iterations: 660
Date : {26, 10, 2001} Iterations: 661
BaseY: 2000
StartY: 1988
BaseDay: 3
First day of year: 4
The day is: 5
DateGC : {3, 7, 2009} Iterations: 661
BaseY: 2000
StartY: 1988
BaseDay: 3
First day of year: 4
The day is: 5
Date : {26, 10, 2001} Iterations: 661
Date : {27, 10, 2001} Iterations: 662
BaseY: 2000
StartY: 1988
BaseDay: 3
First day of year: 4
The day is: 6
DateGC : {4, 7, 2009} Iterations: 662
BaseY: 2000
StartY: 1988
BaseDay: 3
First day of year: 4
The day is: 6
Date : {27, 10, 2001} Iterations: 662
Date : {28, 10, 2001} Iterations: 663
BaseY: 2000
StartY: 1988
BaseDay: 3
First day of year: 4
The day is: 7
DateGC : {5, 7, 2009} Iterations: 663
BaseY: 2000
StartY: 1988
BaseDay: 3
First day of year: 4
The day is: 7
Date : {28, 10, 2001} Iterations: 663
Date : {29, 10, 2001} Iterations: 664
BaseY: 2000
StartY: 1988
BaseDay: 3
First day of year: 4
The day is: 1
DateGC : {6, 7, 2009} Iterations: 664
BaseY: 2000
StartY: 1988
BaseDay: 3
First day of year: 4
The day is: 1
Date : {29, 10, 2001} Iterations: 664
Date : {30, 10, 2001} Iterations: 665
BaseY: 2000
StartY: 1988
BaseDay: 3
First day of year: 4
The day is: 2
DateGC : {7, 7, 2009} Iterations: 665
BaseY: 2000
StartY: 1988
BaseDay: 3
First day of year: 4
The day is: 2
Date : {30, 10, 2001} Iterations: 665
Date : {1, 11, 2001} Iterations: 666
BaseY: 2000
StartY: 1988
BaseDay: 3
First day of year: 4
The day is: 3
DateGC : {8, 7, 2009} Iterations: 666
BaseY: 2000
StartY: 1988
BaseDay: 3
First day of year: 4
The day is: 3
Date : {1, 11, 2001} Iterations: 666
Date : {2, 11, 2001} Iterations: 667
BaseY: 2000
StartY: 1988
BaseDay: 3
First day of year: 4
The day is: 4
DateGC : {9, 7, 2009} Iterations: 667
BaseY: 2000
StartY: 1988
BaseDay: 3
First day of year: 4
The day is: 4
Date : {2, 11, 2001} Iterations: 667
Date : {3, 11, 2001} Iterations: 668
BaseY: 2000
StartY: 1988
BaseDay: 3
First day of year: 4
The day is: 5
DateGC : {10, 7, 2009} Iterations: 668
BaseY: 2000
StartY: 1988
BaseDay: 3
First day of year: 4
The day is: 5
Date : {3, 11, 2001} Iterations: 668
Date : {4, 11, 2001} Iterations: 669
BaseY: 2000
StartY: 1988
BaseDay: 3
First day of year: 4
The day is: 6
DateGC : {11, 7, 2009} Iterations: 669
BaseY: 2000
StartY: 1988
BaseDay: 3
First day of year: 4
The day is: 6
Date : {4, 11, 2001} Iterations: 669
Date : {5, 11, 2001} Iterations: 670
BaseY: 2000
StartY: 1988
BaseDay: 3
First day of year: 4
The day is: 7
DateGC : {12, 7, 2009} Iterations: 670
BaseY: 2000
StartY: 1988
BaseDay: 3
First day of year: 4
The day is: 7
Date : {5, 11, 2001} Iterations: 670
Date : {6, 11, 2001} Iterations: 671
BaseY: 2000
StartY: 1988
BaseDay: 3
First day of year: 4
The day is: 1
DateGC : {13, 7, 2009} Iterations: 671
BaseY: 2000
StartY: 1988
BaseDay: 3
First day of year: 4
The day is: 1
Date : {6, 11, 2001} Iterations: 671
Date : {7, 11, 2001} Iterations: 672
BaseY: 2000
StartY: 1988
BaseDay: 3
First day of year: 4
The day is: 2
DateGC : {14, 7, 2009} Iterations: 672
BaseY: 2000
StartY: 1988
BaseDay: 3
First day of year: 4
The day is: 2
Date : {7, 11, 2001} Iterations: 672
Date : {8, 11, 2001} Iterations: 673
BaseY: 2000
StartY: 1988
BaseDay: 3
First day of year: 4
The day is: 3
DateGC : {15, 7, 2009} Iterations: 673
BaseY: 2000
StartY: 1988
BaseDay: 3
First day of year: 4
The day is: 3
Date : {8, 11, 2001} Iterations: 673
Date : {9, 11, 2001} Iterations: 674
BaseY: 2000
StartY: 1988
BaseDay: 3
First day of year: 4
The day is: 4
DateGC : {16, 7, 2009} Iterations: 674
BaseY: 2000
StartY: 1988
BaseDay: 3
First day of year: 4
The day is: 4
Date : {9, 11, 2001} Iterations: 674
Date : {10, 11, 2001} Iterations: 675
BaseY: 2000
StartY: 1988
BaseDay: 3
First day of year: 4
The day is: 5
DateGC : {17, 7, 2009} Iterations: 675
BaseY: 2000
StartY: 1988
BaseDay: 3
First day of year: 4
The day is: 5
Date : {10, 11, 2001} Iterations: 675
Date : {11, 11, 2001} Iterations: 676
BaseY: 2000
StartY: 1988
BaseDay: 3
First day of year: 4
The day is: 6
DateGC : {18, 7, 2009} Iterations: 676
BaseY: 2000
StartY: 1988
BaseDay: 3
First day of year: 4
The day is: 6
Date : {11, 11, 2001} Iterations: 676
Date : {12, 11, 2001} Iterations: 677
BaseY: 2000
StartY: 1988
BaseDay: 3
First day of year: 4
The day is: 7
DateGC : {19, 7, 2009} Iterations: 677
BaseY: 2000
StartY: 1988
BaseDay: 3
First day of year: 4
The day is: 7
Date : {12, 11, 2001} Iterations: 677
Date : {13, 11, 2001} Iterations: 678
BaseY: 2000
StartY: 1988
BaseDay: 3
First day of year: 4
The day is: 1
DateGC : {20, 7, 2009} Iterations: 678
BaseY: 2000
StartY: 1988
BaseDay: 3
First day of year: 4
The day is: 1
Date : {13, 11, 2001} Iterations: 678
Date : {14, 11, 2001} Iterations: 679
BaseY: 2000
StartY: 1988
BaseDay: 3
First day of year: 4
The day is: 2
DateGC : {21, 7, 2009} Iterations: 679
BaseY: 2000
StartY: 1988
BaseDay: 3
First day of year: 4
The day is: 2
Date : {14, 11, 2001} Iterations: 679
Date : {15, 11, 2001} Iterations: 680
BaseY: 2000
StartY: 1988
BaseDay: 3
First day of year: 4
The day is: 3
DateGC : {22, 7, 2009} Iterations: 680
BaseY: 2000
StartY: 1988
BaseDay: 3
First day of year: 4
The day is: 3
Date : {15, 11, 2001} Iterations: 680
Date : {16, 11, 2001} Iterations: 681
BaseY: 2000
StartY: 1988
BaseDay: 3
First day of year: 4
The day is: 4
DateGC : {23, 7, 2009} Iterations: 681
BaseY: 2000
StartY: 1988
BaseDay: 3
First day of year: 4
The day is: 4
Date : {16, 11, 2001} Iterations: 681
Date : {17, 11, 2001} Iterations: 682
BaseY: 2000
StartY: 1988
BaseDay: 3
First day of year: 4
The day is: 5
DateGC : {24, 7, 2009} Iterations: 682
BaseY: 2000
StartY: 1988
BaseDay: 3
First day of year: 4
The day is: 5
Date : {17, 11, 2001} Iterations: 682
Date : {18, 11, 2001} Iterations: 683
BaseY: 2000
StartY: 1988
BaseDay: 3
First day of year: 4
The day is: 6
DateGC : {25, 7, 2009} Iterations: 683
BaseY: 2000
StartY: 1988
BaseDay: 3
First day of year: 4
The day is: 6
Date : {18, 11, 2001} Iterations: 683
Date : {19, 11, 2001} Iterations: 684
BaseY: 2000
StartY: 1988
BaseDay: 3
First day of year: 4
The day is: 7
DateGC : {26, 7, 2009} Iterations: 684
BaseY: 2000
StartY: 1988
BaseDay: 3
First day of year: 4
The day is: 7
Date : {19, 11, 2001} Iterations: 684
Date : {20, 11, 2001} Iterations: 685
BaseY: 2000
StartY: 1988
BaseDay: 3
First day of year: 4
The day is: 1
DateGC : {27, 7, 2009} Iterations: 685
BaseY: 2000
StartY: 1988
BaseDay: 3
First day of year: 4
The day is: 1
Date : {20, 11, 2001} Iterations: 685
Date : {21, 11, 2001} Iterations: 686
BaseY: 2000
StartY: 1988
BaseDay: 3
First day of year: 4
The day is: 2
DateGC : {28, 7, 2009} Iterations: 686
BaseY: 2000
StartY: 1988
BaseDay: 3
First day of year: 4
The day is: 2
Date : {21, 11, 2001} Iterations: 686
Date : {22, 11, 2001} Iterations: 687
BaseY: 2000
StartY: 1988
BaseDay: 3
First day of year: 4
The day is: 3
DateGC : {29, 7, 2009} Iterations: 687
BaseY: 2000
StartY: 1988
BaseDay: 3
First day of year: 4
The day is: 3
Date : {22, 11, 2001} Iterations: 687
Date : {23, 11, 2001} Iterations: 688
BaseY: 2000
StartY: 1988
BaseDay: 3
First day of year: 4
The day is: 4
DateGC : {30, 7, 2009} Iterations: 688
BaseY: 2000
StartY: 1988
BaseDay: 3
First day of year: 4
The day is: 4
Date : {23, 11, 2001} Iterations: 688
Date : {24, 11, 2001} Iterations: 689
BaseY: 2000
StartY: 1988
BaseDay: 3
First day of year: 4
The day is: 5
DateGC : {31, 7, 2009} Iterations: 689
BaseY: 2000
StartY: 1988
BaseDay: 3
First day of year: 4
The day is: 5
Date : {24, 11, 2001} Iterations: 689
Date : {25, 11, 2001} Iterations: 690
BaseY: 2000
StartY: 1988
BaseDay: 3
First day of year: 4
The day is: 6
DateGC : {1, 8, 2009} Iterations: 690
BaseY: 2000
StartY: 1988
BaseDay: 3
First day of year: 4
The day is: 6
Date : {25, 11, 2001} Iterations: 690
Date : {26, 11, 2001} Iterations: 691
BaseY: 2000
StartY: 1988
BaseDay: 3
First day of year: 4
The day is: 7
DateGC : {2, 8, 2009} Iterations: 691
BaseY: 2000
StartY: 1988
BaseDay: 3
First day of year: 4
The day is: 7
Date : {26, 11, 2001} Iterations: 691
Date : {27, 11, 2001} Iterations: 692
BaseY: 2000
StartY: 1988
BaseDay: 3
First day of year: 4
The day is: 1
DateGC : {3, 8, 2009} Iterations: 692
BaseY: 2000
StartY: 1988
BaseDay: 3
First day of year: 4
The day is: 1
Date : {27, 11, 2001} Iterations: 692
Date : {28, 11, 2001} Iterations: 693
BaseY: 2000
StartY: 1988
BaseDay: 3
First day of year: 4
The day is: 2
DateGC : {4, 8, 2009} Iterations: 693
BaseY: 2000
StartY: 1988
BaseDay: 3
First day of year: 4
The day is: 2
Date : {28, 11, 2001} Iterations: 693
Date : {29, 11, 2001} Iterations: 694
BaseY: 2000
StartY: 1988
BaseDay: 3
First day of year: 4
The day is: 3
DateGC : {5, 8, 2009} Iterations: 694
BaseY: 2000
StartY: 1988
BaseDay: 3
First day of year: 4
The day is: 3
Date : {29, 11, 2001} Iterations: 694
Date : {30, 11, 2001} Iterations: 695
BaseY: 2000
StartY: 1988
BaseDay: 3
First day of year: 4
The day is: 4
DateGC : {6, 8, 2009} Iterations: 695
BaseY: 2000
StartY: 1988
BaseDay: 3
First day of year: 4
The day is: 4
Date : {30, 11, 2001} Iterations: 695
Date : {1, 12, 2001} Iterations: 696
BaseY: 2000
StartY: 1988
BaseDay: 3
First day of year: 4
The day is: 5
DateGC : {7, 8, 2009} Iterations: 696
BaseY: 2000
StartY: 1988
BaseDay: 3
First day of year: 4
The day is: 5
Date : {1, 12, 2001} Iterations: 696
Date : {2, 12, 2001} Iterations: 697
BaseY: 2000
StartY: 1988
BaseDay: 3
First day of year: 4
The day is: 6
DateGC : {8, 8, 2009} Iterations: 697
BaseY: 2000
StartY: 1988
BaseDay: 3
First day of year: 4
The day is: 6
Date : {2, 12, 2001} Iterations: 697
Date : {3, 12, 2001} Iterations: 698
BaseY: 2000
StartY: 1988
BaseDay: 3
First day of year: 4
The day is: 7
DateGC : {9, 8, 2009} Iterations: 698
BaseY: 2000
StartY: 1988
BaseDay: 3
First day of year: 4
The day is: 7
Date : {3, 12, 2001} Iterations: 698
Date : {4, 12, 2001} Iterations: 699
BaseY: 2000
StartY: 1988
BaseDay: 3
First day of year: 4
The day is: 1
DateGC : {10, 8, 2009} Iterations: 699
BaseY: 2000
StartY: 1988
BaseDay: 3
First day of year: 4
The day is: 1
Date : {4, 12, 2001} Iterations: 699
Date : {5, 12, 2001} Iterations: 700
BaseY: 2000
StartY: 1988
BaseDay: 3
First day of year: 4
The day is: 2
DateGC : {11, 8, 2009} Iterations: 700
BaseY: 2000
StartY: 1988
BaseDay: 3
First day of year: 4
The day is: 2
Date : {5, 12, 2001} Iterations: 700
Date : {6, 12, 2001} Iterations: 701
BaseY: 2000
StartY: 1988
BaseDay: 3
First day of year: 4
The day is: 3
DateGC : {12, 8, 2009} Iterations: 701
BaseY: 2000
StartY: 1988
BaseDay: 3
First day of year: 4
The day is: 3
Date : {6, 12, 2001} Iterations: 701
Date : {7, 12, 2001} Iterations: 702
BaseY: 2000
StartY: 1988
BaseDay: 3
First day of year: 4
The day is: 4
DateGC : {13, 8, 2009} Iterations: 702
BaseY: 2000
StartY: 1988
BaseDay: 3
First day of year: 4
The day is: 4
Date : {7, 12, 2001} Iterations: 702
Date : {8, 12, 2001} Iterations: 703
BaseY: 2000
StartY: 1988
BaseDay: 3
First day of year: 4
The day is: 5
DateGC : {14, 8, 2009} Iterations: 703
BaseY: 2000
StartY: 1988
BaseDay: 3
First day of year: 4
The day is: 5
Date : {8, 12, 2001} Iterations: 703
Date : {9, 12, 2001} Iterations: 704
BaseY: 2000
StartY: 1988
BaseDay: 3
First day of year: 4
The day is: 6
DateGC : {15, 8, 2009} Iterations: 704
BaseY: 2000
StartY: 1988
BaseDay: 3
First day of year: 4
The day is: 6
Date : {9, 12, 2001} Iterations: 704
Date : {10, 12, 2001} Iterations: 705
BaseY: 2000
StartY: 1988
BaseDay: 3
First day of year: 4
The day is: 7
DateGC : {16, 8, 2009} Iterations: 705
BaseY: 2000
StartY: 1988
BaseDay: 3
First day of year: 4
The day is: 7
Date : {10, 12, 2001} Iterations: 705
Date : {11, 12, 2001} Iterations: 706
BaseY: 2000
StartY: 1988
BaseDay: 3
First day of year: 4
The day is: 1
DateGC : {17, 8, 2009} Iterations: 706
BaseY: 2000
StartY: 1988
BaseDay: 3
First day of year: 4
The day is: 1
Date : {11, 12, 2001} Iterations: 706
Date : {12, 12, 2001} Iterations: 707
BaseY: 2000
StartY: 1988
BaseDay: 3
First day of year: 4
The day is: 2
DateGC : {18, 8, 2009} Iterations: 707
BaseY: 2000
StartY: 1988
BaseDay: 3
First day of year: 4
The day is: 2
Date : {12, 12, 2001} Iterations: 707
Date : {13, 12, 2001} Iterations: 708
BaseY: 2000
StartY: 1988
BaseDay: 3
First day of year: 4
The day is: 3
DateGC : {19, 8, 2009} Iterations: 708
BaseY: 2000
StartY: 1988
BaseDay: 3
First day of year: 4
The day is: 3
Date : {13, 12, 2001} Iterations: 708
Date : {14, 12, 2001} Iterations: 709
BaseY: 2000
StartY: 1988
BaseDay: 3
First day of year: 4
The day is: 4
DateGC : {20, 8, 2009} Iterations: 709
BaseY: 2000
StartY: 1988
BaseDay: 3
First day of year: 4
The day is: 4
Date : {14, 12, 2001} Iterations: 709
Date : {15, 12, 2001} Iterations: 710
BaseY: 2000
StartY: 1988
BaseDay: 3
First day of year: 4
The day is: 5
DateGC : {21, 8, 2009} Iterations: 710
BaseY: 2000
StartY: 1988
BaseDay: 3
First day of year: 4
The day is: 5
Date : {15, 12, 2001} Iterations: 710
Date : {16, 12, 2001} Iterations: 711
BaseY: 2000
StartY: 1988
BaseDay: 3
First day of year: 4
The day is: 6
DateGC : {22, 8, 2009} Iterations: 711
BaseY: 2000
StartY: 1988
BaseDay: 3
First day of year: 4
The day is: 6
Date : {16, 12, 2001} Iterations: 711
Date : {17, 12, 2001} Iterations: 712
BaseY: 2000
StartY: 1988
BaseDay: 3
First day of year: 4
The day is: 7
DateGC : {23, 8, 2009} Iterations: 712
BaseY: 2000
StartY: 1988
BaseDay: 3
First day of year: 4
The day is: 7
Date : {17, 12, 2001} Iterations: 712
Date : {18, 12, 2001} Iterations: 713
BaseY: 2000
StartY: 1988
BaseDay: 3
First day of year: 4
The day is: 1
DateGC : {24, 8, 2009} Iterations: 713
BaseY: 2000
StartY: 1988
BaseDay: 3
First day of year: 4
The day is: 1
Date : {18, 12, 2001} Iterations: 713
Date : {19, 12, 2001} Iterations: 714
BaseY: 2000
StartY: 1988
BaseDay: 3
First day of year: 4
The day is: 2
DateGC : {25, 8, 2009} Iterations: 714
BaseY: 2000
StartY: 1988
BaseDay: 3
First day of year: 4
The day is: 2
Date : {19, 12, 2001} Iterations: 714
Date : {20, 12, 2001} Iterations: 715
BaseY: 2000
StartY: 1988
BaseDay: 3
First day of year: 4
The day is: 3
DateGC : {26, 8, 2009} Iterations: 715
BaseY: 2000
StartY: 1988
BaseDay: 3
First day of year: 4
The day is: 3
Date : {20, 12, 2001} Iterations: 715
Date : {21, 12, 2001} Iterations: 716
BaseY: 2000
StartY: 1988
BaseDay: 3
First day of year: 4
The day is: 4
DateGC : {27, 8, 2009} Iterations: 716
BaseY: 2000
StartY: 1988
BaseDay: 3
First day of year: 4
The day is: 4
Date : {21, 12, 2001} Iterations: 716
Date : {22, 12, 2001} Iterations: 717
BaseY: 2000
StartY: 1988
BaseDay: 3
First day of year: 4
The day is: 5
DateGC : {28, 8, 2009} Iterations: 717
BaseY: 2000
StartY: 1988
BaseDay: 3
First day of year: 4
The day is: 5
Date : {22, 12, 2001} Iterations: 717
Date : {23, 12, 2001} Iterations: 718
BaseY: 2000
StartY: 1988
BaseDay: 3
First day of year: 4
The day is: 6
DateGC : {29, 8, 2009} Iterations: 718
BaseY: 2000
StartY: 1988
BaseDay: 3
First day of year: 4
The day is: 6
Date : {23, 12, 2001} Iterations: 718
Date : {24, 12, 2001} Iterations: 719
BaseY: 2000
StartY: 1988
BaseDay: 3
First day of year: 4
The day is: 7
DateGC : {30, 8, 2009} Iterations: 719
BaseY: 2000
StartY: 1988
BaseDay: 3
First day of year: 4
The day is: 7
Date : {24, 12, 2001} Iterations: 719
Date : {25, 12, 2001} Iterations: 720
BaseY: 2000
StartY: 1988
BaseDay: 3
First day of year: 4
The day is: 1
DateGC : {31, 8, 2009} Iterations: 720
BaseY: 2000
StartY: 1988
BaseDay: 3
First day of year: 4
The day is: 1
Date : {25, 12, 2001} Iterations: 720
Date : {26, 12, 2001} Iterations: 721
BaseY: 2000
StartY: 1988
BaseDay: 3
First day of year: 4
The day is: 2
DateGC : {1, 9, 2009} Iterations: 721
BaseY: 2000
StartY: 1988
BaseDay: 3
First day of year: 4
The day is: 2
Date : {26, 12, 2001} Iterations: 721
Date : {27, 12, 2001} Iterations: 722
BaseY: 2000
StartY: 1988
BaseDay: 3
First day of year: 4
The day is: 3
DateGC : {2, 9, 2009} Iterations: 722
BaseY: 2000
StartY: 1988
BaseDay: 3
First day of year: 4
The day is: 3
Date : {27, 12, 2001} Iterations: 722
Date : {28, 12, 2001} Iterations: 723
BaseY: 2000
StartY: 1988
BaseDay: 3
First day of year: 4
The day is: 4
DateGC : {3, 9, 2009} Iterations: 723
BaseY: 2000
StartY: 1988
BaseDay: 3
First day of year: 4
The day is: 4
Date : {28, 12, 2001} Iterations: 723
Date : {29, 12, 2001} Iterations: 724
BaseY: 2000
StartY: 1988
BaseDay: 3
First day of year: 4
The day is: 5
DateGC : {4, 9, 2009} Iterations: 724
BaseY: 2000
StartY: 1988
BaseDay: 3
First day of year: 4
The day is: 5
Date : {29, 12, 2001} Iterations: 724
Date : {30, 12, 2001} Iterations: 725
BaseY: 2000
StartY: 1988
BaseDay: 3
First day of year: 4
The day is: 6
DateGC : {5, 9, 2009} Iterations: 725
BaseY: 2000
StartY: 1988
BaseDay: 3
First day of year: 4
The day is: 6
Date : {30, 12, 2001} Iterations: 725
Date : {1, 13, 2001} Iterations: 726
BaseY: 2000
StartY: 1988
BaseDay: 3
First day of year: 4
The day is: 7
DateGC : {6, 9, 2009} Iterations: 726
BaseY: 2000
StartY: 1988
BaseDay: 3
First day of year: 4
The day is: 7
Date : {1, 13, 2001} Iterations: 726
Date : {2, 13, 2001} Iterations: 727
BaseY: 2000
StartY: 1988
BaseDay: 3
First day of year: 4
The day is: 1
DateGC : {7, 9, 2009} Iterations: 727
BaseY: 2000
StartY: 1988
BaseDay: 3
First day of year: 4
The day is: 1
Date : {2, 13, 2001} Iterations: 727
Date : {3, 13, 2001} Iterations: 728
BaseY: 2000
StartY: 1988
BaseDay: 3
First day of year: 4
The day is: 2
DateGC : {8, 9, 2009} Iterations: 728
BaseY: 2000
StartY: 1988
BaseDay: 3
First day of year: 4
The day is: 2
Date : {3, 13, 2001} Iterations: 728
Date : {4, 13, 2001} Iterations: 729
BaseY: 2000
StartY: 1988
BaseDay: 3
First day of year: 4
The day is: 3
DateGC : {9, 9, 2009} Iterations: 729
BaseY: 2000
StartY: 1988
BaseDay: 3
First day of year: 4
The day is: 3
Date : {4, 13, 2001} Iterations: 729
Date : {5, 13, 2001} Iterations: 730
BaseY: 2000
StartY: 1988
BaseDay: 3
First day of year: 4
The day is: 4
DateGC : {10, 9, 2009} Iterations: 730
BaseY: 2000
StartY: 1988
BaseDay: 3
First day of year: 4
The day is: 4
Date : {5, 13, 2001} Iterations: 730
Date : {1, 1, 2002} Iterations: 731
BaseY: 2000
StartY: 1988
BaseDay: 3
First day of year: 5
The day is: 5
DateGC : {11, 9, 2009} Iterations: 731
BaseY: 2000
StartY: 1988
BaseDay: 3
First day of year: 5
The day is: 5
Date : {1, 1, 2002} Iterations: 731
Date : {2, 1, 2002} Iterations: 732
BaseY: 2000
StartY: 1988
BaseDay: 3
First day of year: 5
The day is: 6
DateGC : {12, 9, 2009} Iterations: 732
BaseY: 2000
StartY: 1988
BaseDay: 3
First day of year: 5
The day is: 6
Date : {2, 1, 2002} Iterations: 732
Date : {3, 1, 2002} Iterations: 733
BaseY: 2000
StartY: 1988
BaseDay: 3
First day of year: 5
The day is: 7
DateGC : {13, 9, 2009} Iterations: 733
BaseY: 2000
StartY: 1988
BaseDay: 3
First day of year: 5
The day is: 7
Date : {3, 1, 2002} Iterations: 733
Date : {4, 1, 2002} Iterations: 734
BaseY: 2000
StartY: 1988
BaseDay: 3
First day of year: 5
The day is: 1
DateGC : {14, 9, 2009} Iterations: 734
BaseY: 2000
StartY: 1988
BaseDay: 3
First day of year: 5
The day is: 1
Date : {4, 1, 2002} Iterations: 734
Date : {5, 1, 2002} Iterations: 735
BaseY: 2000
StartY: 1988
BaseDay: 3
First day of year: 5
The day is: 2
DateGC : {15, 9, 2009} Iterations: 735
BaseY: 2000
StartY: 1988
BaseDay: 3
First day of year: 5
The day is: 2
Date : {5, 1, 2002} Iterations: 735
Date : {6, 1, 2002} Iterations: 736
BaseY: 2000
StartY: 1988
BaseDay: 3
First day of year: 5
The day is: 3
DateGC : {16, 9, 2009} Iterations: 736
BaseY: 2000
StartY: 1988
BaseDay: 3
First day of year: 5
The day is: 3
Date : {6, 1, 2002} Iterations: 736
Date : {7, 1, 2002} Iterations: 737
BaseY: 2000
StartY: 1988
BaseDay: 3
First day of year: 5
The day is: 4
DateGC : {17, 9, 2009} Iterations: 737
BaseY: 2000
StartY: 1988
BaseDay: 3
First day of year: 5
The day is: 4
Date : {7, 1, 2002} Iterations: 737
Date : {8, 1, 2002} Iterations: 738
BaseY: 2000
StartY: 1988
BaseDay: 3
First day of year: 5
The day is: 5
DateGC : {18, 9, 2009} Iterations: 738
BaseY: 2000
StartY: 1988
BaseDay: 3
First day of year: 5
The day is: 5
Date : {8, 1, 2002} Iterations: 738
Date : {9, 1, 2002} Iterations: 739
BaseY: 2000
StartY: 1988
BaseDay: 3
First day of year: 5
The day is: 6
DateGC : {19, 9, 2009} Iterations: 739
BaseY: 2000
StartY: 1988
BaseDay: 3
First day of year: 5
The day is: 6
Date : {9, 1, 2002} Iterations: 739
Date : {10, 1, 2002} Iterations: 740
BaseY: 2000
StartY: 1988
BaseDay: 3
First day of year: 5
The day is: 7
DateGC : {20, 9, 2009} Iterations: 740
BaseY: 2000
StartY: 1988
BaseDay: 3
First day of year: 5
The day is: 7
Date : {10, 1, 2002} Iterations: 740
Date : {11, 1, 2002} Iterations: 741
BaseY: 2000
StartY: 1988
BaseDay: 3
First day of year: 5
The day is: 1
DateGC : {21, 9, 2009} Iterations: 741
BaseY: 2000
StartY: 1988
BaseDay: 3
First day of year: 5
The day is: 1
Date : {11, 1, 2002} Iterations: 741
Date : {12, 1, 2002} Iterations: 742
BaseY: 2000
StartY: 1988
BaseDay: 3
First day of year: 5
The day is: 2
DateGC : {22, 9, 2009} Iterations: 742
BaseY: 2000
StartY: 1988
BaseDay: 3
First day of year: 5
The day is: 2
Date : {12, 1, 2002} Iterations: 742
Date : {13, 1, 2002} Iterations: 743
BaseY: 2000
StartY: 1988
BaseDay: 3
First day of year: 5
The day is: 3
DateGC : {23, 9, 2009} Iterations: 743
BaseY: 2000
StartY: 1988
BaseDay: 3
First day of year: 5
The day is: 3
Date : {13, 1, 2002} Iterations: 743
Date : {14, 1, 2002} Iterations: 744
BaseY: 2000
StartY: 1988
BaseDay: 3
First day of year: 5
The day is: 4
DateGC : {24, 9, 2009} Iterations: 744
BaseY: 2000
StartY: 1988
BaseDay: 3
First day of year: 5
The day is: 4
Date : {14, 1, 2002} Iterations: 744
Date : {15, 1, 2002} Iterations: 745
BaseY: 2000
StartY: 1988
BaseDay: 3
First day of year: 5
The day is: 5
DateGC : {25, 9, 2009} Iterations: 745
BaseY: 2000
StartY: 1988
BaseDay: 3
First day of year: 5
The day is: 5
Date : {15, 1, 2002} Iterations: 745
Date : {16, 1, 2002} Iterations: 746
BaseY: 2000
StartY: 1988
BaseDay: 3
First day of year: 5
The day is: 6
DateGC : {26, 9, 2009} Iterations: 746
BaseY: 2000
StartY: 1988
BaseDay: 3
First day of year: 5
The day is: 6
Date : {16, 1, 2002} Iterations: 746
Date : {17, 1, 2002} Iterations: 747
BaseY: 2000
StartY: 1988
BaseDay: 3
First day of year: 5
The day is: 7
DateGC : {27, 9, 2009} Iterations: 747
BaseY: 2000
StartY: 1988
BaseDay: 3
First day of year: 5
The day is: 7
Date : {17, 1, 2002} Iterations: 747
Date : {18, 1, 2002} Iterations: 748
BaseY: 2000
StartY: 1988
BaseDay: 3
First day of year: 5
The day is: 1
DateGC : {28, 9, 2009} Iterations: 748
BaseY: 2000
StartY: 1988
BaseDay: 3
First day of year: 5
The day is: 1
Date : {18, 1, 2002} Iterations: 748
Date : {19, 1, 2002} Iterations: 749
BaseY: 2000
StartY: 1988
BaseDay: 3
First day of year: 5
The day is: 2
DateGC : {29, 9, 2009} Iterations: 749
BaseY: 2000
StartY: 1988
BaseDay: 3
First day of year: 5
The day is: 2
Date : {19, 1, 2002} Iterations: 749
Date : {20, 1, 2002} Iterations: 750
BaseY: 2000
StartY: 1988
BaseDay: 3
First day of year: 5
The day is: 3
DateGC : {30, 9, 2009} Iterations: 750
BaseY: 2000
StartY: 1988
BaseDay: 3
First day of year: 5
The day is: 3
Date : {20, 1, 2002} Iterations: 750
Date : {21, 1, 2002} Iterations: 751
BaseY: 2000
StartY: 1988
BaseDay: 3
First day of year: 5
The day is: 4
DateGC : {1, 10, 2009} Iterations: 751
BaseY: 2000
StartY: 1988
BaseDay: 3
First day of year: 5
The day is: 4
Date : {21, 1, 2002} Iterations: 751
Date : {22, 1, 2002} Iterations: 752
BaseY: 2000
StartY: 1988
BaseDay: 3
First day of year: 5
The day is: 5
DateGC : {2, 10, 2009} Iterations: 752
BaseY: 2000
StartY: 1988
BaseDay: 3
First day of year: 5
The day is: 5
Date : {22, 1, 2002} Iterations: 752
Date : {23, 1, 2002} Iterations: 753
BaseY: 2000
StartY: 1988
BaseDay: 3
First day of year: 5
The day is: 6
DateGC : {3, 10, 2009} Iterations: 753
BaseY: 2000
StartY: 1988
BaseDay: 3
First day of year: 5
The day is: 6
Date : {23, 1, 2002} Iterations: 753
Date : {24, 1, 2002} Iterations: 754
BaseY: 2000
StartY: 1988
BaseDay: 3
First day of year: 5
The day is: 7
DateGC : {4, 10, 2009} Iterations: 754
BaseY: 2000
StartY: 1988
BaseDay: 3
First day of year: 5
The day is: 7
Date : {24, 1, 2002} Iterations: 754
Date : {25, 1, 2002} Iterations: 755
BaseY: 2000
StartY: 1988
BaseDay: 3
First day of year: 5
The day is: 1
DateGC : {5, 10, 2009} Iterations: 755
BaseY: 2000
StartY: 1988
BaseDay: 3
First day of year: 5
The day is: 1
Date : {25, 1, 2002} Iterations: 755
Date : {26, 1, 2002} Iterations: 756
BaseY: 2000
StartY: 1988
BaseDay: 3
First day of year: 5
The day is: 2
DateGC : {6, 10, 2009} Iterations: 756
BaseY: 2000
StartY: 1988
BaseDay: 3
First day of year: 5
The day is: 2
Date : {26, 1, 2002} Iterations: 756
Date : {27, 1, 2002} Iterations: 757
BaseY: 2000
StartY: 1988
BaseDay: 3
First day of year: 5
The day is: 3
DateGC : {7, 10, 2009} Iterations: 757
BaseY: 2000
StartY: 1988
BaseDay: 3
First day of year: 5
The day is: 3
Date : {27, 1, 2002} Iterations: 757
Date : {28, 1, 2002} Iterations: 758
BaseY: 2000
StartY: 1988
BaseDay: 3
First day of year: 5
The day is: 4
DateGC : {8, 10, 2009} Iterations: 758
BaseY: 2000
StartY: 1988
BaseDay: 3
First day of year: 5
The day is: 4
Date : {28, 1, 2002} Iterations: 758
Date : {29, 1, 2002} Iterations: 759
BaseY: 2000
StartY: 1988
BaseDay: 3
First day of year: 5
The day is: 5
DateGC : {9, 10, 2009} Iterations: 759
BaseY: 2000
StartY: 1988
BaseDay: 3
First day of year: 5
The day is: 5
Date : {29, 1, 2002} Iterations: 759
Date : {30, 1, 2002} Iterations: 760
BaseY: 2000
StartY: 1988
BaseDay: 3
First day of year: 5
The day is: 6
DateGC : {10, 10, 2009} Iterations: 760
BaseY: 2000
StartY: 1988
BaseDay: 3
First day of year: 5
The day is: 6
Date : {30, 1, 2002} Iterations: 760
Date : {1, 2, 2002} Iterations: 761
BaseY: 2000
StartY: 1988
BaseDay: 3
First day of year: 5
The day is: 7
DateGC : {11, 10, 2009} Iterations: 761
BaseY: 2000
StartY: 1988
BaseDay: 3
First day of year: 5
The day is: 7
Date : {1, 2, 2002} Iterations: 761
Date : {2, 2, 2002} Iterations: 762
BaseY: 2000
StartY: 1988
BaseDay: 3
First day of year: 5
The day is: 1
DateGC : {12, 10, 2009} Iterations: 762
BaseY: 2000
StartY: 1988
BaseDay: 3
First day of year: 5
The day is: 1
Date : {2, 2, 2002} Iterations: 762
Date : {3, 2, 2002} Iterations: 763
BaseY: 2000
StartY: 1988
BaseDay: 3
First day of year: 5
The day is: 2
DateGC : {13, 10, 2009} Iterations: 763
BaseY: 2000
StartY: 1988
BaseDay: 3
First day of year: 5
The day is: 2
Date : {3, 2, 2002} Iterations: 763
Date : {4, 2, 2002} Iterations: 764
BaseY: 2000
StartY: 1988
BaseDay: 3
First day of year: 5
The day is: 3
DateGC : {14, 10, 2009} Iterations: 764
BaseY: 2000
StartY: 1988
BaseDay: 3
First day of year: 5
The day is: 3
Date : {4, 2, 2002} Iterations: 764
Date : {5, 2, 2002} Iterations: 765
BaseY: 2000
StartY: 1988
BaseDay: 3
First day of year: 5
The day is: 4
DateGC : {15, 10, 2009} Iterations: 765
BaseY: 2000
StartY: 1988
BaseDay: 3
First day of year: 5
The day is: 4
Date : {5, 2, 2002} Iterations: 765
Date : {6, 2, 2002} Iterations: 766
BaseY: 2000
StartY: 1988
BaseDay: 3
First day of year: 5
The day is: 5
DateGC : {16, 10, 2009} Iterations: 766
BaseY: 2000
StartY: 1988
BaseDay: 3
First day of year: 5
The day is: 5
Date : {6, 2, 2002} Iterations: 766
Date : {7, 2, 2002} Iterations: 767
BaseY: 2000
StartY: 1988
BaseDay: 3
First day of year: 5
The day is: 6
DateGC : {17, 10, 2009} Iterations: 767
BaseY: 2000
StartY: 1988
BaseDay: 3
First day of year: 5
The day is: 6
Date : {7, 2, 2002} Iterations: 767
Date : {8, 2, 2002} Iterations: 768
BaseY: 2000
StartY: 1988
BaseDay: 3
First day of year: 5
The day is: 7
DateGC : {18, 10, 2009} Iterations: 768
BaseY: 2000
StartY: 1988
BaseDay: 3
First day of year: 5
The day is: 7
Date : {8, 2, 2002} Iterations: 768
Date : {9, 2, 2002} Iterations: 769
BaseY: 2000
StartY: 1988
BaseDay: 3
First day of year: 5
The day is: 1
DateGC : {19, 10, 2009} Iterations: 769
BaseY: 2000
StartY: 1988
BaseDay: 3
First day of year: 5
The day is: 1
Date : {9, 2, 2002} Iterations: 769
Date : {10, 2, 2002} Iterations: 770
BaseY: 2000
StartY: 1988
BaseDay: 3
First day of year: 5
The day is: 2
DateGC : {20, 10, 2009} Iterations: 770
BaseY: 2000
StartY: 1988
BaseDay: 3
First day of year: 5
The day is: 2
Date : {10, 2, 2002} Iterations: 770
Date : {11, 2, 2002} Iterations: 771
BaseY: 2000
StartY: 1988
BaseDay: 3
First day of year: 5
The day is: 3
DateGC : {21, 10, 2009} Iterations: 771
BaseY: 2000
StartY: 1988
BaseDay: 3
First day of year: 5
The day is: 3
Date : {11, 2, 2002} Iterations: 771
Date : {12, 2, 2002} Iterations: 772
BaseY: 2000
StartY: 1988
BaseDay: 3
First day of year: 5
The day is: 4
DateGC : {22, 10, 2009} Iterations: 772
BaseY: 2000
StartY: 1988
BaseDay: 3
First day of year: 5
The day is: 4
Date : {12, 2, 2002} Iterations: 772
Date : {13, 2, 2002} Iterations: 773
BaseY: 2000
StartY: 1988
BaseDay: 3
First day of year: 5
The day is: 5
DateGC : {23, 10, 2009} Iterations: 773
BaseY: 2000
StartY: 1988
BaseDay: 3
First day of year: 5
The day is: 5
Date : {13, 2, 2002} Iterations: 773
Date : {14, 2, 2002} Iterations: 774
BaseY: 2000
StartY: 1988
BaseDay: 3
First day of year: 5
The day is: 6
DateGC : {24, 10, 2009} Iterations: 774
BaseY: 2000
StartY: 1988
BaseDay: 3
First day of year: 5
The day is: 6
Date : {14, 2, 2002} Iterations: 774
Date : {15, 2, 2002} Iterations: 775
BaseY: 2000
StartY: 1988
BaseDay: 3
First day of year: 5
The day is: 7
DateGC : {25, 10, 2009} Iterations: 775
BaseY: 2000
StartY: 1988
BaseDay: 3
First day of year: 5
The day is: 7
Date : {15, 2, 2002} Iterations: 775
Date : {16, 2, 2002} Iterations: 776
BaseY: 2000
StartY: 1988
BaseDay: 3
First day of year: 5
The day is: 1
DateGC : {26, 10, 2009} Iterations: 776
BaseY: 2000
StartY: 1988
BaseDay: 3
First day of year: 5
The day is: 1
Date : {16, 2, 2002} Iterations: 776
Date : {17, 2, 2002} Iterations: 777
BaseY: 2000
StartY: 1988
BaseDay: 3
First day of year: 5
The day is: 2
DateGC : {27, 10, 2009} Iterations: 777
BaseY: 2000
StartY: 1988
BaseDay: 3
First day of year: 5
The day is: 2
Date : {17, 2, 2002} Iterations: 777
Date : {18, 2, 2002} Iterations: 778
BaseY: 2000
StartY: 1988
BaseDay: 3
First day of year: 5
The day is: 3
DateGC : {28, 10, 2009} Iterations: 778
BaseY: 2000
StartY: 1988
BaseDay: 3
First day of year: 5
The day is: 3
Date : {18, 2, 2002} Iterations: 778
Date : {19, 2, 2002} Iterations: 779
BaseY: 2000
StartY: 1988
BaseDay: 3
First day of year: 5
The day is: 4
DateGC : {29, 10, 2009} Iterations: 779
BaseY: 2000
StartY: 1988
BaseDay: 3
First day of year: 5
The day is: 4
Date : {19, 2, 2002} Iterations: 779
Date : {20, 2, 2002} Iterations: 780
BaseY: 2000
StartY: 1988
BaseDay: 3
First day of year: 5
The day is: 5
DateGC : {30, 10, 2009} Iterations: 780
BaseY: 2000
StartY: 1988
BaseDay: 3
First day of year: 5
The day is: 5
Date : {20, 2, 2002} Iterations: 780
Date : {21, 2, 2002} Iterations: 781
BaseY: 2000
StartY: 1988
BaseDay: 3
First day of year: 5
The day is: 6
DateGC : {31, 10, 2009} Iterations: 781
BaseY: 2000
StartY: 1988
BaseDay: 3
First day of year: 5
The day is: 6
Date : {21, 2, 2002} Iterations: 781
Date : {22, 2, 2002} Iterations: 782
BaseY: 2000
StartY: 1988
BaseDay: 3
First day of year: 5
The day is: 7
DateGC : {1, 11, 2009} Iterations: 782
BaseY: 2000
StartY: 1988
BaseDay: 3
First day of year: 5
The day is: 7
Date : {22, 2, 2002} Iterations: 782
Date : {23, 2, 2002} Iterations: 783
BaseY: 2000
StartY: 1988
BaseDay: 3
First day of year: 5
The day is: 1
DateGC : {2, 11, 2009} Iterations: 783
BaseY: 2000
StartY: 1988
BaseDay: 3
First day of year: 5
The day is: 1
Date : {23, 2, 2002} Iterations: 783
Date : {24, 2, 2002} Iterations: 784
BaseY: 2000
StartY: 1988
BaseDay: 3
First day of year: 5
The day is: 2
DateGC : {3, 11, 2009} Iterations: 784
BaseY: 2000
StartY: 1988
BaseDay: 3
First day of year: 5
The day is: 2
Date : {24, 2, 2002} Iterations: 784
Date : {25, 2, 2002} Iterations: 785
BaseY: 2000
StartY: 1988
BaseDay: 3
First day of year: 5
The day is: 3
DateGC : {4, 11, 2009} Iterations: 785
BaseY: 2000
StartY: 1988
BaseDay: 3
First day of year: 5
The day is: 3
Date : {25, 2, 2002} Iterations: 785
Date : {26, 2, 2002} Iterations: 786
BaseY: 2000
StartY: 1988
BaseDay: 3
First day of year: 5
The day is: 4
DateGC : {5, 11, 2009} Iterations: 786
BaseY: 2000
StartY: 1988
BaseDay: 3
First day of year: 5
The day is: 4
Date : {26, 2, 2002} Iterations: 786
Date : {27, 2, 2002} Iterations: 787
BaseY: 2000
StartY: 1988
BaseDay: 3
First day of year: 5
The day is: 5
DateGC : {6, 11, 2009} Iterations: 787
BaseY: 2000
StartY: 1988
BaseDay: 3
First day of year: 5
The day is: 5
Date : {27, 2, 2002} Iterations: 787
Date : {28, 2, 2002} Iterations: 788
BaseY: 2000
StartY: 1988
BaseDay: 3
First day of year: 5
The day is: 6
DateGC : {7, 11, 2009} Iterations: 788
BaseY: 2000
StartY: 1988
BaseDay: 3
First day of year: 5
The day is: 6
Date : {28, 2, 2002} Iterations: 788
Date : {29, 2, 2002} Iterations: 789
BaseY: 2000
StartY: 1988
BaseDay: 3
First day of year: 5
The day is: 7
DateGC : {8, 11, 2009} Iterations: 789
BaseY: 2000
StartY: 1988
BaseDay: 3
First day of year: 5
The day is: 7
Date : {29, 2, 2002} Iterations: 789
Date : {30, 2, 2002} Iterations: 790
BaseY: 2000
StartY: 1988
BaseDay: 3
First day of year: 5
The day is: 1
DateGC : {9, 11, 2009} Iterations: 790
BaseY: 2000
StartY: 1988
BaseDay: 3
First day of year: 5
The day is: 1
Date : {30, 2, 2002} Iterations: 790
Date : {1, 3, 2002} Iterations: 791
BaseY: 2000
StartY: 1988
BaseDay: 3
First day of year: 5
The day is: 2
DateGC : {10, 11, 2009} Iterations: 791
BaseY: 2000
StartY: 1988
BaseDay: 3
First day of year: 5
The day is: 2
Date : {1, 3, 2002} Iterations: 791
Date : {2, 3, 2002} Iterations: 792
BaseY: 2000
StartY: 1988
BaseDay: 3
First day of year: 5
The day is: 3
DateGC : {11, 11, 2009} Iterations: 792
BaseY: 2000
StartY: 1988
BaseDay: 3
First day of year: 5
The day is: 3
Date : {2, 3, 2002} Iterations: 792
Date : {3, 3, 2002} Iterations: 793
BaseY: 2000
StartY: 1988
BaseDay: 3
First day of year: 5
The day is: 4
DateGC : {12, 11, 2009} Iterations: 793
BaseY: 2000
StartY: 1988
BaseDay: 3
First day of year: 5
The day is: 4
Date : {3, 3, 2002} Iterations: 793
Date : {4, 3, 2002} Iterations: 794
BaseY: 2000
StartY: 1988
BaseDay: 3
First day of year: 5
The day is: 5
DateGC : {13, 11, 2009} Iterations: 794
BaseY: 2000
StartY: 1988
BaseDay: 3
First day of year: 5
The day is: 5
Date : {4, 3, 2002} Iterations: 794
Date : {5, 3, 2002} Iterations: 795
BaseY: 2000
StartY: 1988
BaseDay: 3
First day of year: 5
The day is: 6
DateGC : {14, 11, 2009} Iterations: 795
BaseY: 2000
StartY: 1988
BaseDay: 3
First day of year: 5
The day is: 6
Date : {5, 3, 2002} Iterations: 795
Date : {6, 3, 2002} Iterations: 796
BaseY: 2000
StartY: 1988
BaseDay: 3
First day of year: 5
The day is: 7
DateGC : {15, 11, 2009} Iterations: 796
BaseY: 2000
StartY: 1988
BaseDay: 3
First day of year: 5
The day is: 7
Date : {6, 3, 2002} Iterations: 796
Date : {7, 3, 2002} Iterations: 797
BaseY: 2000
StartY: 1988
BaseDay: 3
First day of year: 5
The day is: 1
DateGC : {16, 11, 2009} Iterations: 797
BaseY: 2000
StartY: 1988
BaseDay: 3
First day of year: 5
The day is: 1
Date : {7, 3, 2002} Iterations: 797
Date : {8, 3, 2002} Iterations: 798
BaseY: 2000
StartY: 1988
BaseDay: 3
First day of year: 5
The day is: 2
DateGC : {17, 11, 2009} Iterations: 798
BaseY: 2000
StartY: 1988
BaseDay: 3
First day of year: 5
The day is: 2
Date : {8, 3, 2002} Iterations: 798
Date : {9, 3, 2002} Iterations: 799
BaseY: 2000
StartY: 1988
BaseDay: 3
First day of year: 5
The day is: 3
DateGC : {18, 11, 2009} Iterations: 799
BaseY: 2000
StartY: 1988
BaseDay: 3
First day of year: 5
The day is: 3
Date : {9, 3, 2002} Iterations: 799
Date : {10, 3, 2002} Iterations: 800
BaseY: 2000
StartY: 1988
BaseDay: 3
First day of year: 5
The day is: 4
DateGC : {19, 11, 2009} Iterations: 800
BaseY: 2000
StartY: 1988
BaseDay: 3
First day of year: 5
The day is: 4
Date : {10, 3, 2002} Iterations: 800
Date : {11, 3, 2002} Iterations: 801
BaseY: 2000
StartY: 1988
BaseDay: 3
First day of year: 5
The day is: 5
DateGC : {20, 11, 2009} Iterations: 801
BaseY: 2000
StartY: 1988
BaseDay: 3
First day of year: 5
The day is: 5
Date : {11, 3, 2002} Iterations: 801
Date : {12, 3, 2002} Iterations: 802
BaseY: 2000
StartY: 1988
BaseDay: 3
First day of year: 5
The day is: 6
DateGC : {21, 11, 2009} Iterations: 802
BaseY: 2000
StartY: 1988
BaseDay: 3
First day of year: 5
The day is: 6
Date : {12, 3, 2002} Iterations: 802
Date : {13, 3, 2002} Iterations: 803
BaseY: 2000
StartY: 1988
BaseDay: 3
First day of year: 5
The day is: 7
DateGC : {22, 11, 2009} Iterations: 803
BaseY: 2000
StartY: 1988
BaseDay: 3
First day of year: 5
The day is: 7
Date : {13, 3, 2002} Iterations: 803
Date : {14, 3, 2002} Iterations: 804
BaseY: 2000
StartY: 1988
BaseDay: 3
First day of year: 5
The day is: 1
DateGC : {23, 11, 2009} Iterations: 804
BaseY: 2000
StartY: 1988
BaseDay: 3
First day of year: 5
The day is: 1
Date : {14, 3, 2002} Iterations: 804
Date : {15, 3, 2002} Iterations: 805
BaseY: 2000
StartY: 1988
BaseDay: 3
First day of year: 5
The day is: 2
DateGC : {24, 11, 2009} Iterations: 805
BaseY: 2000
StartY: 1988
BaseDay: 3
First day of year: 5
The day is: 2
Date : {15, 3, 2002} Iterations: 805
Date : {16, 3, 2002} Iterations: 806
BaseY: 2000
StartY: 1988
BaseDay: 3
First day of year: 5
The day is: 3
DateGC : {25, 11, 2009} Iterations: 806
BaseY: 2000
StartY: 1988
BaseDay: 3
First day of year: 5
The day is: 3
Date : {16, 3, 2002} Iterations: 806
Date : {17, 3, 2002} Iterations: 807
BaseY: 2000
StartY: 1988
BaseDay: 3
First day of year: 5
The day is: 4
DateGC : {26, 11, 2009} Iterations: 807
BaseY: 2000
StartY: 1988
BaseDay: 3
First day of year: 5
The day is: 4
Date : {17, 3, 2002} Iterations: 807
Date : {18, 3, 2002} Iterations: 808
BaseY: 2000
StartY: 1988
BaseDay: 3
First day of year: 5
The day is: 5
DateGC : {27, 11, 2009} Iterations: 808
BaseY: 2000
StartY: 1988
BaseDay: 3
First day of year: 5
The day is: 5
Date : {18, 3, 2002} Iterations: 808
Date : {19, 3, 2002} Iterations: 809
BaseY: 2000
StartY: 1988
BaseDay: 3
First day of year: 5
The day is: 6
DateGC : {28, 11, 2009} Iterations: 809
BaseY: 2000
StartY: 1988
BaseDay: 3
First day of year: 5
The day is: 6
Date : {19, 3, 2002} Iterations: 809
Date : {20, 3, 2002} Iterations: 810
BaseY: 2000
StartY: 1988
BaseDay: 3
First day of year: 5
The day is: 7
DateGC : {29, 11, 2009} Iterations: 810
BaseY: 2000
StartY: 1988
BaseDay: 3
First day of year: 5
The day is: 7
Date : {20, 3, 2002} Iterations: 810
Date : {21, 3, 2002} Iterations: 811
BaseY: 2000
StartY: 1988
BaseDay: 3
First day of year: 5
The day is: 1
DateGC : {30, 11, 2009} Iterations: 811
BaseY: 2000
StartY: 1988
BaseDay: 3
First day of year: 5
The day is: 1
Date : {21, 3, 2002} Iterations: 811
Date : {22, 3, 2002} Iterations: 812
BaseY: 2000
StartY: 1988
BaseDay: 3
First day of year: 5
The day is: 2
DateGC : {1, 12, 2009} Iterations: 812
BaseY: 2000
StartY: 1988
BaseDay: 3
First day of year: 5
The day is: 2
Date : {22, 3, 2002} Iterations: 812
Date : {23, 3, 2002} Iterations: 813
BaseY: 2000
StartY: 1988
BaseDay: 3
First day of year: 5
The day is: 3
DateGC : {2, 12, 2009} Iterations: 813
BaseY: 2000
StartY: 1988
BaseDay: 3
First day of year: 5
The day is: 3
Date : {23, 3, 2002} Iterations: 813
Date : {24, 3, 2002} Iterations: 814
BaseY: 2000
StartY: 1988
BaseDay: 3
First day of year: 5
The day is: 4
DateGC : {3, 12, 2009} Iterations: 814
BaseY: 2000
StartY: 1988
BaseDay: 3
First day of year: 5
The day is: 4
Date : {24, 3, 2002} Iterations: 814
Date : {25, 3, 2002} Iterations: 815
BaseY: 2000
StartY: 1988
BaseDay: 3
First day of year: 5
The day is: 5
DateGC : {4, 12, 2009} Iterations: 815
BaseY: 2000
StartY: 1988
BaseDay: 3
First day of year: 5
The day is: 5
Date : {25, 3, 2002} Iterations: 815
Date : {26, 3, 2002} Iterations: 816
BaseY: 2000
StartY: 1988
BaseDay: 3
First day of year: 5
The day is: 6
DateGC : {5, 12, 2009} Iterations: 816
BaseY: 2000
StartY: 1988
BaseDay: 3
First day of year: 5
The day is: 6
Date : {26, 3, 2002} Iterations: 816
Date : {27, 3, 2002} Iterations: 817
BaseY: 2000
StartY: 1988
BaseDay: 3
First day of year: 5
The day is: 7
DateGC : {6, 12, 2009} Iterations: 817
BaseY: 2000
StartY: 1988
BaseDay: 3
First day of year: 5
The day is: 7
Date : {27, 3, 2002} Iterations: 817
Date : {28, 3, 2002} Iterations: 818
BaseY: 2000
StartY: 1988
BaseDay: 3
First day of year: 5
The day is: 1
DateGC : {7, 12, 2009} Iterations: 818
BaseY: 2000
StartY: 1988
BaseDay: 3
First day of year: 5
The day is: 1
Date : {28, 3, 2002} Iterations: 818
Date : {29, 3, 2002} Iterations: 819
BaseY: 2000
StartY: 1988
BaseDay: 3
First day of year: 5
The day is: 2
DateGC : {8, 12, 2009} Iterations: 819
BaseY: 2000
StartY: 1988
BaseDay: 3
First day of year: 5
The day is: 2
Date : {29, 3, 2002} Iterations: 819
Date : {30, 3, 2002} Iterations: 820
BaseY: 2000
StartY: 1988
BaseDay: 3
First day of year: 5
The day is: 3
DateGC : {9, 12, 2009} Iterations: 820
BaseY: 2000
StartY: 1988
BaseDay: 3
First day of year: 5
The day is: 3
Date : {30, 3, 2002} Iterations: 820
Date : {1, 4, 2002} Iterations: 821
BaseY: 2000
StartY: 1988
BaseDay: 3
First day of year: 5
The day is: 4
DateGC : {10, 12, 2009} Iterations: 821
BaseY: 2000
StartY: 1988
BaseDay: 3
First day of year: 5
The day is: 4
Date : {1, 4, 2002} Iterations: 821
Date : {2, 4, 2002} Iterations: 822
BaseY: 2000
StartY: 1988
BaseDay: 3
First day of year: 5
The day is: 5
DateGC : {11, 12, 2009} Iterations: 822
BaseY: 2000
StartY: 1988
BaseDay: 3
First day of year: 5
The day is: 5
Date : {2, 4, 2002} Iterations: 822
Date : {3, 4, 2002} Iterations: 823
BaseY: 2000
StartY: 1988
BaseDay: 3
First day of year: 5
The day is: 6
DateGC : {12, 12, 2009} Iterations: 823
BaseY: 2000
StartY: 1988
BaseDay: 3
First day of year: 5
The day is: 6
Date : {3, 4, 2002} Iterations: 823
Date : {4, 4, 2002} Iterations: 824
BaseY: 2000
StartY: 1988
BaseDay: 3
First day of year: 5
The day is: 7
DateGC : {13, 12, 2009} Iterations: 824
BaseY: 2000
StartY: 1988
BaseDay: 3
First day of year: 5
The day is: 7
Date : {4, 4, 2002} Iterations: 824
Date : {5, 4, 2002} Iterations: 825
BaseY: 2000
StartY: 1988
BaseDay: 3
First day of year: 5
The day is: 1
DateGC : {14, 12, 2009} Iterations: 825
BaseY: 2000
StartY: 1988
BaseDay: 3
First day of year: 5
The day is: 1
Date : {5, 4, 2002} Iterations: 825
Date : {6, 4, 2002} Iterations: 826
BaseY: 2000
StartY: 1988
BaseDay: 3
First day of year: 5
The day is: 2
DateGC : {15, 12, 2009} Iterations: 826
BaseY: 2000
StartY: 1988
BaseDay: 3
First day of year: 5
The day is: 2
Date : {6, 4, 2002} Iterations: 826
Date : {7, 4, 2002} Iterations: 827
BaseY: 2000
StartY: 1988
BaseDay: 3
First day of year: 5
The day is: 3
DateGC : {16, 12, 2009} Iterations: 827
BaseY: 2000
StartY: 1988
BaseDay: 3
First day of year: 5
The day is: 3
Date : {7, 4, 2002} Iterations: 827
Date : {8, 4, 2002} Iterations: 828
BaseY: 2000
StartY: 1988
BaseDay: 3
First day of year: 5
The day is: 4
DateGC : {17, 12, 2009} Iterations: 828
BaseY: 2000
StartY: 1988
BaseDay: 3
First day of year: 5
The day is: 4
Date : {8, 4, 2002} Iterations: 828
Date : {9, 4, 2002} Iterations: 829
BaseY: 2000
StartY: 1988
BaseDay: 3
First day of year: 5
The day is: 5
DateGC : {18, 12, 2009} Iterations: 829
BaseY: 2000
StartY: 1988
BaseDay: 3
First day of year: 5
The day is: 5
Date : {9, 4, 2002} Iterations: 829
Date : {10, 4, 2002} Iterations: 830
BaseY: 2000
StartY: 1988
BaseDay: 3
First day of year: 5
The day is: 6
DateGC : {19, 12, 2009} Iterations: 830
BaseY: 2000
StartY: 1988
BaseDay: 3
First day of year: 5
The day is: 6
Date : {10, 4, 2002} Iterations: 830
Date : {11, 4, 2002} Iterations: 831
BaseY: 2000
StartY: 1988
BaseDay: 3
First day of year: 5
The day is: 7
DateGC : {20, 12, 2009} Iterations: 831
BaseY: 2000
StartY: 1988
BaseDay: 3
First day of year: 5
The day is: 7
Date : {11, 4, 2002} Iterations: 831
Date : {12, 4, 2002} Iterations: 832
BaseY: 2000
StartY: 1988
BaseDay: 3
First day of year: 5
The day is: 1
DateGC : {21, 12, 2009} Iterations: 832
BaseY: 2000
StartY: 1988
BaseDay: 3
First day of year: 5
The day is: 1
Date : {12, 4, 2002} Iterations: 832
Date : {13, 4, 2002} Iterations: 833
BaseY: 2000
StartY: 1988
BaseDay: 3
First day of year: 5
The day is: 2
DateGC : {22, 12, 2009} Iterations: 833
BaseY: 2000
StartY: 1988
BaseDay: 3
First day of year: 5
The day is: 2
Date : {13, 4, 2002} Iterations: 833
Date : {14, 4, 2002} Iterations: 834
BaseY: 2000
StartY: 1988
BaseDay: 3
First day of year: 5
The day is: 3
DateGC : {23, 12, 2009} Iterations: 834
BaseY: 2000
StartY: 1988
BaseDay: 3
First day of year: 5
The day is: 3
Date : {14, 4, 2002} Iterations: 834
Date : {15, 4, 2002} Iterations: 835
BaseY: 2000
StartY: 1988
BaseDay: 3
First day of year: 5
The day is: 4
DateGC : {24, 12, 2009} Iterations: 835
BaseY: 2000
StartY: 1988
BaseDay: 3
First day of year: 5
The day is: 4
Date : {15, 4, 2002} Iterations: 835
Date : {16, 4, 2002} Iterations: 836
BaseY: 2000
StartY: 1988
BaseDay: 3
First day of year: 5
The day is: 5
DateGC : {25, 12, 2009} Iterations: 836
BaseY: 2000
StartY: 1988
BaseDay: 3
First day of year: 5
The day is: 5
Date : {16, 4, 2002} Iterations: 836
Date : {17, 4, 2002} Iterations: 837
BaseY: 2000
StartY: 1988
BaseDay: 3
First day of year: 5
The day is: 6
DateGC : {26, 12, 2009} Iterations: 837
BaseY: 2000
StartY: 1988
BaseDay: 3
First day of year: 5
The day is: 6
Date : {17, 4, 2002} Iterations: 837
Date : {18, 4, 2002} Iterations: 838
BaseY: 2000
StartY: 1988
BaseDay: 3
First day of year: 5
The day is: 7
DateGC : {27, 12, 2009} Iterations: 838
BaseY: 2000
StartY: 1988
BaseDay: 3
First day of year: 5
The day is: 7
Date : {18, 4, 2002} Iterations: 838
Date : {19, 4, 2002} Iterations: 839
BaseY: 2000
StartY: 1988
BaseDay: 3
First day of year: 5
The day is: 1
DateGC : {28, 12, 2009} Iterations: 839
BaseY: 2000
StartY: 1988
BaseDay: 3
First day of year: 5
The day is: 1
Date : {19, 4, 2002} Iterations: 839
Date : {20, 4, 2002} Iterations: 840
BaseY: 2000
StartY: 1988
BaseDay: 3
First day of year: 5
The day is: 2
DateGC : {29, 12, 2009} Iterations: 840
BaseY: 2000
StartY: 1988
BaseDay: 3
First day of year: 5
The day is: 2
Date : {20, 4, 2002} Iterations: 840
Date : {21, 4, 2002} Iterations: 841
BaseY: 2000
StartY: 1988
BaseDay: 3
First day of year: 5
The day is: 3
DateGC : {30, 12, 2009} Iterations: 841
BaseY: 2000
StartY: 1988
BaseDay: 3
First day of year: 5
The day is: 3
Date : {21, 4, 2002} Iterations: 841
Date : {22, 4, 2002} Iterations: 842
BaseY: 2000
StartY: 1988
BaseDay: 3
First day of year: 5
The day is: 4
DateGC : {31, 12, 2009} Iterations: 842
BaseY: 2000
StartY: 1988
BaseDay: 3
First day of year: 5
The day is: 4
Date : {22, 4, 2002} Iterations: 842
Date : {23, 4, 2002} Iterations: 843
BaseY: 2000
StartY: 1988
BaseDay: 3
First day of year: 5
The day is: 5
DateGC : {1, 1, 2010} Iterations: 843
BaseY: 2000
StartY: 1988
BaseDay: 3
First day of year: 5
The day is: 5
Date : {23, 4, 2002} Iterations: 843
Date : {24, 4, 2002} Iterations: 844
BaseY: 2000
StartY: 1988
BaseDay: 3
First day of year: 5
The day is: 6
DateGC : {2, 1, 2010} Iterations: 844
BaseY: 2000
StartY: 1988
BaseDay: 3
First day of year: 5
The day is: 6
Date : {24, 4, 2002} Iterations: 844
Date : {25, 4, 2002} Iterations: 845
BaseY: 2000
StartY: 1988
BaseDay: 3
First day of year: 5
The day is: 7
DateGC : {3, 1, 2010} Iterations: 845
BaseY: 2000
StartY: 1988
BaseDay: 3
First day of year: 5
The day is: 7
Date : {25, 4, 2002} Iterations: 845
Date : {26, 4, 2002} Iterations: 846
BaseY: 2000
StartY: 1988
BaseDay: 3
First day of year: 5
The day is: 1
DateGC : {4, 1, 2010} Iterations: 846
BaseY: 2000
StartY: 1988
BaseDay: 3
First day of year: 5
The day is: 1
Date : {26, 4, 2002} Iterations: 846
Date : {27, 4, 2002} Iterations: 847
BaseY: 2000
StartY: 1988
BaseDay: 3
First day of year: 5
The day is: 2
DateGC : {5, 1, 2010} Iterations: 847
BaseY: 2000
StartY: 1988
BaseDay: 3
First day of year: 5
The day is: 2
Date : {27, 4, 2002} Iterations: 847
Date : {28, 4, 2002} Iterations: 848
BaseY: 2000
StartY: 1988
BaseDay: 3
First day of year: 5
The day is: 3
DateGC : {6, 1, 2010} Iterations: 848
BaseY: 2000
StartY: 1988
BaseDay: 3
First day of year: 5
The day is: 3
Date : {28, 4, 2002} Iterations: 848
Date : {29, 4, 2002} Iterations: 849
BaseY: 2000
StartY: 1988
BaseDay: 3
First day of year: 5
The day is: 4
DateGC : {7, 1, 2010} Iterations: 849
BaseY: 2000
StartY: 1988
BaseDay: 3
First day of year: 5
The day is: 4
Date : {29, 4, 2002} Iterations: 849
Date : {30, 4, 2002} Iterations: 850
BaseY: 2000
StartY: 1988
BaseDay: 3
First day of year: 5
The day is: 5
DateGC : {8, 1, 2010} Iterations: 850
BaseY: 2000
StartY: 1988
BaseDay: 3
First day of year: 5
The day is: 5
Date : {30, 4, 2002} Iterations: 850
Date : {1, 5, 2002} Iterations: 851
BaseY: 2000
StartY: 1988
BaseDay: 3
First day of year: 5
The day is: 6
DateGC : {9, 1, 2010} Iterations: 851
BaseY: 2000
StartY: 1988
BaseDay: 3
First day of year: 5
The day is: 6
Date : {1, 5, 2002} Iterations: 851
Date : {2, 5, 2002} Iterations: 852
BaseY: 2000
StartY: 1988
BaseDay: 3
First day of year: 5
The day is: 7
DateGC : {10, 1, 2010} Iterations: 852
BaseY: 2000
StartY: 1988
BaseDay: 3
First day of year: 5
The day is: 7
Date : {2, 5, 2002} Iterations: 852
Date : {3, 5, 2002} Iterations: 853
BaseY: 2000
StartY: 1988
BaseDay: 3
First day of year: 5
The day is: 1
DateGC : {11, 1, 2010} Iterations: 853
BaseY: 2000
StartY: 1988
BaseDay: 3
First day of year: 5
The day is: 1
Date : {3, 5, 2002} Iterations: 853
Date : {4, 5, 2002} Iterations: 854
BaseY: 2000
StartY: 1988
BaseDay: 3
First day of year: 5
The day is: 2
DateGC : {12, 1, 2010} Iterations: 854
BaseY: 2000
StartY: 1988
BaseDay: 3
First day of year: 5
The day is: 2
Date : {4, 5, 2002} Iterations: 854
Date : {5, 5, 2002} Iterations: 855
BaseY: 2000
StartY: 1988
BaseDay: 3
First day of year: 5
The day is: 3
DateGC : {13, 1, 2010} Iterations: 855
BaseY: 2000
StartY: 1988
BaseDay: 3
First day of year: 5
The day is: 3
Date : {5, 5, 2002} Iterations: 855
Date : {6, 5, 2002} Iterations: 856
BaseY: 2000
StartY: 1988
BaseDay: 3
First day of year: 5
The day is: 4
DateGC : {14, 1, 2010} Iterations: 856
BaseY: 2000
StartY: 1988
BaseDay: 3
First day of year: 5
The day is: 4
Date : {6, 5, 2002} Iterations: 856
Date : {7, 5, 2002} Iterations: 857
BaseY: 2000
StartY: 1988
BaseDay: 3
First day of year: 5
The day is: 5
DateGC : {15, 1, 2010} Iterations: 857
BaseY: 2000
StartY: 1988
BaseDay: 3
First day of year: 5
The day is: 5
Date : {7, 5, 2002} Iterations: 857
Date : {8, 5, 2002} Iterations: 858
BaseY: 2000
StartY: 1988
BaseDay: 3
First day of year: 5
The day is: 6
DateGC : {16, 1, 2010} Iterations: 858
BaseY: 2000
StartY: 1988
BaseDay: 3
First day of year: 5
The day is: 6
Date : {8, 5, 2002} Iterations: 858
Date : {9, 5, 2002} Iterations: 859
BaseY: 2000
StartY: 1988
BaseDay: 3
First day of year: 5
The day is: 7
DateGC : {17, 1, 2010} Iterations: 859
BaseY: 2000
StartY: 1988
BaseDay: 3
First day of year: 5
The day is: 7
Date : {9, 5, 2002} Iterations: 859
Date : {10, 5, 2002} Iterations: 860
BaseY: 2000
StartY: 1988
BaseDay: 3
First day of year: 5
The day is: 1
DateGC : {18, 1, 2010} Iterations: 860
BaseY: 2000
StartY: 1988
BaseDay: 3
First day of year: 5
The day is: 1
Date : {10, 5, 2002} Iterations: 860
Date : {11, 5, 2002} Iterations: 861
BaseY: 2000
StartY: 1988
BaseDay: 3
First day of year: 5
The day is: 2
DateGC : {19, 1, 2010} Iterations: 861
BaseY: 2000
StartY: 1988
BaseDay: 3
First day of year: 5
The day is: 2
Date : {11, 5, 2002} Iterations: 861
Date : {12, 5, 2002} Iterations: 862
BaseY: 2000
StartY: 1988
BaseDay: 3
First day of year: 5
The day is: 3
DateGC : {20, 1, 2010} Iterations: 862
BaseY: 2000
StartY: 1988
BaseDay: 3
First day of year: 5
The day is: 3
Date : {12, 5, 2002} Iterations: 862
Date : {13, 5, 2002} Iterations: 863
BaseY: 2000
StartY: 1988
BaseDay: 3
First day of year: 5
The day is: 4
DateGC : {21, 1, 2010} Iterations: 863
BaseY: 2000
StartY: 1988
BaseDay: 3
First day of year: 5
The day is: 4
Date : {13, 5, 2002} Iterations: 863
Date : {14, 5, 2002} Iterations: 864
BaseY: 2000
StartY: 1988
BaseDay: 3
First day of year: 5
The day is: 5
DateGC : {22, 1, 2010} Iterations: 864
BaseY: 2000
StartY: 1988
BaseDay: 3
First day of year: 5
The day is: 5
Date : {14, 5, 2002} Iterations: 864
Date : {15, 5, 2002} Iterations: 865
BaseY: 2000
StartY: 1988
BaseDay: 3
First day of year: 5
The day is: 6
DateGC : {23, 1, 2010} Iterations: 865
BaseY: 2000
StartY: 1988
BaseDay: 3
First day of year: 5
The day is: 6
Date : {15, 5, 2002} Iterations: 865
Date : {16, 5, 2002} Iterations: 866
BaseY: 2000
StartY: 1988
BaseDay: 3
First day of year: 5
The day is: 7
DateGC : {24, 1, 2010} Iterations: 866
BaseY: 2000
StartY: 1988
BaseDay: 3
First day of year: 5
The day is: 7
Date : {16, 5, 2002} Iterations: 866
Date : {17, 5, 2002} Iterations: 867
BaseY: 2000
StartY: 1988
BaseDay: 3
First day of year: 5
The day is: 1
DateGC : {25, 1, 2010} Iterations: 867
BaseY: 2000
StartY: 1988
BaseDay: 3
First day of year: 5
The day is: 1
Date : {17, 5, 2002} Iterations: 867
Date : {18, 5, 2002} Iterations: 868
BaseY: 2000
StartY: 1988
BaseDay: 3
First day of year: 5
The day is: 2
DateGC : {26, 1, 2010} Iterations: 868
BaseY: 2000
StartY: 1988
BaseDay: 3
First day of year: 5
The day is: 2
Date : {18, 5, 2002} Iterations: 868
Date : {19, 5, 2002} Iterations: 869
BaseY: 2000
StartY: 1988
BaseDay: 3
First day of year: 5
The day is: 3
DateGC : {27, 1, 2010} Iterations: 869
BaseY: 2000
StartY: 1988
BaseDay: 3
First day of year: 5
The day is: 3
Date : {19, 5, 2002} Iterations: 869
Date : {20, 5, 2002} Iterations: 870
BaseY: 2000
StartY: 1988
BaseDay: 3
First day of year: 5
The day is: 4
DateGC : {28, 1, 2010} Iterations: 870
BaseY: 2000
StartY: 1988
BaseDay: 3
First day of year: 5
The day is: 4
Date : {20, 5, 2002} Iterations: 870
Date : {21, 5, 2002} Iterations: 871
BaseY: 2000
StartY: 1988
BaseDay: 3
First day of year: 5
The day is: 5
DateGC : {29, 1, 2010} Iterations: 871
BaseY: 2000
StartY: 1988
BaseDay: 3
First day of year: 5
The day is: 5
Date : {21, 5, 2002} Iterations: 871
Date : {22, 5, 2002} Iterations: 872
BaseY: 2000
StartY: 1988
BaseDay: 3
First day of year: 5
The day is: 6
DateGC : {30, 1, 2010} Iterations: 872
BaseY: 2000
StartY: 1988
BaseDay: 3
First day of year: 5
The day is: 6
Date : {22, 5, 2002} Iterations: 872
Date : {23, 5, 2002} Iterations: 873
BaseY: 2000
StartY: 1988
BaseDay: 3
First day of year: 5
The day is: 7
DateGC : {31, 1, 2010} Iterations: 873
BaseY: 2000
StartY: 1988
BaseDay: 3
First day of year: 5
The day is: 7
Date : {23, 5, 2002} Iterations: 873
Date : {24, 5, 2002} Iterations: 874
BaseY: 2000
StartY: 1988
BaseDay: 3
First day of year: 5
The day is: 1
DateGC : {1, 2, 2010} Iterations: 874
BaseY: 2000
StartY: 1988
BaseDay: 3
First day of year: 5
The day is: 1
Date : {24, 5, 2002} Iterations: 874
Date : {25, 5, 2002} Iterations: 875
BaseY: 2000
StartY: 1988
BaseDay: 3
First day of year: 5
The day is: 2
DateGC : {2, 2, 2010} Iterations: 875
BaseY: 2000
StartY: 1988
BaseDay: 3
First day of year: 5
The day is: 2
Date : {25, 5, 2002} Iterations: 875
Date : {26, 5, 2002} Iterations: 876
BaseY: 2000
StartY: 1988
BaseDay: 3
First day of year: 5
The day is: 3
DateGC : {3, 2, 2010} Iterations: 876
BaseY: 2000
StartY: 1988
BaseDay: 3
First day of year: 5
The day is: 3
Date : {26, 5, 2002} Iterations: 876
Date : {27, 5, 2002} Iterations: 877
BaseY: 2000
StartY: 1988
BaseDay: 3
First day of year: 5
The day is: 4
DateGC : {4, 2, 2010} Iterations: 877
BaseY: 2000
StartY: 1988
BaseDay: 3
First day of year: 5
The day is: 4
Date : {27, 5, 2002} Iterations: 877
Date : {28, 5, 2002} Iterations: 878
BaseY: 2000
StartY: 1988
BaseDay: 3
First day of year: 5
The day is: 5
DateGC : {5, 2, 2010} Iterations: 878
BaseY: 2000
StartY: 1988
BaseDay: 3
First day of year: 5
The day is: 5
Date : {28, 5, 2002} Iterations: 878
Date : {29, 5, 2002} Iterations: 879
BaseY: 2000
StartY: 1988
BaseDay: 3
First day of year: 5
The day is: 6
DateGC : {6, 2, 2010} Iterations: 879
BaseY: 2000
StartY: 1988
BaseDay: 3
First day of year: 5
The day is: 6
Date : {29, 5, 2002} Iterations: 879
Date : {30, 5, 2002} Iterations: 880
BaseY: 2000
StartY: 1988
BaseDay: 3
First day of year: 5
The day is: 7
DateGC : {7, 2, 2010} Iterations: 880
BaseY: 2000
StartY: 1988
BaseDay: 3
First day of year: 5
The day is: 7
Date : {30, 5, 2002} Iterations: 880
Date : {1, 6, 2002} Iterations: 881
BaseY: 2000
StartY: 1988
BaseDay: 3
First day of year: 5
The day is: 1
DateGC : {8, 2, 2010} Iterations: 881
BaseY: 2000
StartY: 1988
BaseDay: 3
First day of year: 5
The day is: 1
Date : {1, 6, 2002} Iterations: 881
Date : {2, 6, 2002} Iterations: 882
BaseY: 2000
StartY: 1988
BaseDay: 3
First day of year: 5
The day is: 2
DateGC : {9, 2, 2010} Iterations: 882
BaseY: 2000
StartY: 1988
BaseDay: 3
First day of year: 5
The day is: 2
Date : {2, 6, 2002} Iterations: 882
Date : {3, 6, 2002} Iterations: 883
BaseY: 2000
StartY: 1988
BaseDay: 3
First day of year: 5
The day is: 3
DateGC : {10, 2, 2010} Iterations: 883
BaseY: 2000
StartY: 1988
BaseDay: 3
First day of year: 5
The day is: 3
Date : {3, 6, 2002} Iterations: 883
Date : {4, 6, 2002} Iterations: 884
BaseY: 2000
StartY: 1988
BaseDay: 3
First day of year: 5
The day is: 4
DateGC : {11, 2, 2010} Iterations: 884
BaseY: 2000
StartY: 1988
BaseDay: 3
First day of year: 5
The day is: 4
Date : {4, 6, 2002} Iterations: 884
Date : {5, 6, 2002} Iterations: 885
BaseY: 2000
StartY: 1988
BaseDay: 3
First day of year: 5
The day is: 5
DateGC : {12, 2, 2010} Iterations: 885
BaseY: 2000
StartY: 1988
BaseDay: 3
First day of year: 5
The day is: 5
Date : {5, 6, 2002} Iterations: 885
Date : {6, 6, 2002} Iterations: 886
BaseY: 2000
StartY: 1988
BaseDay: 3
First day of year: 5
The day is: 6
DateGC : {13, 2, 2010} Iterations: 886
BaseY: 2000
StartY: 1988
BaseDay: 3
First day of year: 5
The day is: 6
Date : {6, 6, 2002} Iterations: 886
Date : {7, 6, 2002} Iterations: 887
BaseY: 2000
StartY: 1988
BaseDay: 3
First day of year: 5
The day is: 7
DateGC : {14, 2, 2010} Iterations: 887
BaseY: 2000
StartY: 1988
BaseDay: 3
First day of year: 5
The day is: 7
Date : {7, 6, 2002} Iterations: 887
Date : {8, 6, 2002} Iterations: 888
BaseY: 2000
StartY: 1988
BaseDay: 3
First day of year: 5
The day is: 1
DateGC : {15, 2, 2010} Iterations: 888
BaseY: 2000
StartY: 1988
BaseDay: 3
First day of year: 5
The day is: 1
Date : {8, 6, 2002} Iterations: 888
Date : {9, 6, 2002} Iterations: 889
BaseY: 2000
StartY: 1988
BaseDay: 3
First day of year: 5
The day is: 2
DateGC : {16, 2, 2010} Iterations: 889
BaseY: 2000
StartY: 1988
BaseDay: 3
First day of year: 5
The day is: 2
Date : {9, 6, 2002} Iterations: 889
Date : {10, 6, 2002} Iterations: 890
BaseY: 2000
StartY: 1988
BaseDay: 3
First day of year: 5
The day is: 3
DateGC : {17, 2, 2010} Iterations: 890
BaseY: 2000
StartY: 1988
BaseDay: 3
First day of year: 5
The day is: 3
Date : {10, 6, 2002} Iterations: 890
Date : {11, 6, 2002} Iterations: 891
BaseY: 2000
StartY: 1988
BaseDay: 3
First day of year: 5
The day is: 4
DateGC : {18, 2, 2010} Iterations: 891
BaseY: 2000
StartY: 1988
BaseDay: 3
First day of year: 5
The day is: 4
Date : {11, 6, 2002} Iterations: 891
Date : {12, 6, 2002} Iterations: 892
BaseY: 2000
StartY: 1988
BaseDay: 3
First day of year: 5
The day is: 5
DateGC : {19, 2, 2010} Iterations: 892
BaseY: 2000
StartY: 1988
BaseDay: 3
First day of year: 5
The day is: 5
Date : {12, 6, 2002} Iterations: 892
Date : {13, 6, 2002} Iterations: 893
BaseY: 2000
StartY: 1988
BaseDay: 3
First day of year: 5
The day is: 6
DateGC : {20, 2, 2010} Iterations: 893
BaseY: 2000
StartY: 1988
BaseDay: 3
First day of year: 5
The day is: 6
Date : {13, 6, 2002} Iterations: 893
Date : {14, 6, 2002} Iterations: 894
BaseY: 2000
StartY: 1988
BaseDay: 3
First day of year: 5
The day is: 7
DateGC : {21, 2, 2010} Iterations: 894
BaseY: 2000
StartY: 1988
BaseDay: 3
First day of year: 5
The day is: 7
Date : {14, 6, 2002} Iterations: 894
Date : {15, 6, 2002} Iterations: 895
BaseY: 2000
StartY: 1988
BaseDay: 3
First day of year: 5
The day is: 1
DateGC : {22, 2, 2010} Iterations: 895
BaseY: 2000
StartY: 1988
BaseDay: 3
First day of year: 5
The day is: 1
Date : {15, 6, 2002} Iterations: 895
Date : {16, 6, 2002} Iterations: 896
BaseY: 2000
StartY: 1988
BaseDay: 3
First day of year: 5
The day is: 2
DateGC : {23, 2, 2010} Iterations: 896
BaseY: 2000
StartY: 1988
BaseDay: 3
First day of year: 5
The day is: 2
Date : {16, 6, 2002} Iterations: 896
Date : {17, 6, 2002} Iterations: 897
BaseY: 2000
StartY: 1988
BaseDay: 3
First day of year: 5
The day is: 3
DateGC : {24, 2, 2010} Iterations: 897
BaseY: 2000
StartY: 1988
BaseDay: 3
First day of year: 5
The day is: 3
Date : {17, 6, 2002} Iterations: 897
Date : {18, 6, 2002} Iterations: 898
BaseY: 2000
StartY: 1988
BaseDay: 3
First day of year: 5
The day is: 4
DateGC : {25, 2, 2010} Iterations: 898
BaseY: 2000
StartY: 1988
BaseDay: 3
First day of year: 5
The day is: 4
Date : {18, 6, 2002} Iterations: 898
Date : {19, 6, 2002} Iterations: 899
BaseY: 2000
StartY: 1988
BaseDay: 3
First day of year: 5
The day is: 5
DateGC : {26, 2, 2010} Iterations: 899
BaseY: 2000
StartY: 1988
BaseDay: 3
First day of year: 5
The day is: 5
Date : {19, 6, 2002} Iterations: 899
Date : {20, 6, 2002} Iterations: 900
BaseY: 2000
StartY: 1988
BaseDay: 3
First day of year: 5
The day is: 6
DateGC : {27, 2, 2010} Iterations: 900
BaseY: 2000
StartY: 1988
BaseDay: 3
First day of year: 5
The day is: 6
Date : {20, 6, 2002} Iterations: 900
Date : {21, 6, 2002} Iterations: 901
BaseY: 2000
StartY: 1988
BaseDay: 3
First day of year: 5
The day is: 7
DateGC : {28, 2, 2010} Iterations: 901
BaseY: 2000
StartY: 1988
BaseDay: 3
First day of year: 5
The day is: 7
Date : {21, 6, 2002} Iterations: 901
Date : {22, 6, 2002} Iterations: 902
BaseY: 2000
StartY: 1988
BaseDay: 3
First day of year: 5
The day is: 1
DateGC : {1, 3, 2010} Iterations: 902
BaseY: 2000
StartY: 1988
BaseDay: 3
First day of year: 5
The day is: 1
Date : {22, 6, 2002} Iterations: 902
Date : {23, 6, 2002} Iterations: 903
BaseY: 2000
StartY: 1988
BaseDay: 3
First day of year: 5
The day is: 2
DateGC : {2, 3, 2010} Iterations: 903
BaseY: 2000
StartY: 1988
BaseDay: 3
First day of year: 5
The day is: 2
Date : {23, 6, 2002} Iterations: 903
Date : {24, 6, 2002} Iterations: 904
BaseY: 2000
StartY: 1988
BaseDay: 3
First day of year: 5
The day is: 3
DateGC : {3, 3, 2010} Iterations: 904
BaseY: 2000
StartY: 1988
BaseDay: 3
First day of year: 5
The day is: 3
Date : {24, 6, 2002} Iterations: 904
Date : {25, 6, 2002} Iterations: 905
BaseY: 2000
StartY: 1988
BaseDay: 3
First day of year: 5
The day is: 4
DateGC : {4, 3, 2010} Iterations: 905
BaseY: 2000
StartY: 1988
BaseDay: 3
First day of year: 5
The day is: 4
Date : {25, 6, 2002} Iterations: 905
Date : {26, 6, 2002} Iterations: 906
BaseY: 2000
StartY: 1988
BaseDay: 3
First day of year: 5
The day is: 5
DateGC : {5, 3, 2010} Iterations: 906
BaseY: 2000
StartY: 1988
BaseDay: 3
First day of year: 5
The day is: 5
Date : {26, 6, 2002} Iterations: 906
Date : {27, 6, 2002} Iterations: 907
BaseY: 2000
StartY: 1988
BaseDay: 3
First day of year: 5
The day is: 6
DateGC : {6, 3, 2010} Iterations: 907
BaseY: 2000
StartY: 1988
BaseDay: 3
First day of year: 5
The day is: 6
Date : {27, 6, 2002} Iterations: 907
Date : {28, 6, 2002} Iterations: 908
BaseY: 2000
StartY: 1988
BaseDay: 3
First day of year: 5
The day is: 7
DateGC : {7, 3, 2010} Iterations: 908
BaseY: 2000
StartY: 1988
BaseDay: 3
First day of year: 5
The day is: 7
Date : {28, 6, 2002} Iterations: 908
Date : {29, 6, 2002} Iterations: 909
BaseY: 2000
StartY: 1988
BaseDay: 3
First day of year: 5
The day is: 1
DateGC : {8, 3, 2010} Iterations: 909
BaseY: 2000
StartY: 1988
BaseDay: 3
First day of year: 5
The day is: 1
Date : {29, 6, 2002} Iterations: 909
Date : {30, 6, 2002} Iterations: 910
BaseY: 2000
StartY: 1988
BaseDay: 3
First day of year: 5
The day is: 2
DateGC : {9, 3, 2010} Iterations: 910
BaseY: 2000
StartY: 1988
BaseDay: 3
First day of year: 5
The day is: 2
Date : {30, 6, 2002} Iterations: 910
Date : {1, 7, 2002} Iterations: 911
BaseY: 2000
StartY: 1988
BaseDay: 3
First day of year: 5
The day is: 3
DateGC : {10, 3, 2010} Iterations: 911
BaseY: 2000
StartY: 1988
BaseDay: 3
First day of year: 5
The day is: 3
Date : {1, 7, 2002} Iterations: 911
Date : {2, 7, 2002} Iterations: 912
BaseY: 2000
StartY: 1988
BaseDay: 3
First day of year: 5
The day is: 4
DateGC : {11, 3, 2010} Iterations: 912
BaseY: 2000
StartY: 1988
BaseDay: 3
First day of year: 5
The day is: 4
Date : {2, 7, 2002} Iterations: 912
Date : {3, 7, 2002} Iterations: 913
BaseY: 2000
StartY: 1988
BaseDay: 3
First day of year: 5
The day is: 5
DateGC : {12, 3, 2010} Iterations: 913
BaseY: 2000
StartY: 1988
BaseDay: 3
First day of year: 5
The day is: 5
Date : {3, 7, 2002} Iterations: 913
Date : {4, 7, 2002} Iterations: 914
BaseY: 2000
StartY: 1988
BaseDay: 3
First day of year: 5
The day is: 6
DateGC : {13, 3, 2010} Iterations: 914
BaseY: 2000
StartY: 1988
BaseDay: 3
First day of year: 5
The day is: 6
Date : {4, 7, 2002} Iterations: 914
Date : {5, 7, 2002} Iterations: 915
BaseY: 2000
StartY: 1988
BaseDay: 3
First day of year: 5
The day is: 7
DateGC : {14, 3, 2010} Iterations: 915
BaseY: 2000
StartY: 1988
BaseDay: 3
First day of year: 5
The day is: 7
Date : {5, 7, 2002} Iterations: 915
Date : {6, 7, 2002} Iterations: 916
BaseY: 2000
StartY: 1988
BaseDay: 3
First day of year: 5
The day is: 1
DateGC : {15, 3, 2010} Iterations: 916
BaseY: 2000
StartY: 1988
BaseDay: 3
First day of year: 5
The day is: 1
Date : {6, 7, 2002} Iterations: 916
Date : {7, 7, 2002} Iterations: 917
BaseY: 2000
StartY: 1988
BaseDay: 3
First day of year: 5
The day is: 2
DateGC : {16, 3, 2010} Iterations: 917
BaseY: 2000
StartY: 1988
BaseDay: 3
First day of year: 5
The day is: 2
Date : {7, 7, 2002} Iterations: 917
Date : {8, 7, 2002} Iterations: 918
BaseY: 2000
StartY: 1988
BaseDay: 3
First day of year: 5
The day is: 3
DateGC : {17, 3, 2010} Iterations: 918
BaseY: 2000
StartY: 1988
BaseDay: 3
First day of year: 5
The day is: 3
Date : {8, 7, 2002} Iterations: 918
Date : {9, 7, 2002} Iterations: 919
BaseY: 2000
StartY: 1988
BaseDay: 3
First day of year: 5
The day is: 4
DateGC : {18, 3, 2010} Iterations: 919
BaseY: 2000
StartY: 1988
BaseDay: 3
First day of year: 5
The day is: 4
Date : {9, 7, 2002} Iterations: 919
Date : {10, 7, 2002} Iterations: 920
BaseY: 2000
StartY: 1988
BaseDay: 3
First day of year: 5
The day is: 5
DateGC : {19, 3, 2010} Iterations: 920
BaseY: 2000
StartY: 1988
BaseDay: 3
First day of year: 5
The day is: 5
Date : {10, 7, 2002} Iterations: 920
Date : {11, 7, 2002} Iterations: 921
BaseY: 2000
StartY: 1988
BaseDay: 3
First day of year: 5
The day is: 6
DateGC : {20, 3, 2010} Iterations: 921
BaseY: 2000
StartY: 1988
BaseDay: 3
First day of year: 5
The day is: 6
Date : {11, 7, 2002} Iterations: 921
Date : {12, 7, 2002} Iterations: 922
BaseY: 2000
StartY: 1988
BaseDay: 3
First day of year: 5
The day is: 7
DateGC : {21, 3, 2010} Iterations: 922
BaseY: 2000
StartY: 1988
BaseDay: 3
First day of year: 5
The day is: 7
Date : {12, 7, 2002} Iterations: 922
Date : {13, 7, 2002} Iterations: 923
BaseY: 2000
StartY: 1988
BaseDay: 3
First day of year: 5
The day is: 1
DateGC : {22, 3, 2010} Iterations: 923
BaseY: 2000
StartY: 1988
BaseDay: 3
First day of year: 5
The day is: 1
Date : {13, 7, 2002} Iterations: 923
Date : {14, 7, 2002} Iterations: 924
BaseY: 2000
StartY: 1988
BaseDay: 3
First day of year: 5
The day is: 2
DateGC : {23, 3, 2010} Iterations: 924
BaseY: 2000
StartY: 1988
BaseDay: 3
First day of year: 5
The day is: 2
Date : {14, 7, 2002} Iterations: 924
Date : {15, 7, 2002} Iterations: 925
BaseY: 2000
StartY: 1988
BaseDay: 3
First day of year: 5
The day is: 3
DateGC : {24, 3, 2010} Iterations: 925
BaseY: 2000
StartY: 1988
BaseDay: 3
First day of year: 5
The day is: 3
Date : {15, 7, 2002} Iterations: 925
Date : {16, 7, 2002} Iterations: 926
BaseY: 2000
StartY: 1988
BaseDay: 3
First day of year: 5
The day is: 4
DateGC : {25, 3, 2010} Iterations: 926
BaseY: 2000
StartY: 1988
BaseDay: 3
First day of year: 5
The day is: 4
Date : {16, 7, 2002} Iterations: 926
Date : {17, 7, 2002} Iterations: 927
BaseY: 2000
StartY: 1988
BaseDay: 3
First day of year: 5
The day is: 5
DateGC : {26, 3, 2010} Iterations: 927
BaseY: 2000
StartY: 1988
BaseDay: 3
First day of year: 5
The day is: 5
Date : {17, 7, 2002} Iterations: 927
Date : {18, 7, 2002} Iterations: 928
BaseY: 2000
StartY: 1988
BaseDay: 3
First day of year: 5
The day is: 6
DateGC : {27, 3, 2010} Iterations: 928
BaseY: 2000
StartY: 1988
BaseDay: 3
First day of year: 5
The day is: 6
Date : {18, 7, 2002} Iterations: 928
Date : {19, 7, 2002} Iterations: 929
BaseY: 2000
StartY: 1988
BaseDay: 3
First day of year: 5
The day is: 7
DateGC : {28, 3, 2010} Iterations: 929
BaseY: 2000
StartY: 1988
BaseDay: 3
First day of year: 5
The day is: 7
Date : {19, 7, 2002} Iterations: 929
Date : {20, 7, 2002} Iterations: 930
BaseY: 2000
StartY: 1988
BaseDay: 3
First day of year: 5
The day is: 1
DateGC : {29, 3, 2010} Iterations: 930
BaseY: 2000
StartY: 1988
BaseDay: 3
First day of year: 5
The day is: 1
Date : {20, 7, 2002} Iterations: 930
Date : {21, 7, 2002} Iterations: 931
BaseY: 2000
StartY: 1988
BaseDay: 3
First day of year: 5
The day is: 2
DateGC : {30, 3, 2010} Iterations: 931
BaseY: 2000
StartY: 1988
BaseDay: 3
First day of year: 5
The day is: 2
Date : {21, 7, 2002} Iterations: 931
Date : {22, 7, 2002} Iterations: 932
BaseY: 2000
StartY: 1988
BaseDay: 3
First day of year: 5
The day is: 3
DateGC : {31, 3, 2010} Iterations: 932
BaseY: 2000
StartY: 1988
BaseDay: 3
First day of year: 5
The day is: 3
Date : {22, 7, 2002} Iterations: 932
Date : {23, 7, 2002} Iterations: 933
BaseY: 2000
StartY: 1988
BaseDay: 3
First day of year: 5
The day is: 4
DateGC : {1, 4, 2010} Iterations: 933
BaseY: 2000
StartY: 1988
BaseDay: 3
First day of year: 5
The day is: 4
Date : {23, 7, 2002} Iterations: 933
Date : {24, 7, 2002} Iterations: 934
BaseY: 2000
StartY: 1988
BaseDay: 3
First day of year: 5
The day is: 5
DateGC : {2, 4, 2010} Iterations: 934
BaseY: 2000
StartY: 1988
BaseDay: 3
First day of year: 5
The day is: 5
Date : {24, 7, 2002} Iterations: 934
Date : {25, 7, 2002} Iterations: 935
BaseY: 2000
StartY: 1988
BaseDay: 3
First day of year: 5
The day is: 6
DateGC : {3, 4, 2010} Iterations: 935
BaseY: 2000
StartY: 1988
BaseDay: 3
First day of year: 5
The day is: 6
Date : {25, 7, 2002} Iterations: 935
Date : {26, 7, 2002} Iterations: 936
BaseY: 2000
StartY: 1988
BaseDay: 3
First day of year: 5
The day is: 7
DateGC : {4, 4, 2010} Iterations: 936
BaseY: 2000
StartY: 1988
BaseDay: 3
First day of year: 5
The day is: 7
Date : {26, 7, 2002} Iterations: 936
Date : {27, 7, 2002} Iterations: 937
BaseY: 2000
StartY: 1988
BaseDay: 3
First day of year: 5
The day is: 1
DateGC : {5, 4, 2010} Iterations: 937
BaseY: 2000
StartY: 1988
BaseDay: 3
First day of year: 5
The day is: 1
Date : {27, 7, 2002} Iterations: 937
Date : {28, 7, 2002} Iterations: 938
BaseY: 2000
StartY: 1988
BaseDay: 3
First day of year: 5
The day is: 2
DateGC : {6, 4, 2010} Iterations: 938
BaseY: 2000
StartY: 1988
BaseDay: 3
First day of year: 5
The day is: 2
Date : {28, 7, 2002} Iterations: 938
Date : {29, 7, 2002} Iterations: 939
BaseY: 2000
StartY: 1988
BaseDay: 3
First day of year: 5
The day is: 3
DateGC : {7, 4, 2010} Iterations: 939
BaseY: 2000
StartY: 1988
BaseDay: 3
First day of year: 5
The day is: 3
Date : {29, 7, 2002} Iterations: 939
Date : {30, 7, 2002} Iterations: 940
BaseY: 2000
StartY: 1988
BaseDay: 3
First day of year: 5
The day is: 4
DateGC : {8, 4, 2010} Iterations: 940
BaseY: 2000
StartY: 1988
BaseDay: 3
First day of year: 5
The day is: 4
Date : {30, 7, 2002} Iterations: 940
Date : {1, 8, 2002} Iterations: 941
BaseY: 2000
StartY: 1988
BaseDay: 3
First day of year: 5
The day is: 5
DateGC : {9, 4, 2010} Iterations: 941
BaseY: 2000
StartY: 1988
BaseDay: 3
First day of year: 5
The day is: 5
Date : {1, 8, 2002} Iterations: 941
Date : {2, 8, 2002} Iterations: 942
BaseY: 2000
StartY: 1988
BaseDay: 3
First day of year: 5
The day is: 6
DateGC : {10, 4, 2010} Iterations: 942
BaseY: 2000
StartY: 1988
BaseDay: 3
First day of year: 5
The day is: 6
Date : {2, 8, 2002} Iterations: 942
Date : {3, 8, 2002} Iterations: 943
BaseY: 2000
StartY: 1988
BaseDay: 3
First day of year: 5
The day is: 7
DateGC : {11, 4, 2010} Iterations: 943
BaseY: 2000
StartY: 1988
BaseDay: 3
First day of year: 5
The day is: 7
Date : {3, 8, 2002} Iterations: 943
Date : {4, 8, 2002} Iterations: 944
BaseY: 2000
StartY: 1988
BaseDay: 3
First day of year: 5
The day is: 1
DateGC : {12, 4, 2010} Iterations: 944
BaseY: 2000
StartY: 1988
BaseDay: 3
First day of year: 5
The day is: 1
Date : {4, 8, 2002} Iterations: 944
Date : {5, 8, 2002} Iterations: 945
BaseY: 2000
StartY: 1988
BaseDay: 3
First day of year: 5
The day is: 2
DateGC : {13, 4, 2010} Iterations: 945
BaseY: 2000
StartY: 1988
BaseDay: 3
First day of year: 5
The day is: 2
Date : {5, 8, 2002} Iterations: 945
Date : {6, 8, 2002} Iterations: 946
BaseY: 2000
StartY: 1988
BaseDay: 3
First day of year: 5
The day is: 3
DateGC : {14, 4, 2010} Iterations: 946
BaseY: 2000
StartY: 1988
BaseDay: 3
First day of year: 5
The day is: 3
Date : {6, 8, 2002} Iterations: 946
Date : {7, 8, 2002} Iterations: 947
BaseY: 2000
StartY: 1988
BaseDay: 3
First day of year: 5
The day is: 4
DateGC : {15, 4, 2010} Iterations: 947
BaseY: 2000
StartY: 1988
BaseDay: 3
First day of year: 5
The day is: 4
Date : {7, 8, 2002} Iterations: 947
Date : {8, 8, 2002} Iterations: 948
BaseY: 2000
StartY: 1988
BaseDay: 3
First day of year: 5
The day is: 5
DateGC : {16, 4, 2010} Iterations: 948
BaseY: 2000
StartY: 1988
BaseDay: 3
First day of year: 5
The day is: 5
Date : {8, 8, 2002} Iterations: 948
Date : {9, 8, 2002} Iterations: 949
BaseY: 2000
StartY: 1988
BaseDay: 3
First day of year: 5
The day is: 6
DateGC : {17, 4, 2010} Iterations: 949
BaseY: 2000
StartY: 1988
BaseDay: 3
First day of year: 5
The day is: 6
Date : {9, 8, 2002} Iterations: 949
Date : {10, 8, 2002} Iterations: 950
BaseY: 2000
StartY: 1988
BaseDay: 3
First day of year: 5
The day is: 7
DateGC : {18, 4, 2010} Iterations: 950
BaseY: 2000
StartY: 1988
BaseDay: 3
First day of year: 5
The day is: 7
Date : {10, 8, 2002} Iterations: 950
Date : {11, 8, 2002} Iterations: 951
BaseY: 2000
StartY: 1988
BaseDay: 3
First day of year: 5
The day is: 1
DateGC : {19, 4, 2010} Iterations: 951
BaseY: 2000
StartY: 1988
BaseDay: 3
First day of year: 5
The day is: 1
Date : {11, 8, 2002} Iterations: 951
Date : {12, 8, 2002} Iterations: 952
BaseY: 2000
StartY: 1988
BaseDay: 3
First day of year: 5
The day is: 2
DateGC : {20, 4, 2010} Iterations: 952
BaseY: 2000
StartY: 1988
BaseDay: 3
First day of year: 5
The day is: 2
Date : {12, 8, 2002} Iterations: 952
Date : {13, 8, 2002} Iterations: 953
BaseY: 2000
StartY: 1988
BaseDay: 3
First day of year: 5
The day is: 3
DateGC : {21, 4, 2010} Iterations: 953
BaseY: 2000
StartY: 1988
BaseDay: 3
First day of year: 5
The day is: 3
Date : {13, 8, 2002} Iterations: 953
Date : {14, 8, 2002} Iterations: 954
BaseY: 2000
StartY: 1988
BaseDay: 3
First day of year: 5
The day is: 4
DateGC : {22, 4, 2010} Iterations: 954
BaseY: 2000
StartY: 1988
BaseDay: 3
First day of year: 5
The day is: 4
Date : {14, 8, 2002} Iterations: 954
Date : {15, 8, 2002} Iterations: 955
BaseY: 2000
StartY: 1988
BaseDay: 3
First day of year: 5
The day is: 5
DateGC : {23, 4, 2010} Iterations: 955
BaseY: 2000
StartY: 1988
BaseDay: 3
First day of year: 5
The day is: 5
Date : {15, 8, 2002} Iterations: 955
Date : {16, 8, 2002} Iterations: 956
BaseY: 2000
StartY: 1988
BaseDay: 3
First day of year: 5
The day is: 6
DateGC : {24, 4, 2010} Iterations: 956
BaseY: 2000
StartY: 1988
BaseDay: 3
First day of year: 5
The day is: 6
Date : {16, 8, 2002} Iterations: 956
Date : {17, 8, 2002} Iterations: 957
BaseY: 2000
StartY: 1988
BaseDay: 3
First day of year: 5
The day is: 7
DateGC : {25, 4, 2010} Iterations: 957
BaseY: 2000
StartY: 1988
BaseDay: 3
First day of year: 5
The day is: 7
Date : {17, 8, 2002} Iterations: 957
Date : {18, 8, 2002} Iterations: 958
BaseY: 2000
StartY: 1988
BaseDay: 3
First day of year: 5
The day is: 1
DateGC : {26, 4, 2010} Iterations: 958
BaseY: 2000
StartY: 1988
BaseDay: 3
First day of year: 5
The day is: 1
Date : {18, 8, 2002} Iterations: 958
Date : {19, 8, 2002} Iterations: 959
BaseY: 2000
StartY: 1988
BaseDay: 3
First day of year: 5
The day is: 2
DateGC : {27, 4, 2010} Iterations: 959
BaseY: 2000
StartY: 1988
BaseDay: 3
First day of year: 5
The day is: 2
Date : {19, 8, 2002} Iterations: 959
Date : {20, 8, 2002} Iterations: 960
BaseY: 2000
StartY: 1988
BaseDay: 3
First day of year: 5
The day is: 3
DateGC : {28, 4, 2010} Iterations: 960
BaseY: 2000
StartY: 1988
BaseDay: 3
First day of year: 5
The day is: 3
Date : {20, 8, 2002} Iterations: 960
Date : {21, 8, 2002} Iterations: 961
BaseY: 2000
StartY: 1988
BaseDay: 3
First day of year: 5
The day is: 4
DateGC : {29, 4, 2010} Iterations: 961
BaseY: 2000
StartY: 1988
BaseDay: 3
First day of year: 5
The day is: 4
Date : {21, 8, 2002} Iterations: 961
Date : {22, 8, 2002} Iterations: 962
BaseY: 2000
StartY: 1988
BaseDay: 3
First day of year: 5
The day is: 5
DateGC : {30, 4, 2010} Iterations: 962
BaseY: 2000
StartY: 1988
BaseDay: 3
First day of year: 5
The day is: 5
Date : {22, 8, 2002} Iterations: 962
Date : {23, 8, 2002} Iterations: 963
BaseY: 2000
StartY: 1988
BaseDay: 3
First day of year: 5
The day is: 6
DateGC : {1, 5, 2010} Iterations: 963
BaseY: 2000
StartY: 1988
BaseDay: 3
First day of year: 5
The day is: 6
Date : {23, 8, 2002} Iterations: 963
Date : {24, 8, 2002} Iterations: 964
BaseY: 2000
StartY: 1988
BaseDay: 3
First day of year: 5
The day is: 7
DateGC : {2, 5, 2010} Iterations: 964
BaseY: 2000
StartY: 1988
BaseDay: 3
First day of year: 5
The day is: 7
Date : {24, 8, 2002} Iterations: 964
Date : {25, 8, 2002} Iterations: 965
BaseY: 2000
StartY: 1988
BaseDay: 3
First day of year: 5
The day is: 1
DateGC : {3, 5, 2010} Iterations: 965
BaseY: 2000
StartY: 1988
BaseDay: 3
First day of year: 5
The day is: 1
Date : {25, 8, 2002} Iterations: 965
Date : {26, 8, 2002} Iterations: 966
BaseY: 2000
StartY: 1988
BaseDay: 3
First day of year: 5
The day is: 2
DateGC : {4, 5, 2010} Iterations: 966
BaseY: 2000
StartY: 1988
BaseDay: 3
First day of year: 5
The day is: 2
Date : {26, 8, 2002} Iterations: 966
Date : {27, 8, 2002} Iterations: 967
BaseY: 2000
StartY: 1988
BaseDay: 3
First day of year: 5
The day is: 3
DateGC : {5, 5, 2010} Iterations: 967
BaseY: 2000
StartY: 1988
BaseDay: 3
First day of year: 5
The day is: 3
Date : {27, 8, 2002} Iterations: 967
Date : {28, 8, 2002} Iterations: 968
BaseY: 2000
StartY: 1988
BaseDay: 3
First day of year: 5
The day is: 4
DateGC : {6, 5, 2010} Iterations: 968
BaseY: 2000
StartY: 1988
BaseDay: 3
First day of year: 5
The day is: 4
Date : {28, 8, 2002} Iterations: 968
Date : {29, 8, 2002} Iterations: 969
BaseY: 2000
StartY: 1988
BaseDay: 3
First day of year: 5
The day is: 5
DateGC : {7, 5, 2010} Iterations: 969
BaseY: 2000
StartY: 1988
BaseDay: 3
First day of year: 5
The day is: 5
Date : {29, 8, 2002} Iterations: 969
Date : {30, 8, 2002} Iterations: 970
BaseY: 2000
StartY: 1988
BaseDay: 3
First day of year: 5
The day is: 6
DateGC : {8, 5, 2010} Iterations: 970
BaseY: 2000
StartY: 1988
BaseDay: 3
First day of year: 5
The day is: 6
Date : {30, 8, 2002} Iterations: 970
Date : {1, 9, 2002} Iterations: 971
BaseY: 2000
StartY: 1988
BaseDay: 3
First day of year: 5
The day is: 7
DateGC : {9, 5, 2010} Iterations: 971
BaseY: 2000
StartY: 1988
BaseDay: 3
First day of year: 5
The day is: 7
Date : {1, 9, 2002} Iterations: 971
Date : {2, 9, 2002} Iterations: 972
BaseY: 2000
StartY: 1988
BaseDay: 3
First day of year: 5
The day is: 1
DateGC : {10, 5, 2010} Iterations: 972
BaseY: 2000
StartY: 1988
BaseDay: 3
First day of year: 5
The day is: 1
Date : {2, 9, 2002} Iterations: 972
Date : {3, 9, 2002} Iterations: 973
BaseY: 2000
StartY: 1988
BaseDay: 3
First day of year: 5
The day is: 2
DateGC : {11, 5, 2010} Iterations: 973
BaseY: 2000
StartY: 1988
BaseDay: 3
First day of year: 5
The day is: 2
Date : {3, 9, 2002} Iterations: 973
Date : {4, 9, 2002} Iterations: 974
BaseY: 2000
StartY: 1988
BaseDay: 3
First day of year: 5
The day is: 3
DateGC : {12, 5, 2010} Iterations: 974
BaseY: 2000
StartY: 1988
BaseDay: 3
First day of year: 5
The day is: 3
Date : {4, 9, 2002} Iterations: 974
Date : {5, 9, 2002} Iterations: 975
BaseY: 2000
StartY: 1988
BaseDay: 3
First day of year: 5
The day is: 4
DateGC : {13, 5, 2010} Iterations: 975
BaseY: 2000
StartY: 1988
BaseDay: 3
First day of year: 5
The day is: 4
Date : {5, 9, 2002} Iterations: 975
Date : {6, 9, 2002} Iterations: 976
BaseY: 2000
StartY: 1988
BaseDay: 3
First day of year: 5
The day is: 5
DateGC : {14, 5, 2010} Iterations: 976
BaseY: 2000
StartY: 1988
BaseDay: 3
First day of year: 5
The day is: 5
Date : {6, 9, 2002} Iterations: 976
Date : {7, 9, 2002} Iterations: 977
BaseY: 2000
StartY: 1988
BaseDay: 3
First day of year: 5
The day is: 6
DateGC : {15, 5, 2010} Iterations: 977
BaseY: 2000
StartY: 1988
BaseDay: 3
First day of year: 5
The day is: 6
Date : {7, 9, 2002} Iterations: 977
Date : {8, 9, 2002} Iterations: 978
BaseY: 2000
StartY: 1988
BaseDay: 3
First day of year: 5
The day is: 7
DateGC : {16, 5, 2010} Iterations: 978
BaseY: 2000
StartY: 1988
BaseDay: 3
First day of year: 5
The day is: 7
Date : {8, 9, 2002} Iterations: 978
Date : {9, 9, 2002} Iterations: 979
BaseY: 2000
StartY: 1988
BaseDay: 3
First day of year: 5
The day is: 1
DateGC : {17, 5, 2010} Iterations: 979
BaseY: 2000
StartY: 1988
BaseDay: 3
First day of year: 5
The day is: 1
Date : {9, 9, 2002} Iterations: 979
Date : {10, 9, 2002} Iterations: 980
BaseY: 2000
StartY: 1988
BaseDay: 3
First day of year: 5
The day is: 2
DateGC : {18, 5, 2010} Iterations: 980
BaseY: 2000
StartY: 1988
BaseDay: 3
First day of year: 5
The day is: 2
Date : {10, 9, 2002} Iterations: 980
Date : {11, 9, 2002} Iterations: 981
BaseY: 2000
StartY: 1988
BaseDay: 3
First day of year: 5
The day is: 3
DateGC : {19, 5, 2010} Iterations: 981
BaseY: 2000
StartY: 1988
BaseDay: 3
First day of year: 5
The day is: 3
Date : {11, 9, 2002} Iterations: 981
Date : {12, 9, 2002} Iterations: 982
BaseY: 2000
StartY: 1988
BaseDay: 3
First day of year: 5
The day is: 4
DateGC : {20, 5, 2010} Iterations: 982
BaseY: 2000
StartY: 1988
BaseDay: 3
First day of year: 5
The day is: 4
Date : {12, 9, 2002} Iterations: 982
Date : {13, 9, 2002} Iterations: 983
BaseY: 2000
StartY: 1988
BaseDay: 3
First day of year: 5
The day is: 5
DateGC : {21, 5, 2010} Iterations: 983
BaseY: 2000
StartY: 1988
BaseDay: 3
First day of year: 5
The day is: 5
Date : {13, 9, 2002} Iterations: 983
Date : {14, 9, 2002} Iterations: 984
BaseY: 2000
StartY: 1988
BaseDay: 3
First day of year: 5
The day is: 6
DateGC : {22, 5, 2010} Iterations: 984
BaseY: 2000
StartY: 1988
BaseDay: 3
First day of year: 5
The day is: 6
Date : {14, 9, 2002} Iterations: 984
Date : {15, 9, 2002} Iterations: 985
BaseY: 2000
StartY: 1988
BaseDay: 3
First day of year: 5
The day is: 7
DateGC : {23, 5, 2010} Iterations: 985
BaseY: 2000
StartY: 1988
BaseDay: 3
First day of year: 5
The day is: 7
Date : {15, 9, 2002} Iterations: 985
Date : {16, 9, 2002} Iterations: 986
BaseY: 2000
StartY: 1988
BaseDay: 3
First day of year: 5
The day is: 1
DateGC : {24, 5, 2010} Iterations: 986
BaseY: 2000
StartY: 1988
BaseDay: 3
First day of year: 5
The day is: 1
Date : {16, 9, 2002} Iterations: 986
Date : {17, 9, 2002} Iterations: 987
BaseY: 2000
StartY: 1988
BaseDay: 3
First day of year: 5
The day is: 2
DateGC : {25, 5, 2010} Iterations: 987
BaseY: 2000
StartY: 1988
BaseDay: 3
First day of year: 5
The day is: 2
Date : {17, 9, 2002} Iterations: 987
Date : {18, 9, 2002} Iterations: 988
BaseY: 2000
StartY: 1988
BaseDay: 3
First day of year: 5
The day is: 3
DateGC : {26, 5, 2010} Iterations: 988
BaseY: 2000
StartY: 1988
BaseDay: 3
First day of year: 5
The day is: 3
Date : {18, 9, 2002} Iterations: 988
Date : {19, 9, 2002} Iterations: 989
BaseY: 2000
StartY: 1988
BaseDay: 3
First day of year: 5
The day is: 4
DateGC : {27, 5, 2010} Iterations: 989
BaseY: 2000
StartY: 1988
BaseDay: 3
First day of year: 5
The day is: 4
Date : {19, 9, 2002} Iterations: 989
Date : {20, 9, 2002} Iterations: 990
BaseY: 2000
StartY: 1988
BaseDay: 3
First day of year: 5
The day is: 5
DateGC : {28, 5, 2010} Iterations: 990
BaseY: 2000
StartY: 1988
BaseDay: 3
First day of year: 5
The day is: 5
Date : {20, 9, 2002} Iterations: 990
Date : {21, 9, 2002} Iterations: 991
BaseY: 2000
StartY: 1988
BaseDay: 3
First day of year: 5
The day is: 6
DateGC : {29, 5, 2010} Iterations: 991
BaseY: 2000
StartY: 1988
BaseDay: 3
First day of year: 5
The day is: 6
Date : {21, 9, 2002} Iterations: 991
Date : {22, 9, 2002} Iterations: 992
BaseY: 2000
StartY: 1988
BaseDay: 3
First day of year: 5
The day is: 7
DateGC : {30, 5, 2010} Iterations: 992
BaseY: 2000
StartY: 1988
BaseDay: 3
First day of year: 5
The day is: 7
Date : {22, 9, 2002} Iterations: 992
Date : {23, 9, 2002} Iterations: 993
BaseY: 2000
StartY: 1988
BaseDay: 3
First day of year: 5
The day is: 1
DateGC : {31, 5, 2010} Iterations: 993
BaseY: 2000
StartY: 1988
BaseDay: 3
First day of year: 5
The day is: 1
Date : {23, 9, 2002} Iterations: 993
Date : {24, 9, 2002} Iterations: 994
BaseY: 2000
StartY: 1988
BaseDay: 3
First day of year: 5
The day is: 2
DateGC : {1, 6, 2010} Iterations: 994
BaseY: 2000
StartY: 1988
BaseDay: 3
First day of year: 5
The day is: 2
Date : {24, 9, 2002} Iterations: 994
Date : {25, 9, 2002} Iterations: 995
BaseY: 2000
StartY: 1988
BaseDay: 3
First day of year: 5
The day is: 3
DateGC : {2, 6, 2010} Iterations: 995
BaseY: 2000
StartY: 1988
BaseDay: 3
First day of year: 5
The day is: 3
Date : {25, 9, 2002} Iterations: 995
Date : {26, 9, 2002} Iterations: 996
BaseY: 2000
StartY: 1988
BaseDay: 3
First day of year: 5
The day is: 4
DateGC : {3, 6, 2010} Iterations: 996
BaseY: 2000
StartY: 1988
BaseDay: 3
First day of year: 5
The day is: 4
Date : {26, 9, 2002} Iterations: 996
Date : {27, 9, 2002} Iterations: 997
BaseY: 2000
StartY: 1988
BaseDay: 3
First day of year: 5
The day is: 5
DateGC : {4, 6, 2010} Iterations: 997
BaseY: 2000
StartY: 1988
BaseDay: 3
First day of year: 5
The day is: 5
Date : {27, 9, 2002} Iterations: 997
Date : {28, 9, 2002} Iterations: 998
BaseY: 2000
StartY: 1988
BaseDay: 3
First day of year: 5
The day is: 6
DateGC : {5, 6, 2010} Iterations: 998
BaseY: 2000
StartY: 1988
BaseDay: 3
First day of year: 5
The day is: 6
Date : {28, 9, 2002} Iterations: 998
Date : {29, 9, 2002} Iterations: 999
BaseY: 2000
StartY: 1988
BaseDay: 3
First day of year: 5
The day is: 7
DateGC : {6, 6, 2010} Iterations: 999
BaseY: 2000
StartY: 1988
BaseDay: 3
First day of year: 5
The day is: 7
Date : {29, 9, 2002} Iterations: 999
Date : {30, 9, 2002} Iterations: 1000
BaseY: 2000
StartY: 1988
BaseDay: 3
First day of year: 5
The day is: 1
DateGC : {7, 6, 2010} Iterations: 1000
BaseY: 2000
StartY: 1988
BaseDay: 3
First day of year: 5
The day is: 1
Date : {30, 9, 2002} Iterations: 1000
Date : {1, 10, 2002} Iterations: 1001
BaseY: 2000
StartY: 1988
BaseDay: 3
First day of year: 5
The day is: 2
DateGC : {8, 6, 2010} Iterations: 1001
BaseY: 2000
StartY: 1988
BaseDay: 3
First day of year: 5
The day is: 2
Date : {1, 10, 2002} Iterations: 1001
Date : {2, 10, 2002} Iterations: 1002
BaseY: 2000
StartY: 1988
BaseDay: 3
First day of year: 5
The day is: 3
DateGC : {9, 6, 2010} Iterations: 1002
BaseY: 2000
StartY: 1988
BaseDay: 3
First day of year: 5
The day is: 3
Date : {2, 10, 2002} Iterations: 1002
Date : {3, 10, 2002} Iterations: 1003
BaseY: 2000
StartY: 1988
BaseDay: 3
First day of year: 5
The day is: 4
DateGC : {10, 6, 2010} Iterations: 1003
BaseY: 2000
StartY: 1988
BaseDay: 3
First day of year: 5
The day is: 4
Date : {3, 10, 2002} Iterations: 1003
Date : {4, 10, 2002} Iterations: 1004
BaseY: 2000
StartY: 1988
BaseDay: 3
First day of year: 5
The day is: 5
DateGC : {11, 6, 2010} Iterations: 1004
BaseY: 2000
StartY: 1988
BaseDay: 3
First day of year: 5
The day is: 5
Date : {4, 10, 2002} Iterations: 1004
Date : {5, 10, 2002} Iterations: 1005
BaseY: 2000
StartY: 1988
BaseDay: 3
First day of year: 5
The day is: 6
DateGC : {12, 6, 2010} Iterations: 1005
BaseY: 2000
StartY: 1988
BaseDay: 3
First day of year: 5
The day is: 6
Date : {5, 10, 2002} Iterations: 1005
Date : {6, 10, 2002} Iterations: 1006
BaseY: 2000
StartY: 1988
BaseDay: 3
First day of year: 5
The day is: 7
DateGC : {13, 6, 2010} Iterations: 1006
BaseY: 2000
StartY: 1988
BaseDay: 3
First day of year: 5
The day is: 7
Date : {6, 10, 2002} Iterations: 1006
Date : {7, 10, 2002} Iterations: 1007
BaseY: 2000
StartY: 1988
BaseDay: 3
First day of year: 5
The day is: 1
DateGC : {14, 6, 2010} Iterations: 1007
BaseY: 2000
StartY: 1988
BaseDay: 3
First day of year: 5
The day is: 1
Date : {7, 10, 2002} Iterations: 1007
Date : {8, 10, 2002} Iterations: 1008
BaseY: 2000
StartY: 1988
BaseDay: 3
First day of year: 5
The day is: 2
DateGC : {15, 6, 2010} Iterations: 1008
BaseY: 2000
StartY: 1988
BaseDay: 3
First day of year: 5
The day is: 2
Date : {8, 10, 2002} Iterations: 1008
Date : {9, 10, 2002} Iterations: 1009
BaseY: 2000
StartY: 1988
BaseDay: 3
First day of year: 5
The day is: 3
DateGC : {16, 6, 2010} Iterations: 1009
BaseY: 2000
StartY: 1988
BaseDay: 3
First day of year: 5
The day is: 3
Date : {9, 10, 2002} Iterations: 1009
Date : {10, 10, 2002} Iterations: 1010
BaseY: 2000
StartY: 1988
BaseDay: 3
First day of year: 5
The day is: 4
DateGC : {17, 6, 2010} Iterations: 1010
BaseY: 2000
StartY: 1988
BaseDay: 3
First day of year: 5
The day is: 4
Date : {10, 10, 2002} Iterations: 1010
Date : {11, 10, 2002} Iterations: 1011
BaseY: 2000
StartY: 1988
BaseDay: 3
First day of year: 5
The day is: 5
DateGC : {18, 6, 2010} Iterations: 1011
BaseY: 2000
StartY: 1988
BaseDay: 3
First day of year: 5
The day is: 5
Date : {11, 10, 2002} Iterations: 1011
Date : {12, 10, 2002} Iterations: 1012
BaseY: 2000
StartY: 1988
BaseDay: 3
First day of year: 5
The day is: 6
DateGC : {19, 6, 2010} Iterations: 1012
BaseY: 2000
StartY: 1988
BaseDay: 3
First day of year: 5
The day is: 6
Date : {12, 10, 2002} Iterations: 1012
Date : {13, 10, 2002} Iterations: 1013
BaseY: 2000
StartY: 1988
BaseDay: 3
First day of year: 5
The day is: 7
DateGC : {20, 6, 2010} Iterations: 1013
BaseY: 2000
StartY: 1988
BaseDay: 3
First day of year: 5
The day is: 7
Date : {13, 10, 2002} Iterations: 1013
Date : {14, 10, 2002} Iterations: 1014
BaseY: 2000
StartY: 1988
BaseDay: 3
First day of year: 5
The day is: 1
DateGC : {21, 6, 2010} Iterations: 1014
BaseY: 2000
StartY: 1988
BaseDay: 3
First day of year: 5
The day is: 1
Date : {14, 10, 2002} Iterations: 1014
Date : {15, 10, 2002} Iterations: 1015
BaseY: 2000
StartY: 1988
BaseDay: 3
First day of year: 5
The day is: 2
DateGC : {22, 6, 2010} Iterations: 1015
BaseY: 2000
StartY: 1988
BaseDay: 3
First day of year: 5
The day is: 2
Date : {15, 10, 2002} Iterations: 1015
Date : {16, 10, 2002} Iterations: 1016
BaseY: 2000
StartY: 1988
BaseDay: 3
First day of year: 5
The day is: 3
DateGC : {23, 6, 2010} Iterations: 1016
BaseY: 2000
StartY: 1988
BaseDay: 3
First day of year: 5
The day is: 3
Date : {16, 10, 2002} Iterations: 1016
Date : {17, 10, 2002} Iterations: 1017
BaseY: 2000
StartY: 1988
BaseDay: 3
First day of year: 5
The day is: 4
DateGC : {24, 6, 2010} Iterations: 1017
BaseY: 2000
StartY: 1988
BaseDay: 3
First day of year: 5
The day is: 4
Date : {17, 10, 2002} Iterations: 1017
Date : {18, 10, 2002} Iterations: 1018
BaseY: 2000
StartY: 1988
BaseDay: 3
First day of year: 5
The day is: 5
DateGC : {25, 6, 2010} Iterations: 1018
BaseY: 2000
StartY: 1988
BaseDay: 3
First day of year: 5
The day is: 5
Date : {18, 10, 2002} Iterations: 1018
Date : {19, 10, 2002} Iterations: 1019
BaseY: 2000
StartY: 1988
BaseDay: 3
First day of year: 5
The day is: 6
DateGC : {26, 6, 2010} Iterations: 1019
BaseY: 2000
StartY: 1988
BaseDay: 3
First day of year: 5
The day is: 6
Date : {19, 10, 2002} Iterations: 1019
Date : {20, 10, 2002} Iterations: 1020
BaseY: 2000
StartY: 1988
BaseDay: 3
First day of year: 5
The day is: 7
DateGC : {27, 6, 2010} Iterations: 1020
BaseY: 2000
StartY: 1988
BaseDay: 3
First day of year: 5
The day is: 7
Date : {20, 10, 2002} Iterations: 1020
Date : {21, 10, 2002} Iterations: 1021
BaseY: 2000
StartY: 1988
BaseDay: 3
First day of year: 5
The day is: 1
DateGC : {28, 6, 2010} Iterations: 1021
BaseY: 2000
StartY: 1988
BaseDay: 3
First day of year: 5
The day is: 1
Date : {21, 10, 2002} Iterations: 1021
Date : {22, 10, 2002} Iterations: 1022
BaseY: 2000
StartY: 1988
BaseDay: 3
First day of year: 5
The day is: 2
DateGC : {29, 6, 2010} Iterations: 1022
BaseY: 2000
StartY: 1988
BaseDay: 3
First day of year: 5
The day is: 2
Date : {22, 10, 2002} Iterations: 1022
Date : {23, 10, 2002} Iterations: 1023
BaseY: 2000
StartY: 1988
BaseDay: 3
First day of year: 5
The day is: 3
DateGC : {30, 6, 2010} Iterations: 1023
BaseY: 2000
StartY: 1988
BaseDay: 3
First day of year: 5
The day is: 3
Date : {23, 10, 2002} Iterations: 1023
Date : {24, 10, 2002} Iterations: 1024
BaseY: 2000
StartY: 1988
BaseDay: 3
First day of year: 5
The day is: 4
DateGC : {1, 7, 2010} Iterations: 1024
BaseY: 2000
StartY: 1988
BaseDay: 3
First day of year: 5
The day is: 4
Date : {24, 10, 2002} Iterations: 1024
Date : {25, 10, 2002} Iterations: 1025
BaseY: 2000
StartY: 1988
BaseDay: 3
First day of year: 5
The day is: 5
DateGC : {2, 7, 2010} Iterations: 1025
BaseY: 2000
StartY: 1988
BaseDay: 3
First day of year: 5
The day is: 5
Date : {25, 10, 2002} Iterations: 1025
Date : {26, 10, 2002} Iterations: 1026
BaseY: 2000
StartY: 1988
BaseDay: 3
First day of year: 5
The day is: 6
DateGC : {3, 7, 2010} Iterations: 1026
BaseY: 2000
StartY: 1988
BaseDay: 3
First day of year: 5
The day is: 6
Date : {26, 10, 2002} Iterations: 1026
Date : {27, 10, 2002} Iterations: 1027
BaseY: 2000
StartY: 1988
BaseDay: 3
First day of year: 5
The day is: 7
DateGC : {4, 7, 2010} Iterations: 1027
BaseY: 2000
StartY: 1988
BaseDay: 3
First day of year: 5
The day is: 7
Date : {27, 10, 2002} Iterations: 1027
Date : {28, 10, 2002} Iterations: 1028
BaseY: 2000
StartY: 1988
BaseDay: 3
First day of year: 5
The day is: 1
DateGC : {5, 7, 2010} Iterations: 1028
BaseY: 2000
StartY: 1988
BaseDay: 3
First day of year: 5
The day is: 1
Date : {28, 10, 2002} Iterations: 1028
Date : {29, 10, 2002} Iterations: 1029
BaseY: 2000
StartY: 1988
BaseDay: 3
First day of year: 5
The day is: 2
DateGC : {6, 7, 2010} Iterations: 1029
BaseY: 2000
StartY: 1988
BaseDay: 3
First day of year: 5
The day is: 2
Date : {29, 10, 2002} Iterations: 1029
Date : {30, 10, 2002} Iterations: 1030
BaseY: 2000
StartY: 1988
BaseDay: 3
First day of year: 5
The day is: 3
DateGC : {7, 7, 2010} Iterations: 1030
BaseY: 2000
StartY: 1988
BaseDay: 3
First day of year: 5
The day is: 3
Date : {30, 10, 2002} Iterations: 1030
Date : {1, 11, 2002} Iterations: 1031
BaseY: 2000
StartY: 1988
BaseDay: 3
First day of year: 5
The day is: 4
DateGC : {8, 7, 2010} Iterations: 1031
BaseY: 2000
StartY: 1988
BaseDay: 3
First day of year: 5
The day is: 4
Date : {1, 11, 2002} Iterations: 1031
Date : {2, 11, 2002} Iterations: 1032
BaseY: 2000
StartY: 1988
BaseDay: 3
First day of year: 5
The day is: 5
DateGC : {9, 7, 2010} Iterations: 1032
BaseY: 2000
StartY: 1988
BaseDay: 3
First day of year: 5
The day is: 5
Date : {2, 11, 2002} Iterations: 1032
Date : {3, 11, 2002} Iterations: 1033
BaseY: 2000
StartY: 1988
BaseDay: 3
First day of year: 5
The day is: 6
DateGC : {10, 7, 2010} Iterations: 1033
BaseY: 2000
StartY: 1988
BaseDay: 3
First day of year: 5
The day is: 6
Date : {3, 11, 2002} Iterations: 1033
Date : {4, 11, 2002} Iterations: 1034
BaseY: 2000
StartY: 1988
BaseDay: 3
First day of year: 5
The day is: 7
DateGC : {11, 7, 2010} Iterations: 1034
BaseY: 2000
StartY: 1988
BaseDay: 3
First day of year: 5
The day is: 7
Date : {4, 11, 2002} Iterations: 1034
Date : {5, 11, 2002} Iterations: 1035
BaseY: 2000
StartY: 1988
BaseDay: 3
First day of year: 5
The day is: 1
DateGC : {12, 7, 2010} Iterations: 1035
BaseY: 2000
StartY: 1988
BaseDay: 3
First day of year: 5
The day is: 1
Date : {5, 11, 2002} Iterations: 1035
Date : {6, 11, 2002} Iterations: 1036
BaseY: 2000
StartY: 1988
BaseDay: 3
First day of year: 5
The day is: 2
DateGC : {13, 7, 2010} Iterations: 1036
BaseY: 2000
StartY: 1988
BaseDay: 3
First day of year: 5
The day is: 2
Date : {6, 11, 2002} Iterations: 1036
Date : {7, 11, 2002} Iterations: 1037
BaseY: 2000
StartY: 1988
BaseDay: 3
First day of year: 5
The day is: 3
DateGC : {14, 7, 2010} Iterations: 1037
BaseY: 2000
StartY: 1988
BaseDay: 3
First day of year: 5
The day is: 3
Date : {7, 11, 2002} Iterations: 1037
Date : {8, 11, 2002} Iterations: 1038
BaseY: 2000
StartY: 1988
BaseDay: 3
First day of year: 5
The day is: 4
DateGC : {15, 7, 2010} Iterations: 1038
BaseY: 2000
StartY: 1988
BaseDay: 3
First day of year: 5
The day is: 4
Date : {8, 11, 2002} Iterations: 1038
Date : {9, 11, 2002} Iterations: 1039
BaseY: 2000
StartY: 1988
BaseDay: 3
First day of year: 5
The day is: 5
DateGC : {16, 7, 2010} Iterations: 1039
BaseY: 2000
StartY: 1988
BaseDay: 3
First day of year: 5
The day is: 5
Date : {9, 11, 2002} Iterations: 1039
Date : {10, 11, 2002} Iterations: 1040
BaseY: 2000
StartY: 1988
BaseDay: 3
First day of year: 5
The day is: 6
DateGC : {17, 7, 2010} Iterations: 1040
BaseY: 2000
StartY: 1988
BaseDay: 3
First day of year: 5
The day is: 6
Date : {10, 11, 2002} Iterations: 1040
Date : {11, 11, 2002} Iterations: 1041
BaseY: 2000
StartY: 1988
BaseDay: 3
First day of year: 5
The day is: 7
DateGC : {18, 7, 2010} Iterations: 1041
BaseY: 2000
StartY: 1988
BaseDay: 3
First day of year: 5
The day is: 7
Date : {11, 11, 2002} Iterations: 1041
Date : {12, 11, 2002} Iterations: 1042
BaseY: 2000
StartY: 1988
BaseDay: 3
First day of year: 5
The day is: 1
DateGC : {19, 7, 2010} Iterations: 1042
BaseY: 2000
StartY: 1988
BaseDay: 3
First day of year: 5
The day is: 1
Date : {12, 11, 2002} Iterations: 1042
Date : {13, 11, 2002} Iterations: 1043
BaseY: 2000
StartY: 1988
BaseDay: 3
First day of year: 5
The day is: 2
DateGC : {20, 7, 2010} Iterations: 1043
BaseY: 2000
StartY: 1988
BaseDay: 3
First day of year: 5
The day is: 2
Date : {13, 11, 2002} Iterations: 1043
Date : {14, 11, 2002} Iterations: 1044
BaseY: 2000
StartY: 1988
BaseDay: 3
First day of year: 5
The day is: 3
DateGC : {21, 7, 2010} Iterations: 1044
BaseY: 2000
StartY: 1988
BaseDay: 3
First day of year: 5
The day is: 3
Date : {14, 11, 2002} Iterations: 1044
Date : {15, 11, 2002} Iterations: 1045
BaseY: 2000
StartY: 1988
BaseDay: 3
First day of year: 5
The day is: 4
DateGC : {22, 7, 2010} Iterations: 1045
BaseY: 2000
StartY: 1988
BaseDay: 3
First day of year: 5
The day is: 4
Date : {15, 11, 2002} Iterations: 1045
Date : {16, 11, 2002} Iterations: 1046
BaseY: 2000
StartY: 1988
BaseDay: 3
First day of year: 5
The day is: 5
DateGC : {23, 7, 2010} Iterations: 1046
BaseY: 2000
StartY: 1988
BaseDay: 3
First day of year: 5
The day is: 5
Date : {16, 11, 2002} Iterations: 1046
Date : {17, 11, 2002} Iterations: 1047
BaseY: 2000
StartY: 1988
BaseDay: 3
First day of year: 5
The day is: 6
DateGC : {24, 7, 2010} Iterations: 1047
BaseY: 2000
StartY: 1988
BaseDay: 3
First day of year: 5
The day is: 6
Date : {17, 11, 2002} Iterations: 1047
Date : {18, 11, 2002} Iterations: 1048
BaseY: 2000
StartY: 1988
BaseDay: 3
First day of year: 5
The day is: 7
DateGC : {25, 7, 2010} Iterations: 1048
BaseY: 2000
StartY: 1988
BaseDay: 3
First day of year: 5
The day is: 7
Date : {18, 11, 2002} Iterations: 1048
Date : {19, 11, 2002} Iterations: 1049
BaseY: 2000
StartY: 1988
BaseDay: 3
First day of year: 5
The day is: 1
DateGC : {26, 7, 2010} Iterations: 1049
BaseY: 2000
StartY: 1988
BaseDay: 3
First day of year: 5
The day is: 1
Date : {19, 11, 2002} Iterations: 1049
Date : {20, 11, 2002} Iterations: 1050
BaseY: 2000
StartY: 1988
BaseDay: 3
First day of year: 5
The day is: 2
DateGC : {27, 7, 2010} Iterations: 1050
BaseY: 2000
StartY: 1988
BaseDay: 3
First day of year: 5
The day is: 2
Date : {20, 11, 2002} Iterations: 1050
Date : {21, 11, 2002} Iterations: 1051
BaseY: 2000
StartY: 1988
BaseDay: 3
First day of year: 5
The day is: 3
DateGC : {28, 7, 2010} Iterations: 1051
BaseY: 2000
StartY: 1988
BaseDay: 3
First day of year: 5
The day is: 3
Date : {21, 11, 2002} Iterations: 1051
Date : {22, 11, 2002} Iterations: 1052
BaseY: 2000
StartY: 1988
BaseDay: 3
First day of year: 5
The day is: 4
DateGC : {29, 7, 2010} Iterations: 1052
BaseY: 2000
StartY: 1988
BaseDay: 3
First day of year: 5
The day is: 4
Date : {22, 11, 2002} Iterations: 1052
Date : {23, 11, 2002} Iterations: 1053
BaseY: 2000
StartY: 1988
BaseDay: 3
First day of year: 5
The day is: 5
DateGC : {30, 7, 2010} Iterations: 1053
BaseY: 2000
StartY: 1988
BaseDay: 3
First day of year: 5
The day is: 5
Date : {23, 11, 2002} Iterations: 1053
Date : {24, 11, 2002} Iterations: 1054
BaseY: 2000
StartY: 1988
BaseDay: 3
First day of year: 5
The day is: 6
DateGC : {31, 7, 2010} Iterations: 1054
BaseY: 2000
StartY: 1988
BaseDay: 3
First day of year: 5
The day is: 6
Date : {24, 11, 2002} Iterations: 1054
Date : {25, 11, 2002} Iterations: 1055
BaseY: 2000
StartY: 1988
BaseDay: 3
First day of year: 5
The day is: 7
DateGC : {1, 8, 2010} Iterations: 1055
BaseY: 2000
StartY: 1988
BaseDay: 3
First day of year: 5
The day is: 7
Date : {25, 11, 2002} Iterations: 1055
Date : {26, 11, 2002} Iterations: 1056
BaseY: 2000
StartY: 1988
BaseDay: 3
First day of year: 5
The day is: 1
DateGC : {2, 8, 2010} Iterations: 1056
BaseY: 2000
StartY: 1988
BaseDay: 3
First day of year: 5
The day is: 1
Date : {26, 11, 2002} Iterations: 1056
Date : {27, 11, 2002} Iterations: 1057
BaseY: 2000
StartY: 1988
BaseDay: 3
First day of year: 5
The day is: 2
DateGC : {3, 8, 2010} Iterations: 1057
BaseY: 2000
StartY: 1988
BaseDay: 3
First day of year: 5
The day is: 2
Date : {27, 11, 2002} Iterations: 1057
Date : {28, 11, 2002} Iterations: 1058
BaseY: 2000
StartY: 1988
BaseDay: 3
First day of year: 5
The day is: 3
DateGC : {4, 8, 2010} Iterations: 1058
BaseY: 2000
StartY: 1988
BaseDay: 3
First day of year: 5
The day is: 3
Date : {28, 11, 2002} Iterations: 1058
Date : {29, 11, 2002} Iterations: 1059
BaseY: 2000
StartY: 1988
BaseDay: 3
First day of year: 5
The day is: 4
DateGC : {5, 8, 2010} Iterations: 1059
BaseY: 2000
StartY: 1988
BaseDay: 3
First day of year: 5
The day is: 4
Date : {29, 11, 2002} Iterations: 1059
Date : {30, 11, 2002} Iterations: 1060
BaseY: 2000
StartY: 1988
BaseDay: 3
First day of year: 5
The day is: 5
DateGC : {6, 8, 2010} Iterations: 1060
BaseY: 2000
StartY: 1988
BaseDay: 3
First day of year: 5
The day is: 5
Date : {30, 11, 2002} Iterations: 1060
Date : {1, 12, 2002} Iterations: 1061
BaseY: 2000
StartY: 1988
BaseDay: 3
First day of year: 5
The day is: 6
DateGC : {7, 8, 2010} Iterations: 1061
BaseY: 2000
StartY: 1988
BaseDay: 3
First day of year: 5
The day is: 6
Date : {1, 12, 2002} Iterations: 1061
Date : {2, 12, 2002} Iterations: 1062
BaseY: 2000
StartY: 1988
BaseDay: 3
First day of year: 5
The day is: 7
DateGC : {8, 8, 2010} Iterations: 1062
BaseY: 2000
StartY: 1988
BaseDay: 3
First day of year: 5
The day is: 7
Date : {2, 12, 2002} Iterations: 1062
Date : {3, 12, 2002} Iterations: 1063
BaseY: 2000
StartY: 1988
BaseDay: 3
First day of year: 5
The day is: 1
DateGC : {9, 8, 2010} Iterations: 1063
BaseY: 2000
StartY: 1988
BaseDay: 3
First day of year: 5
The day is: 1
Date : {3, 12, 2002} Iterations: 1063
Date : {4, 12, 2002} Iterations: 1064
BaseY: 2000
StartY: 1988
BaseDay: 3
First day of year: 5
The day is: 2
DateGC : {10, 8, 2010} Iterations: 1064
BaseY: 2000
StartY: 1988
BaseDay: 3
First day of year: 5
The day is: 2
Date : {4, 12, 2002} Iterations: 1064
Date : {5, 12, 2002} Iterations: 1065
BaseY: 2000
StartY: 1988
BaseDay: 3
First day of year: 5
The day is: 3
DateGC : {11, 8, 2010} Iterations: 1065
BaseY: 2000
StartY: 1988
BaseDay: 3
First day of year: 5
The day is: 3
Date : {5, 12, 2002} Iterations: 1065
Date : {6, 12, 2002} Iterations: 1066
BaseY: 2000
StartY: 1988
BaseDay: 3
First day of year: 5
The day is: 4
DateGC : {12, 8, 2010} Iterations: 1066
BaseY: 2000
StartY: 1988
BaseDay: 3
First day of year: 5
The day is: 4
Date : {6, 12, 2002} Iterations: 1066
Date : {7, 12, 2002} Iterations: 1067
BaseY: 2000
StartY: 1988
BaseDay: 3
First day of year: 5
The day is: 5
DateGC : {13, 8, 2010} Iterations: 1067
BaseY: 2000
StartY: 1988
BaseDay: 3
First day of year: 5
The day is: 5
Date : {7, 12, 2002} Iterations: 1067
Date : {8, 12, 2002} Iterations: 1068
BaseY: 2000
StartY: 1988
BaseDay: 3
First day of year: 5
The day is: 6
DateGC : {14, 8, 2010} Iterations: 1068
BaseY: 2000
StartY: 1988
BaseDay: 3
First day of year: 5
The day is: 6
Date : {8, 12, 2002} Iterations: 1068
Date : {9, 12, 2002} Iterations: 1069
BaseY: 2000
StartY: 1988
BaseDay: 3
First day of year: 5
The day is: 7
DateGC : {15, 8, 2010} Iterations: 1069
BaseY: 2000
StartY: 1988
BaseDay: 3
First day of year: 5
The day is: 7
Date : {9, 12, 2002} Iterations: 1069
Date : {10, 12, 2002} Iterations: 1070
BaseY: 2000
StartY: 1988
BaseDay: 3
First day of year: 5
The day is: 1
DateGC : {16, 8, 2010} Iterations: 1070
BaseY: 2000
StartY: 1988
BaseDay: 3
First day of year: 5
The day is: 1
Date : {10, 12, 2002} Iterations: 1070
Date : {11, 12, 2002} Iterations: 1071
BaseY: 2000
StartY: 1988
BaseDay: 3
First day of year: 5
The day is: 2
DateGC : {17, 8, 2010} Iterations: 1071
BaseY: 2000
StartY: 1988
BaseDay: 3
First day of year: 5
The day is: 2
Date : {11, 12, 2002} Iterations: 1071
Date : {12, 12, 2002} Iterations: 1072
BaseY: 2000
StartY: 1988
BaseDay: 3
First day of year: 5
The day is: 3
DateGC : {18, 8, 2010} Iterations: 1072
BaseY: 2000
StartY: 1988
BaseDay: 3
First day of year: 5
The day is: 3
Date : {12, 12, 2002} Iterations: 1072
Date : {13, 12, 2002} Iterations: 1073
BaseY: 2000
StartY: 1988
BaseDay: 3
First day of year: 5
The day is: 4
DateGC : {19, 8, 2010} Iterations: 1073
BaseY: 2000
StartY: 1988
BaseDay: 3
First day of year: 5
The day is: 4
Date : {13, 12, 2002} Iterations: 1073
Date : {14, 12, 2002} Iterations: 1074
BaseY: 2000
StartY: 1988
BaseDay: 3
First day of year: 5
The day is: 5
DateGC : {20, 8, 2010} Iterations: 1074
BaseY: 2000
StartY: 1988
BaseDay: 3
First day of year: 5
The day is: 5
Date : {14, 12, 2002} Iterations: 1074
Date : {15, 12, 2002} Iterations: 1075
BaseY: 2000
StartY: 1988
BaseDay: 3
First day of year: 5
The day is: 6
DateGC : {21, 8, 2010} Iterations: 1075
BaseY: 2000
StartY: 1988
BaseDay: 3
First day of year: 5
The day is: 6
Date : {15, 12, 2002} Iterations: 1075
Date : {16, 12, 2002} Iterations: 1076
BaseY: 2000
StartY: 1988
BaseDay: 3
First day of year: 5
The day is: 7
DateGC : {22, 8, 2010} Iterations: 1076
BaseY: 2000
StartY: 1988
BaseDay: 3
First day of year: 5
The day is: 7
Date : {16, 12, 2002} Iterations: 1076
Date : {17, 12, 2002} Iterations: 1077
BaseY: 2000
StartY: 1988
BaseDay: 3
First day of year: 5
The day is: 1
DateGC : {23, 8, 2010} Iterations: 1077
BaseY: 2000
StartY: 1988
BaseDay: 3
First day of year: 5
The day is: 1
Date : {17, 12, 2002} Iterations: 1077
Date : {18, 12, 2002} Iterations: 1078
BaseY: 2000
StartY: 1988
BaseDay: 3
First day of year: 5
The day is: 2
DateGC : {24, 8, 2010} Iterations: 1078
BaseY: 2000
StartY: 1988
BaseDay: 3
First day of year: 5
The day is: 2
Date : {18, 12, 2002} Iterations: 1078
Date : {19, 12, 2002} Iterations: 1079
BaseY: 2000
StartY: 1988
BaseDay: 3
First day of year: 5
The day is: 3
DateGC : {25, 8, 2010} Iterations: 1079
BaseY: 2000
StartY: 1988
BaseDay: 3
First day of year: 5
The day is: 3
Date : {19, 12, 2002} Iterations: 1079
Date : {20, 12, 2002} Iterations: 1080
BaseY: 2000
StartY: 1988
BaseDay: 3
First day of year: 5
The day is: 4
DateGC : {26, 8, 2010} Iterations: 1080
BaseY: 2000
StartY: 1988
BaseDay: 3
First day of year: 5
The day is: 4
Date : {20, 12, 2002} Iterations: 1080
Date : {21, 12, 2002} Iterations: 1081
BaseY: 2000
StartY: 1988
BaseDay: 3
First day of year: 5
The day is: 5
DateGC : {27, 8, 2010} Iterations: 1081
BaseY: 2000
StartY: 1988
BaseDay: 3
First day of year: 5
The day is: 5
Date : {21, 12, 2002} Iterations: 1081
Date : {22, 12, 2002} Iterations: 1082
BaseY: 2000
StartY: 1988
BaseDay: 3
First day of year: 5
The day is: 6
DateGC : {28, 8, 2010} Iterations: 1082
BaseY: 2000
StartY: 1988
BaseDay: 3
First day of year: 5
The day is: 6
Date : {22, 12, 2002} Iterations: 1082
Date : {23, 12, 2002} Iterations: 1083
BaseY: 2000
StartY: 1988
BaseDay: 3
First day of year: 5
The day is: 7
DateGC : {29, 8, 2010} Iterations: 1083
BaseY: 2000
StartY: 1988
BaseDay: 3
First day of year: 5
The day is: 7
Date : {23, 12, 2002} Iterations: 1083
Date : {24, 12, 2002} Iterations: 1084
BaseY: 2000
StartY: 1988
BaseDay: 3
First day of year: 5
The day is: 1
DateGC : {30, 8, 2010} Iterations: 1084
BaseY: 2000
StartY: 1988
BaseDay: 3
First day of year: 5
The day is: 1
Date : {24, 12, 2002} Iterations: 1084
Date : {25, 12, 2002} Iterations: 1085
BaseY: 2000
StartY: 1988
BaseDay: 3
First day of year: 5
The day is: 2
DateGC : {31, 8, 2010} Iterations: 1085
BaseY: 2000
StartY: 1988
BaseDay: 3
First day of year: 5
The day is: 2
Date : {25, 12, 2002} Iterations: 1085
Date : {26, 12, 2002} Iterations: 1086
BaseY: 2000
StartY: 1988
BaseDay: 3
First day of year: 5
The day is: 3
DateGC : {1, 9, 2010} Iterations: 1086
BaseY: 2000
StartY: 1988
BaseDay: 3
First day of year: 5
The day is: 3
Date : {26, 12, 2002} Iterations: 1086
Date : {27, 12, 2002} Iterations: 1087
BaseY: 2000
StartY: 1988
BaseDay: 3
First day of year: 5
The day is: 4
DateGC : {2, 9, 2010} Iterations: 1087
BaseY: 2000
StartY: 1988
BaseDay: 3
First day of year: 5
The day is: 4
Date : {27, 12, 2002} Iterations: 1087
Date : {28, 12, 2002} Iterations: 1088
BaseY: 2000
StartY: 1988
BaseDay: 3
First day of year: 5
The day is: 5
DateGC : {3, 9, 2010} Iterations: 1088
BaseY: 2000
StartY: 1988
BaseDay: 3
First day of year: 5
The day is: 5
Date : {28, 12, 2002} Iterations: 1088
Date : {29, 12, 2002} Iterations: 1089
BaseY: 2000
StartY: 1988
BaseDay: 3
First day of year: 5
The day is: 6
DateGC : {4, 9, 2010} Iterations: 1089
BaseY: 2000
StartY: 1988
BaseDay: 3
First day of year: 5
The day is: 6
Date : {29, 12, 2002} Iterations: 1089
Date : {30, 12, 2002} Iterations: 1090
BaseY: 2000
StartY: 1988
BaseDay: 3
First day of year: 5
The day is: 7
DateGC : {5, 9, 2010} Iterations: 1090
BaseY: 2000
StartY: 1988
BaseDay: 3
First day of year: 5
The day is: 7
Date : {30, 12, 2002} Iterations: 1090
Date : {1, 13, 2002} Iterations: 1091
BaseY: 2000
StartY: 1988
BaseDay: 3
First day of year: 5
The day is: 1
DateGC : {6, 9, 2010} Iterations: 1091
BaseY: 2000
StartY: 1988
BaseDay: 3
First day of year: 5
The day is: 1
Date : {1, 13, 2002} Iterations: 1091
Date : {2, 13, 2002} Iterations: 1092
BaseY: 2000
StartY: 1988
BaseDay: 3
First day of year: 5
The day is: 2
DateGC : {7, 9, 2010} Iterations: 1092
BaseY: 2000
StartY: 1988
BaseDay: 3
First day of year: 5
The day is: 2
Date : {2, 13, 2002} Iterations: 1092
Date : {3, 13, 2002} Iterations: 1093
BaseY: 2000
StartY: 1988
BaseDay: 3
First day of year: 5
The day is: 3
DateGC : {8, 9, 2010} Iterations: 1093
BaseY: 2000
StartY: 1988
BaseDay: 3
First day of year: 5
The day is: 3
Date : {3, 13, 2002} Iterations: 1093
Date : {4, 13, 2002} Iterations: 1094
BaseY: 2000
StartY: 1988
BaseDay: 3
First day of year: 5
The day is: 4
DateGC : {9, 9, 2010} Iterations: 1094
BaseY: 2000
StartY: 1988
BaseDay: 3
First day of year: 5
The day is: 4
Date : {4, 13, 2002} Iterations: 1094
Date : {5, 13, 2002} Iterations: 1095
BaseY: 2000
StartY: 1988
BaseDay: 3
First day of year: 5
The day is: 5
DateGC : {10, 9, 2010} Iterations: 1095
BaseY: 2000
StartY: 1988
BaseDay: 3
First day of year: 5
The day is: 5
Date : {5, 13, 2002} Iterations: 1095
Date : {1, 1, 2003} Iterations: 1096
BaseY: 2000
StartY: 1988
BaseDay: 3
First day of year: 6
The day is: 6
DateGC : {11, 9, 2010} Iterations: 1096
BaseY: 2000
StartY: 1988
BaseDay: 3
First day of year: 6
The day is: 6
Date : {1, 1, 2003} Iterations: 1096
Date : {2, 1, 2003} Iterations: 1097
BaseY: 2000
StartY: 1988
BaseDay: 3
First day of year: 6
The day is: 7
DateGC : {12, 9, 2010} Iterations: 1097
BaseY: 2000
StartY: 1988
BaseDay: 3
First day of year: 6
The day is: 7
Date : {2, 1, 2003} Iterations: 1097
Date : {3, 1, 2003} Iterations: 1098
BaseY: 2000
StartY: 1988
BaseDay: 3
First day of year: 6
The day is: 1
DateGC : {13, 9, 2010} Iterations: 1098
BaseY: 2000
StartY: 1988
BaseDay: 3
First day of year: 6
The day is: 1
Date : {3, 1, 2003} Iterations: 1098
Date : {4, 1, 2003} Iterations: 1099
BaseY: 2000
StartY: 1988
BaseDay: 3
First day of year: 6
The day is: 2
DateGC : {14, 9, 2010} Iterations: 1099
BaseY: 2000
StartY: 1988
BaseDay: 3
First day of year: 6
The day is: 2
Date : {4, 1, 2003} Iterations: 1099
Date : {5, 1, 2003} Iterations: 1100
BaseY: 2000
StartY: 1988
BaseDay: 3
First day of year: 6
The day is: 3
DateGC : {15, 9, 2010} Iterations: 1100
BaseY: 2000
StartY: 1988
BaseDay: 3
First day of year: 6
The day is: 3
Date : {5, 1, 2003} Iterations: 1100
Date : {6, 1, 2003} Iterations: 1101
BaseY: 2000
StartY: 1988
BaseDay: 3
First day of year: 6
The day is: 4
DateGC : {16, 9, 2010} Iterations: 1101
BaseY: 2000
StartY: 1988
BaseDay: 3
First day of year: 6
The day is: 4
Date : {6, 1, 2003} Iterations: 1101
Date : {7, 1, 2003} Iterations: 1102
BaseY: 2000
StartY: 1988
BaseDay: 3
First day of year: 6
The day is: 5
DateGC : {17, 9, 2010} Iterations: 1102
BaseY: 2000
StartY: 1988
BaseDay: 3
First day of year: 6
The day is: 5
Date : {7, 1, 2003} Iterations: 1102
Date : {8, 1, 2003} Iterations: 1103
BaseY: 2000
StartY: 1988
BaseDay: 3
First day of year: 6
The day is: 6
DateGC : {18, 9, 2010} Iterations: 1103
BaseY: 2000
StartY: 1988
BaseDay: 3
First day of year: 6
The day is: 6
Date : {8, 1, 2003} Iterations: 1103
Date : {9, 1, 2003} Iterations: 1104
BaseY: 2000
StartY: 1988
BaseDay: 3
First day of year: 6
The day is: 7
DateGC : {19, 9, 2010} Iterations: 1104
BaseY: 2000
StartY: 1988
BaseDay: 3
First day of year: 6
The day is: 7
Date : {9, 1, 2003} Iterations: 1104
Date : {10, 1, 2003} Iterations: 1105
BaseY: 2000
StartY: 1988
BaseDay: 3
First day of year: 6
The day is: 1
DateGC : {20, 9, 2010} Iterations: 1105
BaseY: 2000
StartY: 1988
BaseDay: 3
First day of year: 6
The day is: 1
Date : {10, 1, 2003} Iterations: 1105
Date : {11, 1, 2003} Iterations: 1106
BaseY: 2000
StartY: 1988
BaseDay: 3
First day of year: 6
The day is: 2
DateGC : {21, 9, 2010} Iterations: 1106
BaseY: 2000
StartY: 1988
BaseDay: 3
First day of year: 6
The day is: 2
Date : {11, 1, 2003} Iterations: 1106
Date : {12, 1, 2003} Iterations: 1107
BaseY: 2000
StartY: 1988
BaseDay: 3
First day of year: 6
The day is: 3
DateGC : {22, 9, 2010} Iterations: 1107
BaseY: 2000
StartY: 1988
BaseDay: 3
First day of year: 6
The day is: 3
Date : {12, 1, 2003} Iterations: 1107
Date : {13, 1, 2003} Iterations: 1108
BaseY: 2000
StartY: 1988
BaseDay: 3
First day of year: 6
The day is: 4
DateGC : {23, 9, 2010} Iterations: 1108
BaseY: 2000
StartY: 1988
BaseDay: 3
First day of year: 6
The day is: 4
Date : {13, 1, 2003} Iterations: 1108
Date : {14, 1, 2003} Iterations: 1109
BaseY: 2000
StartY: 1988
BaseDay: 3
First day of year: 6
The day is: 5
DateGC : {24, 9, 2010} Iterations: 1109
BaseY: 2000
StartY: 1988
BaseDay: 3
First day of year: 6
The day is: 5
Date : {14, 1, 2003} Iterations: 1109
Date : {15, 1, 2003} Iterations: 1110
BaseY: 2000
StartY: 1988
BaseDay: 3
First day of year: 6
The day is: 6
DateGC : {25, 9, 2010} Iterations: 1110
BaseY: 2000
StartY: 1988
BaseDay: 3
First day of year: 6
The day is: 6
Date : {15, 1, 2003} Iterations: 1110
Date : {16, 1, 2003} Iterations: 1111
BaseY: 2000
StartY: 1988
BaseDay: 3
First day of year: 6
The day is: 7
DateGC : {26, 9, 2010} Iterations: 1111
BaseY: 2000
StartY: 1988
BaseDay: 3
First day of year: 6
The day is: 7
Date : {16, 1, 2003} Iterations: 1111
Date : {17, 1, 2003} Iterations: 1112
BaseY: 2000
StartY: 1988
BaseDay: 3
First day of year: 6
The day is: 1
DateGC : {27, 9, 2010} Iterations: 1112
BaseY: 2000
StartY: 1988
BaseDay: 3
First day of year: 6
The day is: 1
Date : {17, 1, 2003} Iterations: 1112
Date : {18, 1, 2003} Iterations: 1113
BaseY: 2000
StartY: 1988
BaseDay: 3
First day of year: 6
The day is: 2
DateGC : {28, 9, 2010} Iterations: 1113
BaseY: 2000
StartY: 1988
BaseDay: 3
First day of year: 6
The day is: 2
Date : {18, 1, 2003} Iterations: 1113
Date : {19, 1, 2003} Iterations: 1114
BaseY: 2000
StartY: 1988
BaseDay: 3
First day of year: 6
The day is: 3
DateGC : {29, 9, 2010} Iterations: 1114
BaseY: 2000
StartY: 1988
BaseDay: 3
First day of year: 6
The day is: 3
Date : {19, 1, 2003} Iterations: 1114
Date : {20, 1, 2003} Iterations: 1115
BaseY: 2000
StartY: 1988
BaseDay: 3
First day of year: 6
The day is: 4
DateGC : {30, 9, 2010} Iterations: 1115
BaseY: 2000
StartY: 1988
BaseDay: 3
First day of year: 6
The day is: 4
Date : {20, 1, 2003} Iterations: 1115
Date : {21, 1, 2003} Iterations: 1116
BaseY: 2000
StartY: 1988
BaseDay: 3
First day of year: 6
The day is: 5
DateGC : {1, 10, 2010} Iterations: 1116
BaseY: 2000
StartY: 1988
BaseDay: 3
First day of year: 6
The day is: 5
Date : {21, 1, 2003} Iterations: 1116
Date : {22, 1, 2003} Iterations: 1117
BaseY: 2000
StartY: 1988
BaseDay: 3
First day of year: 6
The day is: 6
DateGC : {2, 10, 2010} Iterations: 1117
BaseY: 2000
StartY: 1988
BaseDay: 3
First day of year: 6
The day is: 6
Date : {22, 1, 2003} Iterations: 1117
Date : {23, 1, 2003} Iterations: 1118
BaseY: 2000
StartY: 1988
BaseDay: 3
First day of year: 6
The day is: 7
DateGC : {3, 10, 2010} Iterations: 1118
BaseY: 2000
StartY: 1988
BaseDay: 3
First day of year: 6
The day is: 7
Date : {23, 1, 2003} Iterations: 1118
Date : {24, 1, 2003} Iterations: 1119
BaseY: 2000
StartY: 1988
BaseDay: 3
First day of year: 6
The day is: 1
DateGC : {4, 10, 2010} Iterations: 1119
BaseY: 2000
StartY: 1988
BaseDay: 3
First day of year: 6
The day is: 1
Date : {24, 1, 2003} Iterations: 1119
Date : {25, 1, 2003} Iterations: 1120
BaseY: 2000
StartY: 1988
BaseDay: 3
First day of year: 6
The day is: 2
DateGC : {5, 10, 2010} Iterations: 1120
BaseY: 2000
StartY: 1988
BaseDay: 3
First day of year: 6
The day is: 2
Date : {25, 1, 2003} Iterations: 1120
Date : {26, 1, 2003} Iterations: 1121
BaseY: 2000
StartY: 1988
BaseDay: 3
First day of year: 6
The day is: 3
DateGC : {6, 10, 2010} Iterations: 1121
BaseY: 2000
StartY: 1988
BaseDay: 3
First day of year: 6
The day is: 3
Date : {26, 1, 2003} Iterations: 1121
Date : {27, 1, 2003} Iterations: 1122
BaseY: 2000
StartY: 1988
BaseDay: 3
First day of year: 6
The day is: 4
DateGC : {7, 10, 2010} Iterations: 1122
BaseY: 2000
StartY: 1988
BaseDay: 3
First day of year: 6
The day is: 4
Date : {27, 1, 2003} Iterations: 1122
Date : {28, 1, 2003} Iterations: 1123
BaseY: 2000
StartY: 1988
BaseDay: 3
First day of year: 6
The day is: 5
DateGC : {8, 10, 2010} Iterations: 1123
BaseY: 2000
StartY: 1988
BaseDay: 3
First day of year: 6
The day is: 5
Date : {28, 1, 2003} Iterations: 1123
Date : {29, 1, 2003} Iterations: 1124
BaseY: 2000
StartY: 1988
BaseDay: 3
First day of year: 6
The day is: 6
DateGC : {9, 10, 2010} Iterations: 1124
BaseY: 2000
StartY: 1988
BaseDay: 3
First day of year: 6
The day is: 6
Date : {29, 1, 2003} Iterations: 1124
Date : {30, 1, 2003} Iterations: 1125
BaseY: 2000
StartY: 1988
BaseDay: 3
First day of year: 6
The day is: 7
DateGC : {10, 10, 2010} Iterations: 1125
BaseY: 2000
StartY: 1988
BaseDay: 3
First day of year: 6
The day is: 7
Date : {30, 1, 2003} Iterations: 1125
Date : {1, 2, 2003} Iterations: 1126
BaseY: 2000
StartY: 1988
BaseDay: 3
First day of year: 6
The day is: 1
DateGC : {11, 10, 2010} Iterations: 1126
BaseY: 2000
StartY: 1988
BaseDay: 3
First day of year: 6
The day is: 1
Date : {1, 2, 2003} Iterations: 1126
Date : {2, 2, 2003} Iterations: 1127
BaseY: 2000
StartY: 1988
BaseDay: 3
First day of year: 6
The day is: 2
DateGC : {12, 10, 2010} Iterations: 1127
BaseY: 2000
StartY: 1988
BaseDay: 3
First day of year: 6
The day is: 2
Date : {2, 2, 2003} Iterations: 1127
Date : {3, 2, 2003} Iterations: 1128
BaseY: 2000
StartY: 1988
BaseDay: 3
First day of year: 6
The day is: 3
DateGC : {13, 10, 2010} Iterations: 1128
BaseY: 2000
StartY: 1988
BaseDay: 3
First day of year: 6
The day is: 3
Date : {3, 2, 2003} Iterations: 1128
Date : {4, 2, 2003} Iterations: 1129
BaseY: 2000
StartY: 1988
BaseDay: 3
First day of year: 6
The day is: 4
DateGC : {14, 10, 2010} Iterations: 1129
BaseY: 2000
StartY: 1988
BaseDay: 3
First day of year: 6
The day is: 4
Date : {4, 2, 2003} Iterations: 1129
Date : {5, 2, 2003} Iterations: 1130
BaseY: 2000
StartY: 1988
BaseDay: 3
First day of year: 6
The day is: 5
DateGC : {15, 10, 2010} Iterations: 1130
BaseY: 2000
StartY: 1988
BaseDay: 3
First day of year: 6
The day is: 5
Date : {5, 2, 2003} Iterations: 1130
Date : {6, 2, 2003} Iterations: 1131
BaseY: 2000
StartY: 1988
BaseDay: 3
First day of year: 6
The day is: 6
DateGC : {16, 10, 2010} Iterations: 1131
BaseY: 2000
StartY: 1988
BaseDay: 3
First day of year: 6
The day is: 6
Date : {6, 2, 2003} Iterations: 1131
Date : {7, 2, 2003} Iterations: 1132
BaseY: 2000
StartY: 1988
BaseDay: 3
First day of year: 6
The day is: 7
DateGC : {17, 10, 2010} Iterations: 1132
BaseY: 2000
StartY: 1988
BaseDay: 3
First day of year: 6
The day is: 7
Date : {7, 2, 2003} Iterations: 1132
Date : {8, 2, 2003} Iterations: 1133
BaseY: 2000
StartY: 1988
BaseDay: 3
First day of year: 6
The day is: 1
DateGC : {18, 10, 2010} Iterations: 1133
BaseY: 2000
StartY: 1988
BaseDay: 3
First day of year: 6
The day is: 1
Date : {8, 2, 2003} Iterations: 1133
Date : {9, 2, 2003} Iterations: 1134
BaseY: 2000
StartY: 1988
BaseDay: 3
First day of year: 6
The day is: 2
DateGC : {19, 10, 2010} Iterations: 1134
BaseY: 2000
StartY: 1988
BaseDay: 3
First day of year: 6
The day is: 2
Date : {9, 2, 2003} Iterations: 1134
Date : {10, 2, 2003} Iterations: 1135
BaseY: 2000
StartY: 1988
BaseDay: 3
First day of year: 6
The day is: 3
DateGC : {20, 10, 2010} Iterations: 1135
BaseY: 2000
StartY: 1988
BaseDay: 3
First day of year: 6
The day is: 3
Date : {10, 2, 2003} Iterations: 1135
Date : {11, 2, 2003} Iterations: 1136
BaseY: 2000
StartY: 1988
BaseDay: 3
First day of year: 6
The day is: 4
DateGC : {21, 10, 2010} Iterations: 1136
BaseY: 2000
StartY: 1988
BaseDay: 3
First day of year: 6
The day is: 4
Date : {11, 2, 2003} Iterations: 1136
Date : {12, 2, 2003} Iterations: 1137
BaseY: 2000
StartY: 1988
BaseDay: 3
First day of year: 6
The day is: 5
DateGC : {22, 10, 2010} Iterations: 1137
BaseY: 2000
StartY: 1988
BaseDay: 3
First day of year: 6
The day is: 5
Date : {12, 2, 2003} Iterations: 1137
Date : {13, 2, 2003} Iterations: 1138
BaseY: 2000
StartY: 1988
BaseDay: 3
First day of year: 6
The day is: 6
DateGC : {23, 10, 2010} Iterations: 1138
BaseY: 2000
StartY: 1988
BaseDay: 3
First day of year: 6
The day is: 6
Date : {13, 2, 2003} Iterations: 1138
Date : {14, 2, 2003} Iterations: 1139
BaseY: 2000
StartY: 1988
BaseDay: 3
First day of year: 6
The day is: 7
DateGC : {24, 10, 2010} Iterations: 1139
BaseY: 2000
StartY: 1988
BaseDay: 3
First day of year: 6
The day is: 7
Date : {14, 2, 2003} Iterations: 1139
Date : {15, 2, 2003} Iterations: 1140
BaseY: 2000
StartY: 1988
BaseDay: 3
First day of year: 6
The day is: 1
DateGC : {25, 10, 2010} Iterations: 1140
BaseY: 2000
StartY: 1988
BaseDay: 3
First day of year: 6
The day is: 1
Date : {15, 2, 2003} Iterations: 1140
Date : {16, 2, 2003} Iterations: 1141
BaseY: 2000
StartY: 1988
BaseDay: 3
First day of year: 6
The day is: 2
DateGC : {26, 10, 2010} Iterations: 1141
BaseY: 2000
StartY: 1988
BaseDay: 3
First day of year: 6
The day is: 2
Date : {16, 2, 2003} Iterations: 1141
Date : {17, 2, 2003} Iterations: 1142
BaseY: 2000
StartY: 1988
BaseDay: 3
First day of year: 6
The day is: 3
DateGC : {27, 10, 2010} Iterations: 1142
BaseY: 2000
StartY: 1988
BaseDay: 3
First day of year: 6
The day is: 3
Date : {17, 2, 2003} Iterations: 1142
Date : {18, 2, 2003} Iterations: 1143
BaseY: 2000
StartY: 1988
BaseDay: 3
First day of year: 6
The day is: 4
DateGC : {28, 10, 2010} Iterations: 1143
BaseY: 2000
StartY: 1988
BaseDay: 3
First day of year: 6
The day is: 4
Date : {18, 2, 2003} Iterations: 1143
Date : {19, 2, 2003} Iterations: 1144
BaseY: 2000
StartY: 1988
BaseDay: 3
First day of year: 6
The day is: 5
DateGC : {29, 10, 2010} Iterations: 1144
BaseY: 2000
StartY: 1988
BaseDay: 3
First day of year: 6
The day is: 5
Date : {19, 2, 2003} Iterations: 1144
Date : {20, 2, 2003} Iterations: 1145
BaseY: 2000
StartY: 1988
BaseDay: 3
First day of year: 6
The day is: 6
DateGC : {30, 10, 2010} Iterations: 1145
BaseY: 2000
StartY: 1988
BaseDay: 3
First day of year: 6
The day is: 6
Date : {20, 2, 2003} Iterations: 1145
Date : {21, 2, 2003} Iterations: 1146
BaseY: 2000
StartY: 1988
BaseDay: 3
First day of year: 6
The day is: 7
DateGC : {31, 10, 2010} Iterations: 1146
BaseY: 2000
StartY: 1988
BaseDay: 3
First day of year: 6
The day is: 7
Date : {21, 2, 2003} Iterations: 1146
Date : {22, 2, 2003} Iterations: 1147
BaseY: 2000
StartY: 1988
BaseDay: 3
First day of year: 6
The day is: 1
DateGC : {1, 11, 2010} Iterations: 1147
BaseY: 2000
StartY: 1988
BaseDay: 3
First day of year: 6
The day is: 1
Date : {22, 2, 2003} Iterations: 1147
Date : {23, 2, 2003} Iterations: 1148
BaseY: 2000
StartY: 1988
BaseDay: 3
First day of year: 6
The day is: 2
DateGC : {2, 11, 2010} Iterations: 1148
BaseY: 2000
StartY: 1988
BaseDay: 3
First day of year: 6
The day is: 2
Date : {23, 2, 2003} Iterations: 1148
Date : {24, 2, 2003} Iterations: 1149
BaseY: 2000
StartY: 1988
BaseDay: 3
First day of year: 6
The day is: 3
DateGC : {3, 11, 2010} Iterations: 1149
BaseY: 2000
StartY: 1988
BaseDay: 3
First day of year: 6
The day is: 3
Date : {24, 2, 2003} Iterations: 1149
Date : {25, 2, 2003} Iterations: 1150
BaseY: 2000
StartY: 1988
BaseDay: 3
First day of year: 6
The day is: 4
DateGC : {4, 11, 2010} Iterations: 1150
BaseY: 2000
StartY: 1988
BaseDay: 3
First day of year: 6
The day is: 4
Date : {25, 2, 2003} Iterations: 1150
Date : {26, 2, 2003} Iterations: 1151
BaseY: 2000
StartY: 1988
BaseDay: 3
First day of year: 6
The day is: 5
DateGC : {5, 11, 2010} Iterations: 1151
BaseY: 2000
StartY: 1988
BaseDay: 3
First day of year: 6
The day is: 5
Date : {26, 2, 2003} Iterations: 1151
Date : {27, 2, 2003} Iterations: 1152
BaseY: 2000
StartY: 1988
BaseDay: 3
First day of year: 6
The day is: 6
DateGC : {6, 11, 2010} Iterations: 1152
BaseY: 2000
StartY: 1988
BaseDay: 3
First day of year: 6
The day is: 6
Date : {27, 2, 2003} Iterations: 1152
Date : {28, 2, 2003} Iterations: 1153
BaseY: 2000
StartY: 1988
BaseDay: 3
First day of year: 6
The day is: 7
DateGC : {7, 11, 2010} Iterations: 1153
BaseY: 2000
StartY: 1988
BaseDay: 3
First day of year: 6
The day is: 7
Date : {28, 2, 2003} Iterations: 1153
Date : {29, 2, 2003} Iterations: 1154
BaseY: 2000
StartY: 1988
BaseDay: 3
First day of year: 6
The day is: 1
DateGC : {8, 11, 2010} Iterations: 1154
BaseY: 2000
StartY: 1988
BaseDay: 3
First day of year: 6
The day is: 1
Date : {29, 2, 2003} Iterations: 1154
Date : {30, 2, 2003} Iterations: 1155
BaseY: 2000
StartY: 1988
BaseDay: 3
First day of year: 6
The day is: 2
DateGC : {9, 11, 2010} Iterations: 1155
BaseY: 2000
StartY: 1988
BaseDay: 3
First day of year: 6
The day is: 2
Date : {30, 2, 2003} Iterations: 1155
Date : {1, 3, 2003} Iterations: 1156
BaseY: 2000
StartY: 1988
BaseDay: 3
First day of year: 6
The day is: 3
DateGC : {10, 11, 2010} Iterations: 1156
BaseY: 2000
StartY: 1988
BaseDay: 3
First day of year: 6
The day is: 3
Date : {1, 3, 2003} Iterations: 1156
Date : {2, 3, 2003} Iterations: 1157
BaseY: 2000
StartY: 1988
BaseDay: 3
First day of year: 6
The day is: 4
DateGC : {11, 11, 2010} Iterations: 1157
BaseY: 2000
StartY: 1988
BaseDay: 3
First day of year: 6
The day is: 4
Date : {2, 3, 2003} Iterations: 1157
Date : {3, 3, 2003} Iterations: 1158
BaseY: 2000
StartY: 1988
BaseDay: 3
First day of year: 6
The day is: 5
DateGC : {12, 11, 2010} Iterations: 1158
BaseY: 2000
StartY: 1988
BaseDay: 3
First day of year: 6
The day is: 5
Date : {3, 3, 2003} Iterations: 1158
Date : {4, 3, 2003} Iterations: 1159
BaseY: 2000
StartY: 1988
BaseDay: 3
First day of year: 6
The day is: 6
DateGC : {13, 11, 2010} Iterations: 1159
BaseY: 2000
StartY: 1988
BaseDay: 3
First day of year: 6
The day is: 6
Date : {4, 3, 2003} Iterations: 1159
Date : {5, 3, 2003} Iterations: 1160
BaseY: 2000
StartY: 1988
BaseDay: 3
First day of year: 6
The day is: 7
DateGC : {14, 11, 2010} Iterations: 1160
BaseY: 2000
StartY: 1988
BaseDay: 3
First day of year: 6
The day is: 7
Date : {5, 3, 2003} Iterations: 1160
Date : {6, 3, 2003} Iterations: 1161
BaseY: 2000
StartY: 1988
BaseDay: 3
First day of year: 6
The day is: 1
DateGC : {15, 11, 2010} Iterations: 1161
BaseY: 2000
StartY: 1988
BaseDay: 3
First day of year: 6
The day is: 1
Date : {6, 3, 2003} Iterations: 1161
Date : {7, 3, 2003} Iterations: 1162
BaseY: 2000
StartY: 1988
BaseDay: 3
First day of year: 6
The day is: 2
DateGC : {16, 11, 2010} Iterations: 1162
BaseY: 2000
StartY: 1988
BaseDay: 3
First day of year: 6
The day is: 2
Date : {7, 3, 2003} Iterations: 1162
Date : {8, 3, 2003} Iterations: 1163
BaseY: 2000
StartY: 1988
BaseDay: 3
First day of year: 6
The day is: 3
DateGC : {17, 11, 2010} Iterations: 1163
BaseY: 2000
StartY: 1988
BaseDay: 3
First day of year: 6
The day is: 3
Date : {8, 3, 2003} Iterations: 1163
Date : {9, 3, 2003} Iterations: 1164
BaseY: 2000
StartY: 1988
BaseDay: 3
First day of year: 6
The day is: 4
DateGC : {18, 11, 2010} Iterations: 1164
BaseY: 2000
StartY: 1988
BaseDay: 3
First day of year: 6
The day is: 4
Date : {9, 3, 2003} Iterations: 1164
Date : {10, 3, 2003} Iterations: 1165
BaseY: 2000
StartY: 1988
BaseDay: 3
First day of year: 6
The day is: 5
DateGC : {19, 11, 2010} Iterations: 1165
BaseY: 2000
StartY: 1988
BaseDay: 3
First day of year: 6
The day is: 5
Date : {10, 3, 2003} Iterations: 1165
Date : {11, 3, 2003} Iterations: 1166
BaseY: 2000
StartY: 1988
BaseDay: 3
First day of year: 6
The day is: 6
DateGC : {20, 11, 2010} Iterations: 1166
BaseY: 2000
StartY: 1988
BaseDay: 3
First day of year: 6
The day is: 6
Date : {11, 3, 2003} Iterations: 1166
Date : {12, 3, 2003} Iterations: 1167
BaseY: 2000
StartY: 1988
BaseDay: 3
First day of year: 6
The day is: 7
DateGC : {21, 11, 2010} Iterations: 1167
BaseY: 2000
StartY: 1988
BaseDay: 3
First day of year: 6
The day is: 7
Date : {12, 3, 2003} Iterations: 1167
Date : {13, 3, 2003} Iterations: 1168
BaseY: 2000
StartY: 1988
BaseDay: 3
First day of year: 6
The day is: 1
DateGC : {22, 11, 2010} Iterations: 1168
BaseY: 2000
StartY: 1988
BaseDay: 3
First day of year: 6
The day is: 1
Date : {13, 3, 2003} Iterations: 1168
Date : {14, 3, 2003} Iterations: 1169
BaseY: 2000
StartY: 1988
BaseDay: 3
First day of year: 6
The day is: 2
DateGC : {23, 11, 2010} Iterations: 1169
BaseY: 2000
StartY: 1988
BaseDay: 3
First day of year: 6
The day is: 2
Date : {14, 3, 2003} Iterations: 1169
Date : {15, 3, 2003} Iterations: 1170
BaseY: 2000
StartY: 1988
BaseDay: 3
First day of year: 6
The day is: 3
DateGC : {24, 11, 2010} Iterations: 1170
BaseY: 2000
StartY: 1988
BaseDay: 3
First day of year: 6
The day is: 3
Date : {15, 3, 2003} Iterations: 1170
Date : {16, 3, 2003} Iterations: 1171
BaseY: 2000
StartY: 1988
BaseDay: 3
First day of year: 6
The day is: 4
DateGC : {25, 11, 2010} Iterations: 1171
BaseY: 2000
StartY: 1988
BaseDay: 3
First day of year: 6
The day is: 4
Date : {16, 3, 2003} Iterations: 1171
Date : {17, 3, 2003} Iterations: 1172
BaseY: 2000
StartY: 1988
BaseDay: 3
First day of year: 6
The day is: 5
DateGC : {26, 11, 2010} Iterations: 1172
BaseY: 2000
StartY: 1988
BaseDay: 3
First day of year: 6
The day is: 5
Date : {17, 3, 2003} Iterations: 1172
Date : {18, 3, 2003} Iterations: 1173
BaseY: 2000
StartY: 1988
BaseDay: 3
First day of year: 6
The day is: 6
DateGC : {27, 11, 2010} Iterations: 1173
BaseY: 2000
StartY: 1988
BaseDay: 3
First day of year: 6
The day is: 6
Date : {18, 3, 2003} Iterations: 1173
Date : {19, 3, 2003} Iterations: 1174
BaseY: 2000
StartY: 1988
BaseDay: 3
First day of year: 6
The day is: 7
DateGC : {28, 11, 2010} Iterations: 1174
BaseY: 2000
StartY: 1988
BaseDay: 3
First day of year: 6
The day is: 7
Date : {19, 3, 2003} Iterations: 1174
Date : {20, 3, 2003} Iterations: 1175
BaseY: 2000
StartY: 1988
BaseDay: 3
First day of year: 6
The day is: 1
DateGC : {29, 11, 2010} Iterations: 1175
BaseY: 2000
StartY: 1988
BaseDay: 3
First day of year: 6
The day is: 1
Date : {20, 3, 2003} Iterations: 1175
Date : {21, 3, 2003} Iterations: 1176
BaseY: 2000
StartY: 1988
BaseDay: 3
First day of year: 6
The day is: 2
DateGC : {30, 11, 2010} Iterations: 1176
BaseY: 2000
StartY: 1988
BaseDay: 3
First day of year: 6
The day is: 2
Date : {21, 3, 2003} Iterations: 1176
Date : {22, 3, 2003} Iterations: 1177
BaseY: 2000
StartY: 1988
BaseDay: 3
First day of year: 6
The day is: 3
DateGC : {1, 12, 2010} Iterations: 1177
BaseY: 2000
StartY: 1988
BaseDay: 3
First day of year: 6
The day is: 3
Date : {22, 3, 2003} Iterations: 1177
Date : {23, 3, 2003} Iterations: 1178
BaseY: 2000
StartY: 1988
BaseDay: 3
First day of year: 6
The day is: 4
DateGC : {2, 12, 2010} Iterations: 1178
BaseY: 2000
StartY: 1988
BaseDay: 3
First day of year: 6
The day is: 4
Date : {23, 3, 2003} Iterations: 1178
Date : {24, 3, 2003} Iterations: 1179
BaseY: 2000
StartY: 1988
BaseDay: 3
First day of year: 6
The day is: 5
DateGC : {3, 12, 2010} Iterations: 1179
BaseY: 2000
StartY: 1988
BaseDay: 3
First day of year: 6
The day is: 5
Date : {24, 3, 2003} Iterations: 1179
Date : {25, 3, 2003} Iterations: 1180
BaseY: 2000
StartY: 1988
BaseDay: 3
First day of year: 6
The day is: 6
DateGC : {4, 12, 2010} Iterations: 1180
BaseY: 2000
StartY: 1988
BaseDay: 3
First day of year: 6
The day is: 6
Date : {25, 3, 2003} Iterations: 1180
Date : {26, 3, 2003} Iterations: 1181
BaseY: 2000
StartY: 1988
BaseDay: 3
First day of year: 6
The day is: 7
DateGC : {5, 12, 2010} Iterations: 1181
BaseY: 2000
StartY: 1988
BaseDay: 3
First day of year: 6
The day is: 7
Date : {26, 3, 2003} Iterations: 1181
Date : {27, 3, 2003} Iterations: 1182
BaseY: 2000
StartY: 1988
BaseDay: 3
First day of year: 6
The day is: 1
DateGC : {6, 12, 2010} Iterations: 1182
BaseY: 2000
StartY: 1988
BaseDay: 3
First day of year: 6
The day is: 1
Date : {27, 3, 2003} Iterations: 1182
Date : {28, 3, 2003} Iterations: 1183
BaseY: 2000
StartY: 1988
BaseDay: 3
First day of year: 6
The day is: 2
DateGC : {7, 12, 2010} Iterations: 1183
BaseY: 2000
StartY: 1988
BaseDay: 3
First day of year: 6
The day is: 2
Date : {28, 3, 2003} Iterations: 1183
Date : {29, 3, 2003} Iterations: 1184
BaseY: 2000
StartY: 1988
BaseDay: 3
First day of year: 6
The day is: 3
DateGC : {8, 12, 2010} Iterations: 1184
BaseY: 2000
StartY: 1988
BaseDay: 3
First day of year: 6
The day is: 3
Date : {29, 3, 2003} Iterations: 1184
Date : {30, 3, 2003} Iterations: 1185
BaseY: 2000
StartY: 1988
BaseDay: 3
First day of year: 6
The day is: 4
DateGC : {9, 12, 2010} Iterations: 1185
BaseY: 2000
StartY: 1988
BaseDay: 3
First day of year: 6
The day is: 4
Date : {30, 3, 2003} Iterations: 1185
Date : {1, 4, 2003} Iterations: 1186
BaseY: 2000
StartY: 1988
BaseDay: 3
First day of year: 6
The day is: 5
DateGC : {10, 12, 2010} Iterations: 1186
BaseY: 2000
StartY: 1988
BaseDay: 3
First day of year: 6
The day is: 5
Date : {1, 4, 2003} Iterations: 1186
Date : {2, 4, 2003} Iterations: 1187
BaseY: 2000
StartY: 1988
BaseDay: 3
First day of year: 6
The day is: 6
DateGC : {11, 12, 2010} Iterations: 1187
BaseY: 2000
StartY: 1988
BaseDay: 3
First day of year: 6
The day is: 6
Date : {2, 4, 2003} Iterations: 1187
Date : {3, 4, 2003} Iterations: 1188
BaseY: 2000
StartY: 1988
BaseDay: 3
First day of year: 6
The day is: 7
DateGC : {12, 12, 2010} Iterations: 1188
BaseY: 2000
StartY: 1988
BaseDay: 3
First day of year: 6
The day is: 7
Date : {3, 4, 2003} Iterations: 1188
Date : {4, 4, 2003} Iterations: 1189
BaseY: 2000
StartY: 1988
BaseDay: 3
First day of year: 6
The day is: 1
DateGC : {13, 12, 2010} Iterations: 1189
BaseY: 2000
StartY: 1988
BaseDay: 3
First day of year: 6
The day is: 1
Date : {4, 4, 2003} Iterations: 1189
Date : {5, 4, 2003} Iterations: 1190
BaseY: 2000
StartY: 1988
BaseDay: 3
First day of year: 6
The day is: 2
DateGC : {14, 12, 2010} Iterations: 1190
BaseY: 2000
StartY: 1988
BaseDay: 3
First day of year: 6
The day is: 2
Date : {5, 4, 2003} Iterations: 1190
Date : {6, 4, 2003} Iterations: 1191
BaseY: 2000
StartY: 1988
BaseDay: 3
First day of year: 6
The day is: 3
DateGC : {15, 12, 2010} Iterations: 1191
BaseY: 2000
StartY: 1988
BaseDay: 3
First day of year: 6
The day is: 3
Date : {6, 4, 2003} Iterations: 1191
Date : {7, 4, 2003} Iterations: 1192
BaseY: 2000
StartY: 1988
BaseDay: 3
First day of year: 6
The day is: 4
DateGC : {16, 12, 2010} Iterations: 1192
BaseY: 2000
StartY: 1988
BaseDay: 3
First day of year: 6
The day is: 4
Date : {7, 4, 2003} Iterations: 1192
Date : {8, 4, 2003} Iterations: 1193
BaseY: 2000
StartY: 1988
BaseDay: 3
First day of year: 6
The day is: 5
DateGC : {17, 12, 2010} Iterations: 1193
BaseY: 2000
StartY: 1988
BaseDay: 3
First day of year: 6
The day is: 5
Date : {8, 4, 2003} Iterations: 1193
Date : {9, 4, 2003} Iterations: 1194
BaseY: 2000
StartY: 1988
BaseDay: 3
First day of year: 6
The day is: 6
DateGC : {18, 12, 2010} Iterations: 1194
BaseY: 2000
StartY: 1988
BaseDay: 3
First day of year: 6
The day is: 6
Date : {9, 4, 2003} Iterations: 1194
Date : {10, 4, 2003} Iterations: 1195
BaseY: 2000
StartY: 1988
BaseDay: 3
First day of year: 6
The day is: 7
DateGC : {19, 12, 2010} Iterations: 1195
BaseY: 2000
StartY: 1988
BaseDay: 3
First day of year: 6
The day is: 7
Date : {10, 4, 2003} Iterations: 1195
Date : {11, 4, 2003} Iterations: 1196
BaseY: 2000
StartY: 1988
BaseDay: 3
First day of year: 6
The day is: 1
DateGC : {20, 12, 2010} Iterations: 1196
BaseY: 2000
StartY: 1988
BaseDay: 3
First day of year: 6
The day is: 1
Date : {11, 4, 2003} Iterations: 1196
Date : {12, 4, 2003} Iterations: 1197
BaseY: 2000
StartY: 1988
BaseDay: 3
First day of year: 6
The day is: 2
DateGC : {21, 12, 2010} Iterations: 1197
BaseY: 2000
StartY: 1988
BaseDay: 3
First day of year: 6
The day is: 2
Date : {12, 4, 2003} Iterations: 1197
Date : {13, 4, 2003} Iterations: 1198
BaseY: 2000
StartY: 1988
BaseDay: 3
First day of year: 6
The day is: 3
DateGC : {22, 12, 2010} Iterations: 1198
BaseY: 2000
StartY: 1988
BaseDay: 3
First day of year: 6
The day is: 3
Date : {13, 4, 2003} Iterations: 1198
Date : {14, 4, 2003} Iterations: 1199
BaseY: 2000
StartY: 1988
BaseDay: 3
First day of year: 6
The day is: 4
DateGC : {23, 12, 2010} Iterations: 1199
BaseY: 2000
StartY: 1988
BaseDay: 3
First day of year: 6
The day is: 4
Date : {14, 4, 2003} Iterations: 1199
Date : {15, 4, 2003} Iterations: 1200
BaseY: 2000
StartY: 1988
BaseDay: 3
First day of year: 6
The day is: 5
DateGC : {24, 12, 2010} Iterations: 1200
BaseY: 2000
StartY: 1988
BaseDay: 3
First day of year: 6
The day is: 5
Date : {15, 4, 2003} Iterations: 1200
Date : {16, 4, 2003} Iterations: 1201
BaseY: 2000
StartY: 1988
BaseDay: 3
First day of year: 6
The day is: 6
DateGC : {25, 12, 2010} Iterations: 1201
BaseY: 2000
StartY: 1988
BaseDay: 3
First day of year: 6
The day is: 6
Date : {16, 4, 2003} Iterations: 1201
Date : {17, 4, 2003} Iterations: 1202
BaseY: 2000
StartY: 1988
BaseDay: 3
First day of year: 6
The day is: 7
DateGC : {26, 12, 2010} Iterations: 1202
BaseY: 2000
StartY: 1988
BaseDay: 3
First day of year: 6
The day is: 7
Date : {17, 4, 2003} Iterations: 1202
Date : {18, 4, 2003} Iterations: 1203
BaseY: 2000
StartY: 1988
BaseDay: 3
First day of year: 6
The day is: 1
DateGC : {27, 12, 2010} Iterations: 1203
BaseY: 2000
StartY: 1988
BaseDay: 3
First day of year: 6
The day is: 1
Date : {18, 4, 2003} Iterations: 1203
Date : {19, 4, 2003} Iterations: 1204
BaseY: 2000
StartY: 1988
BaseDay: 3
First day of year: 6
The day is: 2
DateGC : {28, 12, 2010} Iterations: 1204
BaseY: 2000
StartY: 1988
BaseDay: 3
First day of year: 6
The day is: 2
Date : {19, 4, 2003} Iterations: 1204
Date : {20, 4, 2003} Iterations: 1205
BaseY: 2000
StartY: 1988
BaseDay: 3
First day of year: 6
The day is: 3
DateGC : {29, 12, 2010} Iterations: 1205
BaseY: 2000
StartY: 1988
BaseDay: 3
First day of year: 6
The day is: 3
Date : {20, 4, 2003} Iterations: 1205
Date : {21, 4, 2003} Iterations: 1206
BaseY: 2000
StartY: 1988
BaseDay: 3
First day of year: 6
The day is: 4
DateGC : {30, 12, 2010} Iterations: 1206
BaseY: 2000
StartY: 1988
BaseDay: 3
First day of year: 6
The day is: 4
Date : {21, 4, 2003} Iterations: 1206
Date : {22, 4, 2003} Iterations: 1207
BaseY: 2000
StartY: 1988
BaseDay: 3
First day of year: 6
The day is: 5
DateGC : {31, 12, 2010} Iterations: 1207
BaseY: 2000
StartY: 1988
BaseDay: 3
First day of year: 6
The day is: 5
Date : {22, 4, 2003} Iterations: 1207
Date : {23, 4, 2003} Iterations: 1208
BaseY: 2000
StartY: 1988
BaseDay: 3
First day of year: 6
The day is: 6
DateGC : {1, 1, 2011} Iterations: 1208
BaseY: 2000
StartY: 1988
BaseDay: 3
First day of year: 6
The day is: 6
Date : {23, 4, 2003} Iterations: 1208
Date : {24, 4, 2003} Iterations: 1209
BaseY: 2000
StartY: 1988
BaseDay: 3
First day of year: 6
The day is: 7
DateGC : {2, 1, 2011} Iterations: 1209
BaseY: 2000
StartY: 1988
BaseDay: 3
First day of year: 6
The day is: 7
Date : {24, 4, 2003} Iterations: 1209
Date : {25, 4, 2003} Iterations: 1210
BaseY: 2000
StartY: 1988
BaseDay: 3
First day of year: 6
The day is: 1
DateGC : {3, 1, 2011} Iterations: 1210
BaseY: 2000
StartY: 1988
BaseDay: 3
First day of year: 6
The day is: 1
Date : {25, 4, 2003} Iterations: 1210
Date : {26, 4, 2003} Iterations: 1211
BaseY: 2000
StartY: 1988
BaseDay: 3
First day of year: 6
The day is: 2
DateGC : {4, 1, 2011} Iterations: 1211
BaseY: 2000
StartY: 1988
BaseDay: 3
First day of year: 6
The day is: 2
Date : {26, 4, 2003} Iterations: 1211
Date : {27, 4, 2003} Iterations: 1212
BaseY: 2000
StartY: 1988
BaseDay: 3
First day of year: 6
The day is: 3
DateGC : {5, 1, 2011} Iterations: 1212
BaseY: 2000
StartY: 1988
BaseDay: 3
First day of year: 6
The day is: 3
Date : {27, 4, 2003} Iterations: 1212
Date : {28, 4, 2003} Iterations: 1213
BaseY: 2000
StartY: 1988
BaseDay: 3
First day of year: 6
The day is: 4
DateGC : {6, 1, 2011} Iterations: 1213
BaseY: 2000
StartY: 1988
BaseDay: 3
First day of year: 6
The day is: 4
Date : {28, 4, 2003} Iterations: 1213
Date : {29, 4, 2003} Iterations: 1214
BaseY: 2000
StartY: 1988
BaseDay: 3
First day of year: 6
The day is: 5
DateGC : {7, 1, 2011} Iterations: 1214
BaseY: 2000
StartY: 1988
BaseDay: 3
First day of year: 6
The day is: 5
Date : {29, 4, 2003} Iterations: 1214
Date : {30, 4, 2003} Iterations: 1215
BaseY: 2000
StartY: 1988
BaseDay: 3
First day of year: 6
The day is: 6
DateGC : {8, 1, 2011} Iterations: 1215
BaseY: 2000
StartY: 1988
BaseDay: 3
First day of year: 6
The day is: 6
Date : {30, 4, 2003} Iterations: 1215
Date : {1, 5, 2003} Iterations: 1216
BaseY: 2000
StartY: 1988
BaseDay: 3
First day of year: 6
The day is: 7
DateGC : {9, 1, 2011} Iterations: 1216
BaseY: 2000
StartY: 1988
BaseDay: 3
First day of year: 6
The day is: 7
Date : {1, 5, 2003} Iterations: 1216
Date : {2, 5, 2003} Iterations: 1217
BaseY: 2000
StartY: 1988
BaseDay: 3
First day of year: 6
The day is: 1
DateGC : {10, 1, 2011} Iterations: 1217
BaseY: 2000
StartY: 1988
BaseDay: 3
First day of year: 6
The day is: 1
Date : {2, 5, 2003} Iterations: 1217
Date : {3, 5, 2003} Iterations: 1218
BaseY: 2000
StartY: 1988
BaseDay: 3
First day of year: 6
The day is: 2
DateGC : {11, 1, 2011} Iterations: 1218
BaseY: 2000
StartY: 1988
BaseDay: 3
First day of year: 6
The day is: 2
Date : {3, 5, 2003} Iterations: 1218
Date : {4, 5, 2003} Iterations: 1219
BaseY: 2000
StartY: 1988
BaseDay: 3
First day of year: 6
The day is: 3
DateGC : {12, 1, 2011} Iterations: 1219
BaseY: 2000
StartY: 1988
BaseDay: 3
First day of year: 6
The day is: 3
Date : {4, 5, 2003} Iterations: 1219
Date : {5, 5, 2003} Iterations: 1220
BaseY: 2000
StartY: 1988
BaseDay: 3
First day of year: 6
The day is: 4
DateGC : {13, 1, 2011} Iterations: 1220
BaseY: 2000
StartY: 1988
BaseDay: 3
First day of year: 6
The day is: 4
Date : {5, 5, 2003} Iterations: 1220
Date : {6, 5, 2003} Iterations: 1221
BaseY: 2000
StartY: 1988
BaseDay: 3
First day of year: 6
The day is: 5
DateGC : {14, 1, 2011} Iterations: 1221
BaseY: 2000
StartY: 1988
BaseDay: 3
First day of year: 6
The day is: 5
Date : {6, 5, 2003} Iterations: 1221
Date : {7, 5, 2003} Iterations: 1222
BaseY: 2000
StartY: 1988
BaseDay: 3
First day of year: 6
The day is: 6
DateGC : {15, 1, 2011} Iterations: 1222
BaseY: 2000
StartY: 1988
BaseDay: 3
First day of year: 6
The day is: 6
Date : {7, 5, 2003} Iterations: 1222
Date : {8, 5, 2003} Iterations: 1223
BaseY: 2000
StartY: 1988
BaseDay: 3
First day of year: 6
The day is: 7
DateGC : {16, 1, 2011} Iterations: 1223
BaseY: 2000
StartY: 1988
BaseDay: 3
First day of year: 6
The day is: 7
Date : {8, 5, 2003} Iterations: 1223
Date : {9, 5, 2003} Iterations: 1224
BaseY: 2000
StartY: 1988
BaseDay: 3
First day of year: 6
The day is: 1
DateGC : {17, 1, 2011} Iterations: 1224
BaseY: 2000
StartY: 1988
BaseDay: 3
First day of year: 6
The day is: 1
Date : {9, 5, 2003} Iterations: 1224
Date : {10, 5, 2003} Iterations: 1225
BaseY: 2000
StartY: 1988
BaseDay: 3
First day of year: 6
The day is: 2
DateGC : {18, 1, 2011} Iterations: 1225
BaseY: 2000
StartY: 1988
BaseDay: 3
First day of year: 6
The day is: 2
Date : {10, 5, 2003} Iterations: 1225
Date : {11, 5, 2003} Iterations: 1226
BaseY: 2000
StartY: 1988
BaseDay: 3
First day of year: 6
The day is: 3
DateGC : {19, 1, 2011} Iterations: 1226
BaseY: 2000
StartY: 1988
BaseDay: 3
First day of year: 6
The day is: 3
Date : {11, 5, 2003} Iterations: 1226
Date : {12, 5, 2003} Iterations: 1227
BaseY: 2000
StartY: 1988
BaseDay: 3
First day of year: 6
The day is: 4
DateGC : {20, 1, 2011} Iterations: 1227
BaseY: 2000
StartY: 1988
BaseDay: 3
First day of year: 6
The day is: 4
Date : {12, 5, 2003} Iterations: 1227
Date : {13, 5, 2003} Iterations: 1228
BaseY: 2000
StartY: 1988
BaseDay: 3
First day of year: 6
The day is: 5
DateGC : {21, 1, 2011} Iterations: 1228
BaseY: 2000
StartY: 1988
BaseDay: 3
First day of year: 6
The day is: 5
Date : {13, 5, 2003} Iterations: 1228
Date : {14, 5, 2003} Iterations: 1229
BaseY: 2000
StartY: 1988
BaseDay: 3
First day of year: 6
The day is: 6
DateGC : {22, 1, 2011} Iterations: 1229
BaseY: 2000
StartY: 1988
BaseDay: 3
First day of year: 6
The day is: 6
Date : {14, 5, 2003} Iterations: 1229
Date : {15, 5, 2003} Iterations: 1230
BaseY: 2000
StartY: 1988
BaseDay: 3
First day of year: 6
The day is: 7
DateGC : {23, 1, 2011} Iterations: 1230
BaseY: 2000
StartY: 1988
BaseDay: 3
First day of year: 6
The day is: 7
Date : {15, 5, 2003} Iterations: 1230
Date : {16, 5, 2003} Iterations: 1231
BaseY: 2000
StartY: 1988
BaseDay: 3
First day of year: 6
The day is: 1
DateGC : {24, 1, 2011} Iterations: 1231
BaseY: 2000
StartY: 1988
BaseDay: 3
First day of year: 6
The day is: 1
Date : {16, 5, 2003} Iterations: 1231
Date : {17, 5, 2003} Iterations: 1232
BaseY: 2000
StartY: 1988
BaseDay: 3
First day of year: 6
The day is: 2
DateGC : {25, 1, 2011} Iterations: 1232
BaseY: 2000
StartY: 1988
BaseDay: 3
First day of year: 6
The day is: 2
Date : {17, 5, 2003} Iterations: 1232
Date : {18, 5, 2003} Iterations: 1233
BaseY: 2000
StartY: 1988
BaseDay: 3
First day of year: 6
The day is: 3
DateGC : {26, 1, 2011} Iterations: 1233
BaseY: 2000
StartY: 1988
BaseDay: 3
First day of year: 6
The day is: 3
Date : {18, 5, 2003} Iterations: 1233
Date : {19, 5, 2003} Iterations: 1234
BaseY: 2000
StartY: 1988
BaseDay: 3
First day of year: 6
The day is: 4
DateGC : {27, 1, 2011} Iterations: 1234
BaseY: 2000
StartY: 1988
BaseDay: 3
First day of year: 6
The day is: 4
Date : {19, 5, 2003} Iterations: 1234
Date : {20, 5, 2003} Iterations: 1235
BaseY: 2000
StartY: 1988
BaseDay: 3
First day of year: 6
The day is: 5
DateGC : {28, 1, 2011} Iterations: 1235
BaseY: 2000
StartY: 1988
BaseDay: 3
First day of year: 6
The day is: 5
Date : {20, 5, 2003} Iterations: 1235
Date : {21, 5, 2003} Iterations: 1236
BaseY: 2000
StartY: 1988
BaseDay: 3
First day of year: 6
The day is: 6
DateGC : {29, 1, 2011} Iterations: 1236
BaseY: 2000
StartY: 1988
BaseDay: 3
First day of year: 6
The day is: 6
Date : {21, 5, 2003} Iterations: 1236
Date : {22, 5, 2003} Iterations: 1237
BaseY: 2000
StartY: 1988
BaseDay: 3
First day of year: 6
The day is: 7
DateGC : {30, 1, 2011} Iterations: 1237
BaseY: 2000
StartY: 1988
BaseDay: 3
First day of year: 6
The day is: 7
Date : {22, 5, 2003} Iterations: 1237
Date : {23, 5, 2003} Iterations: 1238
BaseY: 2000
StartY: 1988
BaseDay: 3
First day of year: 6
The day is: 1
DateGC : {31, 1, 2011} Iterations: 1238
BaseY: 2000
StartY: 1988
BaseDay: 3
First day of year: 6
The day is: 1
Date : {23, 5, 2003} Iterations: 1238
Date : {24, 5, 2003} Iterations: 1239
BaseY: 2000
StartY: 1988
BaseDay: 3
First day of year: 6
The day is: 2
DateGC : {1, 2, 2011} Iterations: 1239
BaseY: 2000
StartY: 1988
BaseDay: 3
First day of year: 6
The day is: 2
Date : {24, 5, 2003} Iterations: 1239
Date : {25, 5, 2003} Iterations: 1240
BaseY: 2000
StartY: 1988
BaseDay: 3
First day of year: 6
The day is: 3
DateGC : {2, 2, 2011} Iterations: 1240
BaseY: 2000
StartY: 1988
BaseDay: 3
First day of year: 6
The day is: 3
Date : {25, 5, 2003} Iterations: 1240
Date : {26, 5, 2003} Iterations: 1241
BaseY: 2000
StartY: 1988
BaseDay: 3
First day of year: 6
The day is: 4
DateGC : {3, 2, 2011} Iterations: 1241
BaseY: 2000
StartY: 1988
BaseDay: 3
First day of year: 6
The day is: 4
Date : {26, 5, 2003} Iterations: 1241
Date : {27, 5, 2003} Iterations: 1242
BaseY: 2000
StartY: 1988
BaseDay: 3
First day of year: 6
The day is: 5
DateGC : {4, 2, 2011} Iterations: 1242
BaseY: 2000
StartY: 1988
BaseDay: 3
First day of year: 6
The day is: 5
Date : {27, 5, 2003} Iterations: 1242
Date : {28, 5, 2003} Iterations: 1243
BaseY: 2000
StartY: 1988
BaseDay: 3
First day of year: 6
The day is: 6
DateGC : {5, 2, 2011} Iterations: 1243
BaseY: 2000
StartY: 1988
BaseDay: 3
First day of year: 6
The day is: 6
Date : {28, 5, 2003} Iterations: 1243
Date : {29, 5, 2003} Iterations: 1244
BaseY: 2000
StartY: 1988
BaseDay: 3
First day of year: 6
The day is: 7
DateGC : {6, 2, 2011} Iterations: 1244
BaseY: 2000
StartY: 1988
BaseDay: 3
First day of year: 6
The day is: 7
Date : {29, 5, 2003} Iterations: 1244
Date : {30, 5, 2003} Iterations: 1245
BaseY: 2000
StartY: 1988
BaseDay: 3
First day of year: 6
The day is: 1
DateGC : {7, 2, 2011} Iterations: 1245
BaseY: 2000
StartY: 1988
BaseDay: 3
First day of year: 6
The day is: 1
Date : {30, 5, 2003} Iterations: 1245
Date : {1, 6, 2003} Iterations: 1246
BaseY: 2000
StartY: 1988
BaseDay: 3
First day of year: 6
The day is: 2
DateGC : {8, 2, 2011} Iterations: 1246
BaseY: 2000
StartY: 1988
BaseDay: 3
First day of year: 6
The day is: 2
Date : {1, 6, 2003} Iterations: 1246
Date : {2, 6, 2003} Iterations: 1247
BaseY: 2000
StartY: 1988
BaseDay: 3
First day of year: 6
The day is: 3
DateGC : {9, 2, 2011} Iterations: 1247
BaseY: 2000
StartY: 1988
BaseDay: 3
First day of year: 6
The day is: 3
Date : {2, 6, 2003} Iterations: 1247
Date : {3, 6, 2003} Iterations: 1248
BaseY: 2000
StartY: 1988
BaseDay: 3
First day of year: 6
The day is: 4
DateGC : {10, 2, 2011} Iterations: 1248
BaseY: 2000
StartY: 1988
BaseDay: 3
First day of year: 6
The day is: 4
Date : {3, 6, 2003} Iterations: 1248
Date : {4, 6, 2003} Iterations: 1249
BaseY: 2000
StartY: 1988
BaseDay: 3
First day of year: 6
The day is: 5
DateGC : {11, 2, 2011} Iterations: 1249
BaseY: 2000
StartY: 1988
BaseDay: 3
First day of year: 6
The day is: 5
Date : {4, 6, 2003} Iterations: 1249
Date : {5, 6, 2003} Iterations: 1250
BaseY: 2000
StartY: 1988
BaseDay: 3
First day of year: 6
The day is: 6
DateGC : {12, 2, 2011} Iterations: 1250
BaseY: 2000
StartY: 1988
BaseDay: 3
First day of year: 6
The day is: 6
Date : {5, 6, 2003} Iterations: 1250
Date : {6, 6, 2003} Iterations: 1251
BaseY: 2000
StartY: 1988
BaseDay: 3
First day of year: 6
The day is: 7
DateGC : {13, 2, 2011} Iterations: 1251
BaseY: 2000
StartY: 1988
BaseDay: 3
First day of year: 6
The day is: 7
Date : {6, 6, 2003} Iterations: 1251
Date : {7, 6, 2003} Iterations: 1252
BaseY: 2000
StartY: 1988
BaseDay: 3
First day of year: 6
The day is: 1
DateGC : {14, 2, 2011} Iterations: 1252
BaseY: 2000
StartY: 1988
BaseDay: 3
First day of year: 6
The day is: 1
Date : {7, 6, 2003} Iterations: 1252
Date : {8, 6, 2003} Iterations: 1253
BaseY: 2000
StartY: 1988
BaseDay: 3
First day of year: 6
The day is: 2
DateGC : {15, 2, 2011} Iterations: 1253
BaseY: 2000
StartY: 1988
BaseDay: 3
First day of year: 6
The day is: 2
Date : {8, 6, 2003} Iterations: 1253
Date : {9, 6, 2003} Iterations: 1254
BaseY: 2000
StartY: 1988
BaseDay: 3
First day of year: 6
The day is: 3
DateGC : {16, 2, 2011} Iterations: 1254
BaseY: 2000
StartY: 1988
BaseDay: 3
First day of year: 6
The day is: 3
Date : {9, 6, 2003} Iterations: 1254
Date : {10, 6, 2003} Iterations: 1255
BaseY: 2000
StartY: 1988
BaseDay: 3
First day of year: 6
The day is: 4
DateGC : {17, 2, 2011} Iterations: 1255
BaseY: 2000
StartY: 1988
BaseDay: 3
First day of year: 6
The day is: 4
Date : {10, 6, 2003} Iterations: 1255
Date : {11, 6, 2003} Iterations: 1256
BaseY: 2000
StartY: 1988
BaseDay: 3
First day of year: 6
The day is: 5
DateGC : {18, 2, 2011} Iterations: 1256
BaseY: 2000
StartY: 1988
BaseDay: 3
First day of year: 6
The day is: 5
Date : {11, 6, 2003} Iterations: 1256
Date : {12, 6, 2003} Iterations: 1257
BaseY: 2000
StartY: 1988
BaseDay: 3
First day of year: 6
The day is: 6
DateGC : {19, 2, 2011} Iterations: 1257
BaseY: 2000
StartY: 1988
BaseDay: 3
First day of year: 6
The day is: 6
Date : {12, 6, 2003} Iterations: 1257
Date : {13, 6, 2003} Iterations: 1258
BaseY: 2000
StartY: 1988
BaseDay: 3
First day of year: 6
The day is: 7
DateGC : {20, 2, 2011} Iterations: 1258
BaseY: 2000
StartY: 1988
BaseDay: 3
First day of year: 6
The day is: 7
Date : {13, 6, 2003} Iterations: 1258
Date : {14, 6, 2003} Iterations: 1259
BaseY: 2000
StartY: 1988
BaseDay: 3
First day of year: 6
The day is: 1
DateGC : {21, 2, 2011} Iterations: 1259
BaseY: 2000
StartY: 1988
BaseDay: 3
First day of year: 6
The day is: 1
Date : {14, 6, 2003} Iterations: 1259
Date : {15, 6, 2003} Iterations: 1260
BaseY: 2000
StartY: 1988
BaseDay: 3
First day of year: 6
The day is: 2
DateGC : {22, 2, 2011} Iterations: 1260
BaseY: 2000
StartY: 1988
BaseDay: 3
First day of year: 6
The day is: 2
Date : {15, 6, 2003} Iterations: 1260
Date : {16, 6, 2003} Iterations: 1261
BaseY: 2000
StartY: 1988
BaseDay: 3
First day of year: 6
The day is: 3
DateGC : {23, 2, 2011} Iterations: 1261
BaseY: 2000
StartY: 1988
BaseDay: 3
First day of year: 6
The day is: 3
Date : {16, 6, 2003} Iterations: 1261
Date : {17, 6, 2003} Iterations: 1262
BaseY: 2000
StartY: 1988
BaseDay: 3
First day of year: 6
The day is: 4
DateGC : {24, 2, 2011} Iterations: 1262
BaseY: 2000
StartY: 1988
BaseDay: 3
First day of year: 6
The day is: 4
Date : {17, 6, 2003} Iterations: 1262
Date : {18, 6, 2003} Iterations: 1263
BaseY: 2000
StartY: 1988
BaseDay: 3
First day of year: 6
The day is: 5
DateGC : {25, 2, 2011} Iterations: 1263
BaseY: 2000
StartY: 1988
BaseDay: 3
First day of year: 6
The day is: 5
Date : {18, 6, 2003} Iterations: 1263
Date : {19, 6, 2003} Iterations: 1264
BaseY: 2000
StartY: 1988
BaseDay: 3
First day of year: 6
The day is: 6
DateGC : {26, 2, 2011} Iterations: 1264
BaseY: 2000
StartY: 1988
BaseDay: 3
First day of year: 6
The day is: 6
Date : {19, 6, 2003} Iterations: 1264
Date : {20, 6, 2003} Iterations: 1265
BaseY: 2000
StartY: 1988
BaseDay: 3
First day of year: 6
The day is: 7
DateGC : {27, 2, 2011} Iterations: 1265
BaseY: 2000
StartY: 1988
BaseDay: 3
First day of year: 6
The day is: 7
Date : {20, 6, 2003} Iterations: 1265
Date : {21, 6, 2003} Iterations: 1266
BaseY: 2000
StartY: 1988
BaseDay: 3
First day of year: 6
The day is: 1
DateGC : {28, 2, 2011} Iterations: 1266
BaseY: 2000
StartY: 1988
BaseDay: 3
First day of year: 6
The day is: 1
Date : {21, 6, 2003} Iterations: 1266
Date : {22, 6, 2003} Iterations: 1267
BaseY: 2000
StartY: 1988
BaseDay: 3
First day of year: 6
The day is: 2
DateGC : {1, 3, 2011} Iterations: 1267
BaseY: 2000
StartY: 1988
BaseDay: 3
First day of year: 6
The day is: 2
Date : {22, 6, 2003} Iterations: 1267
Date : {23, 6, 2003} Iterations: 1268
BaseY: 2000
StartY: 1988
BaseDay: 3
First day of year: 6
The day is: 3
DateGC : {2, 3, 2011} Iterations: 1268
BaseY: 2000
StartY: 1988
BaseDay: 3
First day of year: 6
The day is: 3
Date : {23, 6, 2003} Iterations: 1268
Date : {24, 6, 2003} Iterations: 1269
BaseY: 2000
StartY: 1988
BaseDay: 3
First day of year: 6
The day is: 4
DateGC : {3, 3, 2011} Iterations: 1269
BaseY: 2000
StartY: 1988
BaseDay: 3
First day of year: 6
The day is: 4
Date : {24, 6, 2003} Iterations: 1269
Date : {25, 6, 2003} Iterations: 1270
BaseY: 2000
StartY: 1988
BaseDay: 3
First day of year: 6
The day is: 5
DateGC : {4, 3, 2011} Iterations: 1270
BaseY: 2000
StartY: 1988
BaseDay: 3
First day of year: 6
The day is: 5
Date : {25, 6, 2003} Iterations: 1270
Date : {26, 6, 2003} Iterations: 1271
BaseY: 2000
StartY: 1988
BaseDay: 3
First day of year: 6
The day is: 6
DateGC : {5, 3, 2011} Iterations: 1271
BaseY: 2000
StartY: 1988
BaseDay: 3
First day of year: 6
The day is: 6
Date : {26, 6, 2003} Iterations: 1271
Date : {27, 6, 2003} Iterations: 1272
BaseY: 2000
StartY: 1988
BaseDay: 3
First day of year: 6
The day is: 7
DateGC : {6, 3, 2011} Iterations: 1272
BaseY: 2000
StartY: 1988
BaseDay: 3
First day of year: 6
The day is: 7
Date : {27, 6, 2003} Iterations: 1272
Date : {28, 6, 2003} Iterations: 1273
BaseY: 2000
StartY: 1988
BaseDay: 3
First day of year: 6
The day is: 1
DateGC : {7, 3, 2011} Iterations: 1273
BaseY: 2000
StartY: 1988
BaseDay: 3
First day of year: 6
The day is: 1
Date : {28, 6, 2003} Iterations: 1273
Date : {29, 6, 2003} Iterations: 1274
BaseY: 2000
StartY: 1988
BaseDay: 3
First day of year: 6
The day is: 2
DateGC : {8, 3, 2011} Iterations: 1274
BaseY: 2000
StartY: 1988
BaseDay: 3
First day of year: 6
The day is: 2
Date : {29, 6, 2003} Iterations: 1274
Date : {30, 6, 2003} Iterations: 1275
BaseY: 2000
StartY: 1988
BaseDay: 3
First day of year: 6
The day is: 3
DateGC : {9, 3, 2011} Iterations: 1275
BaseY: 2000
StartY: 1988
BaseDay: 3
First day of year: 6
The day is: 3
Date : {30, 6, 2003} Iterations: 1275
Date : {1, 7, 2003} Iterations: 1276
BaseY: 2000
StartY: 1988
BaseDay: 3
First day of year: 6
The day is: 4
DateGC : {10, 3, 2011} Iterations: 1276
BaseY: 2000
StartY: 1988
BaseDay: 3
First day of year: 6
The day is: 4
Date : {1, 7, 2003} Iterations: 1276
Date : {2, 7, 2003} Iterations: 1277
BaseY: 2000
StartY: 1988
BaseDay: 3
First day of year: 6
The day is: 5
DateGC : {11, 3, 2011} Iterations: 1277
BaseY: 2000
StartY: 1988
BaseDay: 3
First day of year: 6
The day is: 5
Date : {2, 7, 2003} Iterations: 1277
Date : {3, 7, 2003} Iterations: 1278
BaseY: 2000
StartY: 1988
BaseDay: 3
First day of year: 6
The day is: 6
DateGC : {12, 3, 2011} Iterations: 1278
BaseY: 2000
StartY: 1988
BaseDay: 3
First day of year: 6
The day is: 6
Date : {3, 7, 2003} Iterations: 1278
Date : {4, 7, 2003} Iterations: 1279
BaseY: 2000
StartY: 1988
BaseDay: 3
First day of year: 6
The day is: 7
DateGC : {13, 3, 2011} Iterations: 1279
BaseY: 2000
StartY: 1988
BaseDay: 3
First day of year: 6
The day is: 7
Date : {4, 7, 2003} Iterations: 1279
Date : {5, 7, 2003} Iterations: 1280
BaseY: 2000
StartY: 1988
BaseDay: 3
First day of year: 6
The day is: 1
DateGC : {14, 3, 2011} Iterations: 1280
BaseY: 2000
StartY: 1988
BaseDay: 3
First day of year: 6
The day is: 1
Date : {5, 7, 2003} Iterations: 1280
Date : {6, 7, 2003} Iterations: 1281
BaseY: 2000
StartY: 1988
BaseDay: 3
First day of year: 6
The day is: 2
DateGC : {15, 3, 2011} Iterations: 1281
BaseY: 2000
StartY: 1988
BaseDay: 3
First day of year: 6
The day is: 2
Date : {6, 7, 2003} Iterations: 1281
Date : {7, 7, 2003} Iterations: 1282
BaseY: 2000
StartY: 1988
BaseDay: 3
First day of year: 6
The day is: 3
DateGC : {16, 3, 2011} Iterations: 1282
BaseY: 2000
StartY: 1988
BaseDay: 3
First day of year: 6
The day is: 3
Date : {7, 7, 2003} Iterations: 1282
Date : {8, 7, 2003} Iterations: 1283
BaseY: 2000
StartY: 1988
BaseDay: 3
First day of year: 6
The day is: 4
DateGC : {17, 3, 2011} Iterations: 1283
BaseY: 2000
StartY: 1988
BaseDay: 3
First day of year: 6
The day is: 4
Date : {8, 7, 2003} Iterations: 1283
Date : {9, 7, 2003} Iterations: 1284
BaseY: 2000
StartY: 1988
BaseDay: 3
First day of year: 6
The day is: 5
DateGC : {18, 3, 2011} Iterations: 1284
BaseY: 2000
StartY: 1988
BaseDay: 3
First day of year: 6
The day is: 5
Date : {9, 7, 2003} Iterations: 1284
Date : {10, 7, 2003} Iterations: 1285
BaseY: 2000
StartY: 1988
BaseDay: 3
First day of year: 6
The day is: 6
DateGC : {19, 3, 2011} Iterations: 1285
BaseY: 2000
StartY: 1988
BaseDay: 3
First day of year: 6
The day is: 6
Date : {10, 7, 2003} Iterations: 1285
Date : {11, 7, 2003} Iterations: 1286
BaseY: 2000
StartY: 1988
BaseDay: 3
First day of year: 6
The day is: 7
DateGC : {20, 3, 2011} Iterations: 1286
BaseY: 2000
StartY: 1988
BaseDay: 3
First day of year: 6
The day is: 7
Date : {11, 7, 2003} Iterations: 1286
Date : {12, 7, 2003} Iterations: 1287
BaseY: 2000
StartY: 1988
BaseDay: 3
First day of year: 6
The day is: 1
DateGC : {21, 3, 2011} Iterations: 1287
BaseY: 2000
StartY: 1988
BaseDay: 3
First day of year: 6
The day is: 1
Date : {12, 7, 2003} Iterations: 1287
Date : {13, 7, 2003} Iterations: 1288
BaseY: 2000
StartY: 1988
BaseDay: 3
First day of year: 6
The day is: 2
DateGC : {22, 3, 2011} Iterations: 1288
BaseY: 2000
StartY: 1988
BaseDay: 3
First day of year: 6
The day is: 2
Date : {13, 7, 2003} Iterations: 1288
Date : {14, 7, 2003} Iterations: 1289
BaseY: 2000
StartY: 1988
BaseDay: 3
First day of year: 6
The day is: 3
DateGC : {23, 3, 2011} Iterations: 1289
BaseY: 2000
StartY: 1988
BaseDay: 3
First day of year: 6
The day is: 3
Date : {14, 7, 2003} Iterations: 1289
Date : {15, 7, 2003} Iterations: 1290
BaseY: 2000
StartY: 1988
BaseDay: 3
First day of year: 6
The day is: 4
DateGC : {24, 3, 2011} Iterations: 1290
BaseY: 2000
StartY: 1988
BaseDay: 3
First day of year: 6
The day is: 4
Date : {15, 7, 2003} Iterations: 1290
Date : {16, 7, 2003} Iterations: 1291
BaseY: 2000
StartY: 1988
BaseDay: 3
First day of year: 6
The day is: 5
DateGC : {25, 3, 2011} Iterations: 1291
BaseY: 2000
StartY: 1988
BaseDay: 3
First day of year: 6
The day is: 5
Date : {16, 7, 2003} Iterations: 1291
Date : {17, 7, 2003} Iterations: 1292
BaseY: 2000
StartY: 1988
BaseDay: 3
First day of year: 6
The day is: 6
DateGC : {26, 3, 2011} Iterations: 1292
BaseY: 2000
StartY: 1988
BaseDay: 3
First day of year: 6
The day is: 6
Date : {17, 7, 2003} Iterations: 1292
Date : {18, 7, 2003} Iterations: 1293
BaseY: 2000
StartY: 1988
BaseDay: 3
First day of year: 6
The day is: 7
DateGC : {27, 3, 2011} Iterations: 1293
BaseY: 2000
StartY: 1988
BaseDay: 3
First day of year: 6
The day is: 7
Date : {18, 7, 2003} Iterations: 1293
Date : {19, 7, 2003} Iterations: 1294
BaseY: 2000
StartY: 1988
BaseDay: 3
First day of year: 6
The day is: 1
DateGC : {28, 3, 2011} Iterations: 1294
BaseY: 2000
StartY: 1988
BaseDay: 3
First day of year: 6
The day is: 1
Date : {19, 7, 2003} Iterations: 1294
Date : {20, 7, 2003} Iterations: 1295
BaseY: 2000
StartY: 1988
BaseDay: 3
First day of year: 6
The day is: 2
DateGC : {29, 3, 2011} Iterations: 1295
BaseY: 2000
StartY: 1988
BaseDay: 3
First day of year: 6
The day is: 2
Date : {20, 7, 2003} Iterations: 1295
Date : {21, 7, 2003} Iterations: 1296
BaseY: 2000
StartY: 1988
BaseDay: 3
First day of year: 6
The day is: 3
DateGC : {30, 3, 2011} Iterations: 1296
BaseY: 2000
StartY: 1988
BaseDay: 3
First day of year: 6
The day is: 3
Date : {21, 7, 2003} Iterations: 1296
Date : {22, 7, 2003} Iterations: 1297
BaseY: 2000
StartY: 1988
BaseDay: 3
First day of year: 6
The day is: 4
DateGC : {31, 3, 2011} Iterations: 1297
BaseY: 2000
StartY: 1988
BaseDay: 3
First day of year: 6
The day is: 4
Date : {22, 7, 2003} Iterations: 1297
Date : {23, 7, 2003} Iterations: 1298
BaseY: 2000
StartY: 1988
BaseDay: 3
First day of year: 6
The day is: 5
DateGC : {1, 4, 2011} Iterations: 1298
BaseY: 2000
StartY: 1988
BaseDay: 3
First day of year: 6
The day is: 5
Date : {23, 7, 2003} Iterations: 1298
Date : {24, 7, 2003} Iterations: 1299
BaseY: 2000
StartY: 1988
BaseDay: 3
First day of year: 6
The day is: 6
DateGC : {2, 4, 2011} Iterations: 1299
BaseY: 2000
StartY: 1988
BaseDay: 3
First day of year: 6
The day is: 6
Date : {24, 7, 2003} Iterations: 1299
Date : {25, 7, 2003} Iterations: 1300
BaseY: 2000
StartY: 1988
BaseDay: 3
First day of year: 6
The day is: 7
DateGC : {3, 4, 2011} Iterations: 1300
BaseY: 2000
StartY: 1988
BaseDay: 3
First day of year: 6
The day is: 7
Date : {25, 7, 2003} Iterations: 1300
Date : {26, 7, 2003} Iterations: 1301
BaseY: 2000
StartY: 1988
BaseDay: 3
First day of year: 6
The day is: 1
DateGC : {4, 4, 2011} Iterations: 1301
BaseY: 2000
StartY: 1988
BaseDay: 3
First day of year: 6
The day is: 1
Date : {26, 7, 2003} Iterations: 1301
Date : {27, 7, 2003} Iterations: 1302
BaseY: 2000
StartY: 1988
BaseDay: 3
First day of year: 6
The day is: 2
DateGC : {5, 4, 2011} Iterations: 1302
BaseY: 2000
StartY: 1988
BaseDay: 3
First day of year: 6
The day is: 2
Date : {27, 7, 2003} Iterations: 1302
Date : {28, 7, 2003} Iterations: 1303
BaseY: 2000
StartY: 1988
BaseDay: 3
First day of year: 6
The day is: 3
DateGC : {6, 4, 2011} Iterations: 1303
BaseY: 2000
StartY: 1988
BaseDay: 3
First day of year: 6
The day is: 3
Date : {28, 7, 2003} Iterations: 1303
Date : {29, 7, 2003} Iterations: 1304
BaseY: 2000
StartY: 1988
BaseDay: 3
First day of year: 6
The day is: 4
DateGC : {7, 4, 2011} Iterations: 1304
BaseY: 2000
StartY: 1988
BaseDay: 3
First day of year: 6
The day is: 4
Date : {29, 7, 2003} Iterations: 1304
Date : {30, 7, 2003} Iterations: 1305
BaseY: 2000
StartY: 1988
BaseDay: 3
First day of year: 6
The day is: 5
DateGC : {8, 4, 2011} Iterations: 1305
BaseY: 2000
StartY: 1988
BaseDay: 3
First day of year: 6
The day is: 5
Date : {30, 7, 2003} Iterations: 1305
Date : {1, 8, 2003} Iterations: 1306
BaseY: 2000
StartY: 1988
BaseDay: 3
First day of year: 6
The day is: 6
DateGC : {9, 4, 2011} Iterations: 1306
BaseY: 2000
StartY: 1988
BaseDay: 3
First day of year: 6
The day is: 6
Date : {1, 8, 2003} Iterations: 1306
Date : {2, 8, 2003} Iterations: 1307
BaseY: 2000
StartY: 1988
BaseDay: 3
First day of year: 6
The day is: 7
DateGC : {10, 4, 2011} Iterations: 1307
BaseY: 2000
StartY: 1988
BaseDay: 3
First day of year: 6
The day is: 7
Date : {2, 8, 2003} Iterations: 1307
Date : {3, 8, 2003} Iterations: 1308
BaseY: 2000
StartY: 1988
BaseDay: 3
First day of year: 6
The day is: 1
DateGC : {11, 4, 2011} Iterations: 1308
BaseY: 2000
StartY: 1988
BaseDay: 3
First day of year: 6
The day is: 1
Date : {3, 8, 2003} Iterations: 1308
Date : {4, 8, 2003} Iterations: 1309
BaseY: 2000
StartY: 1988
BaseDay: 3
First day of year: 6
The day is: 2
DateGC : {12, 4, 2011} Iterations: 1309
BaseY: 2000
StartY: 1988
BaseDay: 3
First day of year: 6
The day is: 2
Date : {4, 8, 2003} Iterations: 1309
Date : {5, 8, 2003} Iterations: 1310
BaseY: 2000
StartY: 1988
BaseDay: 3
First day of year: 6
The day is: 3
DateGC : {13, 4, 2011} Iterations: 1310
BaseY: 2000
StartY: 1988
BaseDay: 3
First day of year: 6
The day is: 3
Date : {5, 8, 2003} Iterations: 1310
Date : {6, 8, 2003} Iterations: 1311
BaseY: 2000
StartY: 1988
BaseDay: 3
First day of year: 6
The day is: 4
DateGC : {14, 4, 2011} Iterations: 1311
BaseY: 2000
StartY: 1988
BaseDay: 3
First day of year: 6
The day is: 4
Date : {6, 8, 2003} Iterations: 1311
Date : {7, 8, 2003} Iterations: 1312
BaseY: 2000
StartY: 1988
BaseDay: 3
First day of year: 6
The day is: 5
DateGC : {15, 4, 2011} Iterations: 1312
BaseY: 2000
StartY: 1988
BaseDay: 3
First day of year: 6
The day is: 5
Date : {7, 8, 2003} Iterations: 1312
Date : {8, 8, 2003} Iterations: 1313
BaseY: 2000
StartY: 1988
BaseDay: 3
First day of year: 6
The day is: 6
DateGC : {16, 4, 2011} Iterations: 1313
BaseY: 2000
StartY: 1988
BaseDay: 3
First day of year: 6
The day is: 6
Date : {8, 8, 2003} Iterations: 1313
Date : {9, 8, 2003} Iterations: 1314
BaseY: 2000
StartY: 1988
BaseDay: 3
First day of year: 6
The day is: 7
DateGC : {17, 4, 2011} Iterations: 1314
BaseY: 2000
StartY: 1988
BaseDay: 3
First day of year: 6
The day is: 7
Date : {9, 8, 2003} Iterations: 1314
Date : {10, 8, 2003} Iterations: 1315
BaseY: 2000
StartY: 1988
BaseDay: 3
First day of year: 6
The day is: 1
DateGC : {18, 4, 2011} Iterations: 1315
BaseY: 2000
StartY: 1988
BaseDay: 3
First day of year: 6
The day is: 1
Date : {10, 8, 2003} Iterations: 1315
Date : {11, 8, 2003} Iterations: 1316
BaseY: 2000
StartY: 1988
BaseDay: 3
First day of year: 6
The day is: 2
DateGC : {19, 4, 2011} Iterations: 1316
BaseY: 2000
StartY: 1988
BaseDay: 3
First day of year: 6
The day is: 2
Date : {11, 8, 2003} Iterations: 1316
Date : {12, 8, 2003} Iterations: 1317
BaseY: 2000
StartY: 1988
BaseDay: 3
First day of year: 6
The day is: 3
DateGC : {20, 4, 2011} Iterations: 1317
BaseY: 2000
StartY: 1988
BaseDay: 3
First day of year: 6
The day is: 3
Date : {12, 8, 2003} Iterations: 1317
Date : {13, 8, 2003} Iterations: 1318
BaseY: 2000
StartY: 1988
BaseDay: 3
First day of year: 6
The day is: 4
DateGC : {21, 4, 2011} Iterations: 1318
BaseY: 2000
StartY: 1988
BaseDay: 3
First day of year: 6
The day is: 4
Date : {13, 8, 2003} Iterations: 1318
Date : {14, 8, 2003} Iterations: 1319
BaseY: 2000
StartY: 1988
BaseDay: 3
First day of year: 6
The day is: 5
DateGC : {22, 4, 2011} Iterations: 1319
BaseY: 2000
StartY: 1988
BaseDay: 3
First day of year: 6
The day is: 5
Date : {14, 8, 2003} Iterations: 1319
Date : {15, 8, 2003} Iterations: 1320
BaseY: 2000
StartY: 1988
BaseDay: 3
First day of year: 6
The day is: 6
DateGC : {23, 4, 2011} Iterations: 1320
BaseY: 2000
StartY: 1988
BaseDay: 3
First day of year: 6
The day is: 6
Date : {15, 8, 2003} Iterations: 1320
Date : {16, 8, 2003} Iterations: 1321
BaseY: 2000
StartY: 1988
BaseDay: 3
First day of year: 6
The day is: 7
DateGC : {24, 4, 2011} Iterations: 1321
BaseY: 2000
StartY: 1988
BaseDay: 3
First day of year: 6
The day is: 7
Date : {16, 8, 2003} Iterations: 1321
Date : {17, 8, 2003} Iterations: 1322
BaseY: 2000
StartY: 1988
BaseDay: 3
First day of year: 6
The day is: 1
DateGC : {25, 4, 2011} Iterations: 1322
BaseY: 2000
StartY: 1988
BaseDay: 3
First day of year: 6
The day is: 1
Date : {17, 8, 2003} Iterations: 1322
Date : {18, 8, 2003} Iterations: 1323
BaseY: 2000
StartY: 1988
BaseDay: 3
First day of year: 6
The day is: 2
DateGC : {26, 4, 2011} Iterations: 1323
BaseY: 2000
StartY: 1988
BaseDay: 3
First day of year: 6
The day is: 2
Date : {18, 8, 2003} Iterations: 1323
Date : {19, 8, 2003} Iterations: 1324
BaseY: 2000
StartY: 1988
BaseDay: 3
First day of year: 6
The day is: 3
DateGC : {27, 4, 2011} Iterations: 1324
BaseY: 2000
StartY: 1988
BaseDay: 3
First day of year: 6
The day is: 3
Date : {19, 8, 2003} Iterations: 1324
Date : {20, 8, 2003} Iterations: 1325
BaseY: 2000
StartY: 1988
BaseDay: 3
First day of year: 6
The day is: 4
DateGC : {28, 4, 2011} Iterations: 1325
BaseY: 2000
StartY: 1988
BaseDay: 3
First day of year: 6
The day is: 4
Date : {20, 8, 2003} Iterations: 1325
Date : {21, 8, 2003} Iterations: 1326
BaseY: 2000
StartY: 1988
BaseDay: 3
First day of year: 6
The day is: 5
DateGC : {29, 4, 2011} Iterations: 1326
BaseY: 2000
StartY: 1988
BaseDay: 3
First day of year: 6
The day is: 5
Date : {21, 8, 2003} Iterations: 1326
Date : {22, 8, 2003} Iterations: 1327
BaseY: 2000
StartY: 1988
BaseDay: 3
First day of year: 6
The day is: 6
DateGC : {30, 4, 2011} Iterations: 1327
BaseY: 2000
StartY: 1988
BaseDay: 3
First day of year: 6
The day is: 6
Date : {22, 8, 2003} Iterations: 1327
Date : {23, 8, 2003} Iterations: 1328
BaseY: 2000
StartY: 1988
BaseDay: 3
First day of year: 6
The day is: 7
DateGC : {1, 5, 2011} Iterations: 1328
BaseY: 2000
StartY: 1988
BaseDay: 3
First day of year: 6
The day is: 7
Date : {23, 8, 2003} Iterations: 1328
Date : {24, 8, 2003} Iterations: 1329
BaseY: 2000
StartY: 1988
BaseDay: 3
First day of year: 6
The day is: 1
DateGC : {2, 5, 2011} Iterations: 1329
BaseY: 2000
StartY: 1988
BaseDay: 3
First day of year: 6
The day is: 1
Date : {24, 8, 2003} Iterations: 1329
Date : {25, 8, 2003} Iterations: 1330
BaseY: 2000
StartY: 1988
BaseDay: 3
First day of year: 6
The day is: 2
DateGC : {3, 5, 2011} Iterations: 1330
BaseY: 2000
StartY: 1988
BaseDay: 3
First day of year: 6
The day is: 2
Date : {25, 8, 2003} Iterations: 1330
Date : {26, 8, 2003} Iterations: 1331
BaseY: 2000
StartY: 1988
BaseDay: 3
First day of year: 6
The day is: 3
DateGC : {4, 5, 2011} Iterations: 1331
BaseY: 2000
StartY: 1988
BaseDay: 3
First day of year: 6
The day is: 3
Date : {26, 8, 2003} Iterations: 1331
Date : {27, 8, 2003} Iterations: 1332
BaseY: 2000
StartY: 1988
BaseDay: 3
First day of year: 6
The day is: 4
DateGC : {5, 5, 2011} Iterations: 1332
BaseY: 2000
StartY: 1988
BaseDay: 3
First day of year: 6
The day is: 4
Date : {27, 8, 2003} Iterations: 1332
Date : {28, 8, 2003} Iterations: 1333
BaseY: 2000
StartY: 1988
BaseDay: 3
First day of year: 6
The day is: 5
DateGC : {6, 5, 2011} Iterations: 1333
BaseY: 2000
StartY: 1988
BaseDay: 3
First day of year: 6
The day is: 5
Date : {28, 8, 2003} Iterations: 1333
Date : {29, 8, 2003} Iterations: 1334
BaseY: 2000
StartY: 1988
BaseDay: 3
First day of year: 6
The day is: 6
DateGC : {7, 5, 2011} Iterations: 1334
BaseY: 2000
StartY: 1988
BaseDay: 3
First day of year: 6
The day is: 6
Date : {29, 8, 2003} Iterations: 1334
Date : {30, 8, 2003} Iterations: 1335
BaseY: 2000
StartY: 1988
BaseDay: 3
First day of year: 6
The day is: 7
DateGC : {8, 5, 2011} Iterations: 1335
BaseY: 2000
StartY: 1988
BaseDay: 3
First day of year: 6
The day is: 7
Date : {30, 8, 2003} Iterations: 1335
Date : {1, 9, 2003} Iterations: 1336
BaseY: 2000
StartY: 1988
BaseDay: 3
First day of year: 6
The day is: 1
DateGC : {9, 5, 2011} Iterations: 1336
BaseY: 2000
StartY: 1988
BaseDay: 3
First day of year: 6
The day is: 1
Date : {1, 9, 2003} Iterations: 1336
Date : {2, 9, 2003} Iterations: 1337
BaseY: 2000
StartY: 1988
BaseDay: 3
First day of year: 6
The day is: 2
DateGC : {10, 5, 2011} Iterations: 1337
BaseY: 2000
StartY: 1988
BaseDay: 3
First day of year: 6
The day is: 2
Date : {2, 9, 2003} Iterations: 1337
Date : {3, 9, 2003} Iterations: 1338
BaseY: 2000
StartY: 1988
BaseDay: 3
First day of year: 6
The day is: 3
DateGC : {11, 5, 2011} Iterations: 1338
BaseY: 2000
StartY: 1988
BaseDay: 3
First day of year: 6
The day is: 3
Date : {3, 9, 2003} Iterations: 1338
Date : {4, 9, 2003} Iterations: 1339
BaseY: 2000
StartY: 1988
BaseDay: 3
First day of year: 6
The day is: 4
DateGC : {12, 5, 2011} Iterations: 1339
BaseY: 2000
StartY: 1988
BaseDay: 3
First day of year: 6
The day is: 4
Date : {4, 9, 2003} Iterations: 1339
Date : {5, 9, 2003} Iterations: 1340
BaseY: 2000
StartY: 1988
BaseDay: 3
First day of year: 6
The day is: 5
DateGC : {13, 5, 2011} Iterations: 1340
BaseY: 2000
StartY: 1988
BaseDay: 3
First day of year: 6
The day is: 5
Date : {5, 9, 2003} Iterations: 1340
Date : {6, 9, 2003} Iterations: 1341
BaseY: 2000
StartY: 1988
BaseDay: 3
First day of year: 6
The day is: 6
DateGC : {14, 5, 2011} Iterations: 1341
BaseY: 2000
StartY: 1988
BaseDay: 3
First day of year: 6
The day is: 6
Date : {6, 9, 2003} Iterations: 1341
Date : {7, 9, 2003} Iterations: 1342
BaseY: 2000
StartY: 1988
BaseDay: 3
First day of year: 6
The day is: 7
DateGC : {15, 5, 2011} Iterations: 1342
BaseY: 2000
StartY: 1988
BaseDay: 3
First day of year: 6
The day is: 7
Date : {7, 9, 2003} Iterations: 1342
Date : {8, 9, 2003} Iterations: 1343
BaseY: 2000
StartY: 1988
BaseDay: 3
First day of year: 6
The day is: 1
DateGC : {16, 5, 2011} Iterations: 1343
BaseY: 2000
StartY: 1988
BaseDay: 3
First day of year: 6
The day is: 1
Date : {8, 9, 2003} Iterations: 1343
Date : {9, 9, 2003} Iterations: 1344
BaseY: 2000
StartY: 1988
BaseDay: 3
First day of year: 6
The day is: 2
DateGC : {17, 5, 2011} Iterations: 1344
BaseY: 2000
StartY: 1988
BaseDay: 3
First day of year: 6
The day is: 2
Date : {9, 9, 2003} Iterations: 1344
Date : {10, 9, 2003} Iterations: 1345
BaseY: 2000
StartY: 1988
BaseDay: 3
First day of year: 6
The day is: 3
DateGC : {18, 5, 2011} Iterations: 1345
BaseY: 2000
StartY: 1988
BaseDay: 3
First day of year: 6
The day is: 3
Date : {10, 9, 2003} Iterations: 1345
Date : {11, 9, 2003} Iterations: 1346
BaseY: 2000
StartY: 1988
BaseDay: 3
First day of year: 6
The day is: 4
DateGC : {19, 5, 2011} Iterations: 1346
BaseY: 2000
StartY: 1988
BaseDay: 3
First day of year: 6
The day is: 4
Date : {11, 9, 2003} Iterations: 1346
Date : {12, 9, 2003} Iterations: 1347
BaseY: 2000
StartY: 1988
BaseDay: 3
First day of year: 6
The day is: 5
DateGC : {20, 5, 2011} Iterations: 1347
BaseY: 2000
StartY: 1988
BaseDay: 3
First day of year: 6
The day is: 5
Date : {12, 9, 2003} Iterations: 1347
Date : {13, 9, 2003} Iterations: 1348
BaseY: 2000
StartY: 1988
BaseDay: 3
First day of year: 6
The day is: 6
DateGC : {21, 5, 2011} Iterations: 1348
BaseY: 2000
StartY: 1988
BaseDay: 3
First day of year: 6
The day is: 6
Date : {13, 9, 2003} Iterations: 1348
Date : {14, 9, 2003} Iterations: 1349
BaseY: 2000
StartY: 1988
BaseDay: 3
First day of year: 6
The day is: 7
DateGC : {22, 5, 2011} Iterations: 1349
BaseY: 2000
StartY: 1988
BaseDay: 3
First day of year: 6
The day is: 7
Date : {14, 9, 2003} Iterations: 1349
Date : {15, 9, 2003} Iterations: 1350
BaseY: 2000
StartY: 1988
BaseDay: 3
First day of year: 6
The day is: 1
DateGC : {23, 5, 2011} Iterations: 1350
BaseY: 2000
StartY: 1988
BaseDay: 3
First day of year: 6
The day is: 1
Date : {15, 9, 2003} Iterations: 1350
Date : {16, 9, 2003} Iterations: 1351
BaseY: 2000
StartY: 1988
BaseDay: 3
First day of year: 6
The day is: 2
DateGC : {24, 5, 2011} Iterations: 1351
BaseY: 2000
StartY: 1988
BaseDay: 3
First day of year: 6
The day is: 2
Date : {16, 9, 2003} Iterations: 1351
Date : {17, 9, 2003} Iterations: 1352
BaseY: 2000
StartY: 1988
BaseDay: 3
First day of year: 6
The day is: 3
DateGC : {25, 5, 2011} Iterations: 1352
BaseY: 2000
StartY: 1988
BaseDay: 3
First day of year: 6
The day is: 3
Date : {17, 9, 2003} Iterations: 1352
Date : {18, 9, 2003} Iterations: 1353
BaseY: 2000
StartY: 1988
BaseDay: 3
First day of year: 6
The day is: 4
DateGC : {26, 5, 2011} Iterations: 1353
BaseY: 2000
StartY: 1988
BaseDay: 3
First day of year: 6
The day is: 4
Date : {18, 9, 2003} Iterations: 1353
Date : {19, 9, 2003} Iterations: 1354
BaseY: 2000
StartY: 1988
BaseDay: 3
First day of year: 6
The day is: 5
DateGC : {27, 5, 2011} Iterations: 1354
BaseY: 2000
StartY: 1988
BaseDay: 3
First day of year: 6
The day is: 5
Date : {19, 9, 2003} Iterations: 1354
Date : {20, 9, 2003} Iterations: 1355
BaseY: 2000
StartY: 1988
BaseDay: 3
First day of year: 6
The day is: 6
DateGC : {28, 5, 2011} Iterations: 1355
BaseY: 2000
StartY: 1988
BaseDay: 3
First day of year: 6
The day is: 6
Date : {20, 9, 2003} Iterations: 1355
Date : {21, 9, 2003} Iterations: 1356
BaseY: 2000
StartY: 1988
BaseDay: 3
First day of year: 6
The day is: 7
DateGC : {29, 5, 2011} Iterations: 1356
BaseY: 2000
StartY: 1988
BaseDay: 3
First day of year: 6
The day is: 7
Date : {21, 9, 2003} Iterations: 1356
Date : {22, 9, 2003} Iterations: 1357
BaseY: 2000
StartY: 1988
BaseDay: 3
First day of year: 6
The day is: 1
DateGC : {30, 5, 2011} Iterations: 1357
BaseY: 2000
StartY: 1988
BaseDay: 3
First day of year: 6
The day is: 1
Date : {22, 9, 2003} Iterations: 1357
Date : {23, 9, 2003} Iterations: 1358
BaseY: 2000
StartY: 1988
BaseDay: 3
First day of year: 6
The day is: 2
DateGC : {31, 5, 2011} Iterations: 1358
BaseY: 2000
StartY: 1988
BaseDay: 3
First day of year: 6
The day is: 2
Date : {23, 9, 2003} Iterations: 1358
Date : {24, 9, 2003} Iterations: 1359
BaseY: 2000
StartY: 1988
BaseDay: 3
First day of year: 6
The day is: 3
DateGC : {1, 6, 2011} Iterations: 1359
BaseY: 2000
StartY: 1988
BaseDay: 3
First day of year: 6
The day is: 3
Date : {24, 9, 2003} Iterations: 1359
Date : {25, 9, 2003} Iterations: 1360
BaseY: 2000
StartY: 1988
BaseDay: 3
First day of year: 6
The day is: 4
DateGC : {2, 6, 2011} Iterations: 1360
BaseY: 2000
StartY: 1988
BaseDay: 3
First day of year: 6
The day is: 4
Date : {25, 9, 2003} Iterations: 1360
Date : {26, 9, 2003} Iterations: 1361
BaseY: 2000
StartY: 1988
BaseDay: 3
First day of year: 6
The day is: 5
DateGC : {3, 6, 2011} Iterations: 1361
BaseY: 2000
StartY: 1988
BaseDay: 3
First day of year: 6
The day is: 5
Date : {26, 9, 2003} Iterations: 1361
Date : {27, 9, 2003} Iterations: 1362
BaseY: 2000
StartY: 1988
BaseDay: 3
First day of year: 6
The day is: 6
DateGC : {4, 6, 2011} Iterations: 1362
BaseY: 2000
StartY: 1988
BaseDay: 3
First day of year: 6
The day is: 6
Date : {27, 9, 2003} Iterations: 1362
Date : {28, 9, 2003} Iterations: 1363
BaseY: 2000
StartY: 1988
BaseDay: 3
First day of year: 6
The day is: 7
DateGC : {5, 6, 2011} Iterations: 1363
BaseY: 2000
StartY: 1988
BaseDay: 3
First day of year: 6
The day is: 7
Date : {28, 9, 2003} Iterations: 1363
Date : {29, 9, 2003} Iterations: 1364
BaseY: 2000
StartY: 1988
BaseDay: 3
First day of year: 6
The day is: 1
DateGC : {6, 6, 2011} Iterations: 1364
BaseY: 2000
StartY: 1988
BaseDay: 3
First day of year: 6
The day is: 1
Date : {29, 9, 2003} Iterations: 1364
Date : {30, 9, 2003} Iterations: 1365
BaseY: 2000
StartY: 1988
BaseDay: 3
First day of year: 6
The day is: 2
DateGC : {7, 6, 2011} Iterations: 1365
BaseY: 2000
StartY: 1988
BaseDay: 3
First day of year: 6
The day is: 2
Date : {30, 9, 2003} Iterations: 1365
Date : {1, 10, 2003} Iterations: 1366
BaseY: 2000
StartY: 1988
BaseDay: 3
First day of year: 6
The day is: 3
DateGC : {8, 6, 2011} Iterations: 1366
BaseY: 2000
StartY: 1988
BaseDay: 3
First day of year: 6
The day is: 3
Date : {1, 10, 2003} Iterations: 1366
Date : {2, 10, 2003} Iterations: 1367
BaseY: 2000
StartY: 1988
BaseDay: 3
First day of year: 6
The day is: 4
DateGC : {9, 6, 2011} Iterations: 1367
BaseY: 2000
StartY: 1988
BaseDay: 3
First day of year: 6
The day is: 4
Date : {2, 10, 2003} Iterations: 1367
Date : {3, 10, 2003} Iterations: 1368
BaseY: 2000
StartY: 1988
BaseDay: 3
First day of year: 6
The day is: 5
DateGC : {10, 6, 2011} Iterations: 1368
BaseY: 2000
StartY: 1988
BaseDay: 3
First day of year: 6
The day is: 5
Date : {3, 10, 2003} Iterations: 1368
Date : {4, 10, 2003} Iterations: 1369
BaseY: 2000
StartY: 1988
BaseDay: 3
First day of year: 6
The day is: 6
DateGC : {11, 6, 2011} Iterations: 1369
BaseY: 2000
StartY: 1988
BaseDay: 3
First day of year: 6
The day is: 6
Date : {4, 10, 2003} Iterations: 1369
Date : {5, 10, 2003} Iterations: 1370
BaseY: 2000
StartY: 1988
BaseDay: 3
First day of year: 6
The day is: 7
DateGC : {12, 6, 2011} Iterations: 1370
BaseY: 2000
StartY: 1988
BaseDay: 3
First day of year: 6
The day is: 7
Date : {5, 10, 2003} Iterations: 1370
Date : {6, 10, 2003} Iterations: 1371
BaseY: 2000
StartY: 1988
BaseDay: 3
First day of year: 6
The day is: 1
DateGC : {13, 6, 2011} Iterations: 1371
BaseY: 2000
StartY: 1988
BaseDay: 3
First day of year: 6
The day is: 1
Date : {6, 10, 2003} Iterations: 1371
Date : {7, 10, 2003} Iterations: 1372
BaseY: 2000
StartY: 1988
BaseDay: 3
First day of year: 6
The day is: 2
DateGC : {14, 6, 2011} Iterations: 1372
BaseY: 2000
StartY: 1988
BaseDay: 3
First day of year: 6
The day is: 2
Date : {7, 10, 2003} Iterations: 1372
Date : {8, 10, 2003} Iterations: 1373
BaseY: 2000
StartY: 1988
BaseDay: 3
First day of year: 6
The day is: 3
DateGC : {15, 6, 2011} Iterations: 1373
BaseY: 2000
StartY: 1988
BaseDay: 3
First day of year: 6
The day is: 3
Date : {8, 10, 2003} Iterations: 1373
Date : {9, 10, 2003} Iterations: 1374
BaseY: 2000
StartY: 1988
BaseDay: 3
First day of year: 6
The day is: 4
DateGC : {16, 6, 2011} Iterations: 1374
BaseY: 2000
StartY: 1988
BaseDay: 3
First day of year: 6
The day is: 4
Date : {9, 10, 2003} Iterations: 1374
Date : {10, 10, 2003} Iterations: 1375
BaseY: 2000
StartY: 1988
BaseDay: 3
First day of year: 6
The day is: 5
DateGC : {17, 6, 2011} Iterations: 1375
BaseY: 2000
StartY: 1988
BaseDay: 3
First day of year: 6
The day is: 5
Date : {10, 10, 2003} Iterations: 1375
Date : {11, 10, 2003} Iterations: 1376
BaseY: 2000
StartY: 1988
BaseDay: 3
First day of year: 6
The day is: 6
DateGC : {18, 6, 2011} Iterations: 1376
BaseY: 2000
StartY: 1988
BaseDay: 3
First day of year: 6
The day is: 6
Date : {11, 10, 2003} Iterations: 1376
Date : {12, 10, 2003} Iterations: 1377
BaseY: 2000
StartY: 1988
BaseDay: 3
First day of year: 6
The day is: 7
DateGC : {19, 6, 2011} Iterations: 1377
BaseY: 2000
StartY: 1988
BaseDay: 3
First day of year: 6
The day is: 7
Date : {12, 10, 2003} Iterations: 1377
Date : {13, 10, 2003} Iterations: 1378
BaseY: 2000
StartY: 1988
BaseDay: 3
First day of year: 6
The day is: 1
DateGC : {20, 6, 2011} Iterations: 1378
BaseY: 2000
StartY: 1988
BaseDay: 3
First day of year: 6
The day is: 1
Date : {13, 10, 2003} Iterations: 1378
Date : {14, 10, 2003} Iterations: 1379
BaseY: 2000
StartY: 1988
BaseDay: 3
First day of year: 6
The day is: 2
DateGC : {21, 6, 2011} Iterations: 1379
BaseY: 2000
StartY: 1988
BaseDay: 3
First day of year: 6
The day is: 2
Date : {14, 10, 2003} Iterations: 1379
Date : {15, 10, 2003} Iterations: 1380
BaseY: 2000
StartY: 1988
BaseDay: 3
First day of year: 6
The day is: 3
DateGC : {22, 6, 2011} Iterations: 1380
BaseY: 2000
StartY: 1988
BaseDay: 3
First day of year: 6
The day is: 3
Date : {15, 10, 2003} Iterations: 1380
Date : {16, 10, 2003} Iterations: 1381
BaseY: 2000
StartY: 1988
BaseDay: 3
First day of year: 6
The day is: 4
DateGC : {23, 6, 2011} Iterations: 1381
BaseY: 2000
StartY: 1988
BaseDay: 3
First day of year: 6
The day is: 4
Date : {16, 10, 2003} Iterations: 1381
Date : {17, 10, 2003} Iterations: 1382
BaseY: 2000
StartY: 1988
BaseDay: 3
First day of year: 6
The day is: 5
DateGC : {24, 6, 2011} Iterations: 1382
BaseY: 2000
StartY: 1988
BaseDay: 3
First day of year: 6
The day is: 5
Date : {17, 10, 2003} Iterations: 1382
Date : {18, 10, 2003} Iterations: 1383
BaseY: 2000
StartY: 1988
BaseDay: 3
First day of year: 6
The day is: 6
DateGC : {25, 6, 2011} Iterations: 1383
BaseY: 2000
StartY: 1988
BaseDay: 3
First day of year: 6
The day is: 6
Date : {18, 10, 2003} Iterations: 1383
Date : {19, 10, 2003} Iterations: 1384
BaseY: 2000
StartY: 1988
BaseDay: 3
First day of year: 6
The day is: 7
DateGC : {26, 6, 2011} Iterations: 1384
BaseY: 2000
StartY: 1988
BaseDay: 3
First day of year: 6
The day is: 7
Date : {19, 10, 2003} Iterations: 1384
Date : {20, 10, 2003} Iterations: 1385
BaseY: 2000
StartY: 1988
BaseDay: 3
First day of year: 6
The day is: 1
DateGC : {27, 6, 2011} Iterations: 1385
BaseY: 2000
StartY: 1988
BaseDay: 3
First day of year: 6
The day is: 1
Date : {20, 10, 2003} Iterations: 1385
Date : {21, 10, 2003} Iterations: 1386
BaseY: 2000
StartY: 1988
BaseDay: 3
First day of year: 6
The day is: 2
DateGC : {28, 6, 2011} Iterations: 1386
BaseY: 2000
StartY: 1988
BaseDay: 3
First day of year: 6
The day is: 2
Date : {21, 10, 2003} Iterations: 1386
Date : {22, 10, 2003} Iterations: 1387
BaseY: 2000
StartY: 1988
BaseDay: 3
First day of year: 6
The day is: 3
DateGC : {29, 6, 2011} Iterations: 1387
BaseY: 2000
StartY: 1988
BaseDay: 3
First day of year: 6
The day is: 3
Date : {22, 10, 2003} Iterations: 1387
Date : {23, 10, 2003} Iterations: 1388
BaseY: 2000
StartY: 1988
BaseDay: 3
First day of year: 6
The day is: 4
DateGC : {30, 6, 2011} Iterations: 1388
BaseY: 2000
StartY: 1988
BaseDay: 3
First day of year: 6
The day is: 4
Date : {23, 10, 2003} Iterations: 1388
Date : {24, 10, 2003} Iterations: 1389
BaseY: 2000
StartY: 1988
BaseDay: 3
First day of year: 6
The day is: 5
DateGC : {1, 7, 2011} Iterations: 1389
BaseY: 2000
StartY: 1988
BaseDay: 3
First day of year: 6
The day is: 5
Date : {24, 10, 2003} Iterations: 1389
Date : {25, 10, 2003} Iterations: 1390
BaseY: 2000
StartY: 1988
BaseDay: 3
First day of year: 6
The day is: 6
DateGC : {2, 7, 2011} Iterations: 1390
BaseY: 2000
StartY: 1988
BaseDay: 3
First day of year: 6
The day is: 6
Date : {25, 10, 2003} Iterations: 1390
Date : {26, 10, 2003} Iterations: 1391
BaseY: 2000
StartY: 1988
BaseDay: 3
First day of year: 6
The day is: 7
DateGC : {3, 7, 2011} Iterations: 1391
BaseY: 2000
StartY: 1988
BaseDay: 3
First day of year: 6
The day is: 7
Date : {26, 10, 2003} Iterations: 1391
Date : {27, 10, 2003} Iterations: 1392
BaseY: 2000
StartY: 1988
BaseDay: 3
First day of year: 6
The day is: 1
DateGC : {4, 7, 2011} Iterations: 1392
BaseY: 2000
StartY: 1988
BaseDay: 3
First day of year: 6
The day is: 1
Date : {27, 10, 2003} Iterations: 1392
Date : {28, 10, 2003} Iterations: 1393
BaseY: 2000
StartY: 1988
BaseDay: 3
First day of year: 6
The day is: 2
DateGC : {5, 7, 2011} Iterations: 1393
BaseY: 2000
StartY: 1988
BaseDay: 3
First day of year: 6
The day is: 2
Date : {28, 10, 2003} Iterations: 1393
Date : {29, 10, 2003} Iterations: 1394
BaseY: 2000
StartY: 1988
BaseDay: 3
First day of year: 6
The day is: 3
DateGC : {6, 7, 2011} Iterations: 1394
BaseY: 2000
StartY: 1988
BaseDay: 3
First day of year: 6
The day is: 3
Date : {29, 10, 2003} Iterations: 1394
Date : {30, 10, 2003} Iterations: 1395
BaseY: 2000
StartY: 1988
BaseDay: 3
First day of year: 6
The day is: 4
DateGC : {7, 7, 2011} Iterations: 1395
BaseY: 2000
StartY: 1988
BaseDay: 3
First day of year: 6
The day is: 4
Date : {30, 10, 2003} Iterations: 1395
Date : {1, 11, 2003} Iterations: 1396
BaseY: 2000
StartY: 1988
BaseDay: 3
First day of year: 6
The day is: 5
DateGC : {8, 7, 2011} Iterations: 1396
BaseY: 2000
StartY: 1988
BaseDay: 3
First day of year: 6
The day is: 5
Date : {1, 11, 2003} Iterations: 1396
Date : {2, 11, 2003} Iterations: 1397
BaseY: 2000
StartY: 1988
BaseDay: 3
First day of year: 6
The day is: 6
DateGC : {9, 7, 2011} Iterations: 1397
BaseY: 2000
StartY: 1988
BaseDay: 3
First day of year: 6
The day is: 6
Date : {2, 11, 2003} Iterations: 1397
Date : {3, 11, 2003} Iterations: 1398
BaseY: 2000
StartY: 1988
BaseDay: 3
First day of year: 6
The day is: 7
DateGC : {10, 7, 2011} Iterations: 1398
BaseY: 2000
StartY: 1988
BaseDay: 3
First day of year: 6
The day is: 7
Date : {3, 11, 2003} Iterations: 1398
Date : {4, 11, 2003} Iterations: 1399
BaseY: 2000
StartY: 1988
BaseDay: 3
First day of year: 6
The day is: 1
DateGC : {11, 7, 2011} Iterations: 1399
BaseY: 2000
StartY: 1988
BaseDay: 3
First day of year: 6
The day is: 1
Date : {4, 11, 2003} Iterations: 1399
Date : {5, 11, 2003} Iterations: 1400
BaseY: 2000
StartY: 1988
BaseDay: 3
First day of year: 6
The day is: 2
DateGC : {12, 7, 2011} Iterations: 1400
BaseY: 2000
StartY: 1988
BaseDay: 3
First day of year: 6
The day is: 2
Date : {5, 11, 2003} Iterations: 1400
Date : {6, 11, 2003} Iterations: 1401
BaseY: 2000
StartY: 1988
BaseDay: 3
First day of year: 6
The day is: 3
DateGC : {13, 7, 2011} Iterations: 1401
BaseY: 2000
StartY: 1988
BaseDay: 3
First day of year: 6
The day is: 3
Date : {6, 11, 2003} Iterations: 1401
Date : {7, 11, 2003} Iterations: 1402
BaseY: 2000
StartY: 1988
BaseDay: 3
First day of year: 6
The day is: 4
DateGC : {14, 7, 2011} Iterations: 1402
BaseY: 2000
StartY: 1988
BaseDay: 3
First day of year: 6
The day is: 4
Date : {7, 11, 2003} Iterations: 1402
Date : {8, 11, 2003} Iterations: 1403
BaseY: 2000
StartY: 1988
BaseDay: 3
First day of year: 6
The day is: 5
DateGC : {15, 7, 2011} Iterations: 1403
BaseY: 2000
StartY: 1988
BaseDay: 3
First day of year: 6
The day is: 5
Date : {8, 11, 2003} Iterations: 1403
Date : {9, 11, 2003} Iterations: 1404
BaseY: 2000
StartY: 1988
BaseDay: 3
First day of year: 6
The day is: 6
DateGC : {16, 7, 2011} Iterations: 1404
BaseY: 2000
StartY: 1988
BaseDay: 3
First day of year: 6
The day is: 6
Date : {9, 11, 2003} Iterations: 1404
Date : {10, 11, 2003} Iterations: 1405
BaseY: 2000
StartY: 1988
BaseDay: 3
First day of year: 6
The day is: 7
DateGC : {17, 7, 2011} Iterations: 1405
BaseY: 2000
StartY: 1988
BaseDay: 3
First day of year: 6
The day is: 7
Date : {10, 11, 2003} Iterations: 1405
Date : {11, 11, 2003} Iterations: 1406
BaseY: 2000
StartY: 1988
BaseDay: 3
First day of year: 6
The day is: 1
DateGC : {18, 7, 2011} Iterations: 1406
BaseY: 2000
StartY: 1988
BaseDay: 3
First day of year: 6
The day is: 1
Date : {11, 11, 2003} Iterations: 1406
Date : {12, 11, 2003} Iterations: 1407
BaseY: 2000
StartY: 1988
BaseDay: 3
First day of year: 6
The day is: 2
DateGC : {19, 7, 2011} Iterations: 1407
BaseY: 2000
StartY: 1988
BaseDay: 3
First day of year: 6
The day is: 2
Date : {12, 11, 2003} Iterations: 1407
Date : {13, 11, 2003} Iterations: 1408
BaseY: 2000
StartY: 1988
BaseDay: 3
First day of year: 6
The day is: 3
DateGC : {20, 7, 2011} Iterations: 1408
BaseY: 2000
StartY: 1988
BaseDay: 3
First day of year: 6
The day is: 3
Date : {13, 11, 2003} Iterations: 1408
Date : {14, 11, 2003} Iterations: 1409
BaseY: 2000
StartY: 1988
BaseDay: 3
First day of year: 6
The day is: 4
DateGC : {21, 7, 2011} Iterations: 1409
BaseY: 2000
StartY: 1988
BaseDay: 3
First day of year: 6
The day is: 4
Date : {14, 11, 2003} Iterations: 1409
Date : {15, 11, 2003} Iterations: 1410
BaseY: 2000
StartY: 1988
BaseDay: 3
First day of year: 6
The day is: 5
DateGC : {22, 7, 2011} Iterations: 1410
BaseY: 2000
StartY: 1988
BaseDay: 3
First day of year: 6
The day is: 5
Date : {15, 11, 2003} Iterations: 1410
Date : {16, 11, 2003} Iterations: 1411
BaseY: 2000
StartY: 1988
BaseDay: 3
First day of year: 6
The day is: 6
DateGC : {23, 7, 2011} Iterations: 1411
BaseY: 2000
StartY: 1988
BaseDay: 3
First day of year: 6
The day is: 6
Date : {16, 11, 2003} Iterations: 1411
Date : {17, 11, 2003} Iterations: 1412
BaseY: 2000
StartY: 1988
BaseDay: 3
First day of year: 6
The day is: 7
DateGC : {24, 7, 2011} Iterations: 1412
BaseY: 2000
StartY: 1988
BaseDay: 3
First day of year: 6
The day is: 7
Date : {17, 11, 2003} Iterations: 1412
Date : {18, 11, 2003} Iterations: 1413
BaseY: 2000
StartY: 1988
BaseDay: 3
First day of year: 6
The day is: 1
DateGC : {25, 7, 2011} Iterations: 1413
BaseY: 2000
StartY: 1988
BaseDay: 3
First day of year: 6
The day is: 1
Date : {18, 11, 2003} Iterations: 1413
Date : {19, 11, 2003} Iterations: 1414
BaseY: 2000
StartY: 1988
BaseDay: 3
First day of year: 6
The day is: 2
DateGC : {26, 7, 2011} Iterations: 1414
BaseY: 2000
StartY: 1988
BaseDay: 3
First day of year: 6
The day is: 2
Date : {19, 11, 2003} Iterations: 1414
Date : {20, 11, 2003} Iterations: 1415
BaseY: 2000
StartY: 1988
BaseDay: 3
First day of year: 6
The day is: 3
DateGC : {27, 7, 2011} Iterations: 1415
BaseY: 2000
StartY: 1988
BaseDay: 3
First day of year: 6
The day is: 3
Date : {20, 11, 2003} Iterations: 1415
Date : {21, 11, 2003} Iterations: 1416
BaseY: 2000
StartY: 1988
BaseDay: 3
First day of year: 6
The day is: 4
DateGC : {28, 7, 2011} Iterations: 1416
BaseY: 2000
StartY: 1988
BaseDay: 3
First day of year: 6
The day is: 4
Date : {21, 11, 2003} Iterations: 1416
Date : {22, 11, 2003} Iterations: 1417
BaseY: 2000
StartY: 1988
BaseDay: 3
First day of year: 6
The day is: 5
DateGC : {29, 7, 2011} Iterations: 1417
BaseY: 2000
StartY: 1988
BaseDay: 3
First day of year: 6
The day is: 5
Date : {22, 11, 2003} Iterations: 1417
Date : {23, 11, 2003} Iterations: 1418
BaseY: 2000
StartY: 1988
BaseDay: 3
First day of year: 6
The day is: 6
DateGC : {30, 7, 2011} Iterations: 1418
BaseY: 2000
StartY: 1988
BaseDay: 3
First day of year: 6
The day is: 6
Date : {23, 11, 2003} Iterations: 1418
Date : {24, 11, 2003} Iterations: 1419
BaseY: 2000
StartY: 1988
BaseDay: 3
First day of year: 6
The day is: 7
DateGC : {31, 7, 2011} Iterations: 1419
BaseY: 2000
StartY: 1988
BaseDay: 3
First day of year: 6
The day is: 7
Date : {24, 11, 2003} Iterations: 1419
Date : {25, 11, 2003} Iterations: 1420
BaseY: 2000
StartY: 1988
BaseDay: 3
First day of year: 6
The day is: 1
DateGC : {1, 8, 2011} Iterations: 1420
BaseY: 2000
StartY: 1988
BaseDay: 3
First day of year: 6
The day is: 1
Date : {25, 11, 2003} Iterations: 1420
Date : {26, 11, 2003} Iterations: 1421
BaseY: 2000
StartY: 1988
BaseDay: 3
First day of year: 6
The day is: 2
DateGC : {2, 8, 2011} Iterations: 1421
BaseY: 2000
StartY: 1988
BaseDay: 3
First day of year: 6
The day is: 2
Date : {26, 11, 2003} Iterations: 1421
Date : {27, 11, 2003} Iterations: 1422
BaseY: 2000
StartY: 1988
BaseDay: 3
First day of year: 6
The day is: 3
DateGC : {3, 8, 2011} Iterations: 1422
BaseY: 2000
StartY: 1988
BaseDay: 3
First day of year: 6
The day is: 3
Date : {27, 11, 2003} Iterations: 1422
Date : {28, 11, 2003} Iterations: 1423
BaseY: 2000
StartY: 1988
BaseDay: 3
First day of year: 6
The day is: 4
DateGC : {4, 8, 2011} Iterations: 1423
BaseY: 2000
StartY: 1988
BaseDay: 3
First day of year: 6
The day is: 4
Date : {28, 11, 2003} Iterations: 1423
Date : {29, 11, 2003} Iterations: 1424
BaseY: 2000
StartY: 1988
BaseDay: 3
First day of year: 6
The day is: 5
DateGC : {5, 8, 2011} Iterations: 1424
BaseY: 2000
StartY: 1988
BaseDay: 3
First day of year: 6
The day is: 5
Date : {29, 11, 2003} Iterations: 1424
Date : {30, 11, 2003} Iterations: 1425
BaseY: 2000
StartY: 1988
BaseDay: 3
First day of year: 6
The day is: 6
DateGC : {6, 8, 2011} Iterations: 1425
BaseY: 2000
StartY: 1988
BaseDay: 3
First day of year: 6
The day is: 6
Date : {30, 11, 2003} Iterations: 1425
Date : {1, 12, 2003} Iterations: 1426
BaseY: 2000
StartY: 1988
BaseDay: 3
First day of year: 6
The day is: 7
DateGC : {7, 8, 2011} Iterations: 1426
BaseY: 2000
StartY: 1988
BaseDay: 3
First day of year: 6
The day is: 7
Date : {1, 12, 2003} Iterations: 1426
Date : {2, 12, 2003} Iterations: 1427
BaseY: 2000
StartY: 1988
BaseDay: 3
First day of year: 6
The day is: 1
DateGC : {8, 8, 2011} Iterations: 1427
BaseY: 2000
StartY: 1988
BaseDay: 3
First day of year: 6
The day is: 1
Date : {2, 12, 2003} Iterations: 1427
Date : {3, 12, 2003} Iterations: 1428
BaseY: 2000
StartY: 1988
BaseDay: 3
First day of year: 6
The day is: 2
DateGC : {9, 8, 2011} Iterations: 1428
BaseY: 2000
StartY: 1988
BaseDay: 3
First day of year: 6
The day is: 2
Date : {3, 12, 2003} Iterations: 1428
Date : {4, 12, 2003} Iterations: 1429
BaseY: 2000
StartY: 1988
BaseDay: 3
First day of year: 6
The day is: 3
DateGC : {10, 8, 2011} Iterations: 1429
BaseY: 2000
StartY: 1988
BaseDay: 3
First day of year: 6
The day is: 3
Date : {4, 12, 2003} Iterations: 1429
Date : {5, 12, 2003} Iterations: 1430
BaseY: 2000
StartY: 1988
BaseDay: 3
First day of year: 6
The day is: 4
DateGC : {11, 8, 2011} Iterations: 1430
BaseY: 2000
StartY: 1988
BaseDay: 3
First day of year: 6
The day is: 4
Date : {5, 12, 2003} Iterations: 1430
Date : {6, 12, 2003} Iterations: 1431
BaseY: 2000
StartY: 1988
BaseDay: 3
First day of year: 6
The day is: 5
DateGC : {12, 8, 2011} Iterations: 1431
BaseY: 2000
StartY: 1988
BaseDay: 3
First day of year: 6
The day is: 5
Date : {6, 12, 2003} Iterations: 1431
Date : {7, 12, 2003} Iterations: 1432
BaseY: 2000
StartY: 1988
BaseDay: 3
First day of year: 6
The day is: 6
DateGC : {13, 8, 2011} Iterations: 1432
BaseY: 2000
StartY: 1988
BaseDay: 3
First day of year: 6
The day is: 6
Date : {7, 12, 2003} Iterations: 1432
Date : {8, 12, 2003} Iterations: 1433
BaseY: 2000
StartY: 1988
BaseDay: 3
First day of year: 6
The day is: 7
DateGC : {14, 8, 2011} Iterations: 1433
BaseY: 2000
StartY: 1988
BaseDay: 3
First day of year: 6
The day is: 7
Date : {8, 12, 2003} Iterations: 1433
Date : {9, 12, 2003} Iterations: 1434
BaseY: 2000
StartY: 1988
BaseDay: 3
First day of year: 6
The day is: 1
DateGC : {15, 8, 2011} Iterations: 1434
BaseY: 2000
StartY: 1988
BaseDay: 3
First day of year: 6
The day is: 1
Date : {9, 12, 2003} Iterations: 1434
Date : {10, 12, 2003} Iterations: 1435
BaseY: 2000
StartY: 1988
BaseDay: 3
First day of year: 6
The day is: 2
DateGC : {16, 8, 2011} Iterations: 1435
BaseY: 2000
StartY: 1988
BaseDay: 3
First day of year: 6
The day is: 2
Date : {10, 12, 2003} Iterations: 1435
Date : {11, 12, 2003} Iterations: 1436
BaseY: 2000
StartY: 1988
BaseDay: 3
First day of year: 6
The day is: 3
DateGC : {17, 8, 2011} Iterations: 1436
BaseY: 2000
StartY: 1988
BaseDay: 3
First day of year: 6
The day is: 3
Date : {11, 12, 2003} Iterations: 1436
Date : {12, 12, 2003} Iterations: 1437
BaseY: 2000
StartY: 1988
BaseDay: 3
First day of year: 6
The day is: 4
DateGC : {18, 8, 2011} Iterations: 1437
BaseY: 2000
StartY: 1988
BaseDay: 3
First day of year: 6
The day is: 4
Date : {12, 12, 2003} Iterations: 1437
Date : {13, 12, 2003} Iterations: 1438
BaseY: 2000
StartY: 1988
BaseDay: 3
First day of year: 6
The day is: 5
DateGC : {19, 8, 2011} Iterations: 1438
BaseY: 2000
StartY: 1988
BaseDay: 3
First day of year: 6
The day is: 5
Date : {13, 12, 2003} Iterations: 1438
Date : {14, 12, 2003} Iterations: 1439
BaseY: 2000
StartY: 1988
BaseDay: 3
First day of year: 6
The day is: 6
DateGC : {20, 8, 2011} Iterations: 1439
BaseY: 2000
StartY: 1988
BaseDay: 3
First day of year: 6
The day is: 6
Date : {14, 12, 2003} Iterations: 1439
Date : {15, 12, 2003} Iterations: 1440
BaseY: 2000
StartY: 1988
BaseDay: 3
First day of year: 6
The day is: 7
DateGC : {21, 8, 2011} Iterations: 1440
BaseY: 2000
StartY: 1988
BaseDay: 3
First day of year: 6
The day is: 7
Date : {15, 12, 2003} Iterations: 1440
Date : {16, 12, 2003} Iterations: 1441
BaseY: 2000
StartY: 1988
BaseDay: 3
First day of year: 6
The day is: 1
DateGC : {22, 8, 2011} Iterations: 1441
BaseY: 2000
StartY: 1988
BaseDay: 3
First day of year: 6
The day is: 1
Date : {16, 12, 2003} Iterations: 1441
Date : {17, 12, 2003} Iterations: 1442
BaseY: 2000
StartY: 1988
BaseDay: 3
First day of year: 6
The day is: 2
DateGC : {23, 8, 2011} Iterations: 1442
BaseY: 2000
StartY: 1988
BaseDay: 3
First day of year: 6
The day is: 2
Date : {17, 12, 2003} Iterations: 1442
Date : {18, 12, 2003} Iterations: 1443
BaseY: 2000
StartY: 1988
BaseDay: 3
First day of year: 6
The day is: 3
DateGC : {24, 8, 2011} Iterations: 1443
BaseY: 2000
StartY: 1988
BaseDay: 3
First day of year: 6
The day is: 3
Date : {18, 12, 2003} Iterations: 1443
Date : {19, 12, 2003} Iterations: 1444
BaseY: 2000
StartY: 1988
BaseDay: 3
First day of year: 6
The day is: 4
DateGC : {25, 8, 2011} Iterations: 1444
BaseY: 2000
StartY: 1988
BaseDay: 3
First day of year: 6
The day is: 4
Date : {19, 12, 2003} Iterations: 1444
Date : {20, 12, 2003} Iterations: 1445
BaseY: 2000
StartY: 1988
BaseDay: 3
First day of year: 6
The day is: 5
DateGC : {26, 8, 2011} Iterations: 1445
BaseY: 2000
StartY: 1988
BaseDay: 3
First day of year: 6
The day is: 5
Date : {20, 12, 2003} Iterations: 1445
Date : {21, 12, 2003} Iterations: 1446
BaseY: 2000
StartY: 1988
BaseDay: 3
First day of year: 6
The day is: 6
DateGC : {27, 8, 2011} Iterations: 1446
BaseY: 2000
StartY: 1988
BaseDay: 3
First day of year: 6
The day is: 6
Date : {21, 12, 2003} Iterations: 1446
Date : {22, 12, 2003} Iterations: 1447
BaseY: 2000
StartY: 1988
BaseDay: 3
First day of year: 6
The day is: 7
DateGC : {28, 8, 2011} Iterations: 1447
BaseY: 2000
StartY: 1988
BaseDay: 3
First day of year: 6
The day is: 7
Date : {22, 12, 2003} Iterations: 1447
Date : {23, 12, 2003} Iterations: 1448
BaseY: 2000
StartY: 1988
BaseDay: 3
First day of year: 6
The day is: 1
DateGC : {29, 8, 2011} Iterations: 1448
BaseY: 2000
StartY: 1988
BaseDay: 3
First day of year: 6
The day is: 1
Date : {23, 12, 2003} Iterations: 1448
Date : {24, 12, 2003} Iterations: 1449
BaseY: 2000
StartY: 1988
BaseDay: 3
First day of year: 6
The day is: 2
DateGC : {30, 8, 2011} Iterations: 1449
BaseY: 2000
StartY: 1988
BaseDay: 3
First day of year: 6
The day is: 2
Date : {24, 12, 2003} Iterations: 1449
Date : {25, 12, 2003} Iterations: 1450
BaseY: 2000
StartY: 1988
BaseDay: 3
First day of year: 6
The day is: 3
DateGC : {31, 8, 2011} Iterations: 1450
BaseY: 2000
StartY: 1988
BaseDay: 3
First day of year: 6
The day is: 3
Date : {25, 12, 2003} Iterations: 1450
Date : {26, 12, 2003} Iterations: 1451
BaseY: 2000
StartY: 1988
BaseDay: 3
First day of year: 6
The day is: 4
DateGC : {1, 9, 2011} Iterations: 1451
BaseY: 2000
StartY: 1988
BaseDay: 3
First day of year: 6
The day is: 4
Date : {26, 12, 2003} Iterations: 1451
Date : {27, 12, 2003} Iterations: 1452
BaseY: 2000
StartY: 1988
BaseDay: 3
First day of year: 6
The day is: 5
DateGC : {2, 9, 2011} Iterations: 1452
BaseY: 2000
StartY: 1988
BaseDay: 3
First day of year: 6
The day is: 5
Date : {27, 12, 2003} Iterations: 1452
Date : {28, 12, 2003} Iterations: 1453
BaseY: 2000
StartY: 1988
BaseDay: 3
First day of year: 6
The day is: 6
DateGC : {3, 9, 2011} Iterations: 1453
BaseY: 2000
StartY: 1988
BaseDay: 3
First day of year: 6
The day is: 6
Date : {28, 12, 2003} Iterations: 1453
Date : {29, 12, 2003} Iterations: 1454
BaseY: 2000
StartY: 1988
BaseDay: 3
First day of year: 6
The day is: 7
DateGC : {4, 9, 2011} Iterations: 1454
BaseY: 2000
StartY: 1988
BaseDay: 3
First day of year: 6
The day is: 7
Date : {29, 12, 2003} Iterations: 1454
Date : {30, 12, 2003} Iterations: 1455
BaseY: 2000
StartY: 1988
BaseDay: 3
First day of year: 6
The day is: 1
DateGC : {5, 9, 2011} Iterations: 1455
BaseY: 2000
StartY: 1988
BaseDay: 3
First day of year: 6
The day is: 1
Date : {30, 12, 2003} Iterations: 1455
Date : {1, 13, 2003} Iterations: 1456
BaseY: 2000
StartY: 1988
BaseDay: 3
First day of year: 6
The day is: 2
DateGC : {6, 9, 2011} Iterations: 1456
BaseY: 2000
StartY: 1988
BaseDay: 3
First day of year: 6
The day is: 2
Date : {1, 13, 2003} Iterations: 1456
Date : {2, 13, 2003} Iterations: 1457
BaseY: 2000
StartY: 1988
BaseDay: 3
First day of year: 6
The day is: 3
DateGC : {7, 9, 2011} Iterations: 1457
BaseY: 2000
StartY: 1988
BaseDay: 3
First day of year: 6
The day is: 3
Date : {2, 13, 2003} Iterations: 1457
Date : {3, 13, 2003} Iterations: 1458
BaseY: 2000
StartY: 1988
BaseDay: 3
First day of year: 6
The day is: 4
DateGC : {8, 9, 2011} Iterations: 1458
BaseY: 2000
StartY: 1988
BaseDay: 3
First day of year: 6
The day is: 4
Date : {3, 13, 2003} Iterations: 1458
Date : {4, 13, 2003} Iterations: 1459
BaseY: 2000
StartY: 1988
BaseDay: 3
First day of year: 6
The day is: 5
DateGC : {9, 9, 2011} Iterations: 1459
BaseY: 2000
StartY: 1988
BaseDay: 3
First day of year: 6
The day is: 5
Date : {4, 13, 2003} Iterations: 1459
Date : {5, 13, 2003} Iterations: 1460
BaseY: 2000
StartY: 1988
BaseDay: 3
First day of year: 6
The day is: 6
DateGC : {10, 9, 2011} Iterations: 1460
BaseY: 2000
StartY: 1988
BaseDay: 3
First day of year: 6
The day is: 6
Date : {5, 13, 2003} Iterations: 1460
Date : {6, 13, 2003} Iterations: 1461
BaseY: 2000
StartY: 1988
BaseDay: 3
First day of year: 6
The day is: 7
DateGC : {11, 9, 2011} Iterations: 1461
BaseY: 2000
StartY: 1988
BaseDay: 3
First day of year: 6
The day is: 7
Date : {6, 13, 2003} Iterations: 1461
Date : {1, 1, 2004} Iterations: 1462
BaseY: 2004
StartY: 1988
BaseDay: 1
First day of year: 1
The day is: 1
DateGC : {12, 9, 2011} Iterations: 1462
BaseY: 2004
StartY: 1988
BaseDay: 1
First day of year: 1
The day is: 1
Date : {1, 1, 2004} Iterations: 1462
Date : {2, 1, 2004} Iterations: 1463
BaseY: 2004
StartY: 1988
BaseDay: 1
First day of year: 1
The day is: 2
DateGC : {13, 9, 2011} Iterations: 1463
BaseY: 2004
StartY: 1988
BaseDay: 1
First day of year: 1
The day is: 2
Date : {2, 1, 2004} Iterations: 1463
Date : {3, 1, 2004} Iterations: 1464
BaseY: 2004
StartY: 1988
BaseDay: 1
First day of year: 1
The day is: 3
DateGC : {14, 9, 2011} Iterations: 1464
BaseY: 2004
StartY: 1988
BaseDay: 1
First day of year: 1
The day is: 3
Date : {3, 1, 2004} Iterations: 1464
Date : {4, 1, 2004} Iterations: 1465
BaseY: 2004
StartY: 1988
BaseDay: 1
First day of year: 1
The day is: 4
DateGC : {15, 9, 2011} Iterations: 1465
BaseY: 2004
StartY: 1988
BaseDay: 1
First day of year: 1
The day is: 4
Date : {4, 1, 2004} Iterations: 1465
Date : {5, 1, 2004} Iterations: 1466
BaseY: 2004
StartY: 1988
BaseDay: 1
First day of year: 1
The day is: 5
DateGC : {16, 9, 2011} Iterations: 1466
BaseY: 2004
StartY: 1988
BaseDay: 1
First day of year: 1
The day is: 5
Date : {5, 1, 2004} Iterations: 1466
Date : {6, 1, 2004} Iterations: 1467
BaseY: 2004
StartY: 1988
BaseDay: 1
First day of year: 1
The day is: 6
DateGC : {17, 9, 2011} Iterations: 1467
BaseY: 2004
StartY: 1988
BaseDay: 1
First day of year: 1
The day is: 6
Date : {6, 1, 2004} Iterations: 1467
Date : {7, 1, 2004} Iterations: 1468
BaseY: 2004
StartY: 1988
BaseDay: 1
First day of year: 1
The day is: 7
DateGC : {18, 9, 2011} Iterations: 1468
BaseY: 2004
StartY: 1988
BaseDay: 1
First day of year: 1
The day is: 7
Date : {7, 1, 2004} Iterations: 1468
Date : {8, 1, 2004} Iterations: 1469
BaseY: 2004
StartY: 1988
BaseDay: 1
First day of year: 1
The day is: 1
DateGC : {19, 9, 2011} Iterations: 1469
BaseY: 2004
StartY: 1988
BaseDay: 1
First day of year: 1
The day is: 1
Date : {8, 1, 2004} Iterations: 1469
Date : {9, 1, 2004} Iterations: 1470
BaseY: 2004
StartY: 1988
BaseDay: 1
First day of year: 1
The day is: 2
DateGC : {20, 9, 2011} Iterations: 1470
BaseY: 2004
StartY: 1988
BaseDay: 1
First day of year: 1
The day is: 2
Date : {9, 1, 2004} Iterations: 1470
Date : {10, 1, 2004} Iterations: 1471
BaseY: 2004
StartY: 1988
BaseDay: 1
First day of year: 1
The day is: 3
DateGC : {21, 9, 2011} Iterations: 1471
BaseY: 2004
StartY: 1988
BaseDay: 1
First day of year: 1
The day is: 3
Date : {10, 1, 2004} Iterations: 1471
Date : {11, 1, 2004} Iterations: 1472
BaseY: 2004
StartY: 1988
BaseDay: 1
First day of year: 1
The day is: 4
DateGC : {22, 9, 2011} Iterations: 1472
BaseY: 2004
StartY: 1988
BaseDay: 1
First day of year: 1
The day is: 4
Date : {11, 1, 2004} Iterations: 1472
Date : {12, 1, 2004} Iterations: 1473
BaseY: 2004
StartY: 1988
BaseDay: 1
First day of year: 1
The day is: 5
DateGC : {23, 9, 2011} Iterations: 1473
BaseY: 2004
StartY: 1988
BaseDay: 1
First day of year: 1
The day is: 5
Date : {12, 1, 2004} Iterations: 1473
Date : {13, 1, 2004} Iterations: 1474
BaseY: 2004
StartY: 1988
BaseDay: 1
First day of year: 1
The day is: 6
DateGC : {24, 9, 2011} Iterations: 1474
BaseY: 2004
StartY: 1988
BaseDay: 1
First day of year: 1
The day is: 6
Date : {13, 1, 2004} Iterations: 1474
Date : {14, 1, 2004} Iterations: 1475
BaseY: 2004
StartY: 1988
BaseDay: 1
First day of year: 1
The day is: 7
DateGC : {25, 9, 2011} Iterations: 1475
BaseY: 2004
StartY: 1988
BaseDay: 1
First day of year: 1
The day is: 7
Date : {14, 1, 2004} Iterations: 1475
Date : {15, 1, 2004} Iterations: 1476
BaseY: 2004
StartY: 1988
BaseDay: 1
First day of year: 1
The day is: 1
DateGC : {26, 9, 2011} Iterations: 1476
BaseY: 2004
StartY: 1988
BaseDay: 1
First day of year: 1
The day is: 1
Date : {15, 1, 2004} Iterations: 1476
Date : {16, 1, 2004} Iterations: 1477
BaseY: 2004
StartY: 1988
BaseDay: 1
First day of year: 1
The day is: 2
DateGC : {27, 9, 2011} Iterations: 1477
BaseY: 2004
StartY: 1988
BaseDay: 1
First day of year: 1
The day is: 2
Date : {16, 1, 2004} Iterations: 1477
Date : {17, 1, 2004} Iterations: 1478
BaseY: 2004
StartY: 1988
BaseDay: 1
First day of year: 1
The day is: 3
DateGC : {28, 9, 2011} Iterations: 1478
BaseY: 2004
StartY: 1988
BaseDay: 1
First day of year: 1
The day is: 3
Date : {17, 1, 2004} Iterations: 1478
Date : {18, 1, 2004} Iterations: 1479
BaseY: 2004
StartY: 1988
BaseDay: 1
First day of year: 1
The day is: 4
DateGC : {29, 9, 2011} Iterations: 1479
BaseY: 2004
StartY: 1988
BaseDay: 1
First day of year: 1
The day is: 4
Date : {18, 1, 2004} Iterations: 1479
Date : {19, 1, 2004} Iterations: 1480
BaseY: 2004
StartY: 1988
BaseDay: 1
First day of year: 1
The day is: 5
DateGC : {30, 9, 2011} Iterations: 1480
BaseY: 2004
StartY: 1988
BaseDay: 1
First day of year: 1
The day is: 5
Date : {19, 1, 2004} Iterations: 1480
Date : {20, 1, 2004} Iterations: 1481
BaseY: 2004
StartY: 1988
BaseDay: 1
First day of year: 1
The day is: 6
DateGC : {1, 10, 2011} Iterations: 1481
BaseY: 2004
StartY: 1988
BaseDay: 1
First day of year: 1
The day is: 6
Date : {20, 1, 2004} Iterations: 1481
Date : {21, 1, 2004} Iterations: 1482
BaseY: 2004
StartY: 1988
BaseDay: 1
First day of year: 1
The day is: 7
DateGC : {2, 10, 2011} Iterations: 1482
BaseY: 2004
StartY: 1988
BaseDay: 1
First day of year: 1
The day is: 7
Date : {21, 1, 2004} Iterations: 1482
Date : {22, 1, 2004} Iterations: 1483
BaseY: 2004
StartY: 1988
BaseDay: 1
First day of year: 1
The day is: 1
DateGC : {3, 10, 2011} Iterations: 1483
BaseY: 2004
StartY: 1988
BaseDay: 1
First day of year: 1
The day is: 1
Date : {22, 1, 2004} Iterations: 1483
Date : {23, 1, 2004} Iterations: 1484
BaseY: 2004
StartY: 1988
BaseDay: 1
First day of year: 1
The day is: 2
DateGC : {4, 10, 2011} Iterations: 1484
BaseY: 2004
StartY: 1988
BaseDay: 1
First day of year: 1
The day is: 2
Date : {23, 1, 2004} Iterations: 1484
Date : {24, 1, 2004} Iterations: 1485
BaseY: 2004
StartY: 1988
BaseDay: 1
First day of year: 1
The day is: 3
DateGC : {5, 10, 2011} Iterations: 1485
BaseY: 2004
StartY: 1988
BaseDay: 1
First day of year: 1
The day is: 3
Date : {24, 1, 2004} Iterations: 1485
Date : {25, 1, 2004} Iterations: 1486
BaseY: 2004
StartY: 1988
BaseDay: 1
First day of year: 1
The day is: 4
DateGC : {6, 10, 2011} Iterations: 1486
BaseY: 2004
StartY: 1988
BaseDay: 1
First day of year: 1
The day is: 4
Date : {25, 1, 2004} Iterations: 1486
Date : {26, 1, 2004} Iterations: 1487
BaseY: 2004
StartY: 1988
BaseDay: 1
First day of year: 1
The day is: 5
DateGC : {7, 10, 2011} Iterations: 1487
BaseY: 2004
StartY: 1988
BaseDay: 1
First day of year: 1
The day is: 5
Date : {26, 1, 2004} Iterations: 1487
Date : {27, 1, 2004} Iterations: 1488
BaseY: 2004
StartY: 1988
BaseDay: 1
First day of year: 1
The day is: 6
DateGC : {8, 10, 2011} Iterations: 1488
BaseY: 2004
StartY: 1988
BaseDay: 1
First day of year: 1
The day is: 6
Date : {27, 1, 2004} Iterations: 1488
Date : {28, 1, 2004} Iterations: 1489
BaseY: 2004
StartY: 1988
BaseDay: 1
First day of year: 1
The day is: 7
DateGC : {9, 10, 2011} Iterations: 1489
BaseY: 2004
StartY: 1988
BaseDay: 1
First day of year: 1
The day is: 7
Date : {28, 1, 2004} Iterations: 1489
Date : {29, 1, 2004} Iterations: 1490
BaseY: 2004
StartY: 1988
BaseDay: 1
First day of year: 1
The day is: 1
DateGC : {10, 10, 2011} Iterations: 1490
BaseY: 2004
StartY: 1988
BaseDay: 1
First day of year: 1
The day is: 1
Date : {29, 1, 2004} Iterations: 1490
Date : {30, 1, 2004} Iterations: 1491
BaseY: 2004
StartY: 1988
BaseDay: 1
First day of year: 1
The day is: 2
DateGC : {11, 10, 2011} Iterations: 1491
BaseY: 2004
StartY: 1988
BaseDay: 1
First day of year: 1
The day is: 2
Date : {30, 1, 2004} Iterations: 1491
Date : {1, 2, 2004} Iterations: 1492
BaseY: 2004
StartY: 1988
BaseDay: 1
First day of year: 1
The day is: 3
DateGC : {12, 10, 2011} Iterations: 1492
BaseY: 2004
StartY: 1988
BaseDay: 1
First day of year: 1
The day is: 3
Date : {1, 2, 2004} Iterations: 1492
Date : {2, 2, 2004} Iterations: 1493
BaseY: 2004
StartY: 1988
BaseDay: 1
First day of year: 1
The day is: 4
DateGC : {13, 10, 2011} Iterations: 1493
BaseY: 2004
StartY: 1988
BaseDay: 1
First day of year: 1
The day is: 4
Date : {2, 2, 2004} Iterations: 1493
Date : {3, 2, 2004} Iterations: 1494
BaseY: 2004
StartY: 1988
BaseDay: 1
First day of year: 1
The day is: 5
DateGC : {14, 10, 2011} Iterations: 1494
BaseY: 2004
StartY: 1988
BaseDay: 1
First day of year: 1
The day is: 5
Date : {3, 2, 2004} Iterations: 1494
Date : {4, 2, 2004} Iterations: 1495
BaseY: 2004
StartY: 1988
BaseDay: 1
First day of year: 1
The day is: 6
DateGC : {15, 10, 2011} Iterations: 1495
BaseY: 2004
StartY: 1988
BaseDay: 1
First day of year: 1
The day is: 6
Date : {4, 2, 2004} Iterations: 1495
Date : {5, 2, 2004} Iterations: 1496
BaseY: 2004
StartY: 1988
BaseDay: 1
First day of year: 1
The day is: 7
DateGC : {16, 10, 2011} Iterations: 1496
BaseY: 2004
StartY: 1988
BaseDay: 1
First day of year: 1
The day is: 7
Date : {5, 2, 2004} Iterations: 1496
Date : {6, 2, 2004} Iterations: 1497
BaseY: 2004
StartY: 1988
BaseDay: 1
First day of year: 1
The day is: 1
DateGC : {17, 10, 2011} Iterations: 1497
BaseY: 2004
StartY: 1988
BaseDay: 1
First day of year: 1
The day is: 1
Date : {6, 2, 2004} Iterations: 1497
Date : {7, 2, 2004} Iterations: 1498
BaseY: 2004
StartY: 1988
BaseDay: 1
First day of year: 1
The day is: 2
DateGC : {18, 10, 2011} Iterations: 1498
BaseY: 2004
StartY: 1988
BaseDay: 1
First day of year: 1
The day is: 2
Date : {7, 2, 2004} Iterations: 1498
Date : {8, 2, 2004} Iterations: 1499
BaseY: 2004
StartY: 1988
BaseDay: 1
First day of year: 1
The day is: 3
DateGC : {19, 10, 2011} Iterations: 1499
BaseY: 2004
StartY: 1988
BaseDay: 1
First day of year: 1
The day is: 3
Date : {8, 2, 2004} Iterations: 1499
Date : {9, 2, 2004} Iterations: 1500
BaseY: 2004
StartY: 1988
BaseDay: 1
First day of year: 1
The day is: 4
DateGC : {20, 10, 2011} Iterations: 1500
BaseY: 2004
StartY: 1988
BaseDay: 1
First day of year: 1
The day is: 4
Date : {9, 2, 2004} Iterations: 1500
Date : {10, 2, 2004} Iterations: 1501
BaseY: 2004
StartY: 1988
BaseDay: 1
First day of year: 1
The day is: 5
DateGC : {21, 10, 2011} Iterations: 1501
BaseY: 2004
StartY: 1988
BaseDay: 1
First day of year: 1
The day is: 5
Date : {10, 2, 2004} Iterations: 1501
Date : {11, 2, 2004} Iterations: 1502
BaseY: 2004
StartY: 1988
BaseDay: 1
First day of year: 1
The day is: 6
DateGC : {22, 10, 2011} Iterations: 1502
BaseY: 2004
StartY: 1988
BaseDay: 1
First day of year: 1
The day is: 6
Date : {11, 2, 2004} Iterations: 1502
Date : {12, 2, 2004} Iterations: 1503
BaseY: 2004
StartY: 1988
BaseDay: 1
First day of year: 1
The day is: 7
DateGC : {23, 10, 2011} Iterations: 1503
BaseY: 2004
StartY: 1988
BaseDay: 1
First day of year: 1
The day is: 7
Date : {12, 2, 2004} Iterations: 1503
Date : {13, 2, 2004} Iterations: 1504
BaseY: 2004
StartY: 1988
BaseDay: 1
First day of year: 1
The day is: 1
DateGC : {24, 10, 2011} Iterations: 1504
BaseY: 2004
StartY: 1988
BaseDay: 1
First day of year: 1
The day is: 1
Date : {13, 2, 2004} Iterations: 1504
Date : {14, 2, 2004} Iterations: 1505
BaseY: 2004
StartY: 1988
BaseDay: 1
First day of year: 1
The day is: 2
DateGC : {25, 10, 2011} Iterations: 1505
BaseY: 2004
StartY: 1988
BaseDay: 1
First day of year: 1
The day is: 2
Date : {14, 2, 2004} Iterations: 1505
Date : {15, 2, 2004} Iterations: 1506
BaseY: 2004
StartY: 1988
BaseDay: 1
First day of year: 1
The day is: 3
DateGC : {26, 10, 2011} Iterations: 1506
BaseY: 2004
StartY: 1988
BaseDay: 1
First day of year: 1
The day is: 3
Date : {15, 2, 2004} Iterations: 1506
Date : {16, 2, 2004} Iterations: 1507
BaseY: 2004
StartY: 1988
BaseDay: 1
First day of year: 1
The day is: 4
DateGC : {27, 10, 2011} Iterations: 1507
BaseY: 2004
StartY: 1988
BaseDay: 1
First day of year: 1
The day is: 4
Date : {16, 2, 2004} Iterations: 1507
Date : {17, 2, 2004} Iterations: 1508
BaseY: 2004
StartY: 1988
BaseDay: 1
First day of year: 1
The day is: 5
DateGC : {28, 10, 2011} Iterations: 1508
BaseY: 2004
StartY: 1988
BaseDay: 1
First day of year: 1
The day is: 5
Date : {17, 2, 2004} Iterations: 1508
Date : {18, 2, 2004} Iterations: 1509
BaseY: 2004
StartY: 1988
BaseDay: 1
First day of year: 1
The day is: 6
DateGC : {29, 10, 2011} Iterations: 1509
BaseY: 2004
StartY: 1988
BaseDay: 1
First day of year: 1
The day is: 6
Date : {18, 2, 2004} Iterations: 1509
Date : {19, 2, 2004} Iterations: 1510
BaseY: 2004
StartY: 1988
BaseDay: 1
First day of year: 1
The day is: 7
DateGC : {30, 10, 2011} Iterations: 1510
BaseY: 2004
StartY: 1988
BaseDay: 1
First day of year: 1
The day is: 7
Date : {19, 2, 2004} Iterations: 1510
Date : {20, 2, 2004} Iterations: 1511
BaseY: 2004
StartY: 1988
BaseDay: 1
First day of year: 1
The day is: 1
DateGC : {31, 10, 2011} Iterations: 1511
BaseY: 2004
StartY: 1988
BaseDay: 1
First day of year: 1
The day is: 1
Date : {20, 2, 2004} Iterations: 1511
Date : {21, 2, 2004} Iterations: 1512
BaseY: 2004
StartY: 1988
BaseDay: 1
First day of year: 1
The day is: 2
DateGC : {1, 11, 2011} Iterations: 1512
BaseY: 2004
StartY: 1988
BaseDay: 1
First day of year: 1
The day is: 2
Date : {21, 2, 2004} Iterations: 1512
Date : {22, 2, 2004} Iterations: 1513
BaseY: 2004
StartY: 1988
BaseDay: 1
First day of year: 1
The day is: 3
DateGC : {2, 11, 2011} Iterations: 1513
BaseY: 2004
StartY: 1988
BaseDay: 1
First day of year: 1
The day is: 3
Date : {22, 2, 2004} Iterations: 1513
Date : {23, 2, 2004} Iterations: 1514
BaseY: 2004
StartY: 1988
BaseDay: 1
First day of year: 1
The day is: 4
DateGC : {3, 11, 2011} Iterations: 1514
BaseY: 2004
StartY: 1988
BaseDay: 1
First day of year: 1
The day is: 4
Date : {23, 2, 2004} Iterations: 1514
Date : {24, 2, 2004} Iterations: 1515
BaseY: 2004
StartY: 1988
BaseDay: 1
First day of year: 1
The day is: 5
DateGC : {4, 11, 2011} Iterations: 1515
BaseY: 2004
StartY: 1988
BaseDay: 1
First day of year: 1
The day is: 5
Date : {24, 2, 2004} Iterations: 1515
Date : {25, 2, 2004} Iterations: 1516
BaseY: 2004
StartY: 1988
BaseDay: 1
First day of year: 1
The day is: 6
DateGC : {5, 11, 2011} Iterations: 1516
BaseY: 2004
StartY: 1988
BaseDay: 1
First day of year: 1
The day is: 6
Date : {25, 2, 2004} Iterations: 1516
Date : {26, 2, 2004} Iterations: 1517
BaseY: 2004
StartY: 1988
BaseDay: 1
First day of year: 1
The day is: 7
DateGC : {6, 11, 2011} Iterations: 1517
BaseY: 2004
StartY: 1988
BaseDay: 1
First day of year: 1
The day is: 7
Date : {26, 2, 2004} Iterations: 1517
Date : {27, 2, 2004} Iterations: 1518
BaseY: 2004
StartY: 1988
BaseDay: 1
First day of year: 1
The day is: 1
DateGC : {7, 11, 2011} Iterations: 1518
BaseY: 2004
StartY: 1988
BaseDay: 1
First day of year: 1
The day is: 1
Date : {27, 2, 2004} Iterations: 1518
Date : {28, 2, 2004} Iterations: 1519
BaseY: 2004
StartY: 1988
BaseDay: 1
First day of year: 1
The day is: 2
DateGC : {8, 11, 2011} Iterations: 1519
BaseY: 2004
StartY: 1988
BaseDay: 1
First day of year: 1
The day is: 2
Date : {28, 2, 2004} Iterations: 1519
Date : {29, 2, 2004} Iterations: 1520
BaseY: 2004
StartY: 1988
BaseDay: 1
First day of year: 1
The day is: 3
DateGC : {9, 11, 2011} Iterations: 1520
BaseY: 2004
StartY: 1988
BaseDay: 1
First day of year: 1
The day is: 3
Date : {29, 2, 2004} Iterations: 1520
Date : {30, 2, 2004} Iterations: 1521
BaseY: 2004
StartY: 1988
BaseDay: 1
First day of year: 1
The day is: 4
DateGC : {10, 11, 2011} Iterations: 1521
BaseY: 2004
StartY: 1988
BaseDay: 1
First day of year: 1
The day is: 4
Date : {30, 2, 2004} Iterations: 1521
Date : {1, 3, 2004} Iterations: 1522
BaseY: 2004
StartY: 1988
BaseDay: 1
First day of year: 1
The day is: 5
DateGC : {11, 11, 2011} Iterations: 1522
BaseY: 2004
StartY: 1988
BaseDay: 1
First day of year: 1
The day is: 5
Date : {1, 3, 2004} Iterations: 1522
Date : {2, 3, 2004} Iterations: 1523
BaseY: 2004
StartY: 1988
BaseDay: 1
First day of year: 1
The day is: 6
DateGC : {12, 11, 2011} Iterations: 1523
BaseY: 2004
StartY: 1988
BaseDay: 1
First day of year: 1
The day is: 6
Date : {2, 3, 2004} Iterations: 1523
Date : {3, 3, 2004} Iterations: 1524
BaseY: 2004
StartY: 1988
BaseDay: 1
First day of year: 1
The day is: 7
DateGC : {13, 11, 2011} Iterations: 1524
BaseY: 2004
StartY: 1988
BaseDay: 1
First day of year: 1
The day is: 7
Date : {3, 3, 2004} Iterations: 1524
Date : {4, 3, 2004} Iterations: 1525
BaseY: 2004
StartY: 1988
BaseDay: 1
First day of year: 1
The day is: 1
DateGC : {14, 11, 2011} Iterations: 1525
BaseY: 2004
StartY: 1988
BaseDay: 1
First day of year: 1
The day is: 1
Date : {4, 3, 2004} Iterations: 1525
Date : {5, 3, 2004} Iterations: 1526
BaseY: 2004
StartY: 1988
BaseDay: 1
First day of year: 1
The day is: 2
DateGC : {15, 11, 2011} Iterations: 1526
BaseY: 2004
StartY: 1988
BaseDay: 1
First day of year: 1
The day is: 2
Date : {5, 3, 2004} Iterations: 1526
Date : {6, 3, 2004} Iterations: 1527
BaseY: 2004
StartY: 1988
BaseDay: 1
First day of year: 1
The day is: 3
DateGC : {16, 11, 2011} Iterations: 1527
BaseY: 2004
StartY: 1988
BaseDay: 1
First day of year: 1
The day is: 3
Date : {6, 3, 2004} Iterations: 1527
Date : {7, 3, 2004} Iterations: 1528
BaseY: 2004
StartY: 1988
BaseDay: 1
First day of year: 1
The day is: 4
DateGC : {17, 11, 2011} Iterations: 1528
BaseY: 2004
StartY: 1988
BaseDay: 1
First day of year: 1
The day is: 4
Date : {7, 3, 2004} Iterations: 1528
Date : {8, 3, 2004} Iterations: 1529
BaseY: 2004
StartY: 1988
BaseDay: 1
First day of year: 1
The day is: 5
DateGC : {18, 11, 2011} Iterations: 1529
BaseY: 2004
StartY: 1988
BaseDay: 1
First day of year: 1
The day is: 5
Date : {8, 3, 2004} Iterations: 1529
Date : {9, 3, 2004} Iterations: 1530
BaseY: 2004
StartY: 1988
BaseDay: 1
First day of year: 1
The day is: 6
DateGC : {19, 11, 2011} Iterations: 1530
BaseY: 2004
StartY: 1988
BaseDay: 1
First day of year: 1
The day is: 6
Date : {9, 3, 2004} Iterations: 1530
Date : {10, 3, 2004} Iterations: 1531
BaseY: 2004
StartY: 1988
BaseDay: 1
First day of year: 1
The day is: 7
DateGC : {20, 11, 2011} Iterations: 1531
BaseY: 2004
StartY: 1988
BaseDay: 1
First day of year: 1
The day is: 7
Date : {10, 3, 2004} Iterations: 1531
Date : {11, 3, 2004} Iterations: 1532
BaseY: 2004
StartY: 1988
BaseDay: 1
First day of year: 1
The day is: 1
DateGC : {21, 11, 2011} Iterations: 1532
BaseY: 2004
StartY: 1988
BaseDay: 1
First day of year: 1
The day is: 1
Date : {11, 3, 2004} Iterations: 1532
Date : {12, 3, 2004} Iterations: 1533
BaseY: 2004
StartY: 1988
BaseDay: 1
First day of year: 1
The day is: 2
DateGC : {22, 11, 2011} Iterations: 1533
BaseY: 2004
StartY: 1988
BaseDay: 1
First day of year: 1
The day is: 2
Date : {12, 3, 2004} Iterations: 1533
Date : {13, 3, 2004} Iterations: 1534
BaseY: 2004
StartY: 1988
BaseDay: 1
First day of year: 1
The day is: 3
DateGC : {23, 11, 2011} Iterations: 1534
BaseY: 2004
StartY: 1988
BaseDay: 1
First day of year: 1
The day is: 3
Date : {13, 3, 2004} Iterations: 1534
Date : {14, 3, 2004} Iterations: 1535
BaseY: 2004
StartY: 1988
BaseDay: 1
First day of year: 1
The day is: 4
DateGC : {24, 11, 2011} Iterations: 1535
BaseY: 2004
StartY: 1988
BaseDay: 1
First day of year: 1
The day is: 4
Date : {14, 3, 2004} Iterations: 1535
Date : {15, 3, 2004} Iterations: 1536
BaseY: 2004
StartY: 1988
BaseDay: 1
First day of year: 1
The day is: 5
DateGC : {25, 11, 2011} Iterations: 1536
BaseY: 2004
StartY: 1988
BaseDay: 1
First day of year: 1
The day is: 5
Date : {15, 3, 2004} Iterations: 1536
Date : {16, 3, 2004} Iterations: 1537
BaseY: 2004
StartY: 1988
BaseDay: 1
First day of year: 1
The day is: 6
DateGC : {26, 11, 2011} Iterations: 1537
BaseY: 2004
StartY: 1988
BaseDay: 1
First day of year: 1
The day is: 6
Date : {16, 3, 2004} Iterations: 1537
Date : {17, 3, 2004} Iterations: 1538
BaseY: 2004
StartY: 1988
BaseDay: 1
First day of year: 1
The day is: 7
DateGC : {27, 11, 2011} Iterations: 1538
BaseY: 2004
StartY: 1988
BaseDay: 1
First day of year: 1
The day is: 7
Date : {17, 3, 2004} Iterations: 1538
Date : {18, 3, 2004} Iterations: 1539
BaseY: 2004
StartY: 1988
BaseDay: 1
First day of year: 1
The day is: 1
DateGC : {28, 11, 2011} Iterations: 1539
BaseY: 2004
StartY: 1988
BaseDay: 1
First day of year: 1
The day is: 1
Date : {18, 3, 2004} Iterations: 1539
Date : {19, 3, 2004} Iterations: 1540
BaseY: 2004
StartY: 1988
BaseDay: 1
First day of year: 1
The day is: 2
DateGC : {29, 11, 2011} Iterations: 1540
BaseY: 2004
StartY: 1988
BaseDay: 1
First day of year: 1
The day is: 2
Date : {19, 3, 2004} Iterations: 1540
Date : {20, 3, 2004} Iterations: 1541
BaseY: 2004
StartY: 1988
BaseDay: 1
First day of year: 1
The day is: 3
DateGC : {30, 11, 2011} Iterations: 1541
BaseY: 2004
StartY: 1988
BaseDay: 1
First day of year: 1
The day is: 3
Date : {20, 3, 2004} Iterations: 1541
Date : {21, 3, 2004} Iterations: 1542
BaseY: 2004
StartY: 1988
BaseDay: 1
First day of year: 1
The day is: 4
DateGC : {1, 12, 2011} Iterations: 1542
BaseY: 2004
StartY: 1988
BaseDay: 1
First day of year: 1
The day is: 4
Date : {21, 3, 2004} Iterations: 1542
Date : {22, 3, 2004} Iterations: 1543
BaseY: 2004
StartY: 1988
BaseDay: 1
First day of year: 1
The day is: 5
DateGC : {2, 12, 2011} Iterations: 1543
BaseY: 2004
StartY: 1988
BaseDay: 1
First day of year: 1
The day is: 5
Date : {22, 3, 2004} Iterations: 1543
Date : {23, 3, 2004} Iterations: 1544
BaseY: 2004
StartY: 1988
BaseDay: 1
First day of year: 1
The day is: 6
DateGC : {3, 12, 2011} Iterations: 1544
BaseY: 2004
StartY: 1988
BaseDay: 1
First day of year: 1
The day is: 6
Date : {23, 3, 2004} Iterations: 1544
Date : {24, 3, 2004} Iterations: 1545
BaseY: 2004
StartY: 1988
BaseDay: 1
First day of year: 1
The day is: 7
DateGC : {4, 12, 2011} Iterations: 1545
BaseY: 2004
StartY: 1988
BaseDay: 1
First day of year: 1
The day is: 7
Date : {24, 3, 2004} Iterations: 1545
Date : {25, 3, 2004} Iterations: 1546
BaseY: 2004
StartY: 1988
BaseDay: 1
First day of year: 1
The day is: 1
DateGC : {5, 12, 2011} Iterations: 1546
BaseY: 2004
StartY: 1988
BaseDay: 1
First day of year: 1
The day is: 1
Date : {25, 3, 2004} Iterations: 1546
Date : {26, 3, 2004} Iterations: 1547
BaseY: 2004
StartY: 1988
BaseDay: 1
First day of year: 1
The day is: 2
DateGC : {6, 12, 2011} Iterations: 1547
BaseY: 2004
StartY: 1988
BaseDay: 1
First day of year: 1
The day is: 2
Date : {26, 3, 2004} Iterations: 1547
Date : {27, 3, 2004} Iterations: 1548
BaseY: 2004
StartY: 1988
BaseDay: 1
First day of year: 1
The day is: 3
DateGC : {7, 12, 2011} Iterations: 1548
BaseY: 2004
StartY: 1988
BaseDay: 1
First day of year: 1
The day is: 3
Date : {27, 3, 2004} Iterations: 1548
Date : {28, 3, 2004} Iterations: 1549
BaseY: 2004
StartY: 1988
BaseDay: 1
First day of year: 1
The day is: 4
DateGC : {8, 12, 2011} Iterations: 1549
BaseY: 2004
StartY: 1988
BaseDay: 1
First day of year: 1
The day is: 4
Date : {28, 3, 2004} Iterations: 1549
Date : {29, 3, 2004} Iterations: 1550
BaseY: 2004
StartY: 1988
BaseDay: 1
First day of year: 1
The day is: 5
DateGC : {9, 12, 2011} Iterations: 1550
BaseY: 2004
StartY: 1988
BaseDay: 1
First day of year: 1
The day is: 5
Date : {29, 3, 2004} Iterations: 1550
Date : {30, 3, 2004} Iterations: 1551
BaseY: 2004
StartY: 1988
BaseDay: 1
First day of year: 1
The day is: 6
DateGC : {10, 12, 2011} Iterations: 1551
BaseY: 2004
StartY: 1988
BaseDay: 1
First day of year: 1
The day is: 6
Date : {30, 3, 2004} Iterations: 1551
Date : {1, 4, 2004} Iterations: 1552
BaseY: 2004
StartY: 1988
BaseDay: 1
First day of year: 1
The day is: 7
DateGC : {11, 12, 2011} Iterations: 1552
BaseY: 2004
StartY: 1988
BaseDay: 1
First day of year: 1
The day is: 7
Date : {1, 4, 2004} Iterations: 1552
Date : {2, 4, 2004} Iterations: 1553
BaseY: 2004
StartY: 1988
BaseDay: 1
First day of year: 1
The day is: 1
DateGC : {12, 12, 2011} Iterations: 1553
BaseY: 2004
StartY: 1988
BaseDay: 1
First day of year: 1
The day is: 1
Date : {2, 4, 2004} Iterations: 1553
Date : {3, 4, 2004} Iterations: 1554
BaseY: 2004
StartY: 1988
BaseDay: 1
First day of year: 1
The day is: 2
DateGC : {13, 12, 2011} Iterations: 1554
BaseY: 2004
StartY: 1988
BaseDay: 1
First day of year: 1
The day is: 2
Date : {3, 4, 2004} Iterations: 1554
Date : {4, 4, 2004} Iterations: 1555
BaseY: 2004
StartY: 1988
BaseDay: 1
First day of year: 1
The day is: 3
DateGC : {14, 12, 2011} Iterations: 1555
BaseY: 2004
StartY: 1988
BaseDay: 1
First day of year: 1
The day is: 3
Date : {4, 4, 2004} Iterations: 1555
Date : {5, 4, 2004} Iterations: 1556
BaseY: 2004
StartY: 1988
BaseDay: 1
First day of year: 1
The day is: 4
DateGC : {15, 12, 2011} Iterations: 1556
BaseY: 2004
StartY: 1988
BaseDay: 1
First day of year: 1
The day is: 4
Date : {5, 4, 2004} Iterations: 1556
Date : {6, 4, 2004} Iterations: 1557
BaseY: 2004
StartY: 1988
BaseDay: 1
First day of year: 1
The day is: 5
DateGC : {16, 12, 2011} Iterations: 1557
BaseY: 2004
StartY: 1988
BaseDay: 1
First day of year: 1
The day is: 5
Date : {6, 4, 2004} Iterations: 1557
Date : {7, 4, 2004} Iterations: 1558
BaseY: 2004
StartY: 1988
BaseDay: 1
First day of year: 1
The day is: 6
DateGC : {17, 12, 2011} Iterations: 1558
BaseY: 2004
StartY: 1988
BaseDay: 1
First day of year: 1
The day is: 6
Date : {7, 4, 2004} Iterations: 1558
Date : {8, 4, 2004} Iterations: 1559
BaseY: 2004
StartY: 1988
BaseDay: 1
First day of year: 1
The day is: 7
DateGC : {18, 12, 2011} Iterations: 1559
BaseY: 2004
StartY: 1988
BaseDay: 1
First day of year: 1
The day is: 7
Date : {8, 4, 2004} Iterations: 1559
Date : {9, 4, 2004} Iterations: 1560
BaseY: 2004
StartY: 1988
BaseDay: 1
First day of year: 1
The day is: 1
DateGC : {19, 12, 2011} Iterations: 1560
BaseY: 2004
StartY: 1988
BaseDay: 1
First day of year: 1
The day is: 1
Date : {9, 4, 2004} Iterations: 1560
Date : {10, 4, 2004} Iterations: 1561
BaseY: 2004
StartY: 1988
BaseDay: 1
First day of year: 1
The day is: 2
DateGC : {20, 12, 2011} Iterations: 1561
BaseY: 2004
StartY: 1988
BaseDay: 1
First day of year: 1
The day is: 2
Date : {10, 4, 2004} Iterations: 1561
Date : {11, 4, 2004} Iterations: 1562
BaseY: 2004
StartY: 1988
BaseDay: 1
First day of year: 1
The day is: 3
DateGC : {21, 12, 2011} Iterations: 1562
BaseY: 2004
StartY: 1988
BaseDay: 1
First day of year: 1
The day is: 3
Date : {11, 4, 2004} Iterations: 1562
Date : {12, 4, 2004} Iterations: 1563
BaseY: 2004
StartY: 1988
BaseDay: 1
First day of year: 1
The day is: 4
DateGC : {22, 12, 2011} Iterations: 1563
BaseY: 2004
StartY: 1988
BaseDay: 1
First day of year: 1
The day is: 4
Date : {12, 4, 2004} Iterations: 1563
Date : {13, 4, 2004} Iterations: 1564
BaseY: 2004
StartY: 1988
BaseDay: 1
First day of year: 1
The day is: 5
DateGC : {23, 12, 2011} Iterations: 1564
BaseY: 2004
StartY: 1988
BaseDay: 1
First day of year: 1
The day is: 5
Date : {13, 4, 2004} Iterations: 1564
Date : {14, 4, 2004} Iterations: 1565
BaseY: 2004
StartY: 1988
BaseDay: 1
First day of year: 1
The day is: 6
DateGC : {24, 12, 2011} Iterations: 1565
BaseY: 2004
StartY: 1988
BaseDay: 1
First day of year: 1
The day is: 6
Date : {14, 4, 2004} Iterations: 1565
Date : {15, 4, 2004} Iterations: 1566
BaseY: 2004
StartY: 1988
BaseDay: 1
First day of year: 1
The day is: 7
DateGC : {25, 12, 2011} Iterations: 1566
BaseY: 2004
StartY: 1988
BaseDay: 1
First day of year: 1
The day is: 7
Date : {15, 4, 2004} Iterations: 1566
Date : {16, 4, 2004} Iterations: 1567
BaseY: 2004
StartY: 1988
BaseDay: 1
First day of year: 1
The day is: 1
DateGC : {26, 12, 2011} Iterations: 1567
BaseY: 2004
StartY: 1988
BaseDay: 1
First day of year: 1
The day is: 1
Date : {16, 4, 2004} Iterations: 1567
Date : {17, 4, 2004} Iterations: 1568
BaseY: 2004
StartY: 1988
BaseDay: 1
First day of year: 1
The day is: 2
DateGC : {27, 12, 2011} Iterations: 1568
BaseY: 2004
StartY: 1988
BaseDay: 1
First day of year: 1
The day is: 2
Date : {17, 4, 2004} Iterations: 1568
Date : {18, 4, 2004} Iterations: 1569
BaseY: 2004
StartY: 1988
BaseDay: 1
First day of year: 1
The day is: 3
DateGC : {28, 12, 2011} Iterations: 1569
BaseY: 2004
StartY: 1988
BaseDay: 1
First day of year: 1
The day is: 3
Date : {18, 4, 2004} Iterations: 1569
Date : {19, 4, 2004} Iterations: 1570
BaseY: 2004
StartY: 1988
BaseDay: 1
First day of year: 1
The day is: 4
DateGC : {29, 12, 2011} Iterations: 1570
BaseY: 2004
StartY: 1988
BaseDay: 1
First day of year: 1
The day is: 4
Date : {19, 4, 2004} Iterations: 1570
Date : {20, 4, 2004} Iterations: 1571
BaseY: 2004
StartY: 1988
BaseDay: 1
First day of year: 1
The day is: 5
DateGC : {30, 12, 2011} Iterations: 1571
BaseY: 2004
StartY: 1988
BaseDay: 1
First day of year: 1
The day is: 5
Date : {20, 4, 2004} Iterations: 1571
Date : {21, 4, 2004} Iterations: 1572
BaseY: 2004
StartY: 1988
BaseDay: 1
First day of year: 1
The day is: 6
DateGC : {31, 12, 2011} Iterations: 1572
BaseY: 2004
StartY: 1988
BaseDay: 1
First day of year: 1
The day is: 6
Date : {21, 4, 2004} Iterations: 1572
Date : {22, 4, 2004} Iterations: 1573
BaseY: 2004
StartY: 1988
BaseDay: 1
First day of year: 1
The day is: 7
DateGC : {1, 1, 2012} Iterations: 1573
BaseY: 2004
StartY: 1988
BaseDay: 1
First day of year: 1
The day is: 7
Date : {22, 4, 2004} Iterations: 1573
Date : {23, 4, 2004} Iterations: 1574
BaseY: 2004
StartY: 1988
BaseDay: 1
First day of year: 1
The day is: 1
DateGC : {2, 1, 2012} Iterations: 1574
BaseY: 2004
StartY: 1988
BaseDay: 1
First day of year: 1
The day is: 1
Date : {23, 4, 2004} Iterations: 1574
Date : {24, 4, 2004} Iterations: 1575
BaseY: 2004
StartY: 1988
BaseDay: 1
First day of year: 1
The day is: 2
DateGC : {3, 1, 2012} Iterations: 1575
BaseY: 2004
StartY: 1988
BaseDay: 1
First day of year: 1
The day is: 2
Date : {24, 4, 2004} Iterations: 1575
Date : {25, 4, 2004} Iterations: 1576
BaseY: 2004
StartY: 1988
BaseDay: 1
First day of year: 1
The day is: 3
DateGC : {4, 1, 2012} Iterations: 1576
BaseY: 2004
StartY: 1988
BaseDay: 1
First day of year: 1
The day is: 3
Date : {25, 4, 2004} Iterations: 1576
Date : {26, 4, 2004} Iterations: 1577
BaseY: 2004
StartY: 1988
BaseDay: 1
First day of year: 1
The day is: 4
DateGC : {5, 1, 2012} Iterations: 1577
BaseY: 2004
StartY: 1988
BaseDay: 1
First day of year: 1
The day is: 4
Date : {26, 4, 2004} Iterations: 1577
Date : {27, 4, 2004} Iterations: 1578
BaseY: 2004
StartY: 1988
BaseDay: 1
First day of year: 1
The day is: 5
DateGC : {6, 1, 2012} Iterations: 1578
BaseY: 2004
StartY: 1988
BaseDay: 1
First day of year: 1
The day is: 5
Date : {27, 4, 2004} Iterations: 1578
Date : {28, 4, 2004} Iterations: 1579
BaseY: 2004
StartY: 1988
BaseDay: 1
First day of year: 1
The day is: 6
DateGC : {7, 1, 2012} Iterations: 1579
BaseY: 2004
StartY: 1988
BaseDay: 1
First day of year: 1
The day is: 6
Date : {28, 4, 2004} Iterations: 1579
Date : {29, 4, 2004} Iterations: 1580
BaseY: 2004
StartY: 1988
BaseDay: 1
First day of year: 1
The day is: 7
DateGC : {8, 1, 2012} Iterations: 1580
BaseY: 2004
StartY: 1988
BaseDay: 1
First day of year: 1
The day is: 7
Date : {29, 4, 2004} Iterations: 1580
Date : {30, 4, 2004} Iterations: 1581
BaseY: 2004
StartY: 1988
BaseDay: 1
First day of year: 1
The day is: 1
DateGC : {9, 1, 2012} Iterations: 1581
BaseY: 2004
StartY: 1988
BaseDay: 1
First day of year: 1
The day is: 1
Date : {30, 4, 2004} Iterations: 1581
Date : {1, 5, 2004} Iterations: 1582
BaseY: 2004
StartY: 1988
BaseDay: 1
First day of year: 1
The day is: 2
DateGC : {10, 1, 2012} Iterations: 1582
BaseY: 2004
StartY: 1988
BaseDay: 1
First day of year: 1
The day is: 2
Date : {1, 5, 2004} Iterations: 1582
Date : {2, 5, 2004} Iterations: 1583
BaseY: 2004
StartY: 1988
BaseDay: 1
First day of year: 1
The day is: 3
DateGC : {11, 1, 2012} Iterations: 1583
BaseY: 2004
StartY: 1988
BaseDay: 1
First day of year: 1
The day is: 3
Date : {2, 5, 2004} Iterations: 1583
Date : {3, 5, 2004} Iterations: 1584
BaseY: 2004
StartY: 1988
BaseDay: 1
First day of year: 1
The day is: 4
DateGC : {12, 1, 2012} Iterations: 1584
BaseY: 2004
StartY: 1988
BaseDay: 1
First day of year: 1
The day is: 4
Date : {3, 5, 2004} Iterations: 1584
Date : {4, 5, 2004} Iterations: 1585
BaseY: 2004
StartY: 1988
BaseDay: 1
First day of year: 1
The day is: 5
DateGC : {13, 1, 2012} Iterations: 1585
BaseY: 2004
StartY: 1988
BaseDay: 1
First day of year: 1
The day is: 5
Date : {4, 5, 2004} Iterations: 1585
Date : {5, 5, 2004} Iterations: 1586
BaseY: 2004
StartY: 1988
BaseDay: 1
First day of year: 1
The day is: 6
DateGC : {14, 1, 2012} Iterations: 1586
BaseY: 2004
StartY: 1988
BaseDay: 1
First day of year: 1
The day is: 6
Date : {5, 5, 2004} Iterations: 1586
Date : {6, 5, 2004} Iterations: 1587
BaseY: 2004
StartY: 1988
BaseDay: 1
First day of year: 1
The day is: 7
DateGC : {15, 1, 2012} Iterations: 1587
BaseY: 2004
StartY: 1988
BaseDay: 1
First day of year: 1
The day is: 7
Date : {6, 5, 2004} Iterations: 1587
Date : {7, 5, 2004} Iterations: 1588
BaseY: 2004
StartY: 1988
BaseDay: 1
First day of year: 1
The day is: 1
DateGC : {16, 1, 2012} Iterations: 1588
BaseY: 2004
StartY: 1988
BaseDay: 1
First day of year: 1
The day is: 1
Date : {7, 5, 2004} Iterations: 1588
Date : {8, 5, 2004} Iterations: 1589
BaseY: 2004
StartY: 1988
BaseDay: 1
First day of year: 1
The day is: 2
DateGC : {17, 1, 2012} Iterations: 1589
BaseY: 2004
StartY: 1988
BaseDay: 1
First day of year: 1
The day is: 2
Date : {8, 5, 2004} Iterations: 1589
Date : {9, 5, 2004} Iterations: 1590
BaseY: 2004
StartY: 1988
BaseDay: 1
First day of year: 1
The day is: 3
DateGC : {18, 1, 2012} Iterations: 1590
BaseY: 2004
StartY: 1988
BaseDay: 1
First day of year: 1
The day is: 3
Date : {9, 5, 2004} Iterations: 1590
Date : {10, 5, 2004} Iterations: 1591
BaseY: 2004
StartY: 1988
BaseDay: 1
First day of year: 1
The day is: 4
DateGC : {19, 1, 2012} Iterations: 1591
BaseY: 2004
StartY: 1988
BaseDay: 1
First day of year: 1
The day is: 4
Date : {10, 5, 2004} Iterations: 1591
Date : {11, 5, 2004} Iterations: 1592
BaseY: 2004
StartY: 1988
BaseDay: 1
First day of year: 1
The day is: 5
DateGC : {20, 1, 2012} Iterations: 1592
BaseY: 2004
StartY: 1988
BaseDay: 1
First day of year: 1
The day is: 5
Date : {11, 5, 2004} Iterations: 1592
Date : {12, 5, 2004} Iterations: 1593
BaseY: 2004
StartY: 1988
BaseDay: 1
First day of year: 1
The day is: 6
DateGC : {21, 1, 2012} Iterations: 1593
BaseY: 2004
StartY: 1988
BaseDay: 1
First day of year: 1
The day is: 6
Date : {12, 5, 2004} Iterations: 1593
Date : {13, 5, 2004} Iterations: 1594
BaseY: 2004
StartY: 1988
BaseDay: 1
First day of year: 1
The day is: 7
DateGC : {22, 1, 2012} Iterations: 1594
BaseY: 2004
StartY: 1988
BaseDay: 1
First day of year: 1
The day is: 7
Date : {13, 5, 2004} Iterations: 1594
Date : {14, 5, 2004} Iterations: 1595
BaseY: 2004
StartY: 1988
BaseDay: 1
First day of year: 1
The day is: 1
DateGC : {23, 1, 2012} Iterations: 1595
BaseY: 2004
StartY: 1988
BaseDay: 1
First day of year: 1
The day is: 1
Date : {14, 5, 2004} Iterations: 1595
Date : {15, 5, 2004} Iterations: 1596
BaseY: 2004
StartY: 1988
BaseDay: 1
First day of year: 1
The day is: 2
DateGC : {24, 1, 2012} Iterations: 1596
BaseY: 2004
StartY: 1988
BaseDay: 1
First day of year: 1
The day is: 2
Date : {15, 5, 2004} Iterations: 1596
Date : {16, 5, 2004} Iterations: 1597
BaseY: 2004
StartY: 1988
BaseDay: 1
First day of year: 1
The day is: 3
DateGC : {25, 1, 2012} Iterations: 1597
BaseY: 2004
StartY: 1988
BaseDay: 1
First day of year: 1
The day is: 3
Date : {16, 5, 2004} Iterations: 1597
Date : {17, 5, 2004} Iterations: 1598
BaseY: 2004
StartY: 1988
BaseDay: 1
First day of year: 1
The day is: 4
DateGC : {26, 1, 2012} Iterations: 1598
BaseY: 2004
StartY: 1988
BaseDay: 1
First day of year: 1
The day is: 4
Date : {17, 5, 2004} Iterations: 1598
Date : {18, 5, 2004} Iterations: 1599
BaseY: 2004
StartY: 1988
BaseDay: 1
First day of year: 1
The day is: 5
DateGC : {27, 1, 2012} Iterations: 1599
BaseY: 2004
StartY: 1988
BaseDay: 1
First day of year: 1
The day is: 5
Date : {18, 5, 2004} Iterations: 1599
Date : {19, 5, 2004} Iterations: 1600
BaseY: 2004
StartY: 1988
BaseDay: 1
First day of year: 1
The day is: 6
DateGC : {28, 1, 2012} Iterations: 1600
BaseY: 2004
StartY: 1988
BaseDay: 1
First day of year: 1
The day is: 6
Date : {19, 5, 2004} Iterations: 1600
Date : {20, 5, 2004} Iterations: 1601
BaseY: 2004
StartY: 1988
BaseDay: 1
First day of year: 1
The day is: 7
DateGC : {29, 1, 2012} Iterations: 1601
BaseY: 2004
StartY: 1988
BaseDay: 1
First day of year: 1
The day is: 7
Date : {20, 5, 2004} Iterations: 1601
Date : {21, 5, 2004} Iterations: 1602
BaseY: 2004
StartY: 1988
BaseDay: 1
First day of year: 1
The day is: 1
DateGC : {30, 1, 2012} Iterations: 1602
BaseY: 2004
StartY: 1988
BaseDay: 1
First day of year: 1
The day is: 1
Date : {21, 5, 2004} Iterations: 1602
Date : {22, 5, 2004} Iterations: 1603
BaseY: 2004
StartY: 1988
BaseDay: 1
First day of year: 1
The day is: 2
DateGC : {31, 1, 2012} Iterations: 1603
BaseY: 2004
StartY: 1988
BaseDay: 1
First day of year: 1
The day is: 2
Date : {22, 5, 2004} Iterations: 1603
Date : {23, 5, 2004} Iterations: 1604
BaseY: 2004
StartY: 1988
BaseDay: 1
First day of year: 1
The day is: 3
DateGC : {1, 2, 2012} Iterations: 1604
BaseY: 2004
StartY: 1988
BaseDay: 1
First day of year: 1
The day is: 3
Date : {23, 5, 2004} Iterations: 1604
Date : {24, 5, 2004} Iterations: 1605
BaseY: 2004
StartY: 1988
BaseDay: 1
First day of year: 1
The day is: 4
DateGC : {2, 2, 2012} Iterations: 1605
BaseY: 2004
StartY: 1988
BaseDay: 1
First day of year: 1
The day is: 4
Date : {24, 5, 2004} Iterations: 1605
Date : {25, 5, 2004} Iterations: 1606
BaseY: 2004
StartY: 1988
BaseDay: 1
First day of year: 1
The day is: 5
DateGC : {3, 2, 2012} Iterations: 1606
BaseY: 2004
StartY: 1988
BaseDay: 1
First day of year: 1
The day is: 5
Date : {25, 5, 2004} Iterations: 1606
Date : {26, 5, 2004} Iterations: 1607
BaseY: 2004
StartY: 1988
BaseDay: 1
First day of year: 1
The day is: 6
DateGC : {4, 2, 2012} Iterations: 1607
BaseY: 2004
StartY: 1988
BaseDay: 1
First day of year: 1
The day is: 6
Date : {26, 5, 2004} Iterations: 1607
Date : {27, 5, 2004} Iterations: 1608
BaseY: 2004
StartY: 1988
BaseDay: 1
First day of year: 1
The day is: 7
DateGC : {5, 2, 2012} Iterations: 1608
BaseY: 2004
StartY: 1988
BaseDay: 1
First day of year: 1
The day is: 7
Date : {27, 5, 2004} Iterations: 1608
Date : {28, 5, 2004} Iterations: 1609
BaseY: 2004
StartY: 1988
BaseDay: 1
First day of year: 1
The day is: 1
DateGC : {6, 2, 2012} Iterations: 1609
BaseY: 2004
StartY: 1988
BaseDay: 1
First day of year: 1
The day is: 1
Date : {28, 5, 2004} Iterations: 1609
Date : {29, 5, 2004} Iterations: 1610
BaseY: 2004
StartY: 1988
BaseDay: 1
First day of year: 1
The day is: 2
DateGC : {7, 2, 2012} Iterations: 1610
BaseY: 2004
StartY: 1988
BaseDay: 1
First day of year: 1
The day is: 2
Date : {29, 5, 2004} Iterations: 1610
Date : {30, 5, 2004} Iterations: 1611
BaseY: 2004
StartY: 1988
BaseDay: 1
First day of year: 1
The day is: 3
DateGC : {8, 2, 2012} Iterations: 1611
BaseY: 2004
StartY: 1988
BaseDay: 1
First day of year: 1
The day is: 3
Date : {30, 5, 2004} Iterations: 1611
Date : {1, 6, 2004} Iterations: 1612
BaseY: 2004
StartY: 1988
BaseDay: 1
First day of year: 1
The day is: 4
DateGC : {9, 2, 2012} Iterations: 1612
BaseY: 2004
StartY: 1988
BaseDay: 1
First day of year: 1
The day is: 4
Date : {1, 6, 2004} Iterations: 1612
Date : {2, 6, 2004} Iterations: 1613
BaseY: 2004
StartY: 1988
BaseDay: 1
First day of year: 1
The day is: 5
DateGC : {10, 2, 2012} Iterations: 1613
BaseY: 2004
StartY: 1988
BaseDay: 1
First day of year: 1
The day is: 5
Date : {2, 6, 2004} Iterations: 1613
Date : {3, 6, 2004} Iterations: 1614
BaseY: 2004
StartY: 1988
BaseDay: 1
First day of year: 1
The day is: 6
DateGC : {11, 2, 2012} Iterations: 1614
BaseY: 2004
StartY: 1988
BaseDay: 1
First day of year: 1
The day is: 6
Date : {3, 6, 2004} Iterations: 1614
Date : {4, 6, 2004} Iterations: 1615
BaseY: 2004
StartY: 1988
BaseDay: 1
First day of year: 1
The day is: 7
DateGC : {12, 2, 2012} Iterations: 1615
BaseY: 2004
StartY: 1988
BaseDay: 1
First day of year: 1
The day is: 7
Date : {4, 6, 2004} Iterations: 1615
Date : {5, 6, 2004} Iterations: 1616
BaseY: 2004
StartY: 1988
BaseDay: 1
First day of year: 1
The day is: 1
DateGC : {13, 2, 2012} Iterations: 1616
BaseY: 2004
StartY: 1988
BaseDay: 1
First day of year: 1
The day is: 1
Date : {5, 6, 2004} Iterations: 1616
Date : {6, 6, 2004} Iterations: 1617
BaseY: 2004
StartY: 1988
BaseDay: 1
First day of year: 1
The day is: 2
DateGC : {14, 2, 2012} Iterations: 1617
BaseY: 2004
StartY: 1988
BaseDay: 1
First day of year: 1
The day is: 2
Date : {6, 6, 2004} Iterations: 1617
Date : {7, 6, 2004} Iterations: 1618
BaseY: 2004
StartY: 1988
BaseDay: 1
First day of year: 1
The day is: 3
DateGC : {15, 2, 2012} Iterations: 1618
BaseY: 2004
StartY: 1988
BaseDay: 1
First day of year: 1
The day is: 3
Date : {7, 6, 2004} Iterations: 1618
Date : {8, 6, 2004} Iterations: 1619
BaseY: 2004
StartY: 1988
BaseDay: 1
First day of year: 1
The day is: 4
DateGC : {16, 2, 2012} Iterations: 1619
BaseY: 2004
StartY: 1988
BaseDay: 1
First day of year: 1
The day is: 4
Date : {8, 6, 2004} Iterations: 1619
Date : {9, 6, 2004} Iterations: 1620
BaseY: 2004
StartY: 1988
BaseDay: 1
First day of year: 1
The day is: 5
DateGC : {17, 2, 2012} Iterations: 1620
BaseY: 2004
StartY: 1988
BaseDay: 1
First day of year: 1
The day is: 5
Date : {9, 6, 2004} Iterations: 1620
Date : {10, 6, 2004} Iterations: 1621
BaseY: 2004
StartY: 1988
BaseDay: 1
First day of year: 1
The day is: 6
DateGC : {18, 2, 2012} Iterations: 1621
BaseY: 2004
StartY: 1988
BaseDay: 1
First day of year: 1
The day is: 6
Date : {10, 6, 2004} Iterations: 1621
Date : {11, 6, 2004} Iterations: 1622
BaseY: 2004
StartY: 1988
BaseDay: 1
First day of year: 1
The day is: 7
DateGC : {19, 2, 2012} Iterations: 1622
BaseY: 2004
StartY: 1988
BaseDay: 1
First day of year: 1
The day is: 7
Date : {11, 6, 2004} Iterations: 1622
Date : {12, 6, 2004} Iterations: 1623
BaseY: 2004
StartY: 1988
BaseDay: 1
First day of year: 1
The day is: 1
DateGC : {20, 2, 2012} Iterations: 1623
BaseY: 2004
StartY: 1988
BaseDay: 1
First day of year: 1
The day is: 1
Date : {12, 6, 2004} Iterations: 1623
Date : {13, 6, 2004} Iterations: 1624
BaseY: 2004
StartY: 1988
BaseDay: 1
First day of year: 1
The day is: 2
DateGC : {21, 2, 2012} Iterations: 1624
BaseY: 2004
StartY: 1988
BaseDay: 1
First day of year: 1
The day is: 2
Date : {13, 6, 2004} Iterations: 1624
Date : {14, 6, 2004} Iterations: 1625
BaseY: 2004
StartY: 1988
BaseDay: 1
First day of year: 1
The day is: 3
DateGC : {22, 2, 2012} Iterations: 1625
BaseY: 2004
StartY: 1988
BaseDay: 1
First day of year: 1
The day is: 3
Date : {14, 6, 2004} Iterations: 1625
Date : {15, 6, 2004} Iterations: 1626
BaseY: 2004
StartY: 1988
BaseDay: 1
First day of year: 1
The day is: 4
DateGC : {23, 2, 2012} Iterations: 1626
BaseY: 2004
StartY: 1988
BaseDay: 1
First day of year: 1
The day is: 4
Date : {15, 6, 2004} Iterations: 1626
Date : {16, 6, 2004} Iterations: 1627
BaseY: 2004
StartY: 1988
BaseDay: 1
First day of year: 1
The day is: 5
DateGC : {24, 2, 2012} Iterations: 1627
BaseY: 2004
StartY: 1988
BaseDay: 1
First day of year: 1
The day is: 5
Date : {16, 6, 2004} Iterations: 1627
Date : {17, 6, 2004} Iterations: 1628
BaseY: 2004
StartY: 1988
BaseDay: 1
First day of year: 1
The day is: 6
DateGC : {25, 2, 2012} Iterations: 1628
BaseY: 2004
StartY: 1988
BaseDay: 1
First day of year: 1
The day is: 6
Date : {17, 6, 2004} Iterations: 1628
Date : {18, 6, 2004} Iterations: 1629
BaseY: 2004
StartY: 1988
BaseDay: 1
First day of year: 1
The day is: 7
DateGC : {26, 2, 2012} Iterations: 1629
BaseY: 2004
StartY: 1988
BaseDay: 1
First day of year: 1
The day is: 7
Date : {18, 6, 2004} Iterations: 1629
Date : {19, 6, 2004} Iterations: 1630
BaseY: 2004
StartY: 1988
BaseDay: 1
First day of year: 1
The day is: 1
DateGC : {27, 2, 2012} Iterations: 1630
BaseY: 2004
StartY: 1988
BaseDay: 1
First day of year: 1
The day is: 1
Date : {19, 6, 2004} Iterations: 1630
Date : {20, 6, 2004} Iterations: 1631
BaseY: 2004
StartY: 1988
BaseDay: 1
First day of year: 1
The day is: 2
DateGC : {28, 2, 2012} Iterations: 1631
BaseY: 2004
StartY: 1988
BaseDay: 1
First day of year: 1
The day is: 2
Date : {20, 6, 2004} Iterations: 1631
Date : {21, 6, 2004} Iterations: 1632
BaseY: 2004
StartY: 1988
BaseDay: 1
First day of year: 1
The day is: 3
DateGC : {29, 2, 2012} Iterations: 1632
BaseY: 2004
StartY: 1988
BaseDay: 1
First day of year: 1
The day is: 3
Date : {21, 6, 2004} Iterations: 1632
Date : {22, 6, 2004} Iterations: 1633
BaseY: 2004
StartY: 1988
BaseDay: 1
First day of year: 1
The day is: 4
DateGC : {1, 3, 2012} Iterations: 1633
BaseY: 2004
StartY: 1988
BaseDay: 1
First day of year: 1
The day is: 4
Date : {22, 6, 2004} Iterations: 1633
Date : {23, 6, 2004} Iterations: 1634
BaseY: 2004
StartY: 1988
BaseDay: 1
First day of year: 1
The day is: 5
DateGC : {2, 3, 2012} Iterations: 1634
BaseY: 2004
StartY: 1988
BaseDay: 1
First day of year: 1
The day is: 5
Date : {23, 6, 2004} Iterations: 1634
Date : {24, 6, 2004} Iterations: 1635
BaseY: 2004
StartY: 1988
BaseDay: 1
First day of year: 1
The day is: 6
DateGC : {3, 3, 2012} Iterations: 1635
BaseY: 2004
StartY: 1988
BaseDay: 1
First day of year: 1
The day is: 6
Date : {24, 6, 2004} Iterations: 1635
Date : {25, 6, 2004} Iterations: 1636
BaseY: 2004
StartY: 1988
BaseDay: 1
First day of year: 1
The day is: 7
DateGC : {4, 3, 2012} Iterations: 1636
BaseY: 2004
StartY: 1988
BaseDay: 1
First day of year: 1
The day is: 7
Date : {25, 6, 2004} Iterations: 1636
Date : {26, 6, 2004} Iterations: 1637
BaseY: 2004
StartY: 1988
BaseDay: 1
First day of year: 1
The day is: 1
DateGC : {5, 3, 2012} Iterations: 1637
BaseY: 2004
StartY: 1988
BaseDay: 1
First day of year: 1
The day is: 1
Date : {26, 6, 2004} Iterations: 1637
Date : {27, 6, 2004} Iterations: 1638
BaseY: 2004
StartY: 1988
BaseDay: 1
First day of year: 1
The day is: 2
DateGC : {6, 3, 2012} Iterations: 1638
BaseY: 2004
StartY: 1988
BaseDay: 1
First day of year: 1
The day is: 2
Date : {27, 6, 2004} Iterations: 1638
Date : {28, 6, 2004} Iterations: 1639
BaseY: 2004
StartY: 1988
BaseDay: 1
First day of year: 1
The day is: 3
DateGC : {7, 3, 2012} Iterations: 1639
BaseY: 2004
StartY: 1988
BaseDay: 1
First day of year: 1
The day is: 3
Date : {28, 6, 2004} Iterations: 1639
Date : {29, 6, 2004} Iterations: 1640
BaseY: 2004
StartY: 1988
BaseDay: 1
First day of year: 1
The day is: 4
DateGC : {8, 3, 2012} Iterations: 1640
BaseY: 2004
StartY: 1988
BaseDay: 1
First day of year: 1
The day is: 4
Date : {29, 6, 2004} Iterations: 1640
Date : {30, 6, 2004} Iterations: 1641
BaseY: 2004
StartY: 1988
BaseDay: 1
First day of year: 1
The day is: 5
DateGC : {9, 3, 2012} Iterations: 1641
BaseY: 2004
StartY: 1988
BaseDay: 1
First day of year: 1
The day is: 5
Date : {30, 6, 2004} Iterations: 1641
Date : {1, 7, 2004} Iterations: 1642
BaseY: 2004
StartY: 1988
BaseDay: 1
First day of year: 1
The day is: 6
DateGC : {10, 3, 2012} Iterations: 1642
BaseY: 2004
StartY: 1988
BaseDay: 1
First day of year: 1
The day is: 6
Date : {1, 7, 2004} Iterations: 1642
Date : {2, 7, 2004} Iterations: 1643
BaseY: 2004
StartY: 1988
BaseDay: 1
First day of year: 1
The day is: 7
DateGC : {11, 3, 2012} Iterations: 1643
BaseY: 2004
StartY: 1988
BaseDay: 1
First day of year: 1
The day is: 7
Date : {2, 7, 2004} Iterations: 1643
Date : {3, 7, 2004} Iterations: 1644
BaseY: 2004
StartY: 1988
BaseDay: 1
First day of year: 1
The day is: 1
DateGC : {12, 3, 2012} Iterations: 1644
BaseY: 2004
StartY: 1988
BaseDay: 1
First day of year: 1
The day is: 1
Date : {3, 7, 2004} Iterations: 1644
Date : {4, 7, 2004} Iterations: 1645
BaseY: 2004
StartY: 1988
BaseDay: 1
First day of year: 1
The day is: 2
DateGC : {13, 3, 2012} Iterations: 1645
BaseY: 2004
StartY: 1988
BaseDay: 1
First day of year: 1
The day is: 2
Date : {4, 7, 2004} Iterations: 1645
Date : {5, 7, 2004} Iterations: 1646
BaseY: 2004
StartY: 1988
BaseDay: 1
First day of year: 1
The day is: 3
DateGC : {14, 3, 2012} Iterations: 1646
BaseY: 2004
StartY: 1988
BaseDay: 1
First day of year: 1
The day is: 3
Date : {5, 7, 2004} Iterations: 1646
Date : {6, 7, 2004} Iterations: 1647
BaseY: 2004
StartY: 1988
BaseDay: 1
First day of year: 1
The day is: 4
DateGC : {15, 3, 2012} Iterations: 1647
BaseY: 2004
StartY: 1988
BaseDay: 1
First day of year: 1
The day is: 4
Date : {6, 7, 2004} Iterations: 1647
Date : {7, 7, 2004} Iterations: 1648
BaseY: 2004
StartY: 1988
BaseDay: 1
First day of year: 1
The day is: 5
DateGC : {16, 3, 2012} Iterations: 1648
BaseY: 2004
StartY: 1988
BaseDay: 1
First day of year: 1
The day is: 5
Date : {7, 7, 2004} Iterations: 1648
Date : {8, 7, 2004} Iterations: 1649
BaseY: 2004
StartY: 1988
BaseDay: 1
First day of year: 1
The day is: 6
DateGC : {17, 3, 2012} Iterations: 1649
BaseY: 2004
StartY: 1988
BaseDay: 1
First day of year: 1
The day is: 6
Date : {8, 7, 2004} Iterations: 1649
Date : {9, 7, 2004} Iterations: 1650
BaseY: 2004
StartY: 1988
BaseDay: 1
First day of year: 1
The day is: 7
DateGC : {18, 3, 2012} Iterations: 1650
BaseY: 2004
StartY: 1988
BaseDay: 1
First day of year: 1
The day is: 7
Date : {9, 7, 2004} Iterations: 1650
Date : {10, 7, 2004} Iterations: 1651
BaseY: 2004
StartY: 1988
BaseDay: 1
First day of year: 1
The day is: 1
DateGC : {19, 3, 2012} Iterations: 1651
BaseY: 2004
StartY: 1988
BaseDay: 1
First day of year: 1
The day is: 1
Date : {10, 7, 2004} Iterations: 1651
Date : {11, 7, 2004} Iterations: 1652
BaseY: 2004
StartY: 1988
BaseDay: 1
First day of year: 1
The day is: 2
DateGC : {20, 3, 2012} Iterations: 1652
BaseY: 2004
StartY: 1988
BaseDay: 1
First day of year: 1
The day is: 2
Date : {11, 7, 2004} Iterations: 1652
Date : {12, 7, 2004} Iterations: 1653
BaseY: 2004
StartY: 1988
BaseDay: 1
First day of year: 1
The day is: 3
DateGC : {21, 3, 2012} Iterations: 1653
BaseY: 2004
StartY: 1988
BaseDay: 1
First day of year: 1
The day is: 3
Date : {12, 7, 2004} Iterations: 1653
Date : {13, 7, 2004} Iterations: 1654
BaseY: 2004
StartY: 1988
BaseDay: 1
First day of year: 1
The day is: 4
DateGC : {22, 3, 2012} Iterations: 1654
BaseY: 2004
StartY: 1988
BaseDay: 1
First day of year: 1
The day is: 4
Date : {13, 7, 2004} Iterations: 1654
Date : {14, 7, 2004} Iterations: 1655
BaseY: 2004
StartY: 1988
BaseDay: 1
First day of year: 1
The day is: 5
DateGC : {23, 3, 2012} Iterations: 1655
BaseY: 2004
StartY: 1988
BaseDay: 1
First day of year: 1
The day is: 5
Date : {14, 7, 2004} Iterations: 1655
Date : {15, 7, 2004} Iterations: 1656
BaseY: 2004
StartY: 1988
BaseDay: 1
First day of year: 1
The day is: 6
DateGC : {24, 3, 2012} Iterations: 1656
BaseY: 2004
StartY: 1988
BaseDay: 1
First day of year: 1
The day is: 6
Date : {15, 7, 2004} Iterations: 1656
Date : {16, 7, 2004} Iterations: 1657
BaseY: 2004
StartY: 1988
BaseDay: 1
First day of year: 1
The day is: 7
DateGC : {25, 3, 2012} Iterations: 1657
BaseY: 2004
StartY: 1988
BaseDay: 1
First day of year: 1
The day is: 7
Date : {16, 7, 2004} Iterations: 1657
Date : {17, 7, 2004} Iterations: 1658
BaseY: 2004
StartY: 1988
BaseDay: 1
First day of year: 1
The day is: 1
DateGC : {26, 3, 2012} Iterations: 1658
BaseY: 2004
StartY: 1988
BaseDay: 1
First day of year: 1
The day is: 1
Date : {17, 7, 2004} Iterations: 1658
Date : {18, 7, 2004} Iterations: 1659
BaseY: 2004
StartY: 1988
BaseDay: 1
First day of year: 1
The day is: 2
DateGC : {27, 3, 2012} Iterations: 1659
BaseY: 2004
StartY: 1988
BaseDay: 1
First day of year: 1
The day is: 2
Date : {18, 7, 2004} Iterations: 1659
Date : {19, 7, 2004} Iterations: 1660
BaseY: 2004
StartY: 1988
BaseDay: 1
First day of year: 1
The day is: 3
DateGC : {28, 3, 2012} Iterations: 1660
BaseY: 2004
StartY: 1988
BaseDay: 1
First day of year: 1
The day is: 3
Date : {19, 7, 2004} Iterations: 1660
Date : {20, 7, 2004} Iterations: 1661
BaseY: 2004
StartY: 1988
BaseDay: 1
First day of year: 1
The day is: 4
DateGC : {29, 3, 2012} Iterations: 1661
BaseY: 2004
StartY: 1988
BaseDay: 1
First day of year: 1
The day is: 4
Date : {20, 7, 2004} Iterations: 1661
Date : {21, 7, 2004} Iterations: 1662
BaseY: 2004
StartY: 1988
BaseDay: 1
First day of year: 1
The day is: 5
DateGC : {30, 3, 2012} Iterations: 1662
BaseY: 2004
StartY: 1988
BaseDay: 1
First day of year: 1
The day is: 5
Date : {21, 7, 2004} Iterations: 1662
Date : {22, 7, 2004} Iterations: 1663
BaseY: 2004
StartY: 1988
BaseDay: 1
First day of year: 1
The day is: 6
DateGC : {31, 3, 2012} Iterations: 1663
BaseY: 2004
StartY: 1988
BaseDay: 1
First day of year: 1
The day is: 6
Date : {22, 7, 2004} Iterations: 1663
Date : {23, 7, 2004} Iterations: 1664
BaseY: 2004
StartY: 1988
BaseDay: 1
First day of year: 1
The day is: 7
DateGC : {1, 4, 2012} Iterations: 1664
BaseY: 2004
StartY: 1988
BaseDay: 1
First day of year: 1
The day is: 7
Date : {23, 7, 2004} Iterations: 1664
Date : {24, 7, 2004} Iterations: 1665
BaseY: 2004
StartY: 1988
BaseDay: 1
First day of year: 1
The day is: 1
DateGC : {2, 4, 2012} Iterations: 1665
BaseY: 2004
StartY: 1988
BaseDay: 1
First day of year: 1
The day is: 1
Date : {24, 7, 2004} Iterations: 1665
Date : {25, 7, 2004} Iterations: 1666
BaseY: 2004
StartY: 1988
BaseDay: 1
First day of year: 1
The day is: 2
DateGC : {3, 4, 2012} Iterations: 1666
BaseY: 2004
StartY: 1988
BaseDay: 1
First day of year: 1
The day is: 2
Date : {25, 7, 2004} Iterations: 1666
Date : {26, 7, 2004} Iterations: 1667
BaseY: 2004
StartY: 1988
BaseDay: 1
First day of year: 1
The day is: 3
DateGC : {4, 4, 2012} Iterations: 1667
BaseY: 2004
StartY: 1988
BaseDay: 1
First day of year: 1
The day is: 3
Date : {26, 7, 2004} Iterations: 1667
Date : {27, 7, 2004} Iterations: 1668
BaseY: 2004
StartY: 1988
BaseDay: 1
First day of year: 1
The day is: 4
DateGC : {5, 4, 2012} Iterations: 1668
BaseY: 2004
StartY: 1988
BaseDay: 1
First day of year: 1
The day is: 4
Date : {27, 7, 2004} Iterations: 1668
Date : {28, 7, 2004} Iterations: 1669
BaseY: 2004
StartY: 1988
BaseDay: 1
First day of year: 1
The day is: 5
DateGC : {6, 4, 2012} Iterations: 1669
BaseY: 2004
StartY: 1988
BaseDay: 1
First day of year: 1
The day is: 5
Date : {28, 7, 2004} Iterations: 1669
Date : {29, 7, 2004} Iterations: 1670
BaseY: 2004
StartY: 1988
BaseDay: 1
First day of year: 1
The day is: 6
DateGC : {7, 4, 2012} Iterations: 1670
BaseY: 2004
StartY: 1988
BaseDay: 1
First day of year: 1
The day is: 6
Date : {29, 7, 2004} Iterations: 1670
Date : {30, 7, 2004} Iterations: 1671
BaseY: 2004
StartY: 1988
BaseDay: 1
First day of year: 1
The day is: 7
DateGC : {8, 4, 2012} Iterations: 1671
BaseY: 2004
StartY: 1988
BaseDay: 1
First day of year: 1
The day is: 7
Date : {30, 7, 2004} Iterations: 1671
Date : {1, 8, 2004} Iterations: 1672
BaseY: 2004
StartY: 1988
BaseDay: 1
First day of year: 1
The day is: 1
DateGC : {9, 4, 2012} Iterations: 1672
BaseY: 2004
StartY: 1988
BaseDay: 1
First day of year: 1
The day is: 1
Date : {1, 8, 2004} Iterations: 1672
Date : {2, 8, 2004} Iterations: 1673
BaseY: 2004
StartY: 1988
BaseDay: 1
First day of year: 1
The day is: 2
DateGC : {10, 4, 2012} Iterations: 1673
BaseY: 2004
StartY: 1988
BaseDay: 1
First day of year: 1
The day is: 2
Date : {2, 8, 2004} Iterations: 1673
Date : {3, 8, 2004} Iterations: 1674
BaseY: 2004
StartY: 1988
BaseDay: 1
First day of year: 1
The day is: 3
DateGC : {11, 4, 2012} Iterations: 1674
BaseY: 2004
StartY: 1988
BaseDay: 1
First day of year: 1
The day is: 3
Date : {3, 8, 2004} Iterations: 1674
Date : {4, 8, 2004} Iterations: 1675
BaseY: 2004
StartY: 1988
BaseDay: 1
First day of year: 1
The day is: 4
DateGC : {12, 4, 2012} Iterations: 1675
BaseY: 2004
StartY: 1988
BaseDay: 1
First day of year: 1
The day is: 4
Date : {4, 8, 2004} Iterations: 1675
Date : {5, 8, 2004} Iterations: 1676
BaseY: 2004
StartY: 1988
BaseDay: 1
First day of year: 1
The day is: 5
DateGC : {13, 4, 2012} Iterations: 1676
BaseY: 2004
StartY: 1988
BaseDay: 1
First day of year: 1
The day is: 5
Date : {5, 8, 2004} Iterations: 1676
Date : {6, 8, 2004} Iterations: 1677
BaseY: 2004
StartY: 1988
BaseDay: 1
First day of year: 1
The day is: 6
DateGC : {14, 4, 2012} Iterations: 1677
BaseY: 2004
StartY: 1988
BaseDay: 1
First day of year: 1
The day is: 6
Date : {6, 8, 2004} Iterations: 1677
Date : {7, 8, 2004} Iterations: 1678
BaseY: 2004
StartY: 1988
BaseDay: 1
First day of year: 1
The day is: 7
DateGC : {15, 4, 2012} Iterations: 1678
BaseY: 2004
StartY: 1988
BaseDay: 1
First day of year: 1
The day is: 7
Date : {7, 8, 2004} Iterations: 1678
Date : {8, 8, 2004} Iterations: 1679
BaseY: 2004
StartY: 1988
BaseDay: 1
First day of year: 1
The day is: 1
DateGC : {16, 4, 2012} Iterations: 1679
BaseY: 2004
StartY: 1988
BaseDay: 1
First day of year: 1
The day is: 1
Date : {8, 8, 2004} Iterations: 1679
Date : {9, 8, 2004} Iterations: 1680
BaseY: 2004
StartY: 1988
BaseDay: 1
First day of year: 1
The day is: 2
DateGC : {17, 4, 2012} Iterations: 1680
BaseY: 2004
StartY: 1988
BaseDay: 1
First day of year: 1
The day is: 2
Date : {9, 8, 2004} Iterations: 1680
Date : {10, 8, 2004} Iterations: 1681
BaseY: 2004
StartY: 1988
BaseDay: 1
First day of year: 1
The day is: 3
DateGC : {18, 4, 2012} Iterations: 1681
BaseY: 2004
StartY: 1988
BaseDay: 1
First day of year: 1
The day is: 3
Date : {10, 8, 2004} Iterations: 1681
Date : {11, 8, 2004} Iterations: 1682
BaseY: 2004
StartY: 1988
BaseDay: 1
First day of year: 1
The day is: 4
DateGC : {19, 4, 2012} Iterations: 1682
BaseY: 2004
StartY: 1988
BaseDay: 1
First day of year: 1
The day is: 4
Date : {11, 8, 2004} Iterations: 1682
Date : {12, 8, 2004} Iterations: 1683
BaseY: 2004
StartY: 1988
BaseDay: 1
First day of year: 1
The day is: 5
DateGC : {20, 4, 2012} Iterations: 1683
BaseY: 2004
StartY: 1988
BaseDay: 1
First day of year: 1
The day is: 5
Date : {12, 8, 2004} Iterations: 1683
Date : {13, 8, 2004} Iterations: 1684
BaseY: 2004
StartY: 1988
BaseDay: 1
First day of year: 1
The day is: 6
DateGC : {21, 4, 2012} Iterations: 1684
BaseY: 2004
StartY: 1988
BaseDay: 1
First day of year: 1
The day is: 6
Date : {13, 8, 2004} Iterations: 1684
Date : {14, 8, 2004} Iterations: 1685
BaseY: 2004
StartY: 1988
BaseDay: 1
First day of year: 1
The day is: 7
DateGC : {22, 4, 2012} Iterations: 1685
BaseY: 2004
StartY: 1988
BaseDay: 1
First day of year: 1
The day is: 7
Date : {14, 8, 2004} Iterations: 1685
Date : {15, 8, 2004} Iterations: 1686
BaseY: 2004
StartY: 1988
BaseDay: 1
First day of year: 1
The day is: 1
DateGC : {23, 4, 2012} Iterations: 1686
BaseY: 2004
StartY: 1988
BaseDay: 1
First day of year: 1
The day is: 1
Date : {15, 8, 2004} Iterations: 1686
Date : {16, 8, 2004} Iterations: 1687
BaseY: 2004
StartY: 1988
BaseDay: 1
First day of year: 1
The day is: 2
DateGC : {24, 4, 2012} Iterations: 1687
BaseY: 2004
StartY: 1988
BaseDay: 1
First day of year: 1
The day is: 2
Date : {16, 8, 2004} Iterations: 1687
Date : {17, 8, 2004} Iterations: 1688
BaseY: 2004
StartY: 1988
BaseDay: 1
First day of year: 1
The day is: 3
DateGC : {25, 4, 2012} Iterations: 1688
BaseY: 2004
StartY: 1988
BaseDay: 1
First day of year: 1
The day is: 3
Date : {17, 8, 2004} Iterations: 1688
Date : {18, 8, 2004} Iterations: 1689
BaseY: 2004
StartY: 1988
BaseDay: 1
First day of year: 1
The day is: 4
DateGC : {26, 4, 2012} Iterations: 1689
BaseY: 2004
StartY: 1988
BaseDay: 1
First day of year: 1
The day is: 4
Date : {18, 8, 2004} Iterations: 1689
Date : {19, 8, 2004} Iterations: 1690
BaseY: 2004
StartY: 1988
BaseDay: 1
First day of year: 1
The day is: 5
DateGC : {27, 4, 2012} Iterations: 1690
BaseY: 2004
StartY: 1988
BaseDay: 1
First day of year: 1
The day is: 5
Date : {19, 8, 2004} Iterations: 1690
Date : {20, 8, 2004} Iterations: 1691
BaseY: 2004
StartY: 1988
BaseDay: 1
First day of year: 1
The day is: 6
DateGC : {28, 4, 2012} Iterations: 1691
BaseY: 2004
StartY: 1988
BaseDay: 1
First day of year: 1
The day is: 6
Date : {20, 8, 2004} Iterations: 1691
Date : {21, 8, 2004} Iterations: 1692
BaseY: 2004
StartY: 1988
BaseDay: 1
First day of year: 1
The day is: 7
DateGC : {29, 4, 2012} Iterations: 1692
BaseY: 2004
StartY: 1988
BaseDay: 1
First day of year: 1
The day is: 7
Date : {21, 8, 2004} Iterations: 1692
Date : {22, 8, 2004} Iterations: 1693
BaseY: 2004
StartY: 1988
BaseDay: 1
First day of year: 1
The day is: 1
DateGC : {30, 4, 2012} Iterations: 1693
BaseY: 2004
StartY: 1988
BaseDay: 1
First day of year: 1
The day is: 1
Date : {22, 8, 2004} Iterations: 1693
Date : {23, 8, 2004} Iterations: 1694
BaseY: 2004
StartY: 1988
BaseDay: 1
First day of year: 1
The day is: 2
DateGC : {1, 5, 2012} Iterations: 1694
BaseY: 2004
StartY: 1988
BaseDay: 1
First day of year: 1
The day is: 2
Date : {23, 8, 2004} Iterations: 1694
Date : {24, 8, 2004} Iterations: 1695
BaseY: 2004
StartY: 1988
BaseDay: 1
First day of year: 1
The day is: 3
DateGC : {2, 5, 2012} Iterations: 1695
BaseY: 2004
StartY: 1988
BaseDay: 1
First day of year: 1
The day is: 3
Date : {24, 8, 2004} Iterations: 1695
Date : {25, 8, 2004} Iterations: 1696
BaseY: 2004
StartY: 1988
BaseDay: 1
First day of year: 1
The day is: 4
DateGC : {3, 5, 2012} Iterations: 1696
BaseY: 2004
StartY: 1988
BaseDay: 1
First day of year: 1
The day is: 4
Date : {25, 8, 2004} Iterations: 1696
Date : {26, 8, 2004} Iterations: 1697
BaseY: 2004
StartY: 1988
BaseDay: 1
First day of year: 1
The day is: 5
DateGC : {4, 5, 2012} Iterations: 1697
BaseY: 2004
StartY: 1988
BaseDay: 1
First day of year: 1
The day is: 5
Date : {26, 8, 2004} Iterations: 1697
Date : {27, 8, 2004} Iterations: 1698
BaseY: 2004
StartY: 1988
BaseDay: 1
First day of year: 1
The day is: 6
DateGC : {5, 5, 2012} Iterations: 1698
BaseY: 2004
StartY: 1988
BaseDay: 1
First day of year: 1
The day is: 6
Date : {27, 8, 2004} Iterations: 1698
Date : {28, 8, 2004} Iterations: 1699
BaseY: 2004
StartY: 1988
BaseDay: 1
First day of year: 1
The day is: 7
DateGC : {6, 5, 2012} Iterations: 1699
BaseY: 2004
StartY: 1988
BaseDay: 1
First day of year: 1
The day is: 7
Date : {28, 8, 2004} Iterations: 1699
Date : {29, 8, 2004} Iterations: 1700
BaseY: 2004
StartY: 1988
BaseDay: 1
First day of year: 1
The day is: 1
DateGC : {7, 5, 2012} Iterations: 1700
BaseY: 2004
StartY: 1988
BaseDay: 1
First day of year: 1
The day is: 1
Date : {29, 8, 2004} Iterations: 1700
Date : {30, 8, 2004} Iterations: 1701
BaseY: 2004
StartY: 1988
BaseDay: 1
First day of year: 1
The day is: 2
DateGC : {8, 5, 2012} Iterations: 1701
BaseY: 2004
StartY: 1988
BaseDay: 1
First day of year: 1
The day is: 2
Date : {30, 8, 2004} Iterations: 1701
Date : {1, 9, 2004} Iterations: 1702
BaseY: 2004
StartY: 1988
BaseDay: 1
First day of year: 1
The day is: 3
DateGC : {9, 5, 2012} Iterations: 1702
BaseY: 2004
StartY: 1988
BaseDay: 1
First day of year: 1
The day is: 3
Date : {1, 9, 2004} Iterations: 1702
Date : {2, 9, 2004} Iterations: 1703
BaseY: 2004
StartY: 1988
BaseDay: 1
First day of year: 1
The day is: 4
DateGC : {10, 5, 2012} Iterations: 1703
BaseY: 2004
StartY: 1988
BaseDay: 1
First day of year: 1
The day is: 4
Date : {2, 9, 2004} Iterations: 1703
Date : {3, 9, 2004} Iterations: 1704
BaseY: 2004
StartY: 1988
BaseDay: 1
First day of year: 1
The day is: 5
DateGC : {11, 5, 2012} Iterations: 1704
BaseY: 2004
StartY: 1988
BaseDay: 1
First day of year: 1
The day is: 5
Date : {3, 9, 2004} Iterations: 1704
Date : {4, 9, 2004} Iterations: 1705
BaseY: 2004
StartY: 1988
BaseDay: 1
First day of year: 1
The day is: 6
DateGC : {12, 5, 2012} Iterations: 1705
BaseY: 2004
StartY: 1988
BaseDay: 1
First day of year: 1
The day is: 6
Date : {4, 9, 2004} Iterations: 1705
Date : {5, 9, 2004} Iterations: 1706
BaseY: 2004
StartY: 1988
BaseDay: 1
First day of year: 1
The day is: 7
DateGC : {13, 5, 2012} Iterations: 1706
BaseY: 2004
StartY: 1988
BaseDay: 1
First day of year: 1
The day is: 7
Date : {5, 9, 2004} Iterations: 1706
Date : {6, 9, 2004} Iterations: 1707
BaseY: 2004
StartY: 1988
BaseDay: 1
First day of year: 1
The day is: 1
DateGC : {14, 5, 2012} Iterations: 1707
BaseY: 2004
StartY: 1988
BaseDay: 1
First day of year: 1
The day is: 1
Date : {6, 9, 2004} Iterations: 1707
Date : {7, 9, 2004} Iterations: 1708
BaseY: 2004
StartY: 1988
BaseDay: 1
First day of year: 1
The day is: 2
DateGC : {15, 5, 2012} Iterations: 1708
BaseY: 2004
StartY: 1988
BaseDay: 1
First day of year: 1
The day is: 2
Date : {7, 9, 2004} Iterations: 1708
Date : {8, 9, 2004} Iterations: 1709
BaseY: 2004
StartY: 1988
BaseDay: 1
First day of year: 1
The day is: 3
DateGC : {16, 5, 2012} Iterations: 1709
BaseY: 2004
StartY: 1988
BaseDay: 1
First day of year: 1
The day is: 3
Date : {8, 9, 2004} Iterations: 1709
Date : {9, 9, 2004} Iterations: 1710
BaseY: 2004
StartY: 1988
BaseDay: 1
First day of year: 1
The day is: 4
DateGC : {17, 5, 2012} Iterations: 1710
BaseY: 2004
StartY: 1988
BaseDay: 1
First day of year: 1
The day is: 4
Date : {9, 9, 2004} Iterations: 1710
Date : {10, 9, 2004} Iterations: 1711
BaseY: 2004
StartY: 1988
BaseDay: 1
First day of year: 1
The day is: 5
DateGC : {18, 5, 2012} Iterations: 1711
BaseY: 2004
StartY: 1988
BaseDay: 1
First day of year: 1
The day is: 5
Date : {10, 9, 2004} Iterations: 1711
Date : {11, 9, 2004} Iterations: 1712
BaseY: 2004
StartY: 1988
BaseDay: 1
First day of year: 1
The day is: 6
DateGC : {19, 5, 2012} Iterations: 1712
BaseY: 2004
StartY: 1988
BaseDay: 1
First day of year: 1
The day is: 6
Date : {11, 9, 2004} Iterations: 1712
Date : {12, 9, 2004} Iterations: 1713
BaseY: 2004
StartY: 1988
BaseDay: 1
First day of year: 1
The day is: 7
DateGC : {20, 5, 2012} Iterations: 1713
BaseY: 2004
StartY: 1988
BaseDay: 1
First day of year: 1
The day is: 7
Date : {12, 9, 2004} Iterations: 1713
Date : {13, 9, 2004} Iterations: 1714
BaseY: 2004
StartY: 1988
BaseDay: 1
First day of year: 1
The day is: 1
DateGC : {21, 5, 2012} Iterations: 1714
BaseY: 2004
StartY: 1988
BaseDay: 1
First day of year: 1
The day is: 1
Date : {13, 9, 2004} Iterations: 1714
Date : {14, 9, 2004} Iterations: 1715
BaseY: 2004
StartY: 1988
BaseDay: 1
First day of year: 1
The day is: 2
DateGC : {22, 5, 2012} Iterations: 1715
BaseY: 2004
StartY: 1988
BaseDay: 1
First day of year: 1
The day is: 2
Date : {14, 9, 2004} Iterations: 1715
Date : {15, 9, 2004} Iterations: 1716
BaseY: 2004
StartY: 1988
BaseDay: 1
First day of year: 1
The day is: 3
DateGC : {23, 5, 2012} Iterations: 1716
BaseY: 2004
StartY: 1988
BaseDay: 1
First day of year: 1
The day is: 3
Date : {15, 9, 2004} Iterations: 1716
Date : {16, 9, 2004} Iterations: 1717
BaseY: 2004
StartY: 1988
BaseDay: 1
First day of year: 1
The day is: 4
DateGC : {24, 5, 2012} Iterations: 1717
BaseY: 2004
StartY: 1988
BaseDay: 1
First day of year: 1
The day is: 4
Date : {16, 9, 2004} Iterations: 1717
Date : {17, 9, 2004} Iterations: 1718
BaseY: 2004
StartY: 1988
BaseDay: 1
First day of year: 1
The day is: 5
DateGC : {25, 5, 2012} Iterations: 1718
BaseY: 2004
StartY: 1988
BaseDay: 1
First day of year: 1
The day is: 5
Date : {17, 9, 2004} Iterations: 1718
Date : {18, 9, 2004} Iterations: 1719
BaseY: 2004
StartY: 1988
BaseDay: 1
First day of year: 1
The day is: 6
DateGC : {26, 5, 2012} Iterations: 1719
BaseY: 2004
StartY: 1988
BaseDay: 1
First day of year: 1
The day is: 6
Date : {18, 9, 2004} Iterations: 1719
Date : {19, 9, 2004} Iterations: 1720
BaseY: 2004
StartY: 1988
BaseDay: 1
First day of year: 1
The day is: 7
DateGC : {27, 5, 2012} Iterations: 1720
BaseY: 2004
StartY: 1988
BaseDay: 1
First day of year: 1
The day is: 7
Date : {19, 9, 2004} Iterations: 1720
Date : {20, 9, 2004} Iterations: 1721
BaseY: 2004
StartY: 1988
BaseDay: 1
First day of year: 1
The day is: 1
DateGC : {28, 5, 2012} Iterations: 1721
BaseY: 2004
StartY: 1988
BaseDay: 1
First day of year: 1
The day is: 1
Date : {20, 9, 2004} Iterations: 1721
Date : {21, 9, 2004} Iterations: 1722
BaseY: 2004
StartY: 1988
BaseDay: 1
First day of year: 1
The day is: 2
DateGC : {29, 5, 2012} Iterations: 1722
BaseY: 2004
StartY: 1988
BaseDay: 1
First day of year: 1
The day is: 2
Date : {21, 9, 2004} Iterations: 1722
Date : {22, 9, 2004} Iterations: 1723
BaseY: 2004
StartY: 1988
BaseDay: 1
First day of year: 1
The day is: 3
DateGC : {30, 5, 2012} Iterations: 1723
BaseY: 2004
StartY: 1988
BaseDay: 1
First day of year: 1
The day is: 3
Date : {22, 9, 2004} Iterations: 1723
Date : {23, 9, 2004} Iterations: 1724
BaseY: 2004
StartY: 1988
BaseDay: 1
First day of year: 1
The day is: 4
DateGC : {31, 5, 2012} Iterations: 1724
BaseY: 2004
StartY: 1988
BaseDay: 1
First day of year: 1
The day is: 4
Date : {23, 9, 2004} Iterations: 1724
Date : {24, 9, 2004} Iterations: 1725
BaseY: 2004
StartY: 1988
BaseDay: 1
First day of year: 1
The day is: 5
DateGC : {1, 6, 2012} Iterations: 1725
BaseY: 2004
StartY: 1988
BaseDay: 1
First day of year: 1
The day is: 5
Date : {24, 9, 2004} Iterations: 1725
Date : {25, 9, 2004} Iterations: 1726
BaseY: 2004
StartY: 1988
BaseDay: 1
First day of year: 1
The day is: 6
DateGC : {2, 6, 2012} Iterations: 1726
BaseY: 2004
StartY: 1988
BaseDay: 1
First day of year: 1
The day is: 6
Date : {25, 9, 2004} Iterations: 1726
Date : {26, 9, 2004} Iterations: 1727
BaseY: 2004
StartY: 1988
BaseDay: 1
First day of year: 1
The day is: 7
DateGC : {3, 6, 2012} Iterations: 1727
BaseY: 2004
StartY: 1988
BaseDay: 1
First day of year: 1
The day is: 7
Date : {26, 9, 2004} Iterations: 1727
Date : {27, 9, 2004} Iterations: 1728
BaseY: 2004
StartY: 1988
BaseDay: 1
First day of year: 1
The day is: 1
DateGC : {4, 6, 2012} Iterations: 1728
BaseY: 2004
StartY: 1988
BaseDay: 1
First day of year: 1
The day is: 1
Date : {27, 9, 2004} Iterations: 1728
Date : {28, 9, 2004} Iterations: 1729
BaseY: 2004
StartY: 1988
BaseDay: 1
First day of year: 1
The day is: 2
DateGC : {5, 6, 2012} Iterations: 1729
BaseY: 2004
StartY: 1988
BaseDay: 1
First day of year: 1
The day is: 2
Date : {28, 9, 2004} Iterations: 1729
Date : {29, 9, 2004} Iterations: 1730
BaseY: 2004
StartY: 1988
BaseDay: 1
First day of year: 1
The day is: 3
DateGC : {6, 6, 2012} Iterations: 1730
BaseY: 2004
StartY: 1988
BaseDay: 1
First day of year: 1
The day is: 3
Date : {29, 9, 2004} Iterations: 1730
Date : {30, 9, 2004} Iterations: 1731
BaseY: 2004
StartY: 1988
BaseDay: 1
First day of year: 1
The day is: 4
DateGC : {7, 6, 2012} Iterations: 1731
BaseY: 2004
StartY: 1988
BaseDay: 1
First day of year: 1
The day is: 4
Date : {30, 9, 2004} Iterations: 1731
Date : {1, 10, 2004} Iterations: 1732
BaseY: 2004
StartY: 1988
BaseDay: 1
First day of year: 1
The day is: 5
DateGC : {8, 6, 2012} Iterations: 1732
BaseY: 2004
StartY: 1988
BaseDay: 1
First day of year: 1
The day is: 5
Date : {1, 10, 2004} Iterations: 1732
Date : {2, 10, 2004} Iterations: 1733
BaseY: 2004
StartY: 1988
BaseDay: 1
First day of year: 1
The day is: 6
DateGC : {9, 6, 2012} Iterations: 1733
BaseY: 2004
StartY: 1988
BaseDay: 1
First day of year: 1
The day is: 6
Date : {2, 10, 2004} Iterations: 1733
Date : {3, 10, 2004} Iterations: 1734
BaseY: 2004
StartY: 1988
BaseDay: 1
First day of year: 1
The day is: 7
DateGC : {10, 6, 2012} Iterations: 1734
BaseY: 2004
StartY: 1988
BaseDay: 1
First day of year: 1
The day is: 7
Date : {3, 10, 2004} Iterations: 1734
Date : {4, 10, 2004} Iterations: 1735
BaseY: 2004
StartY: 1988
BaseDay: 1
First day of year: 1
The day is: 1
DateGC : {11, 6, 2012} Iterations: 1735
BaseY: 2004
StartY: 1988
BaseDay: 1
First day of year: 1
The day is: 1
Date : {4, 10, 2004} Iterations: 1735
Date : {5, 10, 2004} Iterations: 1736
BaseY: 2004
StartY: 1988
BaseDay: 1
First day of year: 1
The day is: 2
DateGC : {12, 6, 2012} Iterations: 1736
BaseY: 2004
StartY: 1988
BaseDay: 1
First day of year: 1
The day is: 2
Date : {5, 10, 2004} Iterations: 1736
Date : {6, 10, 2004} Iterations: 1737
BaseY: 2004
StartY: 1988
BaseDay: 1
First day of year: 1
The day is: 3
DateGC : {13, 6, 2012} Iterations: 1737
BaseY: 2004
StartY: 1988
BaseDay: 1
First day of year: 1
The day is: 3
Date : {6, 10, 2004} Iterations: 1737
Date : {7, 10, 2004} Iterations: 1738
BaseY: 2004
StartY: 1988
BaseDay: 1
First day of year: 1
The day is: 4
DateGC : {14, 6, 2012} Iterations: 1738
BaseY: 2004
StartY: 1988
BaseDay: 1
First day of year: 1
The day is: 4
Date : {7, 10, 2004} Iterations: 1738
Date : {8, 10, 2004} Iterations: 1739
BaseY: 2004
StartY: 1988
BaseDay: 1
First day of year: 1
The day is: 5
DateGC : {15, 6, 2012} Iterations: 1739
BaseY: 2004
StartY: 1988
BaseDay: 1
First day of year: 1
The day is: 5
Date : {8, 10, 2004} Iterations: 1739
Date : {9, 10, 2004} Iterations: 1740
BaseY: 2004
StartY: 1988
BaseDay: 1
First day of year: 1
The day is: 6
DateGC : {16, 6, 2012} Iterations: 1740
BaseY: 2004
StartY: 1988
BaseDay: 1
First day of year: 1
The day is: 6
Date : {9, 10, 2004} Iterations: 1740
Date : {10, 10, 2004} Iterations: 1741
BaseY: 2004
StartY: 1988
BaseDay: 1
First day of year: 1
The day is: 7
DateGC : {17, 6, 2012} Iterations: 1741
BaseY: 2004
StartY: 1988
BaseDay: 1
First day of year: 1
The day is: 7
Date : {10, 10, 2004} Iterations: 1741
Date : {11, 10, 2004} Iterations: 1742
BaseY: 2004
StartY: 1988
BaseDay: 1
First day of year: 1
The day is: 1
DateGC : {18, 6, 2012} Iterations: 1742
BaseY: 2004
StartY: 1988
BaseDay: 1
First day of year: 1
The day is: 1
Date : {11, 10, 2004} Iterations: 1742
Date : {12, 10, 2004} Iterations: 1743
BaseY: 2004
StartY: 1988
BaseDay: 1
First day of year: 1
The day is: 2
DateGC : {19, 6, 2012} Iterations: 1743
BaseY: 2004
StartY: 1988
BaseDay: 1
First day of year: 1
The day is: 2
Date : {12, 10, 2004} Iterations: 1743
Date : {13, 10, 2004} Iterations: 1744
BaseY: 2004
StartY: 1988
BaseDay: 1
First day of year: 1
The day is: 3
DateGC : {20, 6, 2012} Iterations: 1744
BaseY: 2004
StartY: 1988
BaseDay: 1
First day of year: 1
The day is: 3
Date : {13, 10, 2004} Iterations: 1744
Date : {14, 10, 2004} Iterations: 1745
BaseY: 2004
StartY: 1988
BaseDay: 1
First day of year: 1
The day is: 4
DateGC : {21, 6, 2012} Iterations: 1745
BaseY: 2004
StartY: 1988
BaseDay: 1
First day of year: 1
The day is: 4
Date : {14, 10, 2004} Iterations: 1745
Date : {15, 10, 2004} Iterations: 1746
BaseY: 2004
StartY: 1988
BaseDay: 1
First day of year: 1
The day is: 5
DateGC : {22, 6, 2012} Iterations: 1746
BaseY: 2004
StartY: 1988
BaseDay: 1
First day of year: 1
The day is: 5
Date : {15, 10, 2004} Iterations: 1746
Date : {16, 10, 2004} Iterations: 1747
BaseY: 2004
StartY: 1988
BaseDay: 1
First day of year: 1
The day is: 6
DateGC : {23, 6, 2012} Iterations: 1747
BaseY: 2004
StartY: 1988
BaseDay: 1
First day of year: 1
The day is: 6
Date : {16, 10, 2004} Iterations: 1747
Date : {17, 10, 2004} Iterations: 1748
BaseY: 2004
StartY: 1988
BaseDay: 1
First day of year: 1
The day is: 7
DateGC : {24, 6, 2012} Iterations: 1748
BaseY: 2004
StartY: 1988
BaseDay: 1
First day of year: 1
The day is: 7
Date : {17, 10, 2004} Iterations: 1748
Date : {18, 10, 2004} Iterations: 1749
BaseY: 2004
StartY: 1988
BaseDay: 1
First day of year: 1
The day is: 1
DateGC : {25, 6, 2012} Iterations: 1749
BaseY: 2004
StartY: 1988
BaseDay: 1
First day of year: 1
The day is: 1
Date : {18, 10, 2004} Iterations: 1749
Date : {19, 10, 2004} Iterations: 1750
BaseY: 2004
StartY: 1988
BaseDay: 1
First day of year: 1
The day is: 2
DateGC : {26, 6, 2012} Iterations: 1750
BaseY: 2004
StartY: 1988
BaseDay: 1
First day of year: 1
The day is: 2
Date : {19, 10, 2004} Iterations: 1750
Date : {20, 10, 2004} Iterations: 1751
BaseY: 2004
StartY: 1988
BaseDay: 1
First day of year: 1
The day is: 3
DateGC : {27, 6, 2012} Iterations: 1751
BaseY: 2004
StartY: 1988
BaseDay: 1
First day of year: 1
The day is: 3
Date : {20, 10, 2004} Iterations: 1751
Date : {21, 10, 2004} Iterations: 1752
BaseY: 2004
StartY: 1988
BaseDay: 1
First day of year: 1
The day is: 4
DateGC : {28, 6, 2012} Iterations: 1752
BaseY: 2004
StartY: 1988
BaseDay: 1
First day of year: 1
The day is: 4
Date : {21, 10, 2004} Iterations: 1752
Date : {22, 10, 2004} Iterations: 1753
BaseY: 2004
StartY: 1988
BaseDay: 1
First day of year: 1
The day is: 5
DateGC : {29, 6, 2012} Iterations: 1753
BaseY: 2004
StartY: 1988
BaseDay: 1
First day of year: 1
The day is: 5
Date : {22, 10, 2004} Iterations: 1753
Date : {23, 10, 2004} Iterations: 1754
BaseY: 2004
StartY: 1988
BaseDay: 1
First day of year: 1
The day is: 6
DateGC : {30, 6, 2012} Iterations: 1754
BaseY: 2004
StartY: 1988
BaseDay: 1
First day of year: 1
The day is: 6
Date : {23, 10, 2004} Iterations: 1754
Date : {24, 10, 2004} Iterations: 1755
BaseY: 2004
StartY: 1988
BaseDay: 1
First day of year: 1
The day is: 7
DateGC : {1, 7, 2012} Iterations: 1755
BaseY: 2004
StartY: 1988
BaseDay: 1
First day of year: 1
The day is: 7
Date : {24, 10, 2004} Iterations: 1755
Date : {25, 10, 2004} Iterations: 1756
BaseY: 2004
StartY: 1988
BaseDay: 1
First day of year: 1
The day is: 1
DateGC : {2, 7, 2012} Iterations: 1756
BaseY: 2004
StartY: 1988
BaseDay: 1
First day of year: 1
The day is: 1
Date : {25, 10, 2004} Iterations: 1756
Date : {26, 10, 2004} Iterations: 1757
BaseY: 2004
StartY: 1988
BaseDay: 1
First day of year: 1
The day is: 2
DateGC : {3, 7, 2012} Iterations: 1757
BaseY: 2004
StartY: 1988
BaseDay: 1
First day of year: 1
The day is: 2
Date : {26, 10, 2004} Iterations: 1757
Date : {27, 10, 2004} Iterations: 1758
BaseY: 2004
StartY: 1988
BaseDay: 1
First day of year: 1
The day is: 3
DateGC : {4, 7, 2012} Iterations: 1758
BaseY: 2004
StartY: 1988
BaseDay: 1
First day of year: 1
The day is: 3
Date : {27, 10, 2004} Iterations: 1758
Date : {28, 10, 2004} Iterations: 1759
BaseY: 2004
StartY: 1988
BaseDay: 1
First day of year: 1
The day is: 4
DateGC : {5, 7, 2012} Iterations: 1759
BaseY: 2004
StartY: 1988
BaseDay: 1
First day of year: 1
The day is: 4
Date : {28, 10, 2004} Iterations: 1759
Date : {29, 10, 2004} Iterations: 1760
BaseY: 2004
StartY: 1988
BaseDay: 1
First day of year: 1
The day is: 5
DateGC : {6, 7, 2012} Iterations: 1760
BaseY: 2004
StartY: 1988
BaseDay: 1
First day of year: 1
The day is: 5
Date : {29, 10, 2004} Iterations: 1760
Date : {30, 10, 2004} Iterations: 1761
BaseY: 2004
StartY: 1988
BaseDay: 1
First day of year: 1
The day is: 6
DateGC : {7, 7, 2012} Iterations: 1761
BaseY: 2004
StartY: 1988
BaseDay: 1
First day of year: 1
The day is: 6
Date : {30, 10, 2004} Iterations: 1761
Date : {1, 11, 2004} Iterations: 1762
BaseY: 2004
StartY: 1988
BaseDay: 1
First day of year: 1
The day is: 7
DateGC : {8, 7, 2012} Iterations: 1762
BaseY: 2004
StartY: 1988
BaseDay: 1
First day of year: 1
The day is: 7
Date : {1, 11, 2004} Iterations: 1762
Date : {2, 11, 2004} Iterations: 1763
BaseY: 2004
StartY: 1988
BaseDay: 1
First day of year: 1
The day is: 1
DateGC : {9, 7, 2012} Iterations: 1763
BaseY: 2004
StartY: 1988
BaseDay: 1
First day of year: 1
The day is: 1
Date : {2, 11, 2004} Iterations: 1763
Date : {3, 11, 2004} Iterations: 1764
BaseY: 2004
StartY: 1988
BaseDay: 1
First day of year: 1
The day is: 2
DateGC : {10, 7, 2012} Iterations: 1764
BaseY: 2004
StartY: 1988
BaseDay: 1
First day of year: 1
The day is: 2
Date : {3, 11, 2004} Iterations: 1764
Date : {4, 11, 2004} Iterations: 1765
BaseY: 2004
StartY: 1988
BaseDay: 1
First day of year: 1
The day is: 3
DateGC : {11, 7, 2012} Iterations: 1765
BaseY: 2004
StartY: 1988
BaseDay: 1
First day of year: 1
The day is: 3
Date : {4, 11, 2004} Iterations: 1765
Date : {5, 11, 2004} Iterations: 1766
BaseY: 2004
StartY: 1988
BaseDay: 1
First day of year: 1
The day is: 4
DateGC : {12, 7, 2012} Iterations: 1766
BaseY: 2004
StartY: 1988
BaseDay: 1
First day of year: 1
The day is: 4
Date : {5, 11, 2004} Iterations: 1766
Date : {6, 11, 2004} Iterations: 1767
BaseY: 2004
StartY: 1988
BaseDay: 1
First day of year: 1
The day is: 5
DateGC : {13, 7, 2012} Iterations: 1767
BaseY: 2004
StartY: 1988
BaseDay: 1
First day of year: 1
The day is: 5
Date : {6, 11, 2004} Iterations: 1767
Date : {7, 11, 2004} Iterations: 1768
BaseY: 2004
StartY: 1988
BaseDay: 1
First day of year: 1
The day is: 6
DateGC : {14, 7, 2012} Iterations: 1768
BaseY: 2004
StartY: 1988
BaseDay: 1
First day of year: 1
The day is: 6
Date : {7, 11, 2004} Iterations: 1768
Date : {8, 11, 2004} Iterations: 1769
BaseY: 2004
StartY: 1988
BaseDay: 1
First day of year: 1
The day is: 7
DateGC : {15, 7, 2012} Iterations: 1769
BaseY: 2004
StartY: 1988
BaseDay: 1
First day of year: 1
The day is: 7
Date : {8, 11, 2004} Iterations: 1769
Date : {9, 11, 2004} Iterations: 1770
BaseY: 2004
StartY: 1988
BaseDay: 1
First day of year: 1
The day is: 1
DateGC : {16, 7, 2012} Iterations: 1770
BaseY: 2004
StartY: 1988
BaseDay: 1
First day of year: 1
The day is: 1
Date : {9, 11, 2004} Iterations: 1770
Date : {10, 11, 2004} Iterations: 1771
BaseY: 2004
StartY: 1988
BaseDay: 1
First day of year: 1
The day is: 2
DateGC : {17, 7, 2012} Iterations: 1771
BaseY: 2004
StartY: 1988
BaseDay: 1
First day of year: 1
The day is: 2
Date : {10, 11, 2004} Iterations: 1771
Date : {11, 11, 2004} Iterations: 1772
BaseY: 2004
StartY: 1988
BaseDay: 1
First day of year: 1
The day is: 3
DateGC : {18, 7, 2012} Iterations: 1772
BaseY: 2004
StartY: 1988
BaseDay: 1
First day of year: 1
The day is: 3
Date : {11, 11, 2004} Iterations: 1772
Date : {12, 11, 2004} Iterations: 1773
BaseY: 2004
StartY: 1988
BaseDay: 1
First day of year: 1
The day is: 4
DateGC : {19, 7, 2012} Iterations: 1773
BaseY: 2004
StartY: 1988
BaseDay: 1
First day of year: 1
The day is: 4
Date : {12, 11, 2004} Iterations: 1773
Date : {13, 11, 2004} Iterations: 1774
BaseY: 2004
StartY: 1988
BaseDay: 1
First day of year: 1
The day is: 5
DateGC : {20, 7, 2012} Iterations: 1774
BaseY: 2004
StartY: 1988
BaseDay: 1
First day of year: 1
The day is: 5
Date : {13, 11, 2004} Iterations: 1774
Date : {14, 11, 2004} Iterations: 1775
BaseY: 2004
StartY: 1988
BaseDay: 1
First day of year: 1
The day is: 6
DateGC : {21, 7, 2012} Iterations: 1775
BaseY: 2004
StartY: 1988
BaseDay: 1
First day of year: 1
The day is: 6
Date : {14, 11, 2004} Iterations: 1775
Date : {15, 11, 2004} Iterations: 1776
BaseY: 2004
StartY: 1988
BaseDay: 1
First day of year: 1
The day is: 7
DateGC : {22, 7, 2012} Iterations: 1776
BaseY: 2004
StartY: 1988
BaseDay: 1
First day of year: 1
The day is: 7
Date : {15, 11, 2004} Iterations: 1776
Date : {16, 11, 2004} Iterations: 1777
BaseY: 2004
StartY: 1988
BaseDay: 1
First day of year: 1
The day is: 1
DateGC : {23, 7, 2012} Iterations: 1777
BaseY: 2004
StartY: 1988
BaseDay: 1
First day of year: 1
The day is: 1
Date : {16, 11, 2004} Iterations: 1777
Date : {17, 11, 2004} Iterations: 1778
BaseY: 2004
StartY: 1988
BaseDay: 1
First day of year: 1
The day is: 2
DateGC : {24, 7, 2012} Iterations: 1778
BaseY: 2004
StartY: 1988
BaseDay: 1
First day of year: 1
The day is: 2
Date : {17, 11, 2004} Iterations: 1778
Date : {18, 11, 2004} Iterations: 1779
BaseY: 2004
StartY: 1988
BaseDay: 1
First day of year: 1
The day is: 3
DateGC : {25, 7, 2012} Iterations: 1779
BaseY: 2004
StartY: 1988
BaseDay: 1
First day of year: 1
The day is: 3
Date : {18, 11, 2004} Iterations: 1779
Date : {19, 11, 2004} Iterations: 1780
BaseY: 2004
StartY: 1988
BaseDay: 1
First day of year: 1
The day is: 4
DateGC : {26, 7, 2012} Iterations: 1780
BaseY: 2004
StartY: 1988
BaseDay: 1
First day of year: 1
The day is: 4
Date : {19, 11, 2004} Iterations: 1780
Date : {20, 11, 2004} Iterations: 1781
BaseY: 2004
StartY: 1988
BaseDay: 1
First day of year: 1
The day is: 5
DateGC : {27, 7, 2012} Iterations: 1781
BaseY: 2004
StartY: 1988
BaseDay: 1
First day of year: 1
The day is: 5
Date : {20, 11, 2004} Iterations: 1781
Date : {21, 11, 2004} Iterations: 1782
BaseY: 2004
StartY: 1988
BaseDay: 1
First day of year: 1
The day is: 6
DateGC : {28, 7, 2012} Iterations: 1782
BaseY: 2004
StartY: 1988
BaseDay: 1
First day of year: 1
The day is: 6
Date : {21, 11, 2004} Iterations: 1782
Date : {22, 11, 2004} Iterations: 1783
BaseY: 2004
StartY: 1988
BaseDay: 1
First day of year: 1
The day is: 7
DateGC : {29, 7, 2012} Iterations: 1783
BaseY: 2004
StartY: 1988
BaseDay: 1
First day of year: 1
The day is: 7
Date : {22, 11, 2004} Iterations: 1783
Date : {23, 11, 2004} Iterations: 1784
BaseY: 2004
StartY: 1988
BaseDay: 1
First day of year: 1
The day is: 1
DateGC : {30, 7, 2012} Iterations: 1784
BaseY: 2004
StartY: 1988
BaseDay: 1
First day of year: 1
The day is: 1
Date : {23, 11, 2004} Iterations: 1784
Date : {24, 11, 2004} Iterations: 1785
BaseY: 2004
StartY: 1988
BaseDay: 1
First day of year: 1
The day is: 2
DateGC : {31, 7, 2012} Iterations: 1785
BaseY: 2004
StartY: 1988
BaseDay: 1
First day of year: 1
The day is: 2
Date : {24, 11, 2004} Iterations: 1785
Date : {25, 11, 2004} Iterations: 1786
BaseY: 2004
StartY: 1988
BaseDay: 1
First day of year: 1
The day is: 3
DateGC : {1, 8, 2012} Iterations: 1786
BaseY: 2004
StartY: 1988
BaseDay: 1
First day of year: 1
The day is: 3
Date : {25, 11, 2004} Iterations: 1786
Date : {26, 11, 2004} Iterations: 1787
BaseY: 2004
StartY: 1988
BaseDay: 1
First day of year: 1
The day is: 4
DateGC : {2, 8, 2012} Iterations: 1787
BaseY: 2004
StartY: 1988
BaseDay: 1
First day of year: 1
The day is: 4
Date : {26, 11, 2004} Iterations: 1787
Date : {27, 11, 2004} Iterations: 1788
BaseY: 2004
StartY: 1988
BaseDay: 1
First day of year: 1
The day is: 5
DateGC : {3, 8, 2012} Iterations: 1788
BaseY: 2004
StartY: 1988
BaseDay: 1
First day of year: 1
The day is: 5
Date : {27, 11, 2004} Iterations: 1788
Date : {28, 11, 2004} Iterations: 1789
BaseY: 2004
StartY: 1988
BaseDay: 1
First day of year: 1
The day is: 6
DateGC : {4, 8, 2012} Iterations: 1789
BaseY: 2004
StartY: 1988
BaseDay: 1
First day of year: 1
The day is: 6
Date : {28, 11, 2004} Iterations: 1789
Date : {29, 11, 2004} Iterations: 1790
BaseY: 2004
StartY: 1988
BaseDay: 1
First day of year: 1
The day is: 7
DateGC : {5, 8, 2012} Iterations: 1790
BaseY: 2004
StartY: 1988
BaseDay: 1
First day of year: 1
The day is: 7
Date : {29, 11, 2004} Iterations: 1790
Date : {30, 11, 2004} Iterations: 1791
BaseY: 2004
StartY: 1988
BaseDay: 1
First day of year: 1
The day is: 1
DateGC : {6, 8, 2012} Iterations: 1791
BaseY: 2004
StartY: 1988
BaseDay: 1
First day of year: 1
The day is: 1
Date : {30, 11, 2004} Iterations: 1791
Date : {1, 12, 2004} Iterations: 1792
BaseY: 2004
StartY: 1988
BaseDay: 1
First day of year: 1
The day is: 2
DateGC : {7, 8, 2012} Iterations: 1792
BaseY: 2004
StartY: 1988
BaseDay: 1
First day of year: 1
The day is: 2
Date : {1, 12, 2004} Iterations: 1792
Date : {2, 12, 2004} Iterations: 1793
BaseY: 2004
StartY: 1988
BaseDay: 1
First day of year: 1
The day is: 3
DateGC : {8, 8, 2012} Iterations: 1793
BaseY: 2004
StartY: 1988
BaseDay: 1
First day of year: 1
The day is: 3
Date : {2, 12, 2004} Iterations: 1793
Date : {3, 12, 2004} Iterations: 1794
BaseY: 2004
StartY: 1988
BaseDay: 1
First day of year: 1
The day is: 4
DateGC : {9, 8, 2012} Iterations: 1794
BaseY: 2004
StartY: 1988
BaseDay: 1
First day of year: 1
The day is: 4
Date : {3, 12, 2004} Iterations: 1794
Date : {4, 12, 2004} Iterations: 1795
BaseY: 2004
StartY: 1988
BaseDay: 1
First day of year: 1
The day is: 5
DateGC : {10, 8, 2012} Iterations: 1795
BaseY: 2004
StartY: 1988
BaseDay: 1
First day of year: 1
The day is: 5
Date : {4, 12, 2004} Iterations: 1795
Date : {5, 12, 2004} Iterations: 1796
BaseY: 2004
StartY: 1988
BaseDay: 1
First day of year: 1
The day is: 6
DateGC : {11, 8, 2012} Iterations: 1796
BaseY: 2004
StartY: 1988
BaseDay: 1
First day of year: 1
The day is: 6
Date : {5, 12, 2004} Iterations: 1796
Date : {6, 12, 2004} Iterations: 1797
BaseY: 2004
StartY: 1988
BaseDay: 1
First day of year: 1
The day is: 7
DateGC : {12, 8, 2012} Iterations: 1797
BaseY: 2004
StartY: 1988
BaseDay: 1
First day of year: 1
The day is: 7
Date : {6, 12, 2004} Iterations: 1797
Date : {7, 12, 2004} Iterations: 1798
BaseY: 2004
StartY: 1988
BaseDay: 1
First day of year: 1
The day is: 1
DateGC : {13, 8, 2012} Iterations: 1798
BaseY: 2004
StartY: 1988
BaseDay: 1
First day of year: 1
The day is: 1
Date : {7, 12, 2004} Iterations: 1798
Date : {8, 12, 2004} Iterations: 1799
BaseY: 2004
StartY: 1988
BaseDay: 1
First day of year: 1
The day is: 2
DateGC : {14, 8, 2012} Iterations: 1799
BaseY: 2004
StartY: 1988
BaseDay: 1
First day of year: 1
The day is: 2
Date : {8, 12, 2004} Iterations: 1799
Date : {9, 12, 2004} Iterations: 1800
BaseY: 2004
StartY: 1988
BaseDay: 1
First day of year: 1
The day is: 3
DateGC : {15, 8, 2012} Iterations: 1800
BaseY: 2004
StartY: 1988
BaseDay: 1
First day of year: 1
The day is: 3
Date : {9, 12, 2004} Iterations: 1800
Date : {10, 12, 2004} Iterations: 1801
BaseY: 2004
StartY: 1988
BaseDay: 1
First day of year: 1
The day is: 4
DateGC : {16, 8, 2012} Iterations: 1801
BaseY: 2004
StartY: 1988
BaseDay: 1
First day of year: 1
The day is: 4
Date : {10, 12, 2004} Iterations: 1801
Date : {11, 12, 2004} Iterations: 1802
BaseY: 2004
StartY: 1988
BaseDay: 1
First day of year: 1
The day is: 5
DateGC : {17, 8, 2012} Iterations: 1802
BaseY: 2004
StartY: 1988
BaseDay: 1
First day of year: 1
The day is: 5
Date : {11, 12, 2004} Iterations: 1802
Date : {12, 12, 2004} Iterations: 1803
BaseY: 2004
StartY: 1988
BaseDay: 1
First day of year: 1
The day is: 6
DateGC : {18, 8, 2012} Iterations: 1803
BaseY: 2004
StartY: 1988
BaseDay: 1
First day of year: 1
The day is: 6
Date : {12, 12, 2004} Iterations: 1803
Date : {13, 12, 2004} Iterations: 1804
BaseY: 2004
StartY: 1988
BaseDay: 1
First day of year: 1
The day is: 7
DateGC : {19, 8, 2012} Iterations: 1804
BaseY: 2004
StartY: 1988
BaseDay: 1
First day of year: 1
The day is: 7
Date : {13, 12, 2004} Iterations: 1804
Date : {14, 12, 2004} Iterations: 1805
BaseY: 2004
StartY: 1988
BaseDay: 1
First day of year: 1
The day is: 1
DateGC : {20, 8, 2012} Iterations: 1805
BaseY: 2004
StartY: 1988
BaseDay: 1
First day of year: 1
The day is: 1
Date : {14, 12, 2004} Iterations: 1805
Date : {15, 12, 2004} Iterations: 1806
BaseY: 2004
StartY: 1988
BaseDay: 1
First day of year: 1
The day is: 2
DateGC : {21, 8, 2012} Iterations: 1806
BaseY: 2004
StartY: 1988
BaseDay: 1
First day of year: 1
The day is: 2
Date : {15, 12, 2004} Iterations: 1806
Date : {16, 12, 2004} Iterations: 1807
BaseY: 2004
StartY: 1988
BaseDay: 1
First day of year: 1
The day is: 3
DateGC : {22, 8, 2012} Iterations: 1807
BaseY: 2004
StartY: 1988
BaseDay: 1
First day of year: 1
The day is: 3
Date : {16, 12, 2004} Iterations: 1807
Date : {17, 12, 2004} Iterations: 1808
BaseY: 2004
StartY: 1988
BaseDay: 1
First day of year: 1
The day is: 4
DateGC : {23, 8, 2012} Iterations: 1808
BaseY: 2004
StartY: 1988
BaseDay: 1
First day of year: 1
The day is: 4
Date : {17, 12, 2004} Iterations: 1808
Date : {18, 12, 2004} Iterations: 1809
BaseY: 2004
StartY: 1988
BaseDay: 1
First day of year: 1
The day is: 5
DateGC : {24, 8, 2012} Iterations: 1809
BaseY: 2004
StartY: 1988
BaseDay: 1
First day of year: 1
The day is: 5
Date : {18, 12, 2004} Iterations: 1809
Date : {19, 12, 2004} Iterations: 1810
BaseY: 2004
StartY: 1988
BaseDay: 1
First day of year: 1
The day is: 6
DateGC : {25, 8, 2012} Iterations: 1810
BaseY: 2004
StartY: 1988
BaseDay: 1
First day of year: 1
The day is: 6
Date : {19, 12, 2004} Iterations: 1810
Date : {20, 12, 2004} Iterations: 1811
BaseY: 2004
StartY: 1988
BaseDay: 1
First day of year: 1
The day is: 7
DateGC : {26, 8, 2012} Iterations: 1811
BaseY: 2004
StartY: 1988
BaseDay: 1
First day of year: 1
The day is: 7
Date : {20, 12, 2004} Iterations: 1811
Date : {21, 12, 2004} Iterations: 1812
BaseY: 2004
StartY: 1988
BaseDay: 1
First day of year: 1
The day is: 1
DateGC : {27, 8, 2012} Iterations: 1812
BaseY: 2004
StartY: 1988
BaseDay: 1
First day of year: 1
The day is: 1
Date : {21, 12, 2004} Iterations: 1812
Date : {22, 12, 2004} Iterations: 1813
BaseY: 2004
StartY: 1988
BaseDay: 1
First day of year: 1
The day is: 2
DateGC : {28, 8, 2012} Iterations: 1813
BaseY: 2004
StartY: 1988
BaseDay: 1
First day of year: 1
The day is: 2
Date : {22, 12, 2004} Iterations: 1813
Date : {23, 12, 2004} Iterations: 1814
BaseY: 2004
StartY: 1988
BaseDay: 1
First day of year: 1
The day is: 3
DateGC : {29, 8, 2012} Iterations: 1814
BaseY: 2004
StartY: 1988
BaseDay: 1
First day of year: 1
The day is: 3
Date : {23, 12, 2004} Iterations: 1814
Date : {24, 12, 2004} Iterations: 1815
BaseY: 2004
StartY: 1988
BaseDay: 1
First day of year: 1
The day is: 4
DateGC : {30, 8, 2012} Iterations: 1815
BaseY: 2004
StartY: 1988
BaseDay: 1
First day of year: 1
The day is: 4
Date : {24, 12, 2004} Iterations: 1815
Date : {25, 12, 2004} Iterations: 1816
BaseY: 2004
StartY: 1988
BaseDay: 1
First day of year: 1
The day is: 5
DateGC : {31, 8, 2012} Iterations: 1816
BaseY: 2004
StartY: 1988
BaseDay: 1
First day of year: 1
The day is: 5
Date : {25, 12, 2004} Iterations: 1816
Date : {26, 12, 2004} Iterations: 1817
BaseY: 2004
StartY: 1988
BaseDay: 1
First day of year: 1
The day is: 6
DateGC : {1, 9, 2012} Iterations: 1817
BaseY: 2004
StartY: 1988
BaseDay: 1
First day of year: 1
The day is: 6
Date : {26, 12, 2004} Iterations: 1817
Date : {27, 12, 2004} Iterations: 1818
BaseY: 2004
StartY: 1988
BaseDay: 1
First day of year: 1
The day is: 7
DateGC : {2, 9, 2012} Iterations: 1818
BaseY: 2004
StartY: 1988
BaseDay: 1
First day of year: 1
The day is: 7
Date : {27, 12, 2004} Iterations: 1818
Date : {28, 12, 2004} Iterations: 1819
BaseY: 2004
StartY: 1988
BaseDay: 1
First day of year: 1
The day is: 1
DateGC : {3, 9, 2012} Iterations: 1819
BaseY: 2004
StartY: 1988
BaseDay: 1
First day of year: 1
The day is: 1
Date : {28, 12, 2004} Iterations: 1819
Date : {29, 12, 2004} Iterations: 1820
BaseY: 2004
StartY: 1988
BaseDay: 1
First day of year: 1
The day is: 2
DateGC : {4, 9, 2012} Iterations: 1820
BaseY: 2004
StartY: 1988
BaseDay: 1
First day of year: 1
The day is: 2
Date : {29, 12, 2004} Iterations: 1820
Date : {30, 12, 2004} Iterations: 1821
BaseY: 2004
StartY: 1988
BaseDay: 1
First day of year: 1
The day is: 3
DateGC : {5, 9, 2012} Iterations: 1821
BaseY: 2004
StartY: 1988
BaseDay: 1
First day of year: 1
The day is: 3
Date : {30, 12, 2004} Iterations: 1821
Date : {1, 13, 2004} Iterations: 1822
BaseY: 2004
StartY: 1988
BaseDay: 1
First day of year: 1
The day is: 4
DateGC : {6, 9, 2012} Iterations: 1822
BaseY: 2004
StartY: 1988
BaseDay: 1
First day of year: 1
The day is: 4
Date : {1, 13, 2004} Iterations: 1822
Date : {2, 13, 2004} Iterations: 1823
BaseY: 2004
StartY: 1988
BaseDay: 1
First day of year: 1
The day is: 5
DateGC : {7, 9, 2012} Iterations: 1823
BaseY: 2004
StartY: 1988
BaseDay: 1
First day of year: 1
The day is: 5
Date : {2, 13, 2004} Iterations: 1823
Date : {3, 13, 2004} Iterations: 1824
BaseY: 2004
StartY: 1988
BaseDay: 1
First day of year: 1
The day is: 6
DateGC : {8, 9, 2012} Iterations: 1824
BaseY: 2004
StartY: 1988
BaseDay: 1
First day of year: 1
The day is: 6
Date : {3, 13, 2004} Iterations: 1824
Date : {4, 13, 2004} Iterations: 1825
BaseY: 2004
StartY: 1988
BaseDay: 1
First day of year: 1
The day is: 7
DateGC : {9, 9, 2012} Iterations: 1825
BaseY: 2004
StartY: 1988
BaseDay: 1
First day of year: 1
The day is: 7
Date : {4, 13, 2004} Iterations: 1825
Date : {5, 13, 2004} Iterations: 1826
BaseY: 2004
StartY: 1988
BaseDay: 1
First day of year: 1
The day is: 1
DateGC : {10, 9, 2012} Iterations: 1826
BaseY: 2004
StartY: 1988
BaseDay: 1
First day of year: 1
The day is: 1
Date : {5, 13, 2004} Iterations: 1826
Date : {1, 1, 2005} Iterations: 1827
BaseY: 2004
StartY: 1988
BaseDay: 1
First day of year: 2
The day is: 2
DateGC : {11, 9, 2012} Iterations: 1827
BaseY: 2004
StartY: 1988
BaseDay: 1
First day of year: 2
The day is: 2
Date : {1, 1, 2005} Iterations: 1827
Date : {2, 1, 2005} Iterations: 1828
BaseY: 2004
StartY: 1988
BaseDay: 1
First day of year: 2
The day is: 3
DateGC : {12, 9, 2012} Iterations: 1828
BaseY: 2004
StartY: 1988
BaseDay: 1
First day of year: 2
The day is: 3
Date : {2, 1, 2005} Iterations: 1828
Date : {3, 1, 2005} Iterations: 1829
BaseY: 2004
StartY: 1988
BaseDay: 1
First day of year: 2
The day is: 4
DateGC : {13, 9, 2012} Iterations: 1829
BaseY: 2004
StartY: 1988
BaseDay: 1
First day of year: 2
The day is: 4
Date : {3, 1, 2005} Iterations: 1829
Date : {4, 1, 2005} Iterations: 1830
BaseY: 2004
StartY: 1988
BaseDay: 1
First day of year: 2
The day is: 5
DateGC : {14, 9, 2012} Iterations: 1830
BaseY: 2004
StartY: 1988
BaseDay: 1
First day of year: 2
The day is: 5
Date : {4, 1, 2005} Iterations: 1830
Date : {5, 1, 2005} Iterations: 1831
BaseY: 2004
StartY: 1988
BaseDay: 1
First day of year: 2
The day is: 6
DateGC : {15, 9, 2012} Iterations: 1831
BaseY: 2004
StartY: 1988
BaseDay: 1
First day of year: 2
The day is: 6
Date : {5, 1, 2005} Iterations: 1831
Date : {6, 1, 2005} Iterations: 1832
BaseY: 2004
StartY: 1988
BaseDay: 1
First day of year: 2
The day is: 7
DateGC : {16, 9, 2012} Iterations: 1832
BaseY: 2004
StartY: 1988
BaseDay: 1
First day of year: 2
The day is: 7
Date : {6, 1, 2005} Iterations: 1832
Date : {7, 1, 2005} Iterations: 1833
BaseY: 2004
StartY: 1988
BaseDay: 1
First day of year: 2
The day is: 1
DateGC : {17, 9, 2012} Iterations: 1833
BaseY: 2004
StartY: 1988
BaseDay: 1
First day of year: 2
The day is: 1
Date : {7, 1, 2005} Iterations: 1833
Date : {8, 1, 2005} Iterations: 1834
BaseY: 2004
StartY: 1988
BaseDay: 1
First day of year: 2
The day is: 2
DateGC : {18, 9, 2012} Iterations: 1834
BaseY: 2004
StartY: 1988
BaseDay: 1
First day of year: 2
The day is: 2
Date : {8, 1, 2005} Iterations: 1834
Date : {9, 1, 2005} Iterations: 1835
BaseY: 2004
StartY: 1988
BaseDay: 1
First day of year: 2
The day is: 3
DateGC : {19, 9, 2012} Iterations: 1835
BaseY: 2004
StartY: 1988
BaseDay: 1
First day of year: 2
The day is: 3
Date : {9, 1, 2005} Iterations: 1835
Date : {10, 1, 2005} Iterations: 1836
BaseY: 2004
StartY: 1988
BaseDay: 1
First day of year: 2
The day is: 4
DateGC : {20, 9, 2012} Iterations: 1836
BaseY: 2004
StartY: 1988
BaseDay: 1
First day of year: 2
The day is: 4
Date : {10, 1, 2005} Iterations: 1836
Date : {11, 1, 2005} Iterations: 1837
BaseY: 2004
StartY: 1988
BaseDay: 1
First day of year: 2
The day is: 5
DateGC : {21, 9, 2012} Iterations: 1837
BaseY: 2004
StartY: 1988
BaseDay: 1
First day of year: 2
The day is: 5
Date : {11, 1, 2005} Iterations: 1837
Date : {12, 1, 2005} Iterations: 1838
BaseY: 2004
StartY: 1988
BaseDay: 1
First day of year: 2
The day is: 6
DateGC : {22, 9, 2012} Iterations: 1838
BaseY: 2004
StartY: 1988
BaseDay: 1
First day of year: 2
The day is: 6
Date : {12, 1, 2005} Iterations: 1838
Date : {13, 1, 2005} Iterations: 1839
BaseY: 2004
StartY: 1988
BaseDay: 1
First day of year: 2
The day is: 7
DateGC : {23, 9, 2012} Iterations: 1839
BaseY: 2004
StartY: 1988
BaseDay: 1
First day of year: 2
The day is: 7
Date : {13, 1, 2005} Iterations: 1839
Date : {14, 1, 2005} Iterations: 1840
BaseY: 2004
StartY: 1988
BaseDay: 1
First day of year: 2
The day is: 1
DateGC : {24, 9, 2012} Iterations: 1840
BaseY: 2004
StartY: 1988
BaseDay: 1
First day of year: 2
The day is: 1
Date : {14, 1, 2005} Iterations: 1840
Date : {15, 1, 2005} Iterations: 1841
BaseY: 2004
StartY: 1988
BaseDay: 1
First day of year: 2
The day is: 2
DateGC : {25, 9, 2012} Iterations: 1841
BaseY: 2004
StartY: 1988
BaseDay: 1
First day of year: 2
The day is: 2
Date : {15, 1, 2005} Iterations: 1841
Date : {16, 1, 2005} Iterations: 1842
BaseY: 2004
StartY: 1988
BaseDay: 1
First day of year: 2
The day is: 3
DateGC : {26, 9, 2012} Iterations: 1842
BaseY: 2004
StartY: 1988
BaseDay: 1
First day of year: 2
The day is: 3
Date : {16, 1, 2005} Iterations: 1842
Date : {17, 1, 2005} Iterations: 1843
BaseY: 2004
StartY: 1988
BaseDay: 1
First day of year: 2
The day is: 4
DateGC : {27, 9, 2012} Iterations: 1843
BaseY: 2004
StartY: 1988
BaseDay: 1
First day of year: 2
The day is: 4
Date : {17, 1, 2005} Iterations: 1843
Date : {18, 1, 2005} Iterations: 1844
BaseY: 2004
StartY: 1988
BaseDay: 1
First day of year: 2
The day is: 5
DateGC : {28, 9, 2012} Iterations: 1844
BaseY: 2004
StartY: 1988
BaseDay: 1
First day of year: 2
The day is: 5
Date : {18, 1, 2005} Iterations: 1844
Date : {19, 1, 2005} Iterations: 1845
BaseY: 2004
StartY: 1988
BaseDay: 1
First day of year: 2
The day is: 6
DateGC : {29, 9, 2012} Iterations: 1845
BaseY: 2004
StartY: 1988
BaseDay: 1
First day of year: 2
The day is: 6
Date : {19, 1, 2005} Iterations: 1845
Date : {20, 1, 2005} Iterations: 1846
BaseY: 2004
StartY: 1988
BaseDay: 1
First day of year: 2
The day is: 7
DateGC : {30, 9, 2012} Iterations: 1846
BaseY: 2004
StartY: 1988
BaseDay: 1
First day of year: 2
The day is: 7
Date : {20, 1, 2005} Iterations: 1846
Date : {21, 1, 2005} Iterations: 1847
BaseY: 2004
StartY: 1988
BaseDay: 1
First day of year: 2
The day is: 1
DateGC : {1, 10, 2012} Iterations: 1847
BaseY: 2004
StartY: 1988
BaseDay: 1
First day of year: 2
The day is: 1
Date : {21, 1, 2005} Iterations: 1847
Date : {22, 1, 2005} Iterations: 1848
BaseY: 2004
StartY: 1988
BaseDay: 1
First day of year: 2
The day is: 2
DateGC : {2, 10, 2012} Iterations: 1848
BaseY: 2004
StartY: 1988
BaseDay: 1
First day of year: 2
The day is: 2
Date : {22, 1, 2005} Iterations: 1848
Date : {23, 1, 2005} Iterations: 1849
BaseY: 2004
StartY: 1988
BaseDay: 1
First day of year: 2
The day is: 3
DateGC : {3, 10, 2012} Iterations: 1849
BaseY: 2004
StartY: 1988
BaseDay: 1
First day of year: 2
The day is: 3
Date : {23, 1, 2005} Iterations: 1849
Date : {24, 1, 2005} Iterations: 1850
BaseY: 2004
StartY: 1988
BaseDay: 1
First day of year: 2
The day is: 4
DateGC : {4, 10, 2012} Iterations: 1850
BaseY: 2004
StartY: 1988
BaseDay: 1
First day of year: 2
The day is: 4
Date : {24, 1, 2005} Iterations: 1850
Date : {25, 1, 2005} Iterations: 1851
BaseY: 2004
StartY: 1988
BaseDay: 1
First day of year: 2
The day is: 5
DateGC : {5, 10, 2012} Iterations: 1851
BaseY: 2004
StartY: 1988
BaseDay: 1
First day of year: 2
The day is: 5
Date : {25, 1, 2005} Iterations: 1851
Date : {26, 1, 2005} Iterations: 1852
BaseY: 2004
StartY: 1988
BaseDay: 1
First day of year: 2
The day is: 6
DateGC : {6, 10, 2012} Iterations: 1852
BaseY: 2004
StartY: 1988
BaseDay: 1
First day of year: 2
The day is: 6
Date : {26, 1, 2005} Iterations: 1852
Date : {27, 1, 2005} Iterations: 1853
BaseY: 2004
StartY: 1988
BaseDay: 1
First day of year: 2
The day is: 7
DateGC : {7, 10, 2012} Iterations: 1853
BaseY: 2004
StartY: 1988
BaseDay: 1
First day of year: 2
The day is: 7
Date : {27, 1, 2005} Iterations: 1853
Date : {28, 1, 2005} Iterations: 1854
BaseY: 2004
StartY: 1988
BaseDay: 1
First day of year: 2
The day is: 1
DateGC : {8, 10, 2012} Iterations: 1854
BaseY: 2004
StartY: 1988
BaseDay: 1
First day of year: 2
The day is: 1
Date : {28, 1, 2005} Iterations: 1854
Date : {29, 1, 2005} Iterations: 1855
BaseY: 2004
StartY: 1988
BaseDay: 1
First day of year: 2
The day is: 2
DateGC : {9, 10, 2012} Iterations: 1855
BaseY: 2004
StartY: 1988
BaseDay: 1
First day of year: 2
The day is: 2
Date : {29, 1, 2005} Iterations: 1855
Date : {30, 1, 2005} Iterations: 1856
BaseY: 2004
StartY: 1988
BaseDay: 1
First day of year: 2
The day is: 3
DateGC : {10, 10, 2012} Iterations: 1856
BaseY: 2004
StartY: 1988
BaseDay: 1
First day of year: 2
The day is: 3
Date : {30, 1, 2005} Iterations: 1856
Date : {1, 2, 2005} Iterations: 1857
BaseY: 2004
StartY: 1988
BaseDay: 1
First day of year: 2
The day is: 4
DateGC : {11, 10, 2012} Iterations: 1857
BaseY: 2004
StartY: 1988
BaseDay: 1
First day of year: 2
The day is: 4
Date : {1, 2, 2005} Iterations: 1857
Date : {2, 2, 2005} Iterations: 1858
BaseY: 2004
StartY: 1988
BaseDay: 1
First day of year: 2
The day is: 5
DateGC : {12, 10, 2012} Iterations: 1858
BaseY: 2004
StartY: 1988
BaseDay: 1
First day of year: 2
The day is: 5
Date : {2, 2, 2005} Iterations: 1858
Date : {3, 2, 2005} Iterations: 1859
BaseY: 2004
StartY: 1988
BaseDay: 1
First day of year: 2
The day is: 6
DateGC : {13, 10, 2012} Iterations: 1859
BaseY: 2004
StartY: 1988
BaseDay: 1
First day of year: 2
The day is: 6
Date : {3, 2, 2005} Iterations: 1859
Date : {4, 2, 2005} Iterations: 1860
BaseY: 2004
StartY: 1988
BaseDay: 1
First day of year: 2
The day is: 7
DateGC : {14, 10, 2012} Iterations: 1860
BaseY: 2004
StartY: 1988
BaseDay: 1
First day of year: 2
The day is: 7
Date : {4, 2, 2005} Iterations: 1860
Date : {5, 2, 2005} Iterations: 1861
BaseY: 2004
StartY: 1988
BaseDay: 1
First day of year: 2
The day is: 1
DateGC : {15, 10, 2012} Iterations: 1861
BaseY: 2004
StartY: 1988
BaseDay: 1
First day of year: 2
The day is: 1
Date : {5, 2, 2005} Iterations: 1861
Date : {6, 2, 2005} Iterations: 1862
BaseY: 2004
StartY: 1988
BaseDay: 1
First day of year: 2
The day is: 2
DateGC : {16, 10, 2012} Iterations: 1862
BaseY: 2004
StartY: 1988
BaseDay: 1
First day of year: 2
The day is: 2
Date : {6, 2, 2005} Iterations: 1862
Date : {7, 2, 2005} Iterations: 1863
BaseY: 2004
StartY: 1988
BaseDay: 1
First day of year: 2
The day is: 3
DateGC : {17, 10, 2012} Iterations: 1863
BaseY: 2004
StartY: 1988
BaseDay: 1
First day of year: 2
The day is: 3
Date : {7, 2, 2005} Iterations: 1863
Date : {8, 2, 2005} Iterations: 1864
BaseY: 2004
StartY: 1988
BaseDay: 1
First day of year: 2
The day is: 4
DateGC : {18, 10, 2012} Iterations: 1864
BaseY: 2004
StartY: 1988
BaseDay: 1
First day of year: 2
The day is: 4
Date : {8, 2, 2005} Iterations: 1864
Date : {9, 2, 2005} Iterations: 1865
BaseY: 2004
StartY: 1988
BaseDay: 1
First day of year: 2
The day is: 5
DateGC : {19, 10, 2012} Iterations: 1865
BaseY: 2004
StartY: 1988
BaseDay: 1
First day of year: 2
The day is: 5
Date : {9, 2, 2005} Iterations: 1865
Date : {10, 2, 2005} Iterations: 1866
BaseY: 2004
StartY: 1988
BaseDay: 1
First day of year: 2
The day is: 6
DateGC : {20, 10, 2012} Iterations: 1866
BaseY: 2004
StartY: 1988
BaseDay: 1
First day of year: 2
The day is: 6
Date : {10, 2, 2005} Iterations: 1866
Date : {11, 2, 2005} Iterations: 1867
BaseY: 2004
StartY: 1988
BaseDay: 1
First day of year: 2
The day is: 7
DateGC : {21, 10, 2012} Iterations: 1867
BaseY: 2004
StartY: 1988
BaseDay: 1
First day of year: 2
The day is: 7
Date : {11, 2, 2005} Iterations: 1867
Date : {12, 2, 2005} Iterations: 1868
BaseY: 2004
StartY: 1988
BaseDay: 1
First day of year: 2
The day is: 1
DateGC : {22, 10, 2012} Iterations: 1868
BaseY: 2004
StartY: 1988
BaseDay: 1
First day of year: 2
The day is: 1
Date : {12, 2, 2005} Iterations: 1868
Date : {13, 2, 2005} Iterations: 1869
BaseY: 2004
StartY: 1988
BaseDay: 1
First day of year: 2
The day is: 2
DateGC : {23, 10, 2012} Iterations: 1869
BaseY: 2004
StartY: 1988
BaseDay: 1
First day of year: 2
The day is: 2
Date : {13, 2, 2005} Iterations: 1869
Date : {14, 2, 2005} Iterations: 1870
BaseY: 2004
StartY: 1988
BaseDay: 1
First day of year: 2
The day is: 3
DateGC : {24, 10, 2012} Iterations: 1870
BaseY: 2004
StartY: 1988
BaseDay: 1
First day of year: 2
The day is: 3
Date : {14, 2, 2005} Iterations: 1870
Date : {15, 2, 2005} Iterations: 1871
BaseY: 2004
StartY: 1988
BaseDay: 1
First day of year: 2
The day is: 4
DateGC : {25, 10, 2012} Iterations: 1871
BaseY: 2004
StartY: 1988
BaseDay: 1
First day of year: 2
The day is: 4
Date : {15, 2, 2005} Iterations: 1871
Date : {16, 2, 2005} Iterations: 1872
BaseY: 2004
StartY: 1988
BaseDay: 1
First day of year: 2
The day is: 5
DateGC : {26, 10, 2012} Iterations: 1872
BaseY: 2004
StartY: 1988
BaseDay: 1
First day of year: 2
The day is: 5
Date : {16, 2, 2005} Iterations: 1872
Date : {17, 2, 2005} Iterations: 1873
BaseY: 2004
StartY: 1988
BaseDay: 1
First day of year: 2
The day is: 6
DateGC : {27, 10, 2012} Iterations: 1873
BaseY: 2004
StartY: 1988
BaseDay: 1
First day of year: 2
The day is: 6
Date : {17, 2, 2005} Iterations: 1873
Date : {18, 2, 2005} Iterations: 1874
BaseY: 2004
StartY: 1988
BaseDay: 1
First day of year: 2
The day is: 7
DateGC : {28, 10, 2012} Iterations: 1874
BaseY: 2004
StartY: 1988
BaseDay: 1
First day of year: 2
The day is: 7
Date : {18, 2, 2005} Iterations: 1874
Date : {19, 2, 2005} Iterations: 1875
BaseY: 2004
StartY: 1988
BaseDay: 1
First day of year: 2
The day is: 1
DateGC : {29, 10, 2012} Iterations: 1875
BaseY: 2004
StartY: 1988
BaseDay: 1
First day of year: 2
The day is: 1
Date : {19, 2, 2005} Iterations: 1875
Date : {20, 2, 2005} Iterations: 1876
BaseY: 2004
StartY: 1988
BaseDay: 1
First day of year: 2
The day is: 2
DateGC : {30, 10, 2012} Iterations: 1876
BaseY: 2004
StartY: 1988
BaseDay: 1
First day of year: 2
The day is: 2
Date : {20, 2, 2005} Iterations: 1876
Date : {21, 2, 2005} Iterations: 1877
BaseY: 2004
StartY: 1988
BaseDay: 1
First day of year: 2
The day is: 3
DateGC : {31, 10, 2012} Iterations: 1877
BaseY: 2004
StartY: 1988
BaseDay: 1
First day of year: 2
The day is: 3
Date : {21, 2, 2005} Iterations: 1877
Date : {22, 2, 2005} Iterations: 1878
BaseY: 2004
StartY: 1988
BaseDay: 1
First day of year: 2
The day is: 4
DateGC : {1, 11, 2012} Iterations: 1878
BaseY: 2004
StartY: 1988
BaseDay: 1
First day of year: 2
The day is: 4
Date : {22, 2, 2005} Iterations: 1878
Date : {23, 2, 2005} Iterations: 1879
BaseY: 2004
StartY: 1988
BaseDay: 1
First day of year: 2
The day is: 5
DateGC : {2, 11, 2012} Iterations: 1879
BaseY: 2004
StartY: 1988
BaseDay: 1
First day of year: 2
The day is: 5
Date : {23, 2, 2005} Iterations: 1879
Date : {24, 2, 2005} Iterations: 1880
BaseY: 2004
StartY: 1988
BaseDay: 1
First day of year: 2
The day is: 6
DateGC : {3, 11, 2012} Iterations: 1880
BaseY: 2004
StartY: 1988
BaseDay: 1
First day of year: 2
The day is: 6
Date : {24, 2, 2005} Iterations: 1880
Date : {25, 2, 2005} Iterations: 1881
BaseY: 2004
StartY: 1988
BaseDay: 1
First day of year: 2
The day is: 7
DateGC : {4, 11, 2012} Iterations: 1881
BaseY: 2004
StartY: 1988
BaseDay: 1
First day of year: 2
The day is: 7
Date : {25, 2, 2005} Iterations: 1881
Date : {26, 2, 2005} Iterations: 1882
BaseY: 2004
StartY: 1988
BaseDay: 1
First day of year: 2
The day is: 1
DateGC : {5, 11, 2012} Iterations: 1882
BaseY: 2004
StartY: 1988
BaseDay: 1
First day of year: 2
The day is: 1
Date : {26, 2, 2005} Iterations: 1882
Date : {27, 2, 2005} Iterations: 1883
BaseY: 2004
StartY: 1988
BaseDay: 1
First day of year: 2
The day is: 2
DateGC : {6, 11, 2012} Iterations: 1883
BaseY: 2004
StartY: 1988
BaseDay: 1
First day of year: 2
The day is: 2
Date : {27, 2, 2005} Iterations: 1883
Date : {28, 2, 2005} Iterations: 1884
BaseY: 2004
StartY: 1988
BaseDay: 1
First day of year: 2
The day is: 3
DateGC : {7, 11, 2012} Iterations: 1884
BaseY: 2004
StartY: 1988
BaseDay: 1
First day of year: 2
The day is: 3
Date : {28, 2, 2005} Iterations: 1884
Date : {29, 2, 2005} Iterations: 1885
BaseY: 2004
StartY: 1988
BaseDay: 1
First day of year: 2
The day is: 4
DateGC : {8, 11, 2012} Iterations: 1885
BaseY: 2004
StartY: 1988
BaseDay: 1
First day of year: 2
The day is: 4
Date : {29, 2, 2005} Iterations: 1885
Date : {30, 2, 2005} Iterations: 1886
BaseY: 2004
StartY: 1988
BaseDay: 1
First day of year: 2
The day is: 5
DateGC : {9, 11, 2012} Iterations: 1886
BaseY: 2004
StartY: 1988
BaseDay: 1
First day of year: 2
The day is: 5
Date : {30, 2, 2005} Iterations: 1886
Date : {1, 3, 2005} Iterations: 1887
BaseY: 2004
StartY: 1988
BaseDay: 1
First day of year: 2
The day is: 6
DateGC : {10, 11, 2012} Iterations: 1887
BaseY: 2004
StartY: 1988
BaseDay: 1
First day of year: 2
The day is: 6
Date : {1, 3, 2005} Iterations: 1887
Date : {2, 3, 2005} Iterations: 1888
BaseY: 2004
StartY: 1988
BaseDay: 1
First day of year: 2
The day is: 7
DateGC : {11, 11, 2012} Iterations: 1888
BaseY: 2004
StartY: 1988
BaseDay: 1
First day of year: 2
The day is: 7
Date : {2, 3, 2005} Iterations: 1888
Date : {3, 3, 2005} Iterations: 1889
BaseY: 2004
StartY: 1988
BaseDay: 1
First day of year: 2
The day is: 1
DateGC : {12, 11, 2012} Iterations: 1889
BaseY: 2004
StartY: 1988
BaseDay: 1
First day of year: 2
The day is: 1
Date : {3, 3, 2005} Iterations: 1889
Date : {4, 3, 2005} Iterations: 1890
BaseY: 2004
StartY: 1988
BaseDay: 1
First day of year: 2
The day is: 2
DateGC : {13, 11, 2012} Iterations: 1890
BaseY: 2004
StartY: 1988
BaseDay: 1
First day of year: 2
The day is: 2
Date : {4, 3, 2005} Iterations: 1890
Date : {5, 3, 2005} Iterations: 1891
BaseY: 2004
StartY: 1988
BaseDay: 1
First day of year: 2
The day is: 3
DateGC : {14, 11, 2012} Iterations: 1891
BaseY: 2004
StartY: 1988
BaseDay: 1
First day of year: 2
The day is: 3
Date : {5, 3, 2005} Iterations: 1891
Date : {6, 3, 2005} Iterations: 1892
BaseY: 2004
StartY: 1988
BaseDay: 1
First day of year: 2
The day is: 4
DateGC : {15, 11, 2012} Iterations: 1892
BaseY: 2004
StartY: 1988
BaseDay: 1
First day of year: 2
The day is: 4
Date : {6, 3, 2005} Iterations: 1892
Date : {7, 3, 2005} Iterations: 1893
BaseY: 2004
StartY: 1988
BaseDay: 1
First day of year: 2
The day is: 5
DateGC : {16, 11, 2012} Iterations: 1893
BaseY: 2004
StartY: 1988
BaseDay: 1
First day of year: 2
The day is: 5
Date : {7, 3, 2005} Iterations: 1893
Date : {8, 3, 2005} Iterations: 1894
BaseY: 2004
StartY: 1988
BaseDay: 1
First day of year: 2
The day is: 6
DateGC : {17, 11, 2012} Iterations: 1894
BaseY: 2004
StartY: 1988
BaseDay: 1
First day of year: 2
The day is: 6
Date : {8, 3, 2005} Iterations: 1894
Date : {9, 3, 2005} Iterations: 1895
BaseY: 2004
StartY: 1988
BaseDay: 1
First day of year: 2
The day is: 7
DateGC : {18, 11, 2012} Iterations: 1895
BaseY: 2004
StartY: 1988
BaseDay: 1
First day of year: 2
The day is: 7
Date : {9, 3, 2005} Iterations: 1895
Date : {10, 3, 2005} Iterations: 1896
BaseY: 2004
StartY: 1988
BaseDay: 1
First day of year: 2
The day is: 1
DateGC : {19, 11, 2012} Iterations: 1896
BaseY: 2004
StartY: 1988
BaseDay: 1
First day of year: 2
The day is: 1
Date : {10, 3, 2005} Iterations: 1896
Date : {11, 3, 2005} Iterations: 1897
BaseY: 2004
StartY: 1988
BaseDay: 1
First day of year: 2
The day is: 2
DateGC : {20, 11, 2012} Iterations: 1897
BaseY: 2004
StartY: 1988
BaseDay: 1
First day of year: 2
The day is: 2
Date : {11, 3, 2005} Iterations: 1897
Date : {12, 3, 2005} Iterations: 1898
BaseY: 2004
StartY: 1988
BaseDay: 1
First day of year: 2
The day is: 3
DateGC : {21, 11, 2012} Iterations: 1898
BaseY: 2004
StartY: 1988
BaseDay: 1
First day of year: 2
The day is: 3
Date : {12, 3, 2005} Iterations: 1898
Date : {13, 3, 2005} Iterations: 1899
BaseY: 2004
StartY: 1988
BaseDay: 1
First day of year: 2
The day is: 4
DateGC : {22, 11, 2012} Iterations: 1899
BaseY: 2004
StartY: 1988
BaseDay: 1
First day of year: 2
The day is: 4
Date : {13, 3, 2005} Iterations: 1899
Date : {14, 3, 2005} Iterations: 1900
BaseY: 2004
StartY: 1988
BaseDay: 1
First day of year: 2
The day is: 5
DateGC : {23, 11, 2012} Iterations: 1900
BaseY: 2004
StartY: 1988
BaseDay: 1
First day of year: 2
The day is: 5
Date : {14, 3, 2005} Iterations: 1900
Date : {15, 3, 2005} Iterations: 1901
BaseY: 2004
StartY: 1988
BaseDay: 1
First day of year: 2
The day is: 6
DateGC : {24, 11, 2012} Iterations: 1901
BaseY: 2004
StartY: 1988
BaseDay: 1
First day of year: 2
The day is: 6
Date : {15, 3, 2005} Iterations: 1901
Date : {16, 3, 2005} Iterations: 1902
BaseY: 2004
StartY: 1988
BaseDay: 1
First day of year: 2
The day is: 7
DateGC : {25, 11, 2012} Iterations: 1902
BaseY: 2004
StartY: 1988
BaseDay: 1
First day of year: 2
The day is: 7
Date : {16, 3, 2005} Iterations: 1902
Date : {17, 3, 2005} Iterations: 1903
BaseY: 2004
StartY: 1988
BaseDay: 1
First day of year: 2
The day is: 1
DateGC : {26, 11, 2012} Iterations: 1903
BaseY: 2004
StartY: 1988
BaseDay: 1
First day of year: 2
The day is: 1
Date : {17, 3, 2005} Iterations: 1903
Date : {18, 3, 2005} Iterations: 1904
BaseY: 2004
StartY: 1988
BaseDay: 1
First day of year: 2
The day is: 2
DateGC : {27, 11, 2012} Iterations: 1904
BaseY: 2004
StartY: 1988
BaseDay: 1
First day of year: 2
The day is: 2
Date : {18, 3, 2005} Iterations: 1904
Date : {19, 3, 2005} Iterations: 1905
BaseY: 2004
StartY: 1988
BaseDay: 1
First day of year: 2
The day is: 3
DateGC : {28, 11, 2012} Iterations: 1905
BaseY: 2004
StartY: 1988
BaseDay: 1
First day of year: 2
The day is: 3
Date : {19, 3, 2005} Iterations: 1905
Date : {20, 3, 2005} Iterations: 1906
BaseY: 2004
StartY: 1988
BaseDay: 1
First day of year: 2
The day is: 4
DateGC : {29, 11, 2012} Iterations: 1906
BaseY: 2004
StartY: 1988
BaseDay: 1
First day of year: 2
The day is: 4
Date : {20, 3, 2005} Iterations: 1906
Date : {21, 3, 2005} Iterations: 1907
BaseY: 2004
StartY: 1988
BaseDay: 1
First day of year: 2
The day is: 5
DateGC : {30, 11, 2012} Iterations: 1907
BaseY: 2004
StartY: 1988
BaseDay: 1
First day of year: 2
The day is: 5
Date : {21, 3, 2005} Iterations: 1907
Date : {22, 3, 2005} Iterations: 1908
BaseY: 2004
StartY: 1988
BaseDay: 1
First day of year: 2
The day is: 6
DateGC : {1, 12, 2012} Iterations: 1908
BaseY: 2004
StartY: 1988
BaseDay: 1
First day of year: 2
The day is: 6
Date : {22, 3, 2005} Iterations: 1908
Date : {23, 3, 2005} Iterations: 1909
BaseY: 2004
StartY: 1988
BaseDay: 1
First day of year: 2
The day is: 7
DateGC : {2, 12, 2012} Iterations: 1909
BaseY: 2004
StartY: 1988
BaseDay: 1
First day of year: 2
The day is: 7
Date : {23, 3, 2005} Iterations: 1909
Date : {24, 3, 2005} Iterations: 1910
BaseY: 2004
StartY: 1988
BaseDay: 1
First day of year: 2
The day is: 1
DateGC : {3, 12, 2012} Iterations: 1910
BaseY: 2004
StartY: 1988
BaseDay: 1
First day of year: 2
The day is: 1
Date : {24, 3, 2005} Iterations: 1910
Date : {25, 3, 2005} Iterations: 1911
BaseY: 2004
StartY: 1988
BaseDay: 1
First day of year: 2
The day is: 2
DateGC : {4, 12, 2012} Iterations: 1911
BaseY: 2004
StartY: 1988
BaseDay: 1
First day of year: 2
The day is: 2
Date : {25, 3, 2005} Iterations: 1911
Date : {26, 3, 2005} Iterations: 1912
BaseY: 2004
StartY: 1988
BaseDay: 1
First day of year: 2
The day is: 3
DateGC : {5, 12, 2012} Iterations: 1912
BaseY: 2004
StartY: 1988
BaseDay: 1
First day of year: 2
The day is: 3
Date : {26, 3, 2005} Iterations: 1912
Date : {27, 3, 2005} Iterations: 1913
BaseY: 2004
StartY: 1988
BaseDay: 1
First day of year: 2
The day is: 4
DateGC : {6, 12, 2012} Iterations: 1913
BaseY: 2004
StartY: 1988
BaseDay: 1
First day of year: 2
The day is: 4
Date : {27, 3, 2005} Iterations: 1913
Date : {28, 3, 2005} Iterations: 1914
BaseY: 2004
StartY: 1988
BaseDay: 1
First day of year: 2
The day is: 5
DateGC : {7, 12, 2012} Iterations: 1914
BaseY: 2004
StartY: 1988
BaseDay: 1
First day of year: 2
The day is: 5
Date : {28, 3, 2005} Iterations: 1914
Date : {29, 3, 2005} Iterations: 1915
BaseY: 2004
StartY: 1988
BaseDay: 1
First day of year: 2
The day is: 6
DateGC : {8, 12, 2012} Iterations: 1915
BaseY: 2004
StartY: 1988
BaseDay: 1
First day of year: 2
The day is: 6
Date : {29, 3, 2005} Iterations: 1915
Date : {30, 3, 2005} Iterations: 1916
BaseY: 2004
StartY: 1988
BaseDay: 1
First day of year: 2
The day is: 7
DateGC : {9, 12, 2012} Iterations: 1916
BaseY: 2004
StartY: 1988
BaseDay: 1
First day of year: 2
The day is: 7
Date : {30, 3, 2005} Iterations: 1916
Date : {1, 4, 2005} Iterations: 1917
BaseY: 2004
StartY: 1988
BaseDay: 1
First day of year: 2
The day is: 1
DateGC : {10, 12, 2012} Iterations: 1917
BaseY: 2004
StartY: 1988
BaseDay: 1
First day of year: 2
The day is: 1
Date : {1, 4, 2005} Iterations: 1917
Date : {2, 4, 2005} Iterations: 1918
BaseY: 2004
StartY: 1988
BaseDay: 1
First day of year: 2
The day is: 2
DateGC : {11, 12, 2012} Iterations: 1918
BaseY: 2004
StartY: 1988
BaseDay: 1
First day of year: 2
The day is: 2
Date : {2, 4, 2005} Iterations: 1918
Date : {3, 4, 2005} Iterations: 1919
BaseY: 2004
StartY: 1988
BaseDay: 1
First day of year: 2
The day is: 3
DateGC : {12, 12, 2012} Iterations: 1919
BaseY: 2004
StartY: 1988
BaseDay: 1
First day of year: 2
The day is: 3
Date : {3, 4, 2005} Iterations: 1919
Date : {4, 4, 2005} Iterations: 1920
BaseY: 2004
StartY: 1988
BaseDay: 1
First day of year: 2
The day is: 4
DateGC : {13, 12, 2012} Iterations: 1920
BaseY: 2004
StartY: 1988
BaseDay: 1
First day of year: 2
The day is: 4
Date : {4, 4, 2005} Iterations: 1920
Date : {5, 4, 2005} Iterations: 1921
BaseY: 2004
StartY: 1988
BaseDay: 1
First day of year: 2
The day is: 5
DateGC : {14, 12, 2012} Iterations: 1921
BaseY: 2004
StartY: 1988
BaseDay: 1
First day of year: 2
The day is: 5
Date : {5, 4, 2005} Iterations: 1921
Date : {6, 4, 2005} Iterations: 1922
BaseY: 2004
StartY: 1988
BaseDay: 1
First day of year: 2
The day is: 6
DateGC : {15, 12, 2012} Iterations: 1922
BaseY: 2004
StartY: 1988
BaseDay: 1
First day of year: 2
The day is: 6
Date : {6, 4, 2005} Iterations: 1922
Date : {7, 4, 2005} Iterations: 1923
BaseY: 2004
StartY: 1988
BaseDay: 1
First day of year: 2
The day is: 7
DateGC : {16, 12, 2012} Iterations: 1923
BaseY: 2004
StartY: 1988
BaseDay: 1
First day of year: 2
The day is: 7
Date : {7, 4, 2005} Iterations: 1923
Date : {8, 4, 2005} Iterations: 1924
BaseY: 2004
StartY: 1988
BaseDay: 1
First day of year: 2
The day is: 1
DateGC : {17, 12, 2012} Iterations: 1924
BaseY: 2004
StartY: 1988
BaseDay: 1
First day of year: 2
The day is: 1
Date : {8, 4, 2005} Iterations: 1924
Date : {9, 4, 2005} Iterations: 1925
BaseY: 2004
StartY: 1988
BaseDay: 1
First day of year: 2
The day is: 2
DateGC : {18, 12, 2012} Iterations: 1925
BaseY: 2004
StartY: 1988
BaseDay: 1
First day of year: 2
The day is: 2
Date : {9, 4, 2005} Iterations: 1925
Date : {10, 4, 2005} Iterations: 1926
BaseY: 2004
StartY: 1988
BaseDay: 1
First day of year: 2
The day is: 3
DateGC : {19, 12, 2012} Iterations: 1926
BaseY: 2004
StartY: 1988
BaseDay: 1
First day of year: 2
The day is: 3
Date : {10, 4, 2005} Iterations: 1926
Date : {11, 4, 2005} Iterations: 1927
BaseY: 2004
StartY: 1988
BaseDay: 1
First day of year: 2
The day is: 4
DateGC : {20, 12, 2012} Iterations: 1927
BaseY: 2004
StartY: 1988
BaseDay: 1
First day of year: 2
The day is: 4
Date : {11, 4, 2005} Iterations: 1927
Date : {12, 4, 2005} Iterations: 1928
BaseY: 2004
StartY: 1988
BaseDay: 1
First day of year: 2
The day is: 5
DateGC : {21, 12, 2012} Iterations: 1928
BaseY: 2004
StartY: 1988
BaseDay: 1
First day of year: 2
The day is: 5
Date : {12, 4, 2005} Iterations: 1928
Date : {13, 4, 2005} Iterations: 1929
BaseY: 2004
StartY: 1988
BaseDay: 1
First day of year: 2
The day is: 6
DateGC : {22, 12, 2012} Iterations: 1929
BaseY: 2004
StartY: 1988
BaseDay: 1
First day of year: 2
The day is: 6
Date : {13, 4, 2005} Iterations: 1929
Date : {14, 4, 2005} Iterations: 1930
BaseY: 2004
StartY: 1988
BaseDay: 1
First day of year: 2
The day is: 7
DateGC : {23, 12, 2012} Iterations: 1930
BaseY: 2004
StartY: 1988
BaseDay: 1
First day of year: 2
The day is: 7
Date : {14, 4, 2005} Iterations: 1930
Date : {15, 4, 2005} Iterations: 1931
BaseY: 2004
StartY: 1988
BaseDay: 1
First day of year: 2
The day is: 1
DateGC : {24, 12, 2012} Iterations: 1931
BaseY: 2004
StartY: 1988
BaseDay: 1
First day of year: 2
The day is: 1
Date : {15, 4, 2005} Iterations: 1931
Date : {16, 4, 2005} Iterations: 1932
BaseY: 2004
StartY: 1988
BaseDay: 1
First day of year: 2
The day is: 2
DateGC : {25, 12, 2012} Iterations: 1932
BaseY: 2004
StartY: 1988
BaseDay: 1
First day of year: 2
The day is: 2
Date : {16, 4, 2005} Iterations: 1932
Date : {17, 4, 2005} Iterations: 1933
BaseY: 2004
StartY: 1988
BaseDay: 1
First day of year: 2
The day is: 3
DateGC : {26, 12, 2012} Iterations: 1933
BaseY: 2004
StartY: 1988
BaseDay: 1
First day of year: 2
The day is: 3
Date : {17, 4, 2005} Iterations: 1933
Date : {18, 4, 2005} Iterations: 1934
BaseY: 2004
StartY: 1988
BaseDay: 1
First day of year: 2
The day is: 4
DateGC : {27, 12, 2012} Iterations: 1934
BaseY: 2004
StartY: 1988
BaseDay: 1
First day of year: 2
The day is: 4
Date : {18, 4, 2005} Iterations: 1934
Date : {19, 4, 2005} Iterations: 1935
BaseY: 2004
StartY: 1988
BaseDay: 1
First day of year: 2
The day is: 5
DateGC : {28, 12, 2012} Iterations: 1935
BaseY: 2004
StartY: 1988
BaseDay: 1
First day of year: 2
The day is: 5
Date : {19, 4, 2005} Iterations: 1935
Date : {20, 4, 2005} Iterations: 1936
BaseY: 2004
StartY: 1988
BaseDay: 1
First day of year: 2
The day is: 6
DateGC : {29, 12, 2012} Iterations: 1936
BaseY: 2004
StartY: 1988
BaseDay: 1
First day of year: 2
The day is: 6
Date : {20, 4, 2005} Iterations: 1936
Date : {21, 4, 2005} Iterations: 1937
BaseY: 2004
StartY: 1988
BaseDay: 1
First day of year: 2
The day is: 7
DateGC : {30, 12, 2012} Iterations: 1937
BaseY: 2004
StartY: 1988
BaseDay: 1
First day of year: 2
The day is: 7
Date : {21, 4, 2005} Iterations: 1937
Date : {22, 4, 2005} Iterations: 1938
BaseY: 2004
StartY: 1988
BaseDay: 1
First day of year: 2
The day is: 1
DateGC : {31, 12, 2012} Iterations: 1938
BaseY: 2004
StartY: 1988
BaseDay: 1
First day of year: 2
The day is: 1
Date : {22, 4, 2005} Iterations: 1938
Date : {23, 4, 2005} Iterations: 1939
BaseY: 2004
StartY: 1988
BaseDay: 1
First day of year: 2
The day is: 2
DateGC : {1, 1, 2013} Iterations: 1939
BaseY: 2004
StartY: 1988
BaseDay: 1
First day of year: 2
The day is: 2
Date : {23, 4, 2005} Iterations: 1939
Date : {24, 4, 2005} Iterations: 1940
BaseY: 2004
StartY: 1988
BaseDay: 1
First day of year: 2
The day is: 3
DateGC : {2, 1, 2013} Iterations: 1940
BaseY: 2004
StartY: 1988
BaseDay: 1
First day of year: 2
The day is: 3
Date : {24, 4, 2005} Iterations: 1940
Date : {25, 4, 2005} Iterations: 1941
BaseY: 2004
StartY: 1988
BaseDay: 1
First day of year: 2
The day is: 4
DateGC : {3, 1, 2013} Iterations: 1941
BaseY: 2004
StartY: 1988
BaseDay: 1
First day of year: 2
The day is: 4
Date : {25, 4, 2005} Iterations: 1941
Date : {26, 4, 2005} Iterations: 1942
BaseY: 2004
StartY: 1988
BaseDay: 1
First day of year: 2
The day is: 5
DateGC : {4, 1, 2013} Iterations: 1942
BaseY: 2004
StartY: 1988
BaseDay: 1
First day of year: 2
The day is: 5
Date : {26, 4, 2005} Iterations: 1942
Date : {27, 4, 2005} Iterations: 1943
BaseY: 2004
StartY: 1988
BaseDay: 1
First day of year: 2
The day is: 6
DateGC : {5, 1, 2013} Iterations: 1943
BaseY: 2004
StartY: 1988
BaseDay: 1
First day of year: 2
The day is: 6
Date : {27, 4, 2005} Iterations: 1943
Date : {28, 4, 2005} Iterations: 1944
BaseY: 2004
StartY: 1988
BaseDay: 1
First day of year: 2
The day is: 7
DateGC : {6, 1, 2013} Iterations: 1944
BaseY: 2004
StartY: 1988
BaseDay: 1
First day of year: 2
The day is: 7
Date : {28, 4, 2005} Iterations: 1944
Date : {29, 4, 2005} Iterations: 1945
BaseY: 2004
StartY: 1988
BaseDay: 1
First day of year: 2
The day is: 1
DateGC : {7, 1, 2013} Iterations: 1945
BaseY: 2004
StartY: 1988
BaseDay: 1
First day of year: 2
The day is: 1
Date : {29, 4, 2005} Iterations: 1945
Date : {30, 4, 2005} Iterations: 1946
BaseY: 2004
StartY: 1988
BaseDay: 1
First day of year: 2
The day is: 2
DateGC : {8, 1, 2013} Iterations: 1946
BaseY: 2004
StartY: 1988
BaseDay: 1
First day of year: 2
The day is: 2
Date : {30, 4, 2005} Iterations: 1946
Date : {1, 5, 2005} Iterations: 1947
BaseY: 2004
StartY: 1988
BaseDay: 1
First day of year: 2
The day is: 3
DateGC : {9, 1, 2013} Iterations: 1947
BaseY: 2004
StartY: 1988
BaseDay: 1
First day of year: 2
The day is: 3
Date : {1, 5, 2005} Iterations: 1947
Date : {2, 5, 2005} Iterations: 1948
BaseY: 2004
StartY: 1988
BaseDay: 1
First day of year: 2
The day is: 4
DateGC : {10, 1, 2013} Iterations: 1948
BaseY: 2004
StartY: 1988
BaseDay: 1
First day of year: 2
The day is: 4
Date : {2, 5, 2005} Iterations: 1948
Date : {3, 5, 2005} Iterations: 1949
BaseY: 2004
StartY: 1988
BaseDay: 1
First day of year: 2
The day is: 5
DateGC : {11, 1, 2013} Iterations: 1949
BaseY: 2004
StartY: 1988
BaseDay: 1
First day of year: 2
The day is: 5
Date : {3, 5, 2005} Iterations: 1949
Date : {4, 5, 2005} Iterations: 1950
BaseY: 2004
StartY: 1988
BaseDay: 1
First day of year: 2
The day is: 6
DateGC : {12, 1, 2013} Iterations: 1950
BaseY: 2004
StartY: 1988
BaseDay: 1
First day of year: 2
The day is: 6
Date : {4, 5, 2005} Iterations: 1950
Date : {5, 5, 2005} Iterations: 1951
BaseY: 2004
StartY: 1988
BaseDay: 1
First day of year: 2
The day is: 7
DateGC : {13, 1, 2013} Iterations: 1951
BaseY: 2004
StartY: 1988
BaseDay: 1
First day of year: 2
The day is: 7
Date : {5, 5, 2005} Iterations: 1951
Date : {6, 5, 2005} Iterations: 1952
BaseY: 2004
StartY: 1988
BaseDay: 1
First day of year: 2
The day is: 1
DateGC : {14, 1, 2013} Iterations: 1952
BaseY: 2004
StartY: 1988
BaseDay: 1
First day of year: 2
The day is: 1
Date : {6, 5, 2005} Iterations: 1952
Date : {7, 5, 2005} Iterations: 1953
BaseY: 2004
StartY: 1988
BaseDay: 1
First day of year: 2
The day is: 2
DateGC : {15, 1, 2013} Iterations: 1953
BaseY: 2004
StartY: 1988
BaseDay: 1
First day of year: 2
The day is: 2
Date : {7, 5, 2005} Iterations: 1953
Date : {8, 5, 2005} Iterations: 1954
BaseY: 2004
StartY: 1988
BaseDay: 1
First day of year: 2
The day is: 3
DateGC : {16, 1, 2013} Iterations: 1954
BaseY: 2004
StartY: 1988
BaseDay: 1
First day of year: 2
The day is: 3
Date : {8, 5, 2005} Iterations: 1954
Date : {9, 5, 2005} Iterations: 1955
BaseY: 2004
StartY: 1988
BaseDay: 1
First day of year: 2
The day is: 4
DateGC : {17, 1, 2013} Iterations: 1955
BaseY: 2004
StartY: 1988
BaseDay: 1
First day of year: 2
The day is: 4
Date : {9, 5, 2005} Iterations: 1955
Date : {10, 5, 2005} Iterations: 1956
BaseY: 2004
StartY: 1988
BaseDay: 1
First day of year: 2
The day is: 5
DateGC : {18, 1, 2013} Iterations: 1956
BaseY: 2004
StartY: 1988
BaseDay: 1
First day of year: 2
The day is: 5
Date : {10, 5, 2005} Iterations: 1956
Date : {11, 5, 2005} Iterations: 1957
BaseY: 2004
StartY: 1988
BaseDay: 1
First day of year: 2
The day is: 6
DateGC : {19, 1, 2013} Iterations: 1957
BaseY: 2004
StartY: 1988
BaseDay: 1
First day of year: 2
The day is: 6
Date : {11, 5, 2005} Iterations: 1957
Date : {12, 5, 2005} Iterations: 1958
BaseY: 2004
StartY: 1988
BaseDay: 1
First day of year: 2
The day is: 7
DateGC : {20, 1, 2013} Iterations: 1958
BaseY: 2004
StartY: 1988
BaseDay: 1
First day of year: 2
The day is: 7
Date : {12, 5, 2005} Iterations: 1958
Date : {13, 5, 2005} Iterations: 1959
BaseY: 2004
StartY: 1988
BaseDay: 1
First day of year: 2
The day is: 1
DateGC : {21, 1, 2013} Iterations: 1959
BaseY: 2004
StartY: 1988
BaseDay: 1
First day of year: 2
The day is: 1
Date : {13, 5, 2005} Iterations: 1959
Date : {14, 5, 2005} Iterations: 1960
BaseY: 2004
StartY: 1988
BaseDay: 1
First day of year: 2
The day is: 2
DateGC : {22, 1, 2013} Iterations: 1960
BaseY: 2004
StartY: 1988
BaseDay: 1
First day of year: 2
The day is: 2
Date : {14, 5, 2005} Iterations: 1960
Date : {15, 5, 2005} Iterations: 1961
BaseY: 2004
StartY: 1988
BaseDay: 1
First day of year: 2
The day is: 3
DateGC : {23, 1, 2013} Iterations: 1961
BaseY: 2004
StartY: 1988
BaseDay: 1
First day of year: 2
The day is: 3
Date : {15, 5, 2005} Iterations: 1961
Date : {16, 5, 2005} Iterations: 1962
BaseY: 2004
StartY: 1988
BaseDay: 1
First day of year: 2
The day is: 4
DateGC : {24, 1, 2013} Iterations: 1962
BaseY: 2004
StartY: 1988
BaseDay: 1
First day of year: 2
The day is: 4
Date : {16, 5, 2005} Iterations: 1962
Date : {17, 5, 2005} Iterations: 1963
BaseY: 2004
StartY: 1988
BaseDay: 1
First day of year: 2
The day is: 5
DateGC : {25, 1, 2013} Iterations: 1963
BaseY: 2004
StartY: 1988
BaseDay: 1
First day of year: 2
The day is: 5
Date : {17, 5, 2005} Iterations: 1963
Date : {18, 5, 2005} Iterations: 1964
BaseY: 2004
StartY: 1988
BaseDay: 1
First day of year: 2
The day is: 6
DateGC : {26, 1, 2013} Iterations: 1964
BaseY: 2004
StartY: 1988
BaseDay: 1
First day of year: 2
The day is: 6
Date : {18, 5, 2005} Iterations: 1964
Date : {19, 5, 2005} Iterations: 1965
BaseY: 2004
StartY: 1988
BaseDay: 1
First day of year: 2
The day is: 7
DateGC : {27, 1, 2013} Iterations: 1965
BaseY: 2004
StartY: 1988
BaseDay: 1
First day of year: 2
The day is: 7
Date : {19, 5, 2005} Iterations: 1965
Date : {20, 5, 2005} Iterations: 1966
BaseY: 2004
StartY: 1988
BaseDay: 1
First day of year: 2
The day is: 1
DateGC : {28, 1, 2013} Iterations: 1966
BaseY: 2004
StartY: 1988
BaseDay: 1
First day of year: 2
The day is: 1
Date : {20, 5, 2005} Iterations: 1966
Date : {21, 5, 2005} Iterations: 1967
BaseY: 2004
StartY: 1988
BaseDay: 1
First day of year: 2
The day is: 2
DateGC : {29, 1, 2013} Iterations: 1967
BaseY: 2004
StartY: 1988
BaseDay: 1
First day of year: 2
The day is: 2
Date : {21, 5, 2005} Iterations: 1967
Date : {22, 5, 2005} Iterations: 1968
BaseY: 2004
StartY: 1988
BaseDay: 1
First day of year: 2
The day is: 3
DateGC : {30, 1, 2013} Iterations: 1968
BaseY: 2004
StartY: 1988
BaseDay: 1
First day of year: 2
The day is: 3
Date : {22, 5, 2005} Iterations: 1968
Date : {23, 5, 2005} Iterations: 1969
BaseY: 2004
StartY: 1988
BaseDay: 1
First day of year: 2
The day is: 4
DateGC : {31, 1, 2013} Iterations: 1969
BaseY: 2004
StartY: 1988
BaseDay: 1
First day of year: 2
The day is: 4
Date : {23, 5, 2005} Iterations: 1969
Date : {24, 5, 2005} Iterations: 1970
BaseY: 2004
StartY: 1988
BaseDay: 1
First day of year: 2
The day is: 5
DateGC : {1, 2, 2013} Iterations: 1970
BaseY: 2004
StartY: 1988
BaseDay: 1
First day of year: 2
The day is: 5
Date : {24, 5, 2005} Iterations: 1970
Date : {25, 5, 2005} Iterations: 1971
BaseY: 2004
StartY: 1988
BaseDay: 1
First day of year: 2
The day is: 6
DateGC : {2, 2, 2013} Iterations: 1971
BaseY: 2004
StartY: 1988
BaseDay: 1
First day of year: 2
The day is: 6
Date : {25, 5, 2005} Iterations: 1971
Date : {26, 5, 2005} Iterations: 1972
BaseY: 2004
StartY: 1988
BaseDay: 1
First day of year: 2
The day is: 7
DateGC : {3, 2, 2013} Iterations: 1972
BaseY: 2004
StartY: 1988
BaseDay: 1
First day of year: 2
The day is: 7
Date : {26, 5, 2005} Iterations: 1972
Date : {27, 5, 2005} Iterations: 1973
BaseY: 2004
StartY: 1988
BaseDay: 1
First day of year: 2
The day is: 1
DateGC : {4, 2, 2013} Iterations: 1973
BaseY: 2004
StartY: 1988
BaseDay: 1
First day of year: 2
The day is: 1
Date : {27, 5, 2005} Iterations: 1973
Date : {28, 5, 2005} Iterations: 1974
BaseY: 2004
StartY: 1988
BaseDay: 1
First day of year: 2
The day is: 2
DateGC : {5, 2, 2013} Iterations: 1974
BaseY: 2004
StartY: 1988
BaseDay: 1
First day of year: 2
The day is: 2
Date : {28, 5, 2005} Iterations: 1974
Date : {29, 5, 2005} Iterations: 1975
BaseY: 2004
StartY: 1988
BaseDay: 1
First day of year: 2
The day is: 3
DateGC : {6, 2, 2013} Iterations: 1975
BaseY: 2004
StartY: 1988
BaseDay: 1
First day of year: 2
The day is: 3
Date : {29, 5, 2005} Iterations: 1975
Date : {30, 5, 2005} Iterations: 1976
BaseY: 2004
StartY: 1988
BaseDay: 1
First day of year: 2
The day is: 4
DateGC : {7, 2, 2013} Iterations: 1976
BaseY: 2004
StartY: 1988
BaseDay: 1
First day of year: 2
The day is: 4
Date : {30, 5, 2005} Iterations: 1976
Date : {1, 6, 2005} Iterations: 1977
BaseY: 2004
StartY: 1988
BaseDay: 1
First day of year: 2
The day is: 5
DateGC : {8, 2, 2013} Iterations: 1977
BaseY: 2004
StartY: 1988
BaseDay: 1
First day of year: 2
The day is: 5
Date : {1, 6, 2005} Iterations: 1977
Date : {2, 6, 2005} Iterations: 1978
BaseY: 2004
StartY: 1988
BaseDay: 1
First day of year: 2
The day is: 6
DateGC : {9, 2, 2013} Iterations: 1978
BaseY: 2004
StartY: 1988
BaseDay: 1
First day of year: 2
The day is: 6
Date : {2, 6, 2005} Iterations: 1978
Date : {3, 6, 2005} Iterations: 1979
BaseY: 2004
StartY: 1988
BaseDay: 1
First day of year: 2
The day is: 7
DateGC : {10, 2, 2013} Iterations: 1979
BaseY: 2004
StartY: 1988
BaseDay: 1
First day of year: 2
The day is: 7
Date : {3, 6, 2005} Iterations: 1979
Date : {4, 6, 2005} Iterations: 1980
BaseY: 2004
StartY: 1988
BaseDay: 1
First day of year: 2
The day is: 1
DateGC : {11, 2, 2013} Iterations: 1980
BaseY: 2004
StartY: 1988
BaseDay: 1
First day of year: 2
The day is: 1
Date : {4, 6, 2005} Iterations: 1980
Date : {5, 6, 2005} Iterations: 1981
BaseY: 2004
StartY: 1988
BaseDay: 1
First day of year: 2
The day is: 2
DateGC : {12, 2, 2013} Iterations: 1981
BaseY: 2004
StartY: 1988
BaseDay: 1
First day of year: 2
The day is: 2
Date : {5, 6, 2005} Iterations: 1981
Date : {6, 6, 2005} Iterations: 1982
BaseY: 2004
StartY: 1988
BaseDay: 1
First day of year: 2
The day is: 3
DateGC : {13, 2, 2013} Iterations: 1982
BaseY: 2004
StartY: 1988
BaseDay: 1
First day of year: 2
The day is: 3
Date : {6, 6, 2005} Iterations: 1982
Date : {7, 6, 2005} Iterations: 1983
BaseY: 2004
StartY: 1988
BaseDay: 1
First day of year: 2
The day is: 4
DateGC : {14, 2, 2013} Iterations: 1983
BaseY: 2004
StartY: 1988
BaseDay: 1
First day of year: 2
The day is: 4
Date : {7, 6, 2005} Iterations: 1983
Date : {8, 6, 2005} Iterations: 1984
BaseY: 2004
StartY: 1988
BaseDay: 1
First day of year: 2
The day is: 5
DateGC : {15, 2, 2013} Iterations: 1984
BaseY: 2004
StartY: 1988
BaseDay: 1
First day of year: 2
The day is: 5
Date : {8, 6, 2005} Iterations: 1984
Date : {9, 6, 2005} Iterations: 1985
BaseY: 2004
StartY: 1988
BaseDay: 1
First day of year: 2
The day is: 6
DateGC : {16, 2, 2013} Iterations: 1985
BaseY: 2004
StartY: 1988
BaseDay: 1
First day of year: 2
The day is: 6
Date : {9, 6, 2005} Iterations: 1985
Date : {10, 6, 2005} Iterations: 1986
BaseY: 2004
StartY: 1988
BaseDay: 1
First day of year: 2
The day is: 7
DateGC : {17, 2, 2013} Iterations: 1986
BaseY: 2004
StartY: 1988
BaseDay: 1
First day of year: 2
The day is: 7
Date : {10, 6, 2005} Iterations: 1986
Date : {11, 6, 2005} Iterations: 1987
BaseY: 2004
StartY: 1988
BaseDay: 1
First day of year: 2
The day is: 1
DateGC : {18, 2, 2013} Iterations: 1987
BaseY: 2004
StartY: 1988
BaseDay: 1
First day of year: 2
The day is: 1
Date : {11, 6, 2005} Iterations: 1987
Date : {12, 6, 2005} Iterations: 1988
BaseY: 2004
StartY: 1988
BaseDay: 1
First day of year: 2
The day is: 2
DateGC : {19, 2, 2013} Iterations: 1988
BaseY: 2004
StartY: 1988
BaseDay: 1
First day of year: 2
The day is: 2
Date : {12, 6, 2005} Iterations: 1988
Date : {13, 6, 2005} Iterations: 1989
BaseY: 2004
StartY: 1988
BaseDay: 1
First day of year: 2
The day is: 3
DateGC : {20, 2, 2013} Iterations: 1989
BaseY: 2004
StartY: 1988
BaseDay: 1
First day of year: 2
The day is: 3
Date : {13, 6, 2005} Iterations: 1989
Date : {14, 6, 2005} Iterations: 1990
BaseY: 2004
StartY: 1988
BaseDay: 1
First day of year: 2
The day is: 4
DateGC : {21, 2, 2013} Iterations: 1990
BaseY: 2004
StartY: 1988
BaseDay: 1
First day of year: 2
The day is: 4
Date : {14, 6, 2005} Iterations: 1990
Date : {15, 6, 2005} Iterations: 1991
BaseY: 2004
StartY: 1988
BaseDay: 1
First day of year: 2
The day is: 5
DateGC : {22, 2, 2013} Iterations: 1991
BaseY: 2004
StartY: 1988
BaseDay: 1
First day of year: 2
The day is: 5
Date : {15, 6, 2005} Iterations: 1991
Date : {16, 6, 2005} Iterations: 1992
BaseY: 2004
StartY: 1988
BaseDay: 1
First day of year: 2
The day is: 6
DateGC : {23, 2, 2013} Iterations: 1992
BaseY: 2004
StartY: 1988
BaseDay: 1
First day of year: 2
The day is: 6
Date : {16, 6, 2005} Iterations: 1992
Date : {17, 6, 2005} Iterations: 1993
BaseY: 2004
StartY: 1988
BaseDay: 1
First day of year: 2
The day is: 7
DateGC : {24, 2, 2013} Iterations: 1993
BaseY: 2004
StartY: 1988
BaseDay: 1
First day of year: 2
The day is: 7
Date : {17, 6, 2005} Iterations: 1993
Date : {18, 6, 2005} Iterations: 1994
BaseY: 2004
StartY: 1988
BaseDay: 1
First day of year: 2
The day is: 1
DateGC : {25, 2, 2013} Iterations: 1994
BaseY: 2004
StartY: 1988
BaseDay: 1
First day of year: 2
The day is: 1
Date : {18, 6, 2005} Iterations: 1994
Date : {19, 6, 2005} Iterations: 1995
BaseY: 2004
StartY: 1988
BaseDay: 1
First day of year: 2
The day is: 2
DateGC : {26, 2, 2013} Iterations: 1995
BaseY: 2004
StartY: 1988
BaseDay: 1
First day of year: 2
The day is: 2
Date : {19, 6, 2005} Iterations: 1995
Date : {20, 6, 2005} Iterations: 1996
BaseY: 2004
StartY: 1988
BaseDay: 1
First day of year: 2
The day is: 3
DateGC : {27, 2, 2013} Iterations: 1996
BaseY: 2004
StartY: 1988
BaseDay: 1
First day of year: 2
The day is: 3
Date : {20, 6, 2005} Iterations: 1996
Date : {21, 6, 2005} Iterations: 1997
BaseY: 2004
StartY: 1988
BaseDay: 1
First day of year: 2
The day is: 4
DateGC : {28, 2, 2013} Iterations: 1997
BaseY: 2004
StartY: 1988
BaseDay: 1
First day of year: 2
The day is: 4
Date : {21, 6, 2005} Iterations: 1997
Date : {22, 6, 2005} Iterations: 1998
BaseY: 2004
StartY: 1988
BaseDay: 1
First day of year: 2
The day is: 5
DateGC : {1, 3, 2013} Iterations: 1998
BaseY: 2004
StartY: 1988
BaseDay: 1
First day of year: 2
The day is: 5
Date : {22, 6, 2005} Iterations: 1998
Date : {23, 6, 2005} Iterations: 1999
BaseY: 2004
StartY: 1988
BaseDay: 1
First day of year: 2
The day is: 6
DateGC : {2, 3, 2013} Iterations: 1999
BaseY: 2004
StartY: 1988
BaseDay: 1
First day of year: 2
The day is: 6
Date : {23, 6, 2005} Iterations: 1999
Date : {24, 6, 2005} Iterations: 2000
BaseY: 2004
StartY: 1988
BaseDay: 1
First day of year: 2
The day is: 7
DateGC : {3, 3, 2013} Iterations: 2000
BaseY: 2004
StartY: 1988
BaseDay: 1
First day of year: 2
The day is: 7
Date : {24, 6, 2005} Iterations: 2000
Date : {25, 6, 2005} Iterations: 2001
BaseY: 2004
StartY: 1988
BaseDay: 1
First day of year: 2
The day is: 1
DateGC : {4, 3, 2013} Iterations: 2001
BaseY: 2004
StartY: 1988
BaseDay: 1
First day of year: 2
The day is: 1
Date : {25, 6, 2005} Iterations: 2001
Date : {26, 6, 2005} Iterations: 2002
BaseY: 2004
StartY: 1988
BaseDay: 1
First day of year: 2
The day is: 2
DateGC : {5, 3, 2013} Iterations: 2002
BaseY: 2004
StartY: 1988
BaseDay: 1
First day of year: 2
The day is: 2
Date : {26, 6, 2005} Iterations: 2002
Date : {27, 6, 2005} Iterations: 2003
BaseY: 2004
StartY: 1988
BaseDay: 1
First day of year: 2
The day is: 3
DateGC : {6, 3, 2013} Iterations: 2003
BaseY: 2004
StartY: 1988
BaseDay: 1
First day of year: 2
The day is: 3
Date : {27, 6, 2005} Iterations: 2003
Date : {28, 6, 2005} Iterations: 2004
BaseY: 2004
StartY: 1988
BaseDay: 1
First day of year: 2
The day is: 4
DateGC : {7, 3, 2013} Iterations: 2004
BaseY: 2004
StartY: 1988
BaseDay: 1
First day of year: 2
The day is: 4
Date : {28, 6, 2005} Iterations: 2004
Date : {29, 6, 2005} Iterations: 2005
BaseY: 2004
StartY: 1988
BaseDay: 1
First day of year: 2
The day is: 5
DateGC : {8, 3, 2013} Iterations: 2005
BaseY: 2004
StartY: 1988
BaseDay: 1
First day of year: 2
The day is: 5
Date : {29, 6, 2005} Iterations: 2005
Date : {30, 6, 2005} Iterations: 2006
BaseY: 2004
StartY: 1988
BaseDay: 1
First day of year: 2
The day is: 6
DateGC : {9, 3, 2013} Iterations: 2006
BaseY: 2004
StartY: 1988
BaseDay: 1
First day of year: 2
The day is: 6
Date : {30, 6, 2005} Iterations: 2006
Date : {1, 7, 2005} Iterations: 2007
BaseY: 2004
StartY: 1988
BaseDay: 1
First day of year: 2
The day is: 7
DateGC : {10, 3, 2013} Iterations: 2007
BaseY: 2004
StartY: 1988
BaseDay: 1
First day of year: 2
The day is: 7
Date : {1, 7, 2005} Iterations: 2007
Date : {2, 7, 2005} Iterations: 2008
BaseY: 2004
StartY: 1988
BaseDay: 1
First day of year: 2
The day is: 1
DateGC : {11, 3, 2013} Iterations: 2008
BaseY: 2004
StartY: 1988
BaseDay: 1
First day of year: 2
The day is: 1
Date : {2, 7, 2005} Iterations: 2008
Date : {3, 7, 2005} Iterations: 2009
BaseY: 2004
StartY: 1988
BaseDay: 1
First day of year: 2
The day is: 2
DateGC : {12, 3, 2013} Iterations: 2009
BaseY: 2004
StartY: 1988
BaseDay: 1
First day of year: 2
The day is: 2
Date : {3, 7, 2005} Iterations: 2009
Date : {4, 7, 2005} Iterations: 2010
BaseY: 2004
StartY: 1988
BaseDay: 1
First day of year: 2
The day is: 3
DateGC : {13, 3, 2013} Iterations: 2010
BaseY: 2004
StartY: 1988
BaseDay: 1
First day of year: 2
The day is: 3
Date : {4, 7, 2005} Iterations: 2010
Date : {5, 7, 2005} Iterations: 2011
BaseY: 2004
StartY: 1988
BaseDay: 1
First day of year: 2
The day is: 4
DateGC : {14, 3, 2013} Iterations: 2011
BaseY: 2004
StartY: 1988
BaseDay: 1
First day of year: 2
The day is: 4
Date : {5, 7, 2005} Iterations: 2011
Date : {6, 7, 2005} Iterations: 2012
BaseY: 2004
StartY: 1988
BaseDay: 1
First day of year: 2
The day is: 5
DateGC : {15, 3, 2013} Iterations: 2012
BaseY: 2004
StartY: 1988
BaseDay: 1
First day of year: 2
The day is: 5
Date : {6, 7, 2005} Iterations: 2012
Date : {7, 7, 2005} Iterations: 2013
BaseY: 2004
StartY: 1988
BaseDay: 1
First day of year: 2
The day is: 6
DateGC : {16, 3, 2013} Iterations: 2013
BaseY: 2004
StartY: 1988
BaseDay: 1
First day of year: 2
The day is: 6
Date : {7, 7, 2005} Iterations: 2013
Date : {8, 7, 2005} Iterations: 2014
BaseY: 2004
StartY: 1988
BaseDay: 1
First day of year: 2
The day is: 7
DateGC : {17, 3, 2013} Iterations: 2014
BaseY: 2004
StartY: 1988
BaseDay: 1
First day of year: 2
The day is: 7
Date : {8, 7, 2005} Iterations: 2014
Date : {9, 7, 2005} Iterations: 2015
BaseY: 2004
StartY: 1988
BaseDay: 1
First day of year: 2
The day is: 1
DateGC : {18, 3, 2013} Iterations: 2015
BaseY: 2004
StartY: 1988
BaseDay: 1
First day of year: 2
The day is: 1
Date : {9, 7, 2005} Iterations: 2015
Date : {10, 7, 2005} Iterations: 2016
BaseY: 2004
StartY: 1988
BaseDay: 1
First day of year: 2
The day is: 2
DateGC : {19, 3, 2013} Iterations: 2016
BaseY: 2004
StartY: 1988
BaseDay: 1
First day of year: 2
The day is: 2
Date : {10, 7, 2005} Iterations: 2016
Date : {11, 7, 2005} Iterations: 2017
BaseY: 2004
StartY: 1988
BaseDay: 1
First day of year: 2
The day is: 3
DateGC : {20, 3, 2013} Iterations: 2017
BaseY: 2004
StartY: 1988
BaseDay: 1
First day of year: 2
The day is: 3
Date : {11, 7, 2005} Iterations: 2017
Date : {12, 7, 2005} Iterations: 2018
BaseY: 2004
StartY: 1988
BaseDay: 1
First day of year: 2
The day is: 4
DateGC : {21, 3, 2013} Iterations: 2018
BaseY: 2004
StartY: 1988
BaseDay: 1
First day of year: 2
The day is: 4
Date : {12, 7, 2005} Iterations: 2018
Date : {13, 7, 2005} Iterations: 2019
BaseY: 2004
StartY: 1988
BaseDay: 1
First day of year: 2
The day is: 5
DateGC : {22, 3, 2013} Iterations: 2019
BaseY: 2004
StartY: 1988
BaseDay: 1
First day of year: 2
The day is: 5
Date : {13, 7, 2005} Iterations: 2019
Date : {14, 7, 2005} Iterations: 2020
BaseY: 2004
StartY: 1988
BaseDay: 1
First day of year: 2
The day is: 6
DateGC : {23, 3, 2013} Iterations: 2020
BaseY: 2004
StartY: 1988
BaseDay: 1
First day of year: 2
The day is: 6
Date : {14, 7, 2005} Iterations: 2020
Date : {15, 7, 2005} Iterations: 2021
BaseY: 2004
StartY: 1988
BaseDay: 1
First day of year: 2
The day is: 7
DateGC : {24, 3, 2013} Iterations: 2021
BaseY: 2004
StartY: 1988
BaseDay: 1
First day of year: 2
The day is: 7
Date : {15, 7, 2005} Iterations: 2021
Date : {16, 7, 2005} Iterations: 2022
BaseY: 2004
StartY: 1988
BaseDay: 1
First day of year: 2
The day is: 1
DateGC : {25, 3, 2013} Iterations: 2022
BaseY: 2004
StartY: 1988
BaseDay: 1
First day of year: 2
The day is: 1
Date : {16, 7, 2005} Iterations: 2022
Date : {17, 7, 2005} Iterations: 2023
BaseY: 2004
StartY: 1988
BaseDay: 1
First day of year: 2
The day is: 2
DateGC : {26, 3, 2013} Iterations: 2023
BaseY: 2004
StartY: 1988
BaseDay: 1
First day of year: 2
The day is: 2
Date : {17, 7, 2005} Iterations: 2023
Date : {18, 7, 2005} Iterations: 2024
BaseY: 2004
StartY: 1988
BaseDay: 1
First day of year: 2
The day is: 3
DateGC : {27, 3, 2013} Iterations: 2024
BaseY: 2004
StartY: 1988
BaseDay: 1
First day of year: 2
The day is: 3
Date : {18, 7, 2005} Iterations: 2024
Date : {19, 7, 2005} Iterations: 2025
BaseY: 2004
StartY: 1988
BaseDay: 1
First day of year: 2
The day is: 4
DateGC : {28, 3, 2013} Iterations: 2025
BaseY: 2004
StartY: 1988
BaseDay: 1
First day of year: 2
The day is: 4
Date : {19, 7, 2005} Iterations: 2025
Date : {20, 7, 2005} Iterations: 2026
BaseY: 2004
StartY: 1988
BaseDay: 1
First day of year: 2
The day is: 5
DateGC : {29, 3, 2013} Iterations: 2026
BaseY: 2004
StartY: 1988
BaseDay: 1
First day of year: 2
The day is: 5
Date : {20, 7, 2005} Iterations: 2026
Date : {21, 7, 2005} Iterations: 2027
BaseY: 2004
StartY: 1988
BaseDay: 1
First day of year: 2
The day is: 6
DateGC : {30, 3, 2013} Iterations: 2027
BaseY: 2004
StartY: 1988
BaseDay: 1
First day of year: 2
The day is: 6
Date : {21, 7, 2005} Iterations: 2027
Date : {22, 7, 2005} Iterations: 2028
BaseY: 2004
StartY: 1988
BaseDay: 1
First day of year: 2
The day is: 7
DateGC : {31, 3, 2013} Iterations: 2028
BaseY: 2004
StartY: 1988
BaseDay: 1
First day of year: 2
The day is: 7
Date : {22, 7, 2005} Iterations: 2028
Date : {23, 7, 2005} Iterations: 2029
BaseY: 2004
StartY: 1988
BaseDay: 1
First day of year: 2
The day is: 1
DateGC : {1, 4, 2013} Iterations: 2029
BaseY: 2004
StartY: 1988
BaseDay: 1
First day of year: 2
The day is: 1
Date : {23, 7, 2005} Iterations: 2029
Date : {24, 7, 2005} Iterations: 2030
BaseY: 2004
StartY: 1988
BaseDay: 1
First day of year: 2
The day is: 2
DateGC : {2, 4, 2013} Iterations: 2030
BaseY: 2004
StartY: 1988
BaseDay: 1
First day of year: 2
The day is: 2
Date : {24, 7, 2005} Iterations: 2030
Date : {25, 7, 2005} Iterations: 2031
BaseY: 2004
StartY: 1988
BaseDay: 1
First day of year: 2
The day is: 3
DateGC : {3, 4, 2013} Iterations: 2031
BaseY: 2004
StartY: 1988
BaseDay: 1
First day of year: 2
The day is: 3
Date : {25, 7, 2005} Iterations: 2031
Date : {26, 7, 2005} Iterations: 2032
BaseY: 2004
StartY: 1988
BaseDay: 1
First day of year: 2
The day is: 4
DateGC : {4, 4, 2013} Iterations: 2032
BaseY: 2004
StartY: 1988
BaseDay: 1
First day of year: 2
The day is: 4
Date : {26, 7, 2005} Iterations: 2032
Date : {27, 7, 2005} Iterations: 2033
BaseY: 2004
StartY: 1988
BaseDay: 1
First day of year: 2
The day is: 5
DateGC : {5, 4, 2013} Iterations: 2033
BaseY: 2004
StartY: 1988
BaseDay: 1
First day of year: 2
The day is: 5
Date : {27, 7, 2005} Iterations: 2033
Date : {28, 7, 2005} Iterations: 2034
BaseY: 2004
StartY: 1988
BaseDay: 1
First day of year: 2
The day is: 6
DateGC : {6, 4, 2013} Iterations: 2034
BaseY: 2004
StartY: 1988
BaseDay: 1
First day of year: 2
The day is: 6
Date : {28, 7, 2005} Iterations: 2034
Date : {29, 7, 2005} Iterations: 2035
BaseY: 2004
StartY: 1988
BaseDay: 1
First day of year: 2
The day is: 7
DateGC : {7, 4, 2013} Iterations: 2035
BaseY: 2004
StartY: 1988
BaseDay: 1
First day of year: 2
The day is: 7
Date : {29, 7, 2005} Iterations: 2035
Date : {30, 7, 2005} Iterations: 2036
BaseY: 2004
StartY: 1988
BaseDay: 1
First day of year: 2
The day is: 1
DateGC : {8, 4, 2013} Iterations: 2036
BaseY: 2004
StartY: 1988
BaseDay: 1
First day of year: 2
The day is: 1
Date : {30, 7, 2005} Iterations: 2036
Date : {1, 8, 2005} Iterations: 2037
BaseY: 2004
StartY: 1988
BaseDay: 1
First day of year: 2
The day is: 2
DateGC : {9, 4, 2013} Iterations: 2037
BaseY: 2004
StartY: 1988
BaseDay: 1
First day of year: 2
The day is: 2
Date : {1, 8, 2005} Iterations: 2037
Date : {2, 8, 2005} Iterations: 2038
BaseY: 2004
StartY: 1988
BaseDay: 1
First day of year: 2
The day is: 3
DateGC : {10, 4, 2013} Iterations: 2038
BaseY: 2004
StartY: 1988
BaseDay: 1
First day of year: 2
The day is: 3
Date : {2, 8, 2005} Iterations: 2038
Date : {3, 8, 2005} Iterations: 2039
BaseY: 2004
StartY: 1988
BaseDay: 1
First day of year: 2
The day is: 4
DateGC : {11, 4, 2013} Iterations: 2039
BaseY: 2004
StartY: 1988
BaseDay: 1
First day of year: 2
The day is: 4
Date : {3, 8, 2005} Iterations: 2039
Date : {4, 8, 2005} Iterations: 2040
BaseY: 2004
StartY: 1988
BaseDay: 1
First day of year: 2
The day is: 5
DateGC : {12, 4, 2013} Iterations: 2040
BaseY: 2004
StartY: 1988
BaseDay: 1
First day of year: 2
The day is: 5
Date : {4, 8, 2005} Iterations: 2040
Date : {5, 8, 2005} Iterations: 2041
BaseY: 2004
StartY: 1988
BaseDay: 1
First day of year: 2
The day is: 6
DateGC : {13, 4, 2013} Iterations: 2041
BaseY: 2004
StartY: 1988
BaseDay: 1
First day of year: 2
The day is: 6
Date : {5, 8, 2005} Iterations: 2041
Date : {6, 8, 2005} Iterations: 2042
BaseY: 2004
StartY: 1988
BaseDay: 1
First day of year: 2
The day is: 7
DateGC : {14, 4, 2013} Iterations: 2042
BaseY: 2004
StartY: 1988
BaseDay: 1
First day of year: 2
The day is: 7
Date : {6, 8, 2005} Iterations: 2042
Date : {7, 8, 2005} Iterations: 2043
BaseY: 2004
StartY: 1988
BaseDay: 1
First day of year: 2
The day is: 1
DateGC : {15, 4, 2013} Iterations: 2043
BaseY: 2004
StartY: 1988
BaseDay: 1
First day of year: 2
The day is: 1
Date : {7, 8, 2005} Iterations: 2043
Date : {8, 8, 2005} Iterations: 2044
BaseY: 2004
StartY: 1988
BaseDay: 1
First day of year: 2
The day is: 2
DateGC : {16, 4, 2013} Iterations: 2044
BaseY: 2004
StartY: 1988
BaseDay: 1
First day of year: 2
The day is: 2
Date : {8, 8, 2005} Iterations: 2044
Date : {9, 8, 2005} Iterations: 2045
BaseY: 2004
StartY: 1988
BaseDay: 1
First day of year: 2
The day is: 3
DateGC : {17, 4, 2013} Iterations: 2045
BaseY: 2004
StartY: 1988
BaseDay: 1
First day of year: 2
The day is: 3
Date : {9, 8, 2005} Iterations: 2045
Date : {10, 8, 2005} Iterations: 2046
BaseY: 2004
StartY: 1988
BaseDay: 1
First day of year: 2
The day is: 4
DateGC : {18, 4, 2013} Iterations: 2046
BaseY: 2004
StartY: 1988
BaseDay: 1
First day of year: 2
The day is: 4
Date : {10, 8, 2005} Iterations: 2046
Date : {11, 8, 2005} Iterations: 2047
BaseY: 2004
StartY: 1988
BaseDay: 1
First day of year: 2
The day is: 5
DateGC : {19, 4, 2013} Iterations: 2047
BaseY: 2004
StartY: 1988
BaseDay: 1
First day of year: 2
The day is: 5
Date : {11, 8, 2005} Iterations: 2047
Date : {12, 8, 2005} Iterations: 2048
BaseY: 2004
StartY: 1988
BaseDay: 1
First day of year: 2
The day is: 6
DateGC : {20, 4, 2013} Iterations: 2048
BaseY: 2004
StartY: 1988
BaseDay: 1
First day of year: 2
The day is: 6
Date : {12, 8, 2005} Iterations: 2048
Date : {13, 8, 2005} Iterations: 2049
BaseY: 2004
StartY: 1988
BaseDay: 1
First day of year: 2
The day is: 7
DateGC : {21, 4, 2013} Iterations: 2049
BaseY: 2004
StartY: 1988
BaseDay: 1
First day of year: 2
The day is: 7
Date : {13, 8, 2005} Iterations: 2049
Date : {14, 8, 2005} Iterations: 2050
BaseY: 2004
StartY: 1988
BaseDay: 1
First day of year: 2
The day is: 1
DateGC : {22, 4, 2013} Iterations: 2050
BaseY: 2004
StartY: 1988
BaseDay: 1
First day of year: 2
The day is: 1
Date : {14, 8, 2005} Iterations: 2050
Date : {15, 8, 2005} Iterations: 2051
BaseY: 2004
StartY: 1988
BaseDay: 1
First day of year: 2
The day is: 2
DateGC : {23, 4, 2013} Iterations: 2051
BaseY: 2004
StartY: 1988
BaseDay: 1
First day of year: 2
The day is: 2
Date : {15, 8, 2005} Iterations: 2051
Date : {16, 8, 2005} Iterations: 2052
BaseY: 2004
StartY: 1988
BaseDay: 1
First day of year: 2
The day is: 3
DateGC : {24, 4, 2013} Iterations: 2052
BaseY: 2004
StartY: 1988
BaseDay: 1
First day of year: 2
The day is: 3
Date : {16, 8, 2005} Iterations: 2052
Date : {17, 8, 2005} Iterations: 2053
BaseY: 2004
StartY: 1988
BaseDay: 1
First day of year: 2
The day is: 4
DateGC : {25, 4, 2013} Iterations: 2053
BaseY: 2004
StartY: 1988
BaseDay: 1
First day of year: 2
The day is: 4
Date : {17, 8, 2005} Iterations: 2053
Date : {18, 8, 2005} Iterations: 2054
BaseY: 2004
StartY: 1988
BaseDay: 1
First day of year: 2
The day is: 5
DateGC : {26, 4, 2013} Iterations: 2054
BaseY: 2004
StartY: 1988
BaseDay: 1
First day of year: 2
The day is: 5
Date : {18, 8, 2005} Iterations: 2054
Date : {19, 8, 2005} Iterations: 2055
BaseY: 2004
StartY: 1988
BaseDay: 1
First day of year: 2
The day is: 6
DateGC : {27, 4, 2013} Iterations: 2055
BaseY: 2004
StartY: 1988
BaseDay: 1
First day of year: 2
The day is: 6
Date : {19, 8, 2005} Iterations: 2055
Date : {20, 8, 2005} Iterations: 2056
BaseY: 2004
StartY: 1988
BaseDay: 1
First day of year: 2
The day is: 7
DateGC : {28, 4, 2013} Iterations: 2056
BaseY: 2004
StartY: 1988
BaseDay: 1
First day of year: 2
The day is: 7
Date : {20, 8, 2005} Iterations: 2056
Date : {21, 8, 2005} Iterations: 2057
BaseY: 2004
StartY: 1988
BaseDay: 1
First day of year: 2
The day is: 1
DateGC : {29, 4, 2013} Iterations: 2057
BaseY: 2004
StartY: 1988
BaseDay: 1
First day of year: 2
The day is: 1
Date : {21, 8, 2005} Iterations: 2057
Date : {22, 8, 2005} Iterations: 2058
BaseY: 2004
StartY: 1988
BaseDay: 1
First day of year: 2
The day is: 2
DateGC : {30, 4, 2013} Iterations: 2058
BaseY: 2004
StartY: 1988
BaseDay: 1
First day of year: 2
The day is: 2
Date : {22, 8, 2005} Iterations: 2058
Date : {23, 8, 2005} Iterations: 2059
BaseY: 2004
StartY: 1988
BaseDay: 1
First day of year: 2
The day is: 3
DateGC : {1, 5, 2013} Iterations: 2059
BaseY: 2004
StartY: 1988
BaseDay: 1
First day of year: 2
The day is: 3
Date : {23, 8, 2005} Iterations: 2059
Date : {24, 8, 2005} Iterations: 2060
BaseY: 2004
StartY: 1988
BaseDay: 1
First day of year: 2
The day is: 4
DateGC : {2, 5, 2013} Iterations: 2060
BaseY: 2004
StartY: 1988
BaseDay: 1
First day of year: 2
The day is: 4
Date : {24, 8, 2005} Iterations: 2060
Date : {25, 8, 2005} Iterations: 2061
BaseY: 2004
StartY: 1988
BaseDay: 1
First day of year: 2
The day is: 5
DateGC : {3, 5, 2013} Iterations: 2061
BaseY: 2004
StartY: 1988
BaseDay: 1
First day of year: 2
The day is: 5
Date : {25, 8, 2005} Iterations: 2061
Date : {26, 8, 2005} Iterations: 2062
BaseY: 2004
StartY: 1988
BaseDay: 1
First day of year: 2
The day is: 6
DateGC : {4, 5, 2013} Iterations: 2062
BaseY: 2004
StartY: 1988
BaseDay: 1
First day of year: 2
The day is: 6
Date : {26, 8, 2005} Iterations: 2062
Date : {27, 8, 2005} Iterations: 2063
BaseY: 2004
StartY: 1988
BaseDay: 1
First day of year: 2
The day is: 7
DateGC : {5, 5, 2013} Iterations: 2063
BaseY: 2004
StartY: 1988
BaseDay: 1
First day of year: 2
The day is: 7
Date : {27, 8, 2005} Iterations: 2063
Date : {28, 8, 2005} Iterations: 2064
BaseY: 2004
StartY: 1988
BaseDay: 1
First day of year: 2
The day is: 1
DateGC : {6, 5, 2013} Iterations: 2064
BaseY: 2004
StartY: 1988
BaseDay: 1
First day of year: 2
The day is: 1
Date : {28, 8, 2005} Iterations: 2064
Date : {29, 8, 2005} Iterations: 2065
BaseY: 2004
StartY: 1988
BaseDay: 1
First day of year: 2
The day is: 2
DateGC : {7, 5, 2013} Iterations: 2065
BaseY: 2004
StartY: 1988
BaseDay: 1
First day of year: 2
The day is: 2
Date : {29, 8, 2005} Iterations: 2065
Date : {30, 8, 2005} Iterations: 2066
BaseY: 2004
StartY: 1988
BaseDay: 1
First day of year: 2
The day is: 3
DateGC : {8, 5, 2013} Iterations: 2066
BaseY: 2004
StartY: 1988
BaseDay: 1
First day of year: 2
The day is: 3
Date : {30, 8, 2005} Iterations: 2066
Date : {1, 9, 2005} Iterations: 2067
BaseY: 2004
StartY: 1988
BaseDay: 1
First day of year: 2
The day is: 4
DateGC : {9, 5, 2013} Iterations: 2067
BaseY: 2004
StartY: 1988
BaseDay: 1
First day of year: 2
The day is: 4
Date : {1, 9, 2005} Iterations: 2067
Date : {2, 9, 2005} Iterations: 2068
BaseY: 2004
StartY: 1988
BaseDay: 1
First day of year: 2
The day is: 5
DateGC : {10, 5, 2013} Iterations: 2068
BaseY: 2004
StartY: 1988
BaseDay: 1
First day of year: 2
The day is: 5
Date : {2, 9, 2005} Iterations: 2068
Date : {3, 9, 2005} Iterations: 2069
BaseY: 2004
StartY: 1988
BaseDay: 1
First day of year: 2
The day is: 6
DateGC : {11, 5, 2013} Iterations: 2069
BaseY: 2004
StartY: 1988
BaseDay: 1
First day of year: 2
The day is: 6
Date : {3, 9, 2005} Iterations: 2069
Date : {4, 9, 2005} Iterations: 2070
BaseY: 2004
StartY: 1988
BaseDay: 1
First day of year: 2
The day is: 7
DateGC : {12, 5, 2013} Iterations: 2070
BaseY: 2004
StartY: 1988
BaseDay: 1
First day of year: 2
The day is: 7
Date : {4, 9, 2005} Iterations: 2070
Date : {5, 9, 2005} Iterations: 2071
BaseY: 2004
StartY: 1988
BaseDay: 1
First day of year: 2
The day is: 1
DateGC : {13, 5, 2013} Iterations: 2071
BaseY: 2004
StartY: 1988
BaseDay: 1
First day of year: 2
The day is: 1
Date : {5, 9, 2005} Iterations: 2071
Date : {6, 9, 2005} Iterations: 2072
BaseY: 2004
StartY: 1988
BaseDay: 1
First day of year: 2
The day is: 2
DateGC : {14, 5, 2013} Iterations: 2072
BaseY: 2004
StartY: 1988
BaseDay: 1
First day of year: 2
The day is: 2
Date : {6, 9, 2005} Iterations: 2072
Date : {7, 9, 2005} Iterations: 2073
BaseY: 2004
StartY: 1988
BaseDay: 1
First day of year: 2
The day is: 3
DateGC : {15, 5, 2013} Iterations: 2073
BaseY: 2004
StartY: 1988
BaseDay: 1
First day of year: 2
The day is: 3
Date : {7, 9, 2005} Iterations: 2073
Date : {8, 9, 2005} Iterations: 2074
BaseY: 2004
StartY: 1988
BaseDay: 1
First day of year: 2
The day is: 4
DateGC : {16, 5, 2013} Iterations: 2074
BaseY: 2004
StartY: 1988
BaseDay: 1
First day of year: 2
The day is: 4
Date : {8, 9, 2005} Iterations: 2074
Date : {9, 9, 2005} Iterations: 2075
BaseY: 2004
StartY: 1988
BaseDay: 1
First day of year: 2
The day is: 5
DateGC : {17, 5, 2013} Iterations: 2075
BaseY: 2004
StartY: 1988
BaseDay: 1
First day of year: 2
The day is: 5
Date : {9, 9, 2005} Iterations: 2075
Date : {10, 9, 2005} Iterations: 2076
BaseY: 2004
StartY: 1988
BaseDay: 1
First day of year: 2
The day is: 6
DateGC : {18, 5, 2013} Iterations: 2076
BaseY: 2004
StartY: 1988
BaseDay: 1
First day of year: 2
The day is: 6
Date : {10, 9, 2005} Iterations: 2076
Date : {11, 9, 2005} Iterations: 2077
BaseY: 2004
StartY: 1988
BaseDay: 1
First day of year: 2
The day is: 7
DateGC : {19, 5, 2013} Iterations: 2077
BaseY: 2004
StartY: 1988
BaseDay: 1
First day of year: 2
The day is: 7
Date : {11, 9, 2005} Iterations: 2077
Date : {12, 9, 2005} Iterations: 2078
BaseY: 2004
StartY: 1988
BaseDay: 1
First day of year: 2
The day is: 1
DateGC : {20, 5, 2013} Iterations: 2078
BaseY: 2004
StartY: 1988
BaseDay: 1
First day of year: 2
The day is: 1
Date : {12, 9, 2005} Iterations: 2078
Date : {13, 9, 2005} Iterations: 2079
BaseY: 2004
StartY: 1988
BaseDay: 1
First day of year: 2
The day is: 2
DateGC : {21, 5, 2013} Iterations: 2079
BaseY: 2004
StartY: 1988
BaseDay: 1
First day of year: 2
The day is: 2
Date : {13, 9, 2005} Iterations: 2079
Date : {14, 9, 2005} Iterations: 2080
BaseY: 2004
StartY: 1988
BaseDay: 1
First day of year: 2
The day is: 3
DateGC : {22, 5, 2013} Iterations: 2080
BaseY: 2004
StartY: 1988
BaseDay: 1
First day of year: 2
The day is: 3
Date : {14, 9, 2005} Iterations: 2080
Date : {15, 9, 2005} Iterations: 2081
BaseY: 2004
StartY: 1988
BaseDay: 1
First day of year: 2
The day is: 4
DateGC : {23, 5, 2013} Iterations: 2081
BaseY: 2004
StartY: 1988
BaseDay: 1
First day of year: 2
The day is: 4
Date : {15, 9, 2005} Iterations: 2081
Date : {16, 9, 2005} Iterations: 2082
BaseY: 2004
StartY: 1988
BaseDay: 1
First day of year: 2
The day is: 5
DateGC : {24, 5, 2013} Iterations: 2082
BaseY: 2004
StartY: 1988
BaseDay: 1
First day of year: 2
The day is: 5
Date : {16, 9, 2005} Iterations: 2082
Date : {17, 9, 2005} Iterations: 2083
BaseY: 2004
StartY: 1988
BaseDay: 1
First day of year: 2
The day is: 6
DateGC : {25, 5, 2013} Iterations: 2083
BaseY: 2004
StartY: 1988
BaseDay: 1
First day of year: 2
The day is: 6
Date : {17, 9, 2005} Iterations: 2083
Date : {18, 9, 2005} Iterations: 2084
BaseY: 2004
StartY: 1988
BaseDay: 1
First day of year: 2
The day is: 7
DateGC : {26, 5, 2013} Iterations: 2084
BaseY: 2004
StartY: 1988
BaseDay: 1
First day of year: 2
The day is: 7
Date : {18, 9, 2005} Iterations: 2084
Date : {19, 9, 2005} Iterations: 2085
BaseY: 2004
StartY: 1988
BaseDay: 1
First day of year: 2
The day is: 1
DateGC : {27, 5, 2013} Iterations: 2085
BaseY: 2004
StartY: 1988
BaseDay: 1
First day of year: 2
The day is: 1
Date : {19, 9, 2005} Iterations: 2085
Date : {20, 9, 2005} Iterations: 2086
BaseY: 2004
StartY: 1988
BaseDay: 1
First day of year: 2
The day is: 2
DateGC : {28, 5, 2013} Iterations: 2086
BaseY: 2004
StartY: 1988
BaseDay: 1
First day of year: 2
The day is: 2
Date : {20, 9, 2005} Iterations: 2086
Date : {21, 9, 2005} Iterations: 2087
BaseY: 2004
StartY: 1988
BaseDay: 1
First day of year: 2
The day is: 3
DateGC : {29, 5, 2013} Iterations: 2087
BaseY: 2004
StartY: 1988
BaseDay: 1
First day of year: 2
The day is: 3
Date : {21, 9, 2005} Iterations: 2087
Date : {22, 9, 2005} Iterations: 2088
BaseY: 2004
StartY: 1988
BaseDay: 1
First day of year: 2
The day is: 4
DateGC : {30, 5, 2013} Iterations: 2088
BaseY: 2004
StartY: 1988
BaseDay: 1
First day of year: 2
The day is: 4
Date : {22, 9, 2005} Iterations: 2088
Date : {23, 9, 2005} Iterations: 2089
BaseY: 2004
StartY: 1988
BaseDay: 1
First day of year: 2
The day is: 5
DateGC : {31, 5, 2013} Iterations: 2089
BaseY: 2004
StartY: 1988
BaseDay: 1
First day of year: 2
The day is: 5
Date : {23, 9, 2005} Iterations: 2089
Date : {24, 9, 2005} Iterations: 2090
BaseY: 2004
StartY: 1988
BaseDay: 1
First day of year: 2
The day is: 6
DateGC : {1, 6, 2013} Iterations: 2090
BaseY: 2004
StartY: 1988
BaseDay: 1
First day of year: 2
The day is: 6
Date : {24, 9, 2005} Iterations: 2090
Date : {25, 9, 2005} Iterations: 2091
BaseY: 2004
StartY: 1988
BaseDay: 1
First day of year: 2
The day is: 7
DateGC : {2, 6, 2013} Iterations: 2091
BaseY: 2004
StartY: 1988
BaseDay: 1
First day of year: 2
The day is: 7
Date : {25, 9, 2005} Iterations: 2091
Date : {26, 9, 2005} Iterations: 2092
BaseY: 2004
StartY: 1988
BaseDay: 1
First day of year: 2
The day is: 1
DateGC : {3, 6, 2013} Iterations: 2092
BaseY: 2004
StartY: 1988
BaseDay: 1
First day of year: 2
The day is: 1
Date : {26, 9, 2005} Iterations: 2092
Date : {27, 9, 2005} Iterations: 2093
BaseY: 2004
StartY: 1988
BaseDay: 1
First day of year: 2
The day is: 2
DateGC : {4, 6, 2013} Iterations: 2093
BaseY: 2004
StartY: 1988
BaseDay: 1
First day of year: 2
The day is: 2
Date : {27, 9, 2005} Iterations: 2093
Date : {28, 9, 2005} Iterations: 2094
BaseY: 2004
StartY: 1988
BaseDay: 1
First day of year: 2
The day is: 3
DateGC : {5, 6, 2013} Iterations: 2094
BaseY: 2004
StartY: 1988
BaseDay: 1
First day of year: 2
The day is: 3
Date : {28, 9, 2005} Iterations: 2094
Date : {29, 9, 2005} Iterations: 2095
BaseY: 2004
StartY: 1988
BaseDay: 1
First day of year: 2
The day is: 4
DateGC : {6, 6, 2013} Iterations: 2095
BaseY: 2004
StartY: 1988
BaseDay: 1
First day of year: 2
The day is: 4
Date : {29, 9, 2005} Iterations: 2095
Date : {30, 9, 2005} Iterations: 2096
BaseY: 2004
StartY: 1988
BaseDay: 1
First day of year: 2
The day is: 5
DateGC : {7, 6, 2013} Iterations: 2096
BaseY: 2004
StartY: 1988
BaseDay: 1
First day of year: 2
The day is: 5
Date : {30, 9, 2005} Iterations: 2096
Date : {1, 10, 2005} Iterations: 2097
BaseY: 2004
StartY: 1988
BaseDay: 1
First day of year: 2
The day is: 6
DateGC : {8, 6, 2013} Iterations: 2097
BaseY: 2004
StartY: 1988
BaseDay: 1
First day of year: 2
The day is: 6
Date : {1, 10, 2005} Iterations: 2097
Date : {2, 10, 2005} Iterations: 2098
BaseY: 2004
StartY: 1988
BaseDay: 1
First day of year: 2
The day is: 7
DateGC : {9, 6, 2013} Iterations: 2098
BaseY: 2004
StartY: 1988
BaseDay: 1
First day of year: 2
The day is: 7
Date : {2, 10, 2005} Iterations: 2098
Date : {3, 10, 2005} Iterations: 2099
BaseY: 2004
StartY: 1988
BaseDay: 1
First day of year: 2
The day is: 1
DateGC : {10, 6, 2013} Iterations: 2099
BaseY: 2004
StartY: 1988
BaseDay: 1
First day of year: 2
The day is: 1
Date : {3, 10, 2005} Iterations: 2099
Date : {4, 10, 2005} Iterations: 2100
BaseY: 2004
StartY: 1988
BaseDay: 1
First day of year: 2
The day is: 2
DateGC : {11, 6, 2013} Iterations: 2100
BaseY: 2004
StartY: 1988
BaseDay: 1
First day of year: 2
The day is: 2
Date : {4, 10, 2005} Iterations: 2100
Date : {5, 10, 2005} Iterations: 2101
BaseY: 2004
StartY: 1988
BaseDay: 1
First day of year: 2
The day is: 3
DateGC : {12, 6, 2013} Iterations: 2101
BaseY: 2004
StartY: 1988
BaseDay: 1
First day of year: 2
The day is: 3
Date : {5, 10, 2005} Iterations: 2101
Date : {6, 10, 2005} Iterations: 2102
BaseY: 2004
StartY: 1988
BaseDay: 1
First day of year: 2
The day is: 4
DateGC : {13, 6, 2013} Iterations: 2102
BaseY: 2004
StartY: 1988
BaseDay: 1
First day of year: 2
The day is: 4
Date : {6, 10, 2005} Iterations: 2102
Date : {7, 10, 2005} Iterations: 2103
BaseY: 2004
StartY: 1988
BaseDay: 1
First day of year: 2
The day is: 5
DateGC : {14, 6, 2013} Iterations: 2103
BaseY: 2004
StartY: 1988
BaseDay: 1
First day of year: 2
The day is: 5
Date : {7, 10, 2005} Iterations: 2103
Date : {8, 10, 2005} Iterations: 2104
BaseY: 2004
StartY: 1988
BaseDay: 1
First day of year: 2
The day is: 6
DateGC : {15, 6, 2013} Iterations: 2104
BaseY: 2004
StartY: 1988
BaseDay: 1
First day of year: 2
The day is: 6
Date : {8, 10, 2005} Iterations: 2104
Date : {9, 10, 2005} Iterations: 2105
BaseY: 2004
StartY: 1988
BaseDay: 1
First day of year: 2
The day is: 7
DateGC : {16, 6, 2013} Iterations: 2105
BaseY: 2004
StartY: 1988
BaseDay: 1
First day of year: 2
The day is: 7
Date : {9, 10, 2005} Iterations: 2105
Date : {10, 10, 2005} Iterations: 2106
BaseY: 2004
StartY: 1988
BaseDay: 1
First day of year: 2
The day is: 1
DateGC : {17, 6, 2013} Iterations: 2106
BaseY: 2004
StartY: 1988
BaseDay: 1
First day of year: 2
The day is: 1
Date : {10, 10, 2005} Iterations: 2106
Date : {11, 10, 2005} Iterations: 2107
BaseY: 2004
StartY: 1988
BaseDay: 1
First day of year: 2
The day is: 2
DateGC : {18, 6, 2013} Iterations: 2107
BaseY: 2004
StartY: 1988
BaseDay: 1
First day of year: 2
The day is: 2
Date : {11, 10, 2005} Iterations: 2107
Date : {12, 10, 2005} Iterations: 2108
BaseY: 2004
StartY: 1988
BaseDay: 1
First day of year: 2
The day is: 3
DateGC : {19, 6, 2013} Iterations: 2108
BaseY: 2004
StartY: 1988
BaseDay: 1
First day of year: 2
The day is: 3
Date : {12, 10, 2005} Iterations: 2108
Date : {13, 10, 2005} Iterations: 2109
BaseY: 2004
StartY: 1988
BaseDay: 1
First day of year: 2
The day is: 4
DateGC : {20, 6, 2013} Iterations: 2109
BaseY: 2004
StartY: 1988
BaseDay: 1
First day of year: 2
The day is: 4
Date : {13, 10, 2005} Iterations: 2109
Date : {14, 10, 2005} Iterations: 2110
BaseY: 2004
StartY: 1988
BaseDay: 1
First day of year: 2
The day is: 5
DateGC : {21, 6, 2013} Iterations: 2110
BaseY: 2004
StartY: 1988
BaseDay: 1
First day of year: 2
The day is: 5
Date : {14, 10, 2005} Iterations: 2110
Date : {15, 10, 2005} Iterations: 2111
BaseY: 2004
StartY: 1988
BaseDay: 1
First day of year: 2
The day is: 6
DateGC : {22, 6, 2013} Iterations: 2111
BaseY: 2004
StartY: 1988
BaseDay: 1
First day of year: 2
The day is: 6
Date : {15, 10, 2005} Iterations: 2111
Date : {16, 10, 2005} Iterations: 2112
BaseY: 2004
StartY: 1988
BaseDay: 1
First day of year: 2
The day is: 7
DateGC : {23, 6, 2013} Iterations: 2112
BaseY: 2004
StartY: 1988
BaseDay: 1
First day of year: 2
The day is: 7
Date : {16, 10, 2005} Iterations: 2112
Date : {17, 10, 2005} Iterations: 2113
BaseY: 2004
StartY: 1988
BaseDay: 1
First day of year: 2
The day is: 1
DateGC : {24, 6, 2013} Iterations: 2113
BaseY: 2004
StartY: 1988
BaseDay: 1
First day of year: 2
The day is: 1
Date : {17, 10, 2005} Iterations: 2113
Date : {18, 10, 2005} Iterations: 2114
BaseY: 2004
StartY: 1988
BaseDay: 1
First day of year: 2
The day is: 2
DateGC : {25, 6, 2013} Iterations: 2114
BaseY: 2004
StartY: 1988
BaseDay: 1
First day of year: 2
The day is: 2
Date : {18, 10, 2005} Iterations: 2114
Date : {19, 10, 2005} Iterations: 2115
BaseY: 2004
StartY: 1988
BaseDay: 1
First day of year: 2
The day is: 3
DateGC : {26, 6, 2013} Iterations: 2115
BaseY: 2004
StartY: 1988
BaseDay: 1
First day of year: 2
The day is: 3
Date : {19, 10, 2005} Iterations: 2115
Date : {20, 10, 2005} Iterations: 2116
BaseY: 2004
StartY: 1988
BaseDay: 1
First day of year: 2
The day is: 4
DateGC : {27, 6, 2013} Iterations: 2116
BaseY: 2004
StartY: 1988
BaseDay: 1
First day of year: 2
The day is: 4
Date : {20, 10, 2005} Iterations: 2116
Date : {21, 10, 2005} Iterations: 2117
BaseY: 2004
StartY: 1988
BaseDay: 1
First day of year: 2
The day is: 5
DateGC : {28, 6, 2013} Iterations: 2117
BaseY: 2004
StartY: 1988
BaseDay: 1
First day of year: 2
The day is: 5
Date : {21, 10, 2005} Iterations: 2117
Date : {22, 10, 2005} Iterations: 2118
BaseY: 2004
StartY: 1988
BaseDay: 1
First day of year: 2
The day is: 6
DateGC : {29, 6, 2013} Iterations: 2118
BaseY: 2004
StartY: 1988
BaseDay: 1
First day of year: 2
The day is: 6
Date : {22, 10, 2005} Iterations: 2118
Date : {23, 10, 2005} Iterations: 2119
BaseY: 2004
StartY: 1988
BaseDay: 1
First day of year: 2
The day is: 7
DateGC : {30, 6, 2013} Iterations: 2119
BaseY: 2004
StartY: 1988
BaseDay: 1
First day of year: 2
The day is: 7
Date : {23, 10, 2005} Iterations: 2119
Date : {24, 10, 2005} Iterations: 2120
BaseY: 2004
StartY: 1988
BaseDay: 1
First day of year: 2
The day is: 1
DateGC : {1, 7, 2013} Iterations: 2120
BaseY: 2004
StartY: 1988
BaseDay: 1
First day of year: 2
The day is: 1
Date : {24, 10, 2005} Iterations: 2120
Date : {25, 10, 2005} Iterations: 2121
BaseY: 2004
StartY: 1988
BaseDay: 1
First day of year: 2
The day is: 2
DateGC : {2, 7, 2013} Iterations: 2121
BaseY: 2004
StartY: 1988
BaseDay: 1
First day of year: 2
The day is: 2
Date : {25, 10, 2005} Iterations: 2121
Date : {26, 10, 2005} Iterations: 2122
BaseY: 2004
StartY: 1988
BaseDay: 1
First day of year: 2
The day is: 3
DateGC : {3, 7, 2013} Iterations: 2122
BaseY: 2004
StartY: 1988
BaseDay: 1
First day of year: 2
The day is: 3
Date : {26, 10, 2005} Iterations: 2122
Date : {27, 10, 2005} Iterations: 2123
BaseY: 2004
StartY: 1988
BaseDay: 1
First day of year: 2
The day is: 4
DateGC : {4, 7, 2013} Iterations: 2123
BaseY: 2004
StartY: 1988
BaseDay: 1
First day of year: 2
The day is: 4
Date : {27, 10, 2005} Iterations: 2123
Date : {28, 10, 2005} Iterations: 2124
BaseY: 2004
StartY: 1988
BaseDay: 1
First day of year: 2
The day is: 5
DateGC : {5, 7, 2013} Iterations: 2124
BaseY: 2004
StartY: 1988
BaseDay: 1
First day of year: 2
The day is: 5
Date : {28, 10, 2005} Iterations: 2124
Date : {29, 10, 2005} Iterations: 2125
BaseY: 2004
StartY: 1988
BaseDay: 1
First day of year: 2
The day is: 6
DateGC : {6, 7, 2013} Iterations: 2125
BaseY: 2004
StartY: 1988
BaseDay: 1
First day of year: 2
The day is: 6
Date : {29, 10, 2005} Iterations: 2125
Date : {30, 10, 2005} Iterations: 2126
BaseY: 2004
StartY: 1988
BaseDay: 1
First day of year: 2
The day is: 7
DateGC : {7, 7, 2013} Iterations: 2126
BaseY: 2004
StartY: 1988
BaseDay: 1
First day of year: 2
The day is: 7
Date : {30, 10, 2005} Iterations: 2126
Date : {1, 11, 2005} Iterations: 2127
BaseY: 2004
StartY: 1988
BaseDay: 1
First day of year: 2
The day is: 1
DateGC : {8, 7, 2013} Iterations: 2127
BaseY: 2004
StartY: 1988
BaseDay: 1
First day of year: 2
The day is: 1
Date : {1, 11, 2005} Iterations: 2127
Date : {2, 11, 2005} Iterations: 2128
BaseY: 2004
StartY: 1988
BaseDay: 1
First day of year: 2
The day is: 2
DateGC : {9, 7, 2013} Iterations: 2128
BaseY: 2004
StartY: 1988
BaseDay: 1
First day of year: 2
The day is: 2
Date : {2, 11, 2005} Iterations: 2128
Date : {3, 11, 2005} Iterations: 2129
BaseY: 2004
StartY: 1988
BaseDay: 1
First day of year: 2
The day is: 3
DateGC : {10, 7, 2013} Iterations: 2129
BaseY: 2004
StartY: 1988
BaseDay: 1
First day of year: 2
The day is: 3
Date : {3, 11, 2005} Iterations: 2129
Date : {4, 11, 2005} Iterations: 2130
BaseY: 2004
StartY: 1988
BaseDay: 1
First day of year: 2
The day is: 4
DateGC : {11, 7, 2013} Iterations: 2130
BaseY: 2004
StartY: 1988
BaseDay: 1
First day of year: 2
The day is: 4
Date : {4, 11, 2005} Iterations: 2130
Date : {5, 11, 2005} Iterations: 2131
BaseY: 2004
StartY: 1988
BaseDay: 1
First day of year: 2
The day is: 5
DateGC : {12, 7, 2013} Iterations: 2131
BaseY: 2004
StartY: 1988
BaseDay: 1
First day of year: 2
The day is: 5
Date : {5, 11, 2005} Iterations: 2131
Date : {6, 11, 2005} Iterations: 2132
BaseY: 2004
StartY: 1988
BaseDay: 1
First day of year: 2
The day is: 6
DateGC : {13, 7, 2013} Iterations: 2132
BaseY: 2004
StartY: 1988
BaseDay: 1
First day of year: 2
The day is: 6
Date : {6, 11, 2005} Iterations: 2132
Date : {7, 11, 2005} Iterations: 2133
BaseY: 2004
StartY: 1988
BaseDay: 1
First day of year: 2
The day is: 7
DateGC : {14, 7, 2013} Iterations: 2133
BaseY: 2004
StartY: 1988
BaseDay: 1
First day of year: 2
The day is: 7
Date : {7, 11, 2005} Iterations: 2133
Date : {8, 11, 2005} Iterations: 2134
BaseY: 2004
StartY: 1988
BaseDay: 1
First day of year: 2
The day is: 1
DateGC : {15, 7, 2013} Iterations: 2134
BaseY: 2004
StartY: 1988
BaseDay: 1
First day of year: 2
The day is: 1
Date : {8, 11, 2005} Iterations: 2134
Date : {9, 11, 2005} Iterations: 2135
BaseY: 2004
StartY: 1988
BaseDay: 1
First day of year: 2
The day is: 2
DateGC : {16, 7, 2013} Iterations: 2135
BaseY: 2004
StartY: 1988
BaseDay: 1
First day of year: 2
The day is: 2
Date : {9, 11, 2005} Iterations: 2135
Date : {10, 11, 2005} Iterations: 2136
BaseY: 2004
StartY: 1988
BaseDay: 1
First day of year: 2
The day is: 3
DateGC : {17, 7, 2013} Iterations: 2136
BaseY: 2004
StartY: 1988
BaseDay: 1
First day of year: 2
The day is: 3
Date : {10, 11, 2005} Iterations: 2136
Date : {11, 11, 2005} Iterations: 2137
BaseY: 2004
StartY: 1988
BaseDay: 1
First day of year: 2
The day is: 4
DateGC : {18, 7, 2013} Iterations: 2137
BaseY: 2004
StartY: 1988
BaseDay: 1
First day of year: 2
The day is: 4
Date : {11, 11, 2005} Iterations: 2137
Date : {12, 11, 2005} Iterations: 2138
BaseY: 2004
StartY: 1988
BaseDay: 1
First day of year: 2
The day is: 5
DateGC : {19, 7, 2013} Iterations: 2138
BaseY: 2004
StartY: 1988
BaseDay: 1
First day of year: 2
The day is: 5
Date : {12, 11, 2005} Iterations: 2138
Date : {13, 11, 2005} Iterations: 2139
BaseY: 2004
StartY: 1988
BaseDay: 1
First day of year: 2
The day is: 6
DateGC : {20, 7, 2013} Iterations: 2139
BaseY: 2004
StartY: 1988
BaseDay: 1
First day of year: 2
The day is: 6
Date : {13, 11, 2005} Iterations: 2139
Date : {14, 11, 2005} Iterations: 2140
BaseY: 2004
StartY: 1988
BaseDay: 1
First day of year: 2
The day is: 7
DateGC : {21, 7, 2013} Iterations: 2140
BaseY: 2004
StartY: 1988
BaseDay: 1
First day of year: 2
The day is: 7
Date : {14, 11, 2005} Iterations: 2140
Date : {15, 11, 2005} Iterations: 2141
BaseY: 2004
StartY: 1988
BaseDay: 1
First day of year: 2
The day is: 1
DateGC : {22, 7, 2013} Iterations: 2141
BaseY: 2004
StartY: 1988
BaseDay: 1
First day of year: 2
The day is: 1
Date : {15, 11, 2005} Iterations: 2141
Date : {16, 11, 2005} Iterations: 2142
BaseY: 2004
StartY: 1988
BaseDay: 1
First day of year: 2
The day is: 2
DateGC : {23, 7, 2013} Iterations: 2142
BaseY: 2004
StartY: 1988
BaseDay: 1
First day of year: 2
The day is: 2
Date : {16, 11, 2005} Iterations: 2142
Date : {17, 11, 2005} Iterations: 2143
BaseY: 2004
StartY: 1988
BaseDay: 1
First day of year: 2
The day is: 3
DateGC : {24, 7, 2013} Iterations: 2143
BaseY: 2004
StartY: 1988
BaseDay: 1
First day of year: 2
The day is: 3
Date : {17, 11, 2005} Iterations: 2143
Date : {18, 11, 2005} Iterations: 2144
BaseY: 2004
StartY: 1988
BaseDay: 1
First day of year: 2
The day is: 4
DateGC : {25, 7, 2013} Iterations: 2144
BaseY: 2004
StartY: 1988
BaseDay: 1
First day of year: 2
The day is: 4
Date : {18, 11, 2005} Iterations: 2144
Date : {19, 11, 2005} Iterations: 2145
BaseY: 2004
StartY: 1988
BaseDay: 1
First day of year: 2
The day is: 5
DateGC : {26, 7, 2013} Iterations: 2145
BaseY: 2004
StartY: 1988
BaseDay: 1
First day of year: 2
The day is: 5
Date : {19, 11, 2005} Iterations: 2145
Date : {20, 11, 2005} Iterations: 2146
BaseY: 2004
StartY: 1988
BaseDay: 1
First day of year: 2
The day is: 6
DateGC : {27, 7, 2013} Iterations: 2146
BaseY: 2004
StartY: 1988
BaseDay: 1
First day of year: 2
The day is: 6
Date : {20, 11, 2005} Iterations: 2146
Date : {21, 11, 2005} Iterations: 2147
BaseY: 2004
StartY: 1988
BaseDay: 1
First day of year: 2
The day is: 7
DateGC : {28, 7, 2013} Iterations: 2147
BaseY: 2004
StartY: 1988
BaseDay: 1
First day of year: 2
The day is: 7
Date : {21, 11, 2005} Iterations: 2147
Date : {22, 11, 2005} Iterations: 2148
BaseY: 2004
StartY: 1988
BaseDay: 1
First day of year: 2
The day is: 1
DateGC : {29, 7, 2013} Iterations: 2148
BaseY: 2004
StartY: 1988
BaseDay: 1
First day of year: 2
The day is: 1
Date : {22, 11, 2005} Iterations: 2148
Date : {23, 11, 2005} Iterations: 2149
BaseY: 2004
StartY: 1988
BaseDay: 1
First day of year: 2
The day is: 2
DateGC : {30, 7, 2013} Iterations: 2149
BaseY: 2004
StartY: 1988
BaseDay: 1
First day of year: 2
The day is: 2
Date : {23, 11, 2005} Iterations: 2149
Date : {24, 11, 2005} Iterations: 2150
BaseY: 2004
StartY: 1988
BaseDay: 1
First day of year: 2
The day is: 3
DateGC : {31, 7, 2013} Iterations: 2150
BaseY: 2004
StartY: 1988
BaseDay: 1
First day of year: 2
The day is: 3
Date : {24, 11, 2005} Iterations: 2150
Date : {25, 11, 2005} Iterations: 2151
BaseY: 2004
StartY: 1988
BaseDay: 1
First day of year: 2
The day is: 4
DateGC : {1, 8, 2013} Iterations: 2151
BaseY: 2004
StartY: 1988
BaseDay: 1
First day of year: 2
The day is: 4
Date : {25, 11, 2005} Iterations: 2151
Date : {26, 11, 2005} Iterations: 2152
BaseY: 2004
StartY: 1988
BaseDay: 1
First day of year: 2
The day is: 5
DateGC : {2, 8, 2013} Iterations: 2152
BaseY: 2004
StartY: 1988
BaseDay: 1
First day of year: 2
The day is: 5
Date : {26, 11, 2005} Iterations: 2152
Date : {27, 11, 2005} Iterations: 2153
BaseY: 2004
StartY: 1988
BaseDay: 1
First day of year: 2
The day is: 6
DateGC : {3, 8, 2013} Iterations: 2153
BaseY: 2004
StartY: 1988
BaseDay: 1
First day of year: 2
The day is: 6
Date : {27, 11, 2005} Iterations: 2153
Date : {28, 11, 2005} Iterations: 2154
BaseY: 2004
StartY: 1988
BaseDay: 1
First day of year: 2
The day is: 7
DateGC : {4, 8, 2013} Iterations: 2154
BaseY: 2004
StartY: 1988
BaseDay: 1
First day of year: 2
The day is: 7
Date : {28, 11, 2005} Iterations: 2154
Date : {29, 11, 2005} Iterations: 2155
BaseY: 2004
StartY: 1988
BaseDay: 1
First day of year: 2
The day is: 1
DateGC : {5, 8, 2013} Iterations: 2155
BaseY: 2004
StartY: 1988
BaseDay: 1
First day of year: 2
The day is: 1
Date : {29, 11, 2005} Iterations: 2155
Date : {30, 11, 2005} Iterations: 2156
BaseY: 2004
StartY: 1988
BaseDay: 1
First day of year: 2
The day is: 2
DateGC : {6, 8, 2013} Iterations: 2156
BaseY: 2004
StartY: 1988
BaseDay: 1
First day of year: 2
The day is: 2
Date : {30, 11, 2005} Iterations: 2156
Date : {1, 12, 2005} Iterations: 2157
BaseY: 2004
StartY: 1988
BaseDay: 1
First day of year: 2
The day is: 3
DateGC : {7, 8, 2013} Iterations: 2157
BaseY: 2004
StartY: 1988
BaseDay: 1
First day of year: 2
The day is: 3
Date : {1, 12, 2005} Iterations: 2157
Date : {2, 12, 2005} Iterations: 2158
BaseY: 2004
StartY: 1988
BaseDay: 1
First day of year: 2
The day is: 4
DateGC : {8, 8, 2013} Iterations: 2158
BaseY: 2004
StartY: 1988
BaseDay: 1
First day of year: 2
The day is: 4
Date : {2, 12, 2005} Iterations: 2158
Date : {3, 12, 2005} Iterations: 2159
BaseY: 2004
StartY: 1988
BaseDay: 1
First day of year: 2
The day is: 5
DateGC : {9, 8, 2013} Iterations: 2159
BaseY: 2004
StartY: 1988
BaseDay: 1
First day of year: 2
The day is: 5
Date : {3, 12, 2005} Iterations: 2159
Date : {4, 12, 2005} Iterations: 2160
BaseY: 2004
StartY: 1988
BaseDay: 1
First day of year: 2
The day is: 6
DateGC : {10, 8, 2013} Iterations: 2160
BaseY: 2004
StartY: 1988
BaseDay: 1
First day of year: 2
The day is: 6
Date : {4, 12, 2005} Iterations: 2160
Date : {5, 12, 2005} Iterations: 2161
BaseY: 2004
StartY: 1988
BaseDay: 1
First day of year: 2
The day is: 7
DateGC : {11, 8, 2013} Iterations: 2161
BaseY: 2004
StartY: 1988
BaseDay: 1
First day of year: 2
The day is: 7
Date : {5, 12, 2005} Iterations: 2161
Date : {6, 12, 2005} Iterations: 2162
BaseY: 2004
StartY: 1988
BaseDay: 1
First day of year: 2
The day is: 1
DateGC : {12, 8, 2013} Iterations: 2162
BaseY: 2004
StartY: 1988
BaseDay: 1
First day of year: 2
The day is: 1
Date : {6, 12, 2005} Iterations: 2162
Date : {7, 12, 2005} Iterations: 2163
BaseY: 2004
StartY: 1988
BaseDay: 1
First day of year: 2
The day is: 2
DateGC : {13, 8, 2013} Iterations: 2163
BaseY: 2004
StartY: 1988
BaseDay: 1
First day of year: 2
The day is: 2
Date : {7, 12, 2005} Iterations: 2163
Date : {8, 12, 2005} Iterations: 2164
BaseY: 2004
StartY: 1988
BaseDay: 1
First day of year: 2
The day is: 3
DateGC : {14, 8, 2013} Iterations: 2164
BaseY: 2004
StartY: 1988
BaseDay: 1
First day of year: 2
The day is: 3
Date : {8, 12, 2005} Iterations: 2164
Date : {9, 12, 2005} Iterations: 2165
BaseY: 2004
StartY: 1988
BaseDay: 1
First day of year: 2
The day is: 4
DateGC : {15, 8, 2013} Iterations: 2165
BaseY: 2004
StartY: 1988
BaseDay: 1
First day of year: 2
The day is: 4
Date : {9, 12, 2005} Iterations: 2165
Date : {10, 12, 2005} Iterations: 2166
BaseY: 2004
StartY: 1988
BaseDay: 1
First day of year: 2
The day is: 5
DateGC : {16, 8, 2013} Iterations: 2166
BaseY: 2004
StartY: 1988
BaseDay: 1
First day of year: 2
The day is: 5
Date : {10, 12, 2005} Iterations: 2166
Date : {11, 12, 2005} Iterations: 2167
BaseY: 2004
StartY: 1988
BaseDay: 1
First day of year: 2
The day is: 6
DateGC : {17, 8, 2013} Iterations: 2167
BaseY: 2004
StartY: 1988
BaseDay: 1
First day of year: 2
The day is: 6
Date : {11, 12, 2005} Iterations: 2167
Date : {12, 12, 2005} Iterations: 2168
BaseY: 2004
StartY: 1988
BaseDay: 1
First day of year: 2
The day is: 7
DateGC : {18, 8, 2013} Iterations: 2168
BaseY: 2004
StartY: 1988
BaseDay: 1
First day of year: 2
The day is: 7
Date : {12, 12, 2005} Iterations: 2168
Date : {13, 12, 2005} Iterations: 2169
BaseY: 2004
StartY: 1988
BaseDay: 1
First day of year: 2
The day is: 1
DateGC : {19, 8, 2013} Iterations: 2169
BaseY: 2004
StartY: 1988
BaseDay: 1
First day of year: 2
The day is: 1
Date : {13, 12, 2005} Iterations: 2169
Date : {14, 12, 2005} Iterations: 2170
BaseY: 2004
StartY: 1988
BaseDay: 1
First day of year: 2
The day is: 2
DateGC : {20, 8, 2013} Iterations: 2170
BaseY: 2004
StartY: 1988
BaseDay: 1
First day of year: 2
The day is: 2
Date : {14, 12, 2005} Iterations: 2170
Date : {15, 12, 2005} Iterations: 2171
BaseY: 2004
StartY: 1988
BaseDay: 1
First day of year: 2
The day is: 3
DateGC : {21, 8, 2013} Iterations: 2171
BaseY: 2004
StartY: 1988
BaseDay: 1
First day of year: 2
The day is: 3
Date : {15, 12, 2005} Iterations: 2171
Date : {16, 12, 2005} Iterations: 2172
BaseY: 2004
StartY: 1988
BaseDay: 1
First day of year: 2
The day is: 4
DateGC : {22, 8, 2013} Iterations: 2172
BaseY: 2004
StartY: 1988
BaseDay: 1
First day of year: 2
The day is: 4
Date : {16, 12, 2005} Iterations: 2172
Date : {17, 12, 2005} Iterations: 2173
BaseY: 2004
StartY: 1988
BaseDay: 1
First day of year: 2
The day is: 5
DateGC : {23, 8, 2013} Iterations: 2173
BaseY: 2004
StartY: 1988
BaseDay: 1
First day of year: 2
The day is: 5
Date : {17, 12, 2005} Iterations: 2173
Date : {18, 12, 2005} Iterations: 2174
BaseY: 2004
StartY: 1988
BaseDay: 1
First day of year: 2
The day is: 6
DateGC : {24, 8, 2013} Iterations: 2174
BaseY: 2004
StartY: 1988
BaseDay: 1
First day of year: 2
The day is: 6
Date : {18, 12, 2005} Iterations: 2174
Date : {19, 12, 2005} Iterations: 2175
BaseY: 2004
StartY: 1988
BaseDay: 1
First day of year: 2
The day is: 7
DateGC : {25, 8, 2013} Iterations: 2175
BaseY: 2004
StartY: 1988
BaseDay: 1
First day of year: 2
The day is: 7
Date : {19, 12, 2005} Iterations: 2175
Date : {20, 12, 2005} Iterations: 2176
BaseY: 2004
StartY: 1988
BaseDay: 1
First day of year: 2
The day is: 1
DateGC : {26, 8, 2013} Iterations: 2176
BaseY: 2004
StartY: 1988
BaseDay: 1
First day of year: 2
The day is: 1
Date : {20, 12, 2005} Iterations: 2176
Date : {21, 12, 2005} Iterations: 2177
BaseY: 2004
StartY: 1988
BaseDay: 1
First day of year: 2
The day is: 2
DateGC : {27, 8, 2013} Iterations: 2177
BaseY: 2004
StartY: 1988
BaseDay: 1
First day of year: 2
The day is: 2
Date : {21, 12, 2005} Iterations: 2177
Date : {22, 12, 2005} Iterations: 2178
BaseY: 2004
StartY: 1988
BaseDay: 1
First day of year: 2
The day is: 3
DateGC : {28, 8, 2013} Iterations: 2178
BaseY: 2004
StartY: 1988
BaseDay: 1
First day of year: 2
The day is: 3
Date : {22, 12, 2005} Iterations: 2178
Date : {23, 12, 2005} Iterations: 2179
BaseY: 2004
StartY: 1988
BaseDay: 1
First day of year: 2
The day is: 4
DateGC : {29, 8, 2013} Iterations: 2179
BaseY: 2004
StartY: 1988
BaseDay: 1
First day of year: 2
The day is: 4
Date : {23, 12, 2005} Iterations: 2179
Date : {24, 12, 2005} Iterations: 2180
BaseY: 2004
StartY: 1988
BaseDay: 1
First day of year: 2
The day is: 5
DateGC : {30, 8, 2013} Iterations: 2180
BaseY: 2004
StartY: 1988
BaseDay: 1
First day of year: 2
The day is: 5
Date : {24, 12, 2005} Iterations: 2180
Date : {25, 12, 2005} Iterations: 2181
BaseY: 2004
StartY: 1988
BaseDay: 1
First day of year: 2
The day is: 6
DateGC : {31, 8, 2013} Iterations: 2181
BaseY: 2004
StartY: 1988
BaseDay: 1
First day of year: 2
The day is: 6
Date : {25, 12, 2005} Iterations: 2181
Date : {26, 12, 2005} Iterations: 2182
BaseY: 2004
StartY: 1988
BaseDay: 1
First day of year: 2
The day is: 7
DateGC : {1, 9, 2013} Iterations: 2182
BaseY: 2004
StartY: 1988
BaseDay: 1
First day of year: 2
The day is: 7
Date : {26, 12, 2005} Iterations: 2182
Date : {27, 12, 2005} Iterations: 2183
BaseY: 2004
StartY: 1988
BaseDay: 1
First day of year: 2
The day is: 1
DateGC : {2, 9, 2013} Iterations: 2183
BaseY: 2004
StartY: 1988
BaseDay: 1
First day of year: 2
The day is: 1
Date : {27, 12, 2005} Iterations: 2183
Date : {28, 12, 2005} Iterations: 2184
BaseY: 2004
StartY: 1988
BaseDay: 1
First day of year: 2
The day is: 2
DateGC : {3, 9, 2013} Iterations: 2184
BaseY: 2004
StartY: 1988
BaseDay: 1
First day of year: 2
The day is: 2
Date : {28, 12, 2005} Iterations: 2184
Date : {29, 12, 2005} Iterations: 2185
BaseY: 2004
StartY: 1988
BaseDay: 1
First day of year: 2
The day is: 3
DateGC : {4, 9, 2013} Iterations: 2185
BaseY: 2004
StartY: 1988
BaseDay: 1
First day of year: 2
The day is: 3
Date : {29, 12, 2005} Iterations: 2185
Date : {30, 12, 2005} Iterations: 2186
BaseY: 2004
StartY: 1988
BaseDay: 1
First day of year: 2
The day is: 4
DateGC : {5, 9, 2013} Iterations: 2186
BaseY: 2004
StartY: 1988
BaseDay: 1
First day of year: 2
The day is: 4
Date : {30, 12, 2005} Iterations: 2186
Date : {1, 13, 2005} Iterations: 2187
BaseY: 2004
StartY: 1988
BaseDay: 1
First day of year: 2
The day is: 5
DateGC : {6, 9, 2013} Iterations: 2187
BaseY: 2004
StartY: 1988
BaseDay: 1
First day of year: 2
The day is: 5
Date : {1, 13, 2005} Iterations: 2187
Date : {2, 13, 2005} Iterations: 2188
BaseY: 2004
StartY: 1988
BaseDay: 1
First day of year: 2
The day is: 6
DateGC : {7, 9, 2013} Iterations: 2188
BaseY: 2004
StartY: 1988
BaseDay: 1
First day of year: 2
The day is: 6
Date : {2, 13, 2005} Iterations: 2188
Date : {3, 13, 2005} Iterations: 2189
BaseY: 2004
StartY: 1988
BaseDay: 1
First day of year: 2
The day is: 7
DateGC : {8, 9, 2013} Iterations: 2189
BaseY: 2004
StartY: 1988
BaseDay: 1
First day of year: 2
The day is: 7
Date : {3, 13, 2005} Iterations: 2189
Date : {4, 13, 2005} Iterations: 2190
BaseY: 2004
StartY: 1988
BaseDay: 1
First day of year: 2
The day is: 1
DateGC : {9, 9, 2013} Iterations: 2190
BaseY: 2004
StartY: 1988
BaseDay: 1
First day of year: 2
The day is: 1
Date : {4, 13, 2005} Iterations: 2190
Date : {5, 13, 2005} Iterations: 2191
BaseY: 2004
StartY: 1988
BaseDay: 1
First day of year: 2
The day is: 2
DateGC : {10, 9, 2013} Iterations: 2191
BaseY: 2004
StartY: 1988
BaseDay: 1
First day of year: 2
The day is: 2
Date : {5, 13, 2005} Iterations: 2191
Date : {1, 1, 2006} Iterations: 2192
BaseY: 2004
StartY: 1988
BaseDay: 1
First day of year: 3
The day is: 3
DateGC : {11, 9, 2013} Iterations: 2192
BaseY: 2004
StartY: 1988
BaseDay: 1
First day of year: 3
The day is: 3
Date : {1, 1, 2006} Iterations: 2192
Date : {2, 1, 2006} Iterations: 2193
BaseY: 2004
StartY: 1988
BaseDay: 1
First day of year: 3
The day is: 4
DateGC : {12, 9, 2013} Iterations: 2193
BaseY: 2004
StartY: 1988
BaseDay: 1
First day of year: 3
The day is: 4
Date : {2, 1, 2006} Iterations: 2193
Date : {3, 1, 2006} Iterations: 2194
BaseY: 2004
StartY: 1988
BaseDay: 1
First day of year: 3
The day is: 5
DateGC : {13, 9, 2013} Iterations: 2194
BaseY: 2004
StartY: 1988
BaseDay: 1
First day of year: 3
The day is: 5
Date : {3, 1, 2006} Iterations: 2194
Date : {4, 1, 2006} Iterations: 2195
BaseY: 2004
StartY: 1988
BaseDay: 1
First day of year: 3
The day is: 6
DateGC : {14, 9, 2013} Iterations: 2195
BaseY: 2004
StartY: 1988
BaseDay: 1
First day of year: 3
The day is: 6
Date : {4, 1, 2006} Iterations: 2195
Date : {5, 1, 2006} Iterations: 2196
BaseY: 2004
StartY: 1988
BaseDay: 1
First day of year: 3
The day is: 7
DateGC : {15, 9, 2013} Iterations: 2196
BaseY: 2004
StartY: 1988
BaseDay: 1
First day of year: 3
The day is: 7
Date : {5, 1, 2006} Iterations: 2196
Date : {6, 1, 2006} Iterations: 2197
BaseY: 2004
StartY: 1988
BaseDay: 1
First day of year: 3
The day is: 1
DateGC : {16, 9, 2013} Iterations: 2197
BaseY: 2004
StartY: 1988
BaseDay: 1
First day of year: 3
The day is: 1
Date : {6, 1, 2006} Iterations: 2197
Date : {7, 1, 2006} Iterations: 2198
BaseY: 2004
StartY: 1988
BaseDay: 1
First day of year: 3
The day is: 2
DateGC : {17, 9, 2013} Iterations: 2198
BaseY: 2004
StartY: 1988
BaseDay: 1
First day of year: 3
The day is: 2
Date : {7, 1, 2006} Iterations: 2198
Date : {8, 1, 2006} Iterations: 2199
BaseY: 2004
StartY: 1988
BaseDay: 1
First day of year: 3
The day is: 3
DateGC : {18, 9, 2013} Iterations: 2199
BaseY: 2004
StartY: 1988
BaseDay: 1
First day of year: 3
The day is: 3
Date : {8, 1, 2006} Iterations: 2199
Date : {9, 1, 2006} Iterations: 2200
BaseY: 2004
StartY: 1988
BaseDay: 1
First day of year: 3
The day is: 4
DateGC : {19, 9, 2013} Iterations: 2200
BaseY: 2004
StartY: 1988
BaseDay: 1
First day of year: 3
The day is: 4
Date : {9, 1, 2006} Iterations: 2200
Date : {10, 1, 2006} Iterations: 2201
BaseY: 2004
StartY: 1988
BaseDay: 1
First day of year: 3
The day is: 5
DateGC : {20, 9, 2013} Iterations: 2201
BaseY: 2004
StartY: 1988
BaseDay: 1
First day of year: 3
The day is: 5
Date : {10, 1, 2006} Iterations: 2201
Date : {11, 1, 2006} Iterations: 2202
BaseY: 2004
StartY: 1988
BaseDay: 1
First day of year: 3
The day is: 6
DateGC : {21, 9, 2013} Iterations: 2202
BaseY: 2004
StartY: 1988
BaseDay: 1
First day of year: 3
The day is: 6
Date : {11, 1, 2006} Iterations: 2202
Date : {12, 1, 2006} Iterations: 2203
BaseY: 2004
StartY: 1988
BaseDay: 1
First day of year: 3
The day is: 7
DateGC : {22, 9, 2013} Iterations: 2203
BaseY: 2004
StartY: 1988
BaseDay: 1
First day of year: 3
The day is: 7
Date : {12, 1, 2006} Iterations: 2203
Date : {13, 1, 2006} Iterations: 2204
BaseY: 2004
StartY: 1988
BaseDay: 1
First day of year: 3
The day is: 1
DateGC : {23, 9, 2013} Iterations: 2204
BaseY: 2004
StartY: 1988
BaseDay: 1
First day of year: 3
The day is: 1
Date : {13, 1, 2006} Iterations: 2204
Date : {14, 1, 2006} Iterations: 2205
BaseY: 2004
StartY: 1988
BaseDay: 1
First day of year: 3
The day is: 2
DateGC : {24, 9, 2013} Iterations: 2205
BaseY: 2004
StartY: 1988
BaseDay: 1
First day of year: 3
The day is: 2
Date : {14, 1, 2006} Iterations: 2205
Date : {15, 1, 2006} Iterations: 2206
BaseY: 2004
StartY: 1988
BaseDay: 1
First day of year: 3
The day is: 3
DateGC : {25, 9, 2013} Iterations: 2206
BaseY: 2004
StartY: 1988
BaseDay: 1
First day of year: 3
The day is: 3
Date : {15, 1, 2006} Iterations: 2206
Date : {16, 1, 2006} Iterations: 2207
BaseY: 2004
StartY: 1988
BaseDay: 1
First day of year: 3
The day is: 4
DateGC : {26, 9, 2013} Iterations: 2207
BaseY: 2004
StartY: 1988
BaseDay: 1
First day of year: 3
The day is: 4
Date : {16, 1, 2006} Iterations: 2207
Date : {17, 1, 2006} Iterations: 2208
BaseY: 2004
StartY: 1988
BaseDay: 1
First day of year: 3
The day is: 5
DateGC : {27, 9, 2013} Iterations: 2208
BaseY: 2004
StartY: 1988
BaseDay: 1
First day of year: 3
The day is: 5
Date : {17, 1, 2006} Iterations: 2208
Date : {18, 1, 2006} Iterations: 2209
BaseY: 2004
StartY: 1988
BaseDay: 1
First day of year: 3
The day is: 6
DateGC : {28, 9, 2013} Iterations: 2209
BaseY: 2004
StartY: 1988
BaseDay: 1
First day of year: 3
The day is: 6
Date : {18, 1, 2006} Iterations: 2209
Date : {19, 1, 2006} Iterations: 2210
BaseY: 2004
StartY: 1988
BaseDay: 1
First day of year: 3
The day is: 7
DateGC : {29, 9, 2013} Iterations: 2210
BaseY: 2004
StartY: 1988
BaseDay: 1
First day of year: 3
The day is: 7
Date : {19, 1, 2006} Iterations: 2210
Date : {20, 1, 2006} Iterations: 2211
BaseY: 2004
StartY: 1988
BaseDay: 1
First day of year: 3
The day is: 1
DateGC : {30, 9, 2013} Iterations: 2211
BaseY: 2004
StartY: 1988
BaseDay: 1
First day of year: 3
The day is: 1
Date : {20, 1, 2006} Iterations: 2211
Date : {21, 1, 2006} Iterations: 2212
BaseY: 2004
StartY: 1988
BaseDay: 1
First day of year: 3
The day is: 2
DateGC : {1, 10, 2013} Iterations: 2212
BaseY: 2004
StartY: 1988
BaseDay: 1
First day of year: 3
The day is: 2
Date : {21, 1, 2006} Iterations: 2212
Date : {22, 1, 2006} Iterations: 2213
BaseY: 2004
StartY: 1988
BaseDay: 1
First day of year: 3
The day is: 3
DateGC : {2, 10, 2013} Iterations: 2213
BaseY: 2004
StartY: 1988
BaseDay: 1
First day of year: 3
The day is: 3
Date : {22, 1, 2006} Iterations: 2213
Date : {23, 1, 2006} Iterations: 2214
BaseY: 2004
StartY: 1988
BaseDay: 1
First day of year: 3
The day is: 4
DateGC : {3, 10, 2013} Iterations: 2214
BaseY: 2004
StartY: 1988
BaseDay: 1
First day of year: 3
The day is: 4
Date : {23, 1, 2006} Iterations: 2214
Date : {24, 1, 2006} Iterations: 2215
BaseY: 2004
StartY: 1988
BaseDay: 1
First day of year: 3
The day is: 5
DateGC : {4, 10, 2013} Iterations: 2215
BaseY: 2004
StartY: 1988
BaseDay: 1
First day of year: 3
The day is: 5
Date : {24, 1, 2006} Iterations: 2215
Date : {25, 1, 2006} Iterations: 2216
BaseY: 2004
StartY: 1988
BaseDay: 1
First day of year: 3
The day is: 6
DateGC : {5, 10, 2013} Iterations: 2216
BaseY: 2004
StartY: 1988
BaseDay: 1
First day of year: 3
The day is: 6
Date : {25, 1, 2006} Iterations: 2216
Date : {26, 1, 2006} Iterations: 2217
BaseY: 2004
StartY: 1988
BaseDay: 1
First day of year: 3
The day is: 7
DateGC : {6, 10, 2013} Iterations: 2217
BaseY: 2004
StartY: 1988
BaseDay: 1
First day of year: 3
The day is: 7
Date : {26, 1, 2006} Iterations: 2217
Date : {27, 1, 2006} Iterations: 2218
BaseY: 2004
StartY: 1988
BaseDay: 1
First day of year: 3
The day is: 1
DateGC : {7, 10, 2013} Iterations: 2218
BaseY: 2004
StartY: 1988
BaseDay: 1
First day of year: 3
The day is: 1
Date : {27, 1, 2006} Iterations: 2218
Date : {28, 1, 2006} Iterations: 2219
BaseY: 2004
StartY: 1988
BaseDay: 1
First day of year: 3
The day is: 2
DateGC : {8, 10, 2013} Iterations: 2219
BaseY: 2004
StartY: 1988
BaseDay: 1
First day of year: 3
The day is: 2
Date : {28, 1, 2006} Iterations: 2219
Date : {29, 1, 2006} Iterations: 2220
BaseY: 2004
StartY: 1988
BaseDay: 1
First day of year: 3
The day is: 3
DateGC : {9, 10, 2013} Iterations: 2220
BaseY: 2004
StartY: 1988
BaseDay: 1
First day of year: 3
The day is: 3
Date : {29, 1, 2006} Iterations: 2220
Date : {30, 1, 2006} Iterations: 2221
BaseY: 2004
StartY: 1988
BaseDay: 1
First day of year: 3
The day is: 4
DateGC : {10, 10, 2013} Iterations: 2221
BaseY: 2004
StartY: 1988
BaseDay: 1
First day of year: 3
The day is: 4
Date : {30, 1, 2006} Iterations: 2221
Date : {1, 2, 2006} Iterations: 2222
BaseY: 2004
StartY: 1988
BaseDay: 1
First day of year: 3
The day is: 5
DateGC : {11, 10, 2013} Iterations: 2222
BaseY: 2004
StartY: 1988
BaseDay: 1
First day of year: 3
The day is: 5
Date : {1, 2, 2006} Iterations: 2222
Date : {2, 2, 2006} Iterations: 2223
BaseY: 2004
StartY: 1988
BaseDay: 1
First day of year: 3
The day is: 6
DateGC : {12, 10, 2013} Iterations: 2223
BaseY: 2004
StartY: 1988
BaseDay: 1
First day of year: 3
The day is: 6
Date : {2, 2, 2006} Iterations: 2223
Date : {3, 2, 2006} Iterations: 2224
BaseY: 2004
StartY: 1988
BaseDay: 1
First day of year: 3
The day is: 7
DateGC : {13, 10, 2013} Iterations: 2224
BaseY: 2004
StartY: 1988
BaseDay: 1
First day of year: 3
The day is: 7
Date : {3, 2, 2006} Iterations: 2224
Date : {4, 2, 2006} Iterations: 2225
BaseY: 2004
StartY: 1988
BaseDay: 1
First day of year: 3
The day is: 1
DateGC : {14, 10, 2013} Iterations: 2225
BaseY: 2004
StartY: 1988
BaseDay: 1
First day of year: 3
The day is: 1
Date : {4, 2, 2006} Iterations: 2225
Date : {5, 2, 2006} Iterations: 2226
BaseY: 2004
StartY: 1988
BaseDay: 1
First day of year: 3
The day is: 2
DateGC : {15, 10, 2013} Iterations: 2226
BaseY: 2004
StartY: 1988
BaseDay: 1
First day of year: 3
The day is: 2
Date : {5, 2, 2006} Iterations: 2226
Date : {6, 2, 2006} Iterations: 2227
BaseY: 2004
StartY: 1988
BaseDay: 1
First day of year: 3
The day is: 3
DateGC : {16, 10, 2013} Iterations: 2227
BaseY: 2004
StartY: 1988
BaseDay: 1
First day of year: 3
The day is: 3
Date : {6, 2, 2006} Iterations: 2227
Date : {7, 2, 2006} Iterations: 2228
BaseY: 2004
StartY: 1988
BaseDay: 1
First day of year: 3
The day is: 4
DateGC : {17, 10, 2013} Iterations: 2228
BaseY: 2004
StartY: 1988
BaseDay: 1
First day of year: 3
The day is: 4
Date : {7, 2, 2006} Iterations: 2228
Date : {8, 2, 2006} Iterations: 2229
BaseY: 2004
StartY: 1988
BaseDay: 1
First day of year: 3
The day is: 5
DateGC : {18, 10, 2013} Iterations: 2229
BaseY: 2004
StartY: 1988
BaseDay: 1
First day of year: 3
The day is: 5
Date : {8, 2, 2006} Iterations: 2229
Date : {9, 2, 2006} Iterations: 2230
BaseY: 2004
StartY: 1988
BaseDay: 1
First day of year: 3
The day is: 6
DateGC : {19, 10, 2013} Iterations: 2230
BaseY: 2004
StartY: 1988
BaseDay: 1
First day of year: 3
The day is: 6
Date : {9, 2, 2006} Iterations: 2230
Date : {10, 2, 2006} Iterations: 2231
BaseY: 2004
StartY: 1988
BaseDay: 1
First day of year: 3
The day is: 7
DateGC : {20, 10, 2013} Iterations: 2231
BaseY: 2004
StartY: 1988
BaseDay: 1
First day of year: 3
The day is: 7
Date : {10, 2, 2006} Iterations: 2231
Date : {11, 2, 2006} Iterations: 2232
BaseY: 2004
StartY: 1988
BaseDay: 1
First day of year: 3
The day is: 1
DateGC : {21, 10, 2013} Iterations: 2232
BaseY: 2004
StartY: 1988
BaseDay: 1
First day of year: 3
The day is: 1
Date : {11, 2, 2006} Iterations: 2232
Date : {12, 2, 2006} Iterations: 2233
BaseY: 2004
StartY: 1988
BaseDay: 1
First day of year: 3
The day is: 2
DateGC : {22, 10, 2013} Iterations: 2233
BaseY: 2004
StartY: 1988
BaseDay: 1
First day of year: 3
The day is: 2
Date : {12, 2, 2006} Iterations: 2233
Date : {13, 2, 2006} Iterations: 2234
BaseY: 2004
StartY: 1988
BaseDay: 1
First day of year: 3
The day is: 3
DateGC : {23, 10, 2013} Iterations: 2234
BaseY: 2004
StartY: 1988
BaseDay: 1
First day of year: 3
The day is: 3
Date : {13, 2, 2006} Iterations: 2234
Date : {14, 2, 2006} Iterations: 2235
BaseY: 2004
StartY: 1988
BaseDay: 1
First day of year: 3
The day is: 4
DateGC : {24, 10, 2013} Iterations: 2235
BaseY: 2004
StartY: 1988
BaseDay: 1
First day of year: 3
The day is: 4
Date : {14, 2, 2006} Iterations: 2235
Date : {15, 2, 2006} Iterations: 2236
BaseY: 2004
StartY: 1988
BaseDay: 1
First day of year: 3
The day is: 5
DateGC : {25, 10, 2013} Iterations: 2236
BaseY: 2004
StartY: 1988
BaseDay: 1
First day of year: 3
The day is: 5
Date : {15, 2, 2006} Iterations: 2236
Date : {16, 2, 2006} Iterations: 2237
BaseY: 2004
StartY: 1988
BaseDay: 1
First day of year: 3
The day is: 6
DateGC : {26, 10, 2013} Iterations: 2237
BaseY: 2004
StartY: 1988
BaseDay: 1
First day of year: 3
The day is: 6
Date : {16, 2, 2006} Iterations: 2237
Date : {17, 2, 2006} Iterations: 2238
BaseY: 2004
StartY: 1988
BaseDay: 1
First day of year: 3
The day is: 7
DateGC : {27, 10, 2013} Iterations: 2238
BaseY: 2004
StartY: 1988
BaseDay: 1
First day of year: 3
The day is: 7
Date : {17, 2, 2006} Iterations: 2238
Date : {18, 2, 2006} Iterations: 2239
BaseY: 2004
StartY: 1988
BaseDay: 1
First day of year: 3
The day is: 1
DateGC : {28, 10, 2013} Iterations: 2239
BaseY: 2004
StartY: 1988
BaseDay: 1
First day of year: 3
The day is: 1
Date : {18, 2, 2006} Iterations: 2239
Date : {19, 2, 2006} Iterations: 2240
BaseY: 2004
StartY: 1988
BaseDay: 1
First day of year: 3
The day is: 2
DateGC : {29, 10, 2013} Iterations: 2240
BaseY: 2004
StartY: 1988
BaseDay: 1
First day of year: 3
The day is: 2
Date : {19, 2, 2006} Iterations: 2240
Date : {20, 2, 2006} Iterations: 2241
BaseY: 2004
StartY: 1988
BaseDay: 1
First day of year: 3
The day is: 3
DateGC : {30, 10, 2013} Iterations: 2241
BaseY: 2004
StartY: 1988
BaseDay: 1
First day of year: 3
The day is: 3
Date : {20, 2, 2006} Iterations: 2241
Date : {21, 2, 2006} Iterations: 2242
BaseY: 2004
StartY: 1988
BaseDay: 1
First day of year: 3
The day is: 4
DateGC : {31, 10, 2013} Iterations: 2242
BaseY: 2004
StartY: 1988
BaseDay: 1
First day of year: 3
The day is: 4
Date : {21, 2, 2006} Iterations: 2242
Date : {22, 2, 2006} Iterations: 2243
BaseY: 2004
StartY: 1988
BaseDay: 1
First day of year: 3
The day is: 5
DateGC : {1, 11, 2013} Iterations: 2243
BaseY: 2004
StartY: 1988
BaseDay: 1
First day of year: 3
The day is: 5
Date : {22, 2, 2006} Iterations: 2243
Date : {23, 2, 2006} Iterations: 2244
BaseY: 2004
StartY: 1988
BaseDay: 1
First day of year: 3
The day is: 6
DateGC : {2, 11, 2013} Iterations: 2244
BaseY: 2004
StartY: 1988
BaseDay: 1
First day of year: 3
The day is: 6
Date : {23, 2, 2006} Iterations: 2244
Date : {24, 2, 2006} Iterations: 2245
BaseY: 2004
StartY: 1988
BaseDay: 1
First day of year: 3
The day is: 7
DateGC : {3, 11, 2013} Iterations: 2245
BaseY: 2004
StartY: 1988
BaseDay: 1
First day of year: 3
The day is: 7
Date : {24, 2, 2006} Iterations: 2245
Date : {25, 2, 2006} Iterations: 2246
BaseY: 2004
StartY: 1988
BaseDay: 1
First day of year: 3
The day is: 1
DateGC : {4, 11, 2013} Iterations: 2246
BaseY: 2004
StartY: 1988
BaseDay: 1
First day of year: 3
The day is: 1
Date : {25, 2, 2006} Iterations: 2246
Date : {26, 2, 2006} Iterations: 2247
BaseY: 2004
StartY: 1988
BaseDay: 1
First day of year: 3
The day is: 2
DateGC : {5, 11, 2013} Iterations: 2247
BaseY: 2004
StartY: 1988
BaseDay: 1
First day of year: 3
The day is: 2
Date : {26, 2, 2006} Iterations: 2247
Date : {27, 2, 2006} Iterations: 2248
BaseY: 2004
StartY: 1988
BaseDay: 1
First day of year: 3
The day is: 3
DateGC : {6, 11, 2013} Iterations: 2248
BaseY: 2004
StartY: 1988
BaseDay: 1
First day of year: 3
The day is: 3
Date : {27, 2, 2006} Iterations: 2248
Date : {28, 2, 2006} Iterations: 2249
BaseY: 2004
StartY: 1988
BaseDay: 1
First day of year: 3
The day is: 4
DateGC : {7, 11, 2013} Iterations: 2249
BaseY: 2004
StartY: 1988
BaseDay: 1
First day of year: 3
The day is: 4
Date : {28, 2, 2006} Iterations: 2249
Date : {29, 2, 2006} Iterations: 2250
BaseY: 2004
StartY: 1988
BaseDay: 1
First day of year: 3
The day is: 5
DateGC : {8, 11, 2013} Iterations: 2250
BaseY: 2004
StartY: 1988
BaseDay: 1
First day of year: 3
The day is: 5
Date : {29, 2, 2006} Iterations: 2250
Date : {30, 2, 2006} Iterations: 2251
BaseY: 2004
StartY: 1988
BaseDay: 1
First day of year: 3
The day is: 6
DateGC : {9, 11, 2013} Iterations: 2251
BaseY: 2004
StartY: 1988
BaseDay: 1
First day of year: 3
The day is: 6
Date : {30, 2, 2006} Iterations: 2251
Date : {1, 3, 2006} Iterations: 2252
BaseY: 2004
StartY: 1988
BaseDay: 1
First day of year: 3
The day is: 7
DateGC : {10, 11, 2013} Iterations: 2252
BaseY: 2004
StartY: 1988
BaseDay: 1
First day of year: 3
The day is: 7
Date : {1, 3, 2006} Iterations: 2252
Date : {2, 3, 2006} Iterations: 2253
BaseY: 2004
StartY: 1988
BaseDay: 1
First day of year: 3
The day is: 1
DateGC : {11, 11, 2013} Iterations: 2253
BaseY: 2004
StartY: 1988
BaseDay: 1
First day of year: 3
The day is: 1
Date : {2, 3, 2006} Iterations: 2253
Date : {3, 3, 2006} Iterations: 2254
BaseY: 2004
StartY: 1988
BaseDay: 1
First day of year: 3
The day is: 2
DateGC : {12, 11, 2013} Iterations: 2254
BaseY: 2004
StartY: 1988
BaseDay: 1
First day of year: 3
The day is: 2
Date : {3, 3, 2006} Iterations: 2254
Date : {4, 3, 2006} Iterations: 2255
BaseY: 2004
StartY: 1988
BaseDay: 1
First day of year: 3
The day is: 3
DateGC : {13, 11, 2013} Iterations: 2255
BaseY: 2004
StartY: 1988
BaseDay: 1
First day of year: 3
The day is: 3
Date : {4, 3, 2006} Iterations: 2255
Date : {5, 3, 2006} Iterations: 2256
BaseY: 2004
StartY: 1988
BaseDay: 1
First day of year: 3
The day is: 4
DateGC : {14, 11, 2013} Iterations: 2256
BaseY: 2004
StartY: 1988
BaseDay: 1
First day of year: 3
The day is: 4
Date : {5, 3, 2006} Iterations: 2256
Date : {6, 3, 2006} Iterations: 2257
BaseY: 2004
StartY: 1988
BaseDay: 1
First day of year: 3
The day is: 5
DateGC : {15, 11, 2013} Iterations: 2257
BaseY: 2004
StartY: 1988
BaseDay: 1
First day of year: 3
The day is: 5
Date : {6, 3, 2006} Iterations: 2257
Date : {7, 3, 2006} Iterations: 2258
BaseY: 2004
StartY: 1988
BaseDay: 1
First day of year: 3
The day is: 6
DateGC : {16, 11, 2013} Iterations: 2258
BaseY: 2004
StartY: 1988
BaseDay: 1
First day of year: 3
The day is: 6
Date : {7, 3, 2006} Iterations: 2258
Date : {8, 3, 2006} Iterations: 2259
BaseY: 2004
StartY: 1988
BaseDay: 1
First day of year: 3
The day is: 7
DateGC : {17, 11, 2013} Iterations: 2259
BaseY: 2004
StartY: 1988
BaseDay: 1
First day of year: 3
The day is: 7
Date : {8, 3, 2006} Iterations: 2259
Date : {9, 3, 2006} Iterations: 2260
BaseY: 2004
StartY: 1988
BaseDay: 1
First day of year: 3
The day is: 1
DateGC : {18, 11, 2013} Iterations: 2260
BaseY: 2004
StartY: 1988
BaseDay: 1
First day of year: 3
The day is: 1
Date : {9, 3, 2006} Iterations: 2260
Date : {10, 3, 2006} Iterations: 2261
BaseY: 2004
StartY: 1988
BaseDay: 1
First day of year: 3
The day is: 2
DateGC : {19, 11, 2013} Iterations: 2261
BaseY: 2004
StartY: 1988
BaseDay: 1
First day of year: 3
The day is: 2
Date : {10, 3, 2006} Iterations: 2261
Date : {11, 3, 2006} Iterations: 2262
BaseY: 2004
StartY: 1988
BaseDay: 1
First day of year: 3
The day is: 3
DateGC : {20, 11, 2013} Iterations: 2262
BaseY: 2004
StartY: 1988
BaseDay: 1
First day of year: 3
The day is: 3
Date : {11, 3, 2006} Iterations: 2262
Date : {12, 3, 2006} Iterations: 2263
BaseY: 2004
StartY: 1988
BaseDay: 1
First day of year: 3
The day is: 4
DateGC : {21, 11, 2013} Iterations: 2263
BaseY: 2004
StartY: 1988
BaseDay: 1
First day of year: 3
The day is: 4
Date : {12, 3, 2006} Iterations: 2263
Date : {13, 3, 2006} Iterations: 2264
BaseY: 2004
StartY: 1988
BaseDay: 1
First day of year: 3
The day is: 5
DateGC : {22, 11, 2013} Iterations: 2264
BaseY: 2004
StartY: 1988
BaseDay: 1
First day of year: 3
The day is: 5
Date : {13, 3, 2006} Iterations: 2264
Date : {14, 3, 2006} Iterations: 2265
BaseY: 2004
StartY: 1988
BaseDay: 1
First day of year: 3
The day is: 6
DateGC : {23, 11, 2013} Iterations: 2265
BaseY: 2004
StartY: 1988
BaseDay: 1
First day of year: 3
The day is: 6
Date : {14, 3, 2006} Iterations: 2265
Date : {15, 3, 2006} Iterations: 2266
BaseY: 2004
StartY: 1988
BaseDay: 1
First day of year: 3
The day is: 7
DateGC : {24, 11, 2013} Iterations: 2266
BaseY: 2004
StartY: 1988
BaseDay: 1
First day of year: 3
The day is: 7
Date : {15, 3, 2006} Iterations: 2266
Date : {16, 3, 2006} Iterations: 2267
BaseY: 2004
StartY: 1988
BaseDay: 1
First day of year: 3
The day is: 1
DateGC : {25, 11, 2013} Iterations: 2267
BaseY: 2004
StartY: 1988
BaseDay: 1
First day of year: 3
The day is: 1
Date : {16, 3, 2006} Iterations: 2267
Date : {17, 3, 2006} Iterations: 2268
BaseY: 2004
StartY: 1988
BaseDay: 1
First day of year: 3
The day is: 2
DateGC : {26, 11, 2013} Iterations: 2268
BaseY: 2004
StartY: 1988
BaseDay: 1
First day of year: 3
The day is: 2
Date : {17, 3, 2006} Iterations: 2268
Date : {18, 3, 2006} Iterations: 2269
BaseY: 2004
StartY: 1988
BaseDay: 1
First day of year: 3
The day is: 3
DateGC : {27, 11, 2013} Iterations: 2269
BaseY: 2004
StartY: 1988
BaseDay: 1
First day of year: 3
The day is: 3
Date : {18, 3, 2006} Iterations: 2269
Date : {19, 3, 2006} Iterations: 2270
BaseY: 2004
StartY: 1988
BaseDay: 1
First day of year: 3
The day is: 4
DateGC : {28, 11, 2013} Iterations: 2270
BaseY: 2004
StartY: 1988
BaseDay: 1
First day of year: 3
The day is: 4
Date : {19, 3, 2006} Iterations: 2270
Date : {20, 3, 2006} Iterations: 2271
BaseY: 2004
StartY: 1988
BaseDay: 1
First day of year: 3
The day is: 5
DateGC : {29, 11, 2013} Iterations: 2271
BaseY: 2004
StartY: 1988
BaseDay: 1
First day of year: 3
The day is: 5
Date : {20, 3, 2006} Iterations: 2271
Date : {21, 3, 2006} Iterations: 2272
BaseY: 2004
StartY: 1988
BaseDay: 1
First day of year: 3
The day is: 6
DateGC : {30, 11, 2013} Iterations: 2272
BaseY: 2004
StartY: 1988
BaseDay: 1
First day of year: 3
The day is: 6
Date : {21, 3, 2006} Iterations: 2272
Date : {22, 3, 2006} Iterations: 2273
BaseY: 2004
StartY: 1988
BaseDay: 1
First day of year: 3
The day is: 7
DateGC : {1, 12, 2013} Iterations: 2273
BaseY: 2004
StartY: 1988
BaseDay: 1
First day of year: 3
The day is: 7
Date : {22, 3, 2006} Iterations: 2273
Date : {23, 3, 2006} Iterations: 2274
BaseY: 2004
StartY: 1988
BaseDay: 1
First day of year: 3
The day is: 1
DateGC : {2, 12, 2013} Iterations: 2274
BaseY: 2004
StartY: 1988
BaseDay: 1
First day of year: 3
The day is: 1
Date : {23, 3, 2006} Iterations: 2274
Date : {24, 3, 2006} Iterations: 2275
BaseY: 2004
StartY: 1988
BaseDay: 1
First day of year: 3
The day is: 2
DateGC : {3, 12, 2013} Iterations: 2275
BaseY: 2004
StartY: 1988
BaseDay: 1
First day of year: 3
The day is: 2
Date : {24, 3, 2006} Iterations: 2275
Date : {25, 3, 2006} Iterations: 2276
BaseY: 2004
StartY: 1988
BaseDay: 1
First day of year: 3
The day is: 3
DateGC : {4, 12, 2013} Iterations: 2276
BaseY: 2004
StartY: 1988
BaseDay: 1
First day of year: 3
The day is: 3
Date : {25, 3, 2006} Iterations: 2276
Date : {26, 3, 2006} Iterations: 2277
BaseY: 2004
StartY: 1988
BaseDay: 1
First day of year: 3
The day is: 4
DateGC : {5, 12, 2013} Iterations: 2277
BaseY: 2004
StartY: 1988
BaseDay: 1
First day of year: 3
The day is: 4
Date : {26, 3, 2006} Iterations: 2277
Date : {27, 3, 2006} Iterations: 2278
BaseY: 2004
StartY: 1988
BaseDay: 1
First day of year: 3
The day is: 5
DateGC : {6, 12, 2013} Iterations: 2278
BaseY: 2004
StartY: 1988
BaseDay: 1
First day of year: 3
The day is: 5
Date : {27, 3, 2006} Iterations: 2278
Date : {28, 3, 2006} Iterations: 2279
BaseY: 2004
StartY: 1988
BaseDay: 1
First day of year: 3
The day is: 6
DateGC : {7, 12, 2013} Iterations: 2279
BaseY: 2004
StartY: 1988
BaseDay: 1
First day of year: 3
The day is: 6
Date : {28, 3, 2006} Iterations: 2279
Date : {29, 3, 2006} Iterations: 2280
BaseY: 2004
StartY: 1988
BaseDay: 1
First day of year: 3
The day is: 7
DateGC : {8, 12, 2013} Iterations: 2280
BaseY: 2004
StartY: 1988
BaseDay: 1
First day of year: 3
The day is: 7
Date : {29, 3, 2006} Iterations: 2280
Date : {30, 3, 2006} Iterations: 2281
BaseY: 2004
StartY: 1988
BaseDay: 1
First day of year: 3
The day is: 1
DateGC : {9, 12, 2013} Iterations: 2281
BaseY: 2004
StartY: 1988
BaseDay: 1
First day of year: 3
The day is: 1
Date : {30, 3, 2006} Iterations: 2281
Date : {1, 4, 2006} Iterations: 2282
BaseY: 2004
StartY: 1988
BaseDay: 1
First day of year: 3
The day is: 2
DateGC : {10, 12, 2013} Iterations: 2282
BaseY: 2004
StartY: 1988
BaseDay: 1
First day of year: 3
The day is: 2
Date : {1, 4, 2006} Iterations: 2282
Date : {2, 4, 2006} Iterations: 2283
BaseY: 2004
StartY: 1988
BaseDay: 1
First day of year: 3
The day is: 3
DateGC : {11, 12, 2013} Iterations: 2283
BaseY: 2004
StartY: 1988
BaseDay: 1
First day of year: 3
The day is: 3
Date : {2, 4, 2006} Iterations: 2283
Date : {3, 4, 2006} Iterations: 2284
BaseY: 2004
StartY: 1988
BaseDay: 1
First day of year: 3
The day is: 4
DateGC : {12, 12, 2013} Iterations: 2284
BaseY: 2004
StartY: 1988
BaseDay: 1
First day of year: 3
The day is: 4
Date : {3, 4, 2006} Iterations: 2284
Date : {4, 4, 2006} Iterations: 2285
BaseY: 2004
StartY: 1988
BaseDay: 1
First day of year: 3
The day is: 5
DateGC : {13, 12, 2013} Iterations: 2285
BaseY: 2004
StartY: 1988
BaseDay: 1
First day of year: 3
The day is: 5
Date : {4, 4, 2006} Iterations: 2285
Date : {5, 4, 2006} Iterations: 2286
BaseY: 2004
StartY: 1988
BaseDay: 1
First day of year: 3
The day is: 6
DateGC : {14, 12, 2013} Iterations: 2286
BaseY: 2004
StartY: 1988
BaseDay: 1
First day of year: 3
The day is: 6
Date : {5, 4, 2006} Iterations: 2286
Date : {6, 4, 2006} Iterations: 2287
BaseY: 2004
StartY: 1988
BaseDay: 1
First day of year: 3
The day is: 7
DateGC : {15, 12, 2013} Iterations: 2287
BaseY: 2004
StartY: 1988
BaseDay: 1
First day of year: 3
The day is: 7
Date : {6, 4, 2006} Iterations: 2287
Date : {7, 4, 2006} Iterations: 2288
BaseY: 2004
StartY: 1988
BaseDay: 1
First day of year: 3
The day is: 1
DateGC : {16, 12, 2013} Iterations: 2288
BaseY: 2004
StartY: 1988
BaseDay: 1
First day of year: 3
The day is: 1
Date : {7, 4, 2006} Iterations: 2288
Date : {8, 4, 2006} Iterations: 2289
BaseY: 2004
StartY: 1988
BaseDay: 1
First day of year: 3
The day is: 2
DateGC : {17, 12, 2013} Iterations: 2289
BaseY: 2004
StartY: 1988
BaseDay: 1
First day of year: 3
The day is: 2
Date : {8, 4, 2006} Iterations: 2289
Date : {9, 4, 2006} Iterations: 2290
BaseY: 2004
StartY: 1988
BaseDay: 1
First day of year: 3
The day is: 3
DateGC : {18, 12, 2013} Iterations: 2290
BaseY: 2004
StartY: 1988
BaseDay: 1
First day of year: 3
The day is: 3
Date : {9, 4, 2006} Iterations: 2290
Date : {10, 4, 2006} Iterations: 2291
BaseY: 2004
StartY: 1988
BaseDay: 1
First day of year: 3
The day is: 4
DateGC : {19, 12, 2013} Iterations: 2291
BaseY: 2004
StartY: 1988
BaseDay: 1
First day of year: 3
The day is: 4
Date : {10, 4, 2006} Iterations: 2291
Date : {11, 4, 2006} Iterations: 2292
BaseY: 2004
StartY: 1988
BaseDay: 1
First day of year: 3
The day is: 5
DateGC : {20, 12, 2013} Iterations: 2292
BaseY: 2004
StartY: 1988
BaseDay: 1
First day of year: 3
The day is: 5
Date : {11, 4, 2006} Iterations: 2292
Date : {12, 4, 2006} Iterations: 2293
BaseY: 2004
StartY: 1988
BaseDay: 1
First day of year: 3
The day is: 6
DateGC : {21, 12, 2013} Iterations: 2293
BaseY: 2004
StartY: 1988
BaseDay: 1
First day of year: 3
The day is: 6
Date : {12, 4, 2006} Iterations: 2293
Date : {13, 4, 2006} Iterations: 2294
BaseY: 2004
StartY: 1988
BaseDay: 1
First day of year: 3
The day is: 7
DateGC : {22, 12, 2013} Iterations: 2294
BaseY: 2004
StartY: 1988
BaseDay: 1
First day of year: 3
The day is: 7
Date : {13, 4, 2006} Iterations: 2294
Date : {14, 4, 2006} Iterations: 2295
BaseY: 2004
StartY: 1988
BaseDay: 1
First day of year: 3
The day is: 1
DateGC : {23, 12, 2013} Iterations: 2295
BaseY: 2004
StartY: 1988
BaseDay: 1
First day of year: 3
The day is: 1
Date : {14, 4, 2006} Iterations: 2295
Date : {15, 4, 2006} Iterations: 2296
BaseY: 2004
StartY: 1988
BaseDay: 1
First day of year: 3
The day is: 2
DateGC : {24, 12, 2013} Iterations: 2296
BaseY: 2004
StartY: 1988
BaseDay: 1
First day of year: 3
The day is: 2
Date : {15, 4, 2006} Iterations: 2296
Date : {16, 4, 2006} Iterations: 2297
BaseY: 2004
StartY: 1988
BaseDay: 1
First day of year: 3
The day is: 3
DateGC : {25, 12, 2013} Iterations: 2297
BaseY: 2004
StartY: 1988
BaseDay: 1
First day of year: 3
The day is: 3
Date : {16, 4, 2006} Iterations: 2297
Date : {17, 4, 2006} Iterations: 2298
BaseY: 2004
StartY: 1988
BaseDay: 1
First day of year: 3
The day is: 4
DateGC : {26, 12, 2013} Iterations: 2298
BaseY: 2004
StartY: 1988
BaseDay: 1
First day of year: 3
The day is: 4
Date : {17, 4, 2006} Iterations: 2298
Date : {18, 4, 2006} Iterations: 2299
BaseY: 2004
StartY: 1988
BaseDay: 1
First day of year: 3
The day is: 5
DateGC : {27, 12, 2013} Iterations: 2299
BaseY: 2004
StartY: 1988
BaseDay: 1
First day of year: 3
The day is: 5
Date : {18, 4, 2006} Iterations: 2299
Date : {19, 4, 2006} Iterations: 2300
BaseY: 2004
StartY: 1988
BaseDay: 1
First day of year: 3
The day is: 6
DateGC : {28, 12, 2013} Iterations: 2300
BaseY: 2004
StartY: 1988
BaseDay: 1
First day of year: 3
The day is: 6
Date : {19, 4, 2006} Iterations: 2300
Date : {20, 4, 2006} Iterations: 2301
BaseY: 2004
StartY: 1988
BaseDay: 1
First day of year: 3
The day is: 7
DateGC : {29, 12, 2013} Iterations: 2301
BaseY: 2004
StartY: 1988
BaseDay: 1
First day of year: 3
The day is: 7
Date : {20, 4, 2006} Iterations: 2301
Date : {21, 4, 2006} Iterations: 2302
BaseY: 2004
StartY: 1988
BaseDay: 1
First day of year: 3
The day is: 1
DateGC : {30, 12, 2013} Iterations: 2302
BaseY: 2004
StartY: 1988
BaseDay: 1
First day of year: 3
The day is: 1
Date : {21, 4, 2006} Iterations: 2302
Date : {22, 4, 2006} Iterations: 2303
BaseY: 2004
StartY: 1988
BaseDay: 1
First day of year: 3
The day is: 2
DateGC : {31, 12, 2013} Iterations: 2303
BaseY: 2004
StartY: 1988
BaseDay: 1
First day of year: 3
The day is: 2
Date : {22, 4, 2006} Iterations: 2303
Date : {23, 4, 2006} Iterations: 2304
BaseY: 2004
StartY: 1988
BaseDay: 1
First day of year: 3
The day is: 3
DateGC : {1, 1, 2014} Iterations: 2304
BaseY: 2004
StartY: 1988
BaseDay: 1
First day of year: 3
The day is: 3
Date : {23, 4, 2006} Iterations: 2304
Date : {24, 4, 2006} Iterations: 2305
BaseY: 2004
StartY: 1988
BaseDay: 1
First day of year: 3
The day is: 4
DateGC : {2, 1, 2014} Iterations: 2305
BaseY: 2004
StartY: 1988
BaseDay: 1
First day of year: 3
The day is: 4
Date : {24, 4, 2006} Iterations: 2305
Date : {25, 4, 2006} Iterations: 2306
BaseY: 2004
StartY: 1988
BaseDay: 1
First day of year: 3
The day is: 5
DateGC : {3, 1, 2014} Iterations: 2306
BaseY: 2004
StartY: 1988
BaseDay: 1
First day of year: 3
The day is: 5
Date : {25, 4, 2006} Iterations: 2306
Date : {26, 4, 2006} Iterations: 2307
BaseY: 2004
StartY: 1988
BaseDay: 1
First day of year: 3
The day is: 6
DateGC : {4, 1, 2014} Iterations: 2307
BaseY: 2004
StartY: 1988
BaseDay: 1
First day of year: 3
The day is: 6
Date : {26, 4, 2006} Iterations: 2307
Date : {27, 4, 2006} Iterations: 2308
BaseY: 2004
StartY: 1988
BaseDay: 1
First day of year: 3
The day is: 7
DateGC : {5, 1, 2014} Iterations: 2308
BaseY: 2004
StartY: 1988
BaseDay: 1
First day of year: 3
The day is: 7
Date : {27, 4, 2006} Iterations: 2308
Date : {28, 4, 2006} Iterations: 2309
BaseY: 2004
StartY: 1988
BaseDay: 1
First day of year: 3
The day is: 1
DateGC : {6, 1, 2014} Iterations: 2309
BaseY: 2004
StartY: 1988
BaseDay: 1
First day of year: 3
The day is: 1
Date : {28, 4, 2006} Iterations: 2309
Date : {29, 4, 2006} Iterations: 2310
BaseY: 2004
StartY: 1988
BaseDay: 1
First day of year: 3
The day is: 2
DateGC : {7, 1, 2014} Iterations: 2310
BaseY: 2004
StartY: 1988
BaseDay: 1
First day of year: 3
The day is: 2
Date : {29, 4, 2006} Iterations: 2310
Date : {30, 4, 2006} Iterations: 2311
BaseY: 2004
StartY: 1988
BaseDay: 1
First day of year: 3
The day is: 3
DateGC : {8, 1, 2014} Iterations: 2311
BaseY: 2004
StartY: 1988
BaseDay: 1
First day of year: 3
The day is: 3
Date : {30, 4, 2006} Iterations: 2311
Date : {1, 5, 2006} Iterations: 2312
BaseY: 2004
StartY: 1988
BaseDay: 1
First day of year: 3
The day is: 4
DateGC : {9, 1, 2014} Iterations: 2312
BaseY: 2004
StartY: 1988
BaseDay: 1
First day of year: 3
The day is: 4
Date : {1, 5, 2006} Iterations: 2312
Date : {2, 5, 2006} Iterations: 2313
BaseY: 2004
StartY: 1988
BaseDay: 1
First day of year: 3
The day is: 5
DateGC : {10, 1, 2014} Iterations: 2313
BaseY: 2004
StartY: 1988
BaseDay: 1
First day of year: 3
The day is: 5
Date : {2, 5, 2006} Iterations: 2313
Date : {3, 5, 2006} Iterations: 2314
BaseY: 2004
StartY: 1988
BaseDay: 1
First day of year: 3
The day is: 6
DateGC : {11, 1, 2014} Iterations: 2314
BaseY: 2004
StartY: 1988
BaseDay: 1
First day of year: 3
The day is: 6
Date : {3, 5, 2006} Iterations: 2314
Date : {4, 5, 2006} Iterations: 2315
BaseY: 2004
StartY: 1988
BaseDay: 1
First day of year: 3
The day is: 7
DateGC : {12, 1, 2014} Iterations: 2315
BaseY: 2004
StartY: 1988
BaseDay: 1
First day of year: 3
The day is: 7
Date : {4, 5, 2006} Iterations: 2315
Date : {5, 5, 2006} Iterations: 2316
BaseY: 2004
StartY: 1988
BaseDay: 1
First day of year: 3
The day is: 1
DateGC : {13, 1, 2014} Iterations: 2316
BaseY: 2004
StartY: 1988
BaseDay: 1
First day of year: 3
The day is: 1
Date : {5, 5, 2006} Iterations: 2316
Date : {6, 5, 2006} Iterations: 2317
BaseY: 2004
StartY: 1988
BaseDay: 1
First day of year: 3
The day is: 2
DateGC : {14, 1, 2014} Iterations: 2317
BaseY: 2004
StartY: 1988
BaseDay: 1
First day of year: 3
The day is: 2
Date : {6, 5, 2006} Iterations: 2317
Date : {7, 5, 2006} Iterations: 2318
BaseY: 2004
StartY: 1988
BaseDay: 1
First day of year: 3
The day is: 3
DateGC : {15, 1, 2014} Iterations: 2318
BaseY: 2004
StartY: 1988
BaseDay: 1
First day of year: 3
The day is: 3
Date : {7, 5, 2006} Iterations: 2318
Date : {8, 5, 2006} Iterations: 2319
BaseY: 2004
StartY: 1988
BaseDay: 1
First day of year: 3
The day is: 4
DateGC : {16, 1, 2014} Iterations: 2319
BaseY: 2004
StartY: 1988
BaseDay: 1
First day of year: 3
The day is: 4
Date : {8, 5, 2006} Iterations: 2319
Date : {9, 5, 2006} Iterations: 2320
BaseY: 2004
StartY: 1988
BaseDay: 1
First day of year: 3
The day is: 5
DateGC : {17, 1, 2014} Iterations: 2320
BaseY: 2004
StartY: 1988
BaseDay: 1
First day of year: 3
The day is: 5
Date : {9, 5, 2006} Iterations: 2320
Date : {10, 5, 2006} Iterations: 2321
BaseY: 2004
StartY: 1988
BaseDay: 1
First day of year: 3
The day is: 6
DateGC : {18, 1, 2014} Iterations: 2321
BaseY: 2004
StartY: 1988
BaseDay: 1
First day of year: 3
The day is: 6
Date : {10, 5, 2006} Iterations: 2321
Date : {11, 5, 2006} Iterations: 2322
BaseY: 2004
StartY: 1988
BaseDay: 1
First day of year: 3
The day is: 7
DateGC : {19, 1, 2014} Iterations: 2322
BaseY: 2004
StartY: 1988
BaseDay: 1
First day of year: 3
The day is: 7
Date : {11, 5, 2006} Iterations: 2322
Date : {12, 5, 2006} Iterations: 2323
BaseY: 2004
StartY: 1988
BaseDay: 1
First day of year: 3
The day is: 1
DateGC : {20, 1, 2014} Iterations: 2323
BaseY: 2004
StartY: 1988
BaseDay: 1
First day of year: 3
The day is: 1
Date : {12, 5, 2006} Iterations: 2323
Date : {13, 5, 2006} Iterations: 2324
BaseY: 2004
StartY: 1988
BaseDay: 1
First day of year: 3
The day is: 2
DateGC : {21, 1, 2014} Iterations: 2324
BaseY: 2004
StartY: 1988
BaseDay: 1
First day of year: 3
The day is: 2
Date : {13, 5, 2006} Iterations: 2324
Date : {14, 5, 2006} Iterations: 2325
BaseY: 2004
StartY: 1988
BaseDay: 1
First day of year: 3
The day is: 3
DateGC : {22, 1, 2014} Iterations: 2325
BaseY: 2004
StartY: 1988
BaseDay: 1
First day of year: 3
The day is: 3
Date : {14, 5, 2006} Iterations: 2325
Date : {15, 5, 2006} Iterations: 2326
BaseY: 2004
StartY: 1988
BaseDay: 1
First day of year: 3
The day is: 4
DateGC : {23, 1, 2014} Iterations: 2326
BaseY: 2004
StartY: 1988
BaseDay: 1
First day of year: 3
The day is: 4
Date : {15, 5, 2006} Iterations: 2326
Date : {16, 5, 2006} Iterations: 2327
BaseY: 2004
StartY: 1988
BaseDay: 1
First day of year: 3
The day is: 5
DateGC : {24, 1, 2014} Iterations: 2327
BaseY: 2004
StartY: 1988
BaseDay: 1
First day of year: 3
The day is: 5
Date : {16, 5, 2006} Iterations: 2327
Date : {17, 5, 2006} Iterations: 2328
BaseY: 2004
StartY: 1988
BaseDay: 1
First day of year: 3
The day is: 6
DateGC : {25, 1, 2014} Iterations: 2328
BaseY: 2004
StartY: 1988
BaseDay: 1
First day of year: 3
The day is: 6
Date : {17, 5, 2006} Iterations: 2328
Date : {18, 5, 2006} Iterations: 2329
BaseY: 2004
StartY: 1988
BaseDay: 1
First day of year: 3
The day is: 7
DateGC : {26, 1, 2014} Iterations: 2329
BaseY: 2004
StartY: 1988
BaseDay: 1
First day of year: 3
The day is: 7
Date : {18, 5, 2006} Iterations: 2329
Date : {19, 5, 2006} Iterations: 2330
BaseY: 2004
StartY: 1988
BaseDay: 1
First day of year: 3
The day is: 1
DateGC : {27, 1, 2014} Iterations: 2330
BaseY: 2004
StartY: 1988
BaseDay: 1
First day of year: 3
The day is: 1
Date : {19, 5, 2006} Iterations: 2330
Date : {20, 5, 2006} Iterations: 2331
BaseY: 2004
StartY: 1988
BaseDay: 1
First day of year: 3
The day is: 2
DateGC : {28, 1, 2014} Iterations: 2331
BaseY: 2004
StartY: 1988
BaseDay: 1
First day of year: 3
The day is: 2
Date : {20, 5, 2006} Iterations: 2331
Date : {21, 5, 2006} Iterations: 2332
BaseY: 2004
StartY: 1988
BaseDay: 1
First day of year: 3
The day is: 3
DateGC : {29, 1, 2014} Iterations: 2332
BaseY: 2004
StartY: 1988
BaseDay: 1
First day of year: 3
The day is: 3
Date : {21, 5, 2006} Iterations: 2332
Date : {22, 5, 2006} Iterations: 2333
BaseY: 2004
StartY: 1988
BaseDay: 1
First day of year: 3
The day is: 4
DateGC : {30, 1, 2014} Iterations: 2333
BaseY: 2004
StartY: 1988
BaseDay: 1
First day of year: 3
The day is: 4
Date : {22, 5, 2006} Iterations: 2333
Date : {23, 5, 2006} Iterations: 2334
BaseY: 2004
StartY: 1988
BaseDay: 1
First day of year: 3
The day is: 5
DateGC : {31, 1, 2014} Iterations: 2334
BaseY: 2004
StartY: 1988
BaseDay: 1
First day of year: 3
The day is: 5
Date : {23, 5, 2006} Iterations: 2334
Date : {24, 5, 2006} Iterations: 2335
BaseY: 2004
StartY: 1988
BaseDay: 1
First day of year: 3
The day is: 6
DateGC : {1, 2, 2014} Iterations: 2335
BaseY: 2004
StartY: 1988
BaseDay: 1
First day of year: 3
The day is: 6
Date : {24, 5, 2006} Iterations: 2335
Date : {25, 5, 2006} Iterations: 2336
BaseY: 2004
StartY: 1988
BaseDay: 1
First day of year: 3
The day is: 7
DateGC : {2, 2, 2014} Iterations: 2336
BaseY: 2004
StartY: 1988
BaseDay: 1
First day of year: 3
The day is: 7
Date : {25, 5, 2006} Iterations: 2336
Date : {26, 5, 2006} Iterations: 2337
BaseY: 2004
StartY: 1988
BaseDay: 1
First day of year: 3
The day is: 1
DateGC : {3, 2, 2014} Iterations: 2337
BaseY: 2004
StartY: 1988
BaseDay: 1
First day of year: 3
The day is: 1
Date : {26, 5, 2006} Iterations: 2337
Date : {27, 5, 2006} Iterations: 2338
BaseY: 2004
StartY: 1988
BaseDay: 1
First day of year: 3
The day is: 2
DateGC : {4, 2, 2014} Iterations: 2338
BaseY: 2004
StartY: 1988
BaseDay: 1
First day of year: 3
The day is: 2
Date : {27, 5, 2006} Iterations: 2338
Date : {28, 5, 2006} Iterations: 2339
BaseY: 2004
StartY: 1988
BaseDay: 1
First day of year: 3
The day is: 3
DateGC : {5, 2, 2014} Iterations: 2339
BaseY: 2004
StartY: 1988
BaseDay: 1
First day of year: 3
The day is: 3
Date : {28, 5, 2006} Iterations: 2339
Date : {29, 5, 2006} Iterations: 2340
BaseY: 2004
StartY: 1988
BaseDay: 1
First day of year: 3
The day is: 4
DateGC : {6, 2, 2014} Iterations: 2340
BaseY: 2004
StartY: 1988
BaseDay: 1
First day of year: 3
The day is: 4
Date : {29, 5, 2006} Iterations: 2340
Date : {30, 5, 2006} Iterations: 2341
BaseY: 2004
StartY: 1988
BaseDay: 1
First day of year: 3
The day is: 5
DateGC : {7, 2, 2014} Iterations: 2341
BaseY: 2004
StartY: 1988
BaseDay: 1
First day of year: 3
The day is: 5
Date : {30, 5, 2006} Iterations: 2341
Date : {1, 6, 2006} Iterations: 2342
BaseY: 2004
StartY: 1988
BaseDay: 1
First day of year: 3
The day is: 6
DateGC : {8, 2, 2014} Iterations: 2342
BaseY: 2004
StartY: 1988
BaseDay: 1
First day of year: 3
The day is: 6
Date : {1, 6, 2006} Iterations: 2342
Date : {2, 6, 2006} Iterations: 2343
BaseY: 2004
StartY: 1988
BaseDay: 1
First day of year: 3
The day is: 7
DateGC : {9, 2, 2014} Iterations: 2343
BaseY: 2004
StartY: 1988
BaseDay: 1
First day of year: 3
The day is: 7
Date : {2, 6, 2006} Iterations: 2343
Date : {3, 6, 2006} Iterations: 2344
BaseY: 2004
StartY: 1988
BaseDay: 1
First day of year: 3
The day is: 1
DateGC : {10, 2, 2014} Iterations: 2344
BaseY: 2004
StartY: 1988
BaseDay: 1
First day of year: 3
The day is: 1
Date : {3, 6, 2006} Iterations: 2344
Date : {4, 6, 2006} Iterations: 2345
BaseY: 2004
StartY: 1988
BaseDay: 1
First day of year: 3
The day is: 2
DateGC : {11, 2, 2014} Iterations: 2345
BaseY: 2004
StartY: 1988
BaseDay: 1
First day of year: 3
The day is: 2
Date : {4, 6, 2006} Iterations: 2345
Date : {5, 6, 2006} Iterations: 2346
BaseY: 2004
StartY: 1988
BaseDay: 1
First day of year: 3
The day is: 3
DateGC : {12, 2, 2014} Iterations: 2346
BaseY: 2004
StartY: 1988
BaseDay: 1
First day of year: 3
The day is: 3
Date : {5, 6, 2006} Iterations: 2346
Date : {6, 6, 2006} Iterations: 2347
BaseY: 2004
StartY: 1988
BaseDay: 1
First day of year: 3
The day is: 4
DateGC : {13, 2, 2014} Iterations: 2347
BaseY: 2004
StartY: 1988
BaseDay: 1
First day of year: 3
The day is: 4
Date : {6, 6, 2006} Iterations: 2347
Date : {7, 6, 2006} Iterations: 2348
BaseY: 2004
StartY: 1988
BaseDay: 1
First day of year: 3
The day is: 5
DateGC : {14, 2, 2014} Iterations: 2348
BaseY: 2004
StartY: 1988
BaseDay: 1
First day of year: 3
The day is: 5
Date : {7, 6, 2006} Iterations: 2348
Date : {8, 6, 2006} Iterations: 2349
BaseY: 2004
StartY: 1988
BaseDay: 1
First day of year: 3
The day is: 6
DateGC : {15, 2, 2014} Iterations: 2349
BaseY: 2004
StartY: 1988
BaseDay: 1
First day of year: 3
The day is: 6
Date : {8, 6, 2006} Iterations: 2349
Date : {9, 6, 2006} Iterations: 2350
BaseY: 2004
StartY: 1988
BaseDay: 1
First day of year: 3
The day is: 7
DateGC : {16, 2, 2014} Iterations: 2350
BaseY: 2004
StartY: 1988
BaseDay: 1
First day of year: 3
The day is: 7
Date : {9, 6, 2006} Iterations: 2350
Date : {10, 6, 2006} Iterations: 2351
BaseY: 2004
StartY: 1988
BaseDay: 1
First day of year: 3
The day is: 1
DateGC : {17, 2, 2014} Iterations: 2351
BaseY: 2004
StartY: 1988
BaseDay: 1
First day of year: 3
The day is: 1
Date : {10, 6, 2006} Iterations: 2351
Date : {11, 6, 2006} Iterations: 2352
BaseY: 2004
StartY: 1988
BaseDay: 1
First day of year: 3
The day is: 2
DateGC : {18, 2, 2014} Iterations: 2352
BaseY: 2004
StartY: 1988
BaseDay: 1
First day of year: 3
The day is: 2
Date : {11, 6, 2006} Iterations: 2352
Date : {12, 6, 2006} Iterations: 2353
BaseY: 2004
StartY: 1988
BaseDay: 1
First day of year: 3
The day is: 3
DateGC : {19, 2, 2014} Iterations: 2353
BaseY: 2004
StartY: 1988
BaseDay: 1
First day of year: 3
The day is: 3
Date : {12, 6, 2006} Iterations: 2353
Date : {13, 6, 2006} Iterations: 2354
BaseY: 2004
StartY: 1988
BaseDay: 1
First day of year: 3
The day is: 4
DateGC : {20, 2, 2014} Iterations: 2354
BaseY: 2004
StartY: 1988
BaseDay: 1
First day of year: 3
The day is: 4
Date : {13, 6, 2006} Iterations: 2354
Date : {14, 6, 2006} Iterations: 2355
BaseY: 2004
StartY: 1988
BaseDay: 1
First day of year: 3
The day is: 5
DateGC : {21, 2, 2014} Iterations: 2355
BaseY: 2004
StartY: 1988
BaseDay: 1
First day of year: 3
The day is: 5
Date : {14, 6, 2006} Iterations: 2355
Date : {15, 6, 2006} Iterations: 2356
BaseY: 2004
StartY: 1988
BaseDay: 1
First day of year: 3
The day is: 6
DateGC : {22, 2, 2014} Iterations: 2356
BaseY: 2004
StartY: 1988
BaseDay: 1
First day of year: 3
The day is: 6
Date : {15, 6, 2006} Iterations: 2356
Date : {16, 6, 2006} Iterations: 2357
BaseY: 2004
StartY: 1988
BaseDay: 1
First day of year: 3
The day is: 7
DateGC : {23, 2, 2014} Iterations: 2357
BaseY: 2004
StartY: 1988
BaseDay: 1
First day of year: 3
The day is: 7
Date : {16, 6, 2006} Iterations: 2357
Date : {17, 6, 2006} Iterations: 2358
BaseY: 2004
StartY: 1988
BaseDay: 1
First day of year: 3
The day is: 1
DateGC : {24, 2, 2014} Iterations: 2358
BaseY: 2004
StartY: 1988
BaseDay: 1
First day of year: 3
The day is: 1
Date : {17, 6, 2006} Iterations: 2358
Date : {18, 6, 2006} Iterations: 2359
BaseY: 2004
StartY: 1988
BaseDay: 1
First day of year: 3
The day is: 2
DateGC : {25, 2, 2014} Iterations: 2359
BaseY: 2004
StartY: 1988
BaseDay: 1
First day of year: 3
The day is: 2
Date : {18, 6, 2006} Iterations: 2359
Date : {19, 6, 2006} Iterations: 2360
BaseY: 2004
StartY: 1988
BaseDay: 1
First day of year: 3
The day is: 3
DateGC : {26, 2, 2014} Iterations: 2360
BaseY: 2004
StartY: 1988
BaseDay: 1
First day of year: 3
The day is: 3
Date : {19, 6, 2006} Iterations: 2360
Date : {20, 6, 2006} Iterations: 2361
BaseY: 2004
StartY: 1988
BaseDay: 1
First day of year: 3
The day is: 4
DateGC : {27, 2, 2014} Iterations: 2361
BaseY: 2004
StartY: 1988
BaseDay: 1
First day of year: 3
The day is: 4
Date : {20, 6, 2006} Iterations: 2361
Date : {21, 6, 2006} Iterations: 2362
BaseY: 2004
StartY: 1988
BaseDay: 1
First day of year: 3
The day is: 5
DateGC : {28, 2, 2014} Iterations: 2362
BaseY: 2004
StartY: 1988
BaseDay: 1
First day of year: 3
The day is: 5
Date : {21, 6, 2006} Iterations: 2362
Date : {22, 6, 2006} Iterations: 2363
BaseY: 2004
StartY: 1988
BaseDay: 1
First day of year: 3
The day is: 6
DateGC : {1, 3, 2014} Iterations: 2363
BaseY: 2004
StartY: 1988
BaseDay: 1
First day of year: 3
The day is: 6
Date : {22, 6, 2006} Iterations: 2363
Date : {23, 6, 2006} Iterations: 2364
BaseY: 2004
StartY: 1988
BaseDay: 1
First day of year: 3
The day is: 7
DateGC : {2, 3, 2014} Iterations: 2364
BaseY: 2004
StartY: 1988
BaseDay: 1
First day of year: 3
The day is: 7
Date : {23, 6, 2006} Iterations: 2364
Date : {24, 6, 2006} Iterations: 2365
BaseY: 2004
StartY: 1988
BaseDay: 1
First day of year: 3
The day is: 1
DateGC : {3, 3, 2014} Iterations: 2365
BaseY: 2004
StartY: 1988
BaseDay: 1
First day of year: 3
The day is: 1
Date : {24, 6, 2006} Iterations: 2365
Date : {25, 6, 2006} Iterations: 2366
BaseY: 2004
StartY: 1988
BaseDay: 1
First day of year: 3
The day is: 2
DateGC : {4, 3, 2014} Iterations: 2366
BaseY: 2004
StartY: 1988
BaseDay: 1
First day of year: 3
The day is: 2
Date : {25, 6, 2006} Iterations: 2366
Date : {26, 6, 2006} Iterations: 2367
BaseY: 2004
StartY: 1988
BaseDay: 1
First day of year: 3
The day is: 3
DateGC : {5, 3, 2014} Iterations: 2367
BaseY: 2004
StartY: 1988
BaseDay: 1
First day of year: 3
The day is: 3
Date : {26, 6, 2006} Iterations: 2367
Date : {27, 6, 2006} Iterations: 2368
BaseY: 2004
StartY: 1988
BaseDay: 1
First day of year: 3
The day is: 4
DateGC : {6, 3, 2014} Iterations: 2368
BaseY: 2004
StartY: 1988
BaseDay: 1
First day of year: 3
The day is: 4
Date : {27, 6, 2006} Iterations: 2368
Date : {28, 6, 2006} Iterations: 2369
BaseY: 2004
StartY: 1988
BaseDay: 1
First day of year: 3
The day is: 5
DateGC : {7, 3, 2014} Iterations: 2369
BaseY: 2004
StartY: 1988
BaseDay: 1
First day of year: 3
The day is: 5
Date : {28, 6, 2006} Iterations: 2369
Date : {29, 6, 2006} Iterations: 2370
BaseY: 2004
StartY: 1988
BaseDay: 1
First day of year: 3
The day is: 6
DateGC : {8, 3, 2014} Iterations: 2370
BaseY: 2004
StartY: 1988
BaseDay: 1
First day of year: 3
The day is: 6
Date : {29, 6, 2006} Iterations: 2370
Date : {30, 6, 2006} Iterations: 2371
BaseY: 2004
StartY: 1988
BaseDay: 1
First day of year: 3
The day is: 7
DateGC : {9, 3, 2014} Iterations: 2371
BaseY: 2004
StartY: 1988
BaseDay: 1
First day of year: 3
The day is: 7
Date : {30, 6, 2006} Iterations: 2371
Date : {1, 7, 2006} Iterations: 2372
BaseY: 2004
StartY: 1988
BaseDay: 1
First day of year: 3
The day is: 1
DateGC : {10, 3, 2014} Iterations: 2372
BaseY: 2004
StartY: 1988
BaseDay: 1
First day of year: 3
The day is: 1
Date : {1, 7, 2006} Iterations: 2372
Date : {2, 7, 2006} Iterations: 2373
BaseY: 2004
StartY: 1988
BaseDay: 1
First day of year: 3
The day is: 2
DateGC : {11, 3, 2014} Iterations: 2373
BaseY: 2004
StartY: 1988
BaseDay: 1
First day of year: 3
The day is: 2
Date : {2, 7, 2006} Iterations: 2373
Date : {3, 7, 2006} Iterations: 2374
BaseY: 2004
StartY: 1988
BaseDay: 1
First day of year: 3
The day is: 3
DateGC : {12, 3, 2014} Iterations: 2374
BaseY: 2004
StartY: 1988
BaseDay: 1
First day of year: 3
The day is: 3
Date : {3, 7, 2006} Iterations: 2374
Date : {4, 7, 2006} Iterations: 2375
BaseY: 2004
StartY: 1988
BaseDay: 1
First day of year: 3
The day is: 4
DateGC : {13, 3, 2014} Iterations: 2375
BaseY: 2004
StartY: 1988
BaseDay: 1
First day of year: 3
The day is: 4
Date : {4, 7, 2006} Iterations: 2375
Date : {5, 7, 2006} Iterations: 2376
BaseY: 2004
StartY: 1988
BaseDay: 1
First day of year: 3
The day is: 5
DateGC : {14, 3, 2014} Iterations: 2376
BaseY: 2004
StartY: 1988
BaseDay: 1
First day of year: 3
The day is: 5
Date : {5, 7, 2006} Iterations: 2376
Date : {6, 7, 2006} Iterations: 2377
BaseY: 2004
StartY: 1988
BaseDay: 1
First day of year: 3
The day is: 6
DateGC : {15, 3, 2014} Iterations: 2377
BaseY: 2004
StartY: 1988
BaseDay: 1
First day of year: 3
The day is: 6
Date : {6, 7, 2006} Iterations: 2377
Date : {7, 7, 2006} Iterations: 2378
BaseY: 2004
StartY: 1988
BaseDay: 1
First day of year: 3
The day is: 7
DateGC : {16, 3, 2014} Iterations: 2378
BaseY: 2004
StartY: 1988
BaseDay: 1
First day of year: 3
The day is: 7
Date : {7, 7, 2006} Iterations: 2378
Date : {8, 7, 2006} Iterations: 2379
BaseY: 2004
StartY: 1988
BaseDay: 1
First day of year: 3
The day is: 1
DateGC : {17, 3, 2014} Iterations: 2379
BaseY: 2004
StartY: 1988
BaseDay: 1
First day of year: 3
The day is: 1
Date : {8, 7, 2006} Iterations: 2379
Date : {9, 7, 2006} Iterations: 2380
BaseY: 2004
StartY: 1988
BaseDay: 1
First day of year: 3
The day is: 2
DateGC : {18, 3, 2014} Iterations: 2380
BaseY: 2004
StartY: 1988
BaseDay: 1
First day of year: 3
The day is: 2
Date : {9, 7, 2006} Iterations: 2380
Date : {10, 7, 2006} Iterations: 2381
BaseY: 2004
StartY: 1988
BaseDay: 1
First day of year: 3
The day is: 3
DateGC : {19, 3, 2014} Iterations: 2381
BaseY: 2004
StartY: 1988
BaseDay: 1
First day of year: 3
The day is: 3
Date : {10, 7, 2006} Iterations: 2381
Date : {11, 7, 2006} Iterations: 2382
BaseY: 2004
StartY: 1988
BaseDay: 1
First day of year: 3
The day is: 4
DateGC : {20, 3, 2014} Iterations: 2382
BaseY: 2004
StartY: 1988
BaseDay: 1
First day of year: 3
The day is: 4
Date : {11, 7, 2006} Iterations: 2382
Date : {12, 7, 2006} Iterations: 2383
BaseY: 2004
StartY: 1988
BaseDay: 1
First day of year: 3
The day is: 5
DateGC : {21, 3, 2014} Iterations: 2383
BaseY: 2004
StartY: 1988
BaseDay: 1
First day of year: 3
The day is: 5
Date : {12, 7, 2006} Iterations: 2383
Date : {13, 7, 2006} Iterations: 2384
BaseY: 2004
StartY: 1988
BaseDay: 1
First day of year: 3
The day is: 6
DateGC : {22, 3, 2014} Iterations: 2384
BaseY: 2004
StartY: 1988
BaseDay: 1
First day of year: 3
The day is: 6
Date : {13, 7, 2006} Iterations: 2384
Date : {14, 7, 2006} Iterations: 2385
BaseY: 2004
StartY: 1988
BaseDay: 1
First day of year: 3
The day is: 7
DateGC : {23, 3, 2014} Iterations: 2385
BaseY: 2004
StartY: 1988
BaseDay: 1
First day of year: 3
The day is: 7
Date : {14, 7, 2006} Iterations: 2385
Date : {15, 7, 2006} Iterations: 2386
BaseY: 2004
StartY: 1988
BaseDay: 1
First day of year: 3
The day is: 1
DateGC : {24, 3, 2014} Iterations: 2386
BaseY: 2004
StartY: 1988
BaseDay: 1
First day of year: 3
The day is: 1
Date : {15, 7, 2006} Iterations: 2386
Date : {16, 7, 2006} Iterations: 2387
BaseY: 2004
StartY: 1988
BaseDay: 1
First day of year: 3
The day is: 2
DateGC : {25, 3, 2014} Iterations: 2387
BaseY: 2004
StartY: 1988
BaseDay: 1
First day of year: 3
The day is: 2
Date : {16, 7, 2006} Iterations: 2387
Date : {17, 7, 2006} Iterations: 2388
BaseY: 2004
StartY: 1988
BaseDay: 1
First day of year: 3
The day is: 3
DateGC : {26, 3, 2014} Iterations: 2388
BaseY: 2004
StartY: 1988
BaseDay: 1
First day of year: 3
The day is: 3
Date : {17, 7, 2006} Iterations: 2388
Date : {18, 7, 2006} Iterations: 2389
BaseY: 2004
StartY: 1988
BaseDay: 1
First day of year: 3
The day is: 4
DateGC : {27, 3, 2014} Iterations: 2389
BaseY: 2004
StartY: 1988
BaseDay: 1
First day of year: 3
The day is: 4
Date : {18, 7, 2006} Iterations: 2389
Date : {19, 7, 2006} Iterations: 2390
BaseY: 2004
StartY: 1988
BaseDay: 1
First day of year: 3
The day is: 5
DateGC : {28, 3, 2014} Iterations: 2390
BaseY: 2004
StartY: 1988
BaseDay: 1
First day of year: 3
The day is: 5
Date : {19, 7, 2006} Iterations: 2390
Date : {20, 7, 2006} Iterations: 2391
BaseY: 2004
StartY: 1988
BaseDay: 1
First day of year: 3
The day is: 6
DateGC : {29, 3, 2014} Iterations: 2391
BaseY: 2004
StartY: 1988
BaseDay: 1
First day of year: 3
The day is: 6
Date : {20, 7, 2006} Iterations: 2391
Date : {21, 7, 2006} Iterations: 2392
BaseY: 2004
StartY: 1988
BaseDay: 1
First day of year: 3
The day is: 7
DateGC : {30, 3, 2014} Iterations: 2392
BaseY: 2004
StartY: 1988
BaseDay: 1
First day of year: 3
The day is: 7
Date : {21, 7, 2006} Iterations: 2392
Date : {22, 7, 2006} Iterations: 2393
BaseY: 2004
StartY: 1988
BaseDay: 1
First day of year: 3
The day is: 1
DateGC : {31, 3, 2014} Iterations: 2393
BaseY: 2004
StartY: 1988
BaseDay: 1
First day of year: 3
The day is: 1
Date : {22, 7, 2006} Iterations: 2393
Date : {23, 7, 2006} Iterations: 2394
BaseY: 2004
StartY: 1988
BaseDay: 1
First day of year: 3
The day is: 2
DateGC : {1, 4, 2014} Iterations: 2394
BaseY: 2004
StartY: 1988
BaseDay: 1
First day of year: 3
The day is: 2
Date : {23, 7, 2006} Iterations: 2394
Date : {24, 7, 2006} Iterations: 2395
BaseY: 2004
StartY: 1988
BaseDay: 1
First day of year: 3
The day is: 3
DateGC : {2, 4, 2014} Iterations: 2395
BaseY: 2004
StartY: 1988
BaseDay: 1
First day of year: 3
The day is: 3
Date : {24, 7, 2006} Iterations: 2395
Date : {25, 7, 2006} Iterations: 2396
BaseY: 2004
StartY: 1988
BaseDay: 1
First day of year: 3
The day is: 4
DateGC : {3, 4, 2014} Iterations: 2396
BaseY: 2004
StartY: 1988
BaseDay: 1
First day of year: 3
The day is: 4
Date : {25, 7, 2006} Iterations: 2396
Date : {26, 7, 2006} Iterations: 2397
BaseY: 2004
StartY: 1988
BaseDay: 1
First day of year: 3
The day is: 5
DateGC : {4, 4, 2014} Iterations: 2397
BaseY: 2004
StartY: 1988
BaseDay: 1
First day of year: 3
The day is: 5
Date : {26, 7, 2006} Iterations: 2397
Date : {27, 7, 2006} Iterations: 2398
BaseY: 2004
StartY: 1988
BaseDay: 1
First day of year: 3
The day is: 6
DateGC : {5, 4, 2014} Iterations: 2398
BaseY: 2004
StartY: 1988
BaseDay: 1
First day of year: 3
The day is: 6
Date : {27, 7, 2006} Iterations: 2398
Date : {28, 7, 2006} Iterations: 2399
BaseY: 2004
StartY: 1988
BaseDay: 1
First day of year: 3
The day is: 7
DateGC : {6, 4, 2014} Iterations: 2399
BaseY: 2004
StartY: 1988
BaseDay: 1
First day of year: 3
The day is: 7
Date : {28, 7, 2006} Iterations: 2399
Date : {29, 7, 2006} Iterations: 2400
BaseY: 2004
StartY: 1988
BaseDay: 1
First day of year: 3
The day is: 1
DateGC : {7, 4, 2014} Iterations: 2400
BaseY: 2004
StartY: 1988
BaseDay: 1
First day of year: 3
The day is: 1
Date : {29, 7, 2006} Iterations: 2400
Date : {30, 7, 2006} Iterations: 2401
BaseY: 2004
StartY: 1988
BaseDay: 1
First day of year: 3
The day is: 2
DateGC : {8, 4, 2014} Iterations: 2401
BaseY: 2004
StartY: 1988
BaseDay: 1
First day of year: 3
The day is: 2
Date : {30, 7, 2006} Iterations: 2401
Date : {1, 8, 2006} Iterations: 2402
BaseY: 2004
StartY: 1988
BaseDay: 1
First day of year: 3
The day is: 3
DateGC : {9, 4, 2014} Iterations: 2402
BaseY: 2004
StartY: 1988
BaseDay: 1
First day of year: 3
The day is: 3
Date : {1, 8, 2006} Iterations: 2402
Date : {2, 8, 2006} Iterations: 2403
BaseY: 2004
StartY: 1988
BaseDay: 1
First day of year: 3
The day is: 4
DateGC : {10, 4, 2014} Iterations: 2403
BaseY: 2004
StartY: 1988
BaseDay: 1
First day of year: 3
The day is: 4
Date : {2, 8, 2006} Iterations: 2403
Date : {3, 8, 2006} Iterations: 2404
BaseY: 2004
StartY: 1988
BaseDay: 1
First day of year: 3
The day is: 5
DateGC : {11, 4, 2014} Iterations: 2404
BaseY: 2004
StartY: 1988
BaseDay: 1
First day of year: 3
The day is: 5
Date : {3, 8, 2006} Iterations: 2404
Date : {4, 8, 2006} Iterations: 2405
BaseY: 2004
StartY: 1988
BaseDay: 1
First day of year: 3
The day is: 6
DateGC : {12, 4, 2014} Iterations: 2405
BaseY: 2004
StartY: 1988
BaseDay: 1
First day of year: 3
The day is: 6
Date : {4, 8, 2006} Iterations: 2405
Date : {5, 8, 2006} Iterations: 2406
BaseY: 2004
StartY: 1988
BaseDay: 1
First day of year: 3
The day is: 7
DateGC : {13, 4, 2014} Iterations: 2406
BaseY: 2004
StartY: 1988
BaseDay: 1
First day of year: 3
The day is: 7
Date : {5, 8, 2006} Iterations: 2406
Date : {6, 8, 2006} Iterations: 2407
BaseY: 2004
StartY: 1988
BaseDay: 1
First day of year: 3
The day is: 1
DateGC : {14, 4, 2014} Iterations: 2407
BaseY: 2004
StartY: 1988
BaseDay: 1
First day of year: 3
The day is: 1
Date : {6, 8, 2006} Iterations: 2407
Date : {7, 8, 2006} Iterations: 2408
BaseY: 2004
StartY: 1988
BaseDay: 1
First day of year: 3
The day is: 2
DateGC : {15, 4, 2014} Iterations: 2408
BaseY: 2004
StartY: 1988
BaseDay: 1
First day of year: 3
The day is: 2
Date : {7, 8, 2006} Iterations: 2408
Date : {8, 8, 2006} Iterations: 2409
BaseY: 2004
StartY: 1988
BaseDay: 1
First day of year: 3
The day is: 3
DateGC : {16, 4, 2014} Iterations: 2409
BaseY: 2004
StartY: 1988
BaseDay: 1
First day of year: 3
The day is: 3
Date : {8, 8, 2006} Iterations: 2409
Date : {9, 8, 2006} Iterations: 2410
BaseY: 2004
StartY: 1988
BaseDay: 1
First day of year: 3
The day is: 4
DateGC : {17, 4, 2014} Iterations: 2410
BaseY: 2004
StartY: 1988
BaseDay: 1
First day of year: 3
The day is: 4
Date : {9, 8, 2006} Iterations: 2410
Date : {10, 8, 2006} Iterations: 2411
BaseY: 2004
StartY: 1988
BaseDay: 1
First day of year: 3
The day is: 5
DateGC : {18, 4, 2014} Iterations: 2411
BaseY: 2004
StartY: 1988
BaseDay: 1
First day of year: 3
The day is: 5
Date : {10, 8, 2006} Iterations: 2411
Date : {11, 8, 2006} Iterations: 2412
BaseY: 2004
StartY: 1988
BaseDay: 1
First day of year: 3
The day is: 6
DateGC : {19, 4, 2014} Iterations: 2412
BaseY: 2004
StartY: 1988
BaseDay: 1
First day of year: 3
The day is: 6
Date : {11, 8, 2006} Iterations: 2412
Date : {12, 8, 2006} Iterations: 2413
BaseY: 2004
StartY: 1988
BaseDay: 1
First day of year: 3
The day is: 7
DateGC : {20, 4, 2014} Iterations: 2413
BaseY: 2004
StartY: 1988
BaseDay: 1
First day of year: 3
The day is: 7
Date : {12, 8, 2006} Iterations: 2413
Date : {13, 8, 2006} Iterations: 2414
BaseY: 2004
StartY: 1988
BaseDay: 1
First day of year: 3
The day is: 1
DateGC : {21, 4, 2014} Iterations: 2414
BaseY: 2004
StartY: 1988
BaseDay: 1
First day of year: 3
The day is: 1
Date : {13, 8, 2006} Iterations: 2414
Date : {14, 8, 2006} Iterations: 2415
BaseY: 2004
StartY: 1988
BaseDay: 1
First day of year: 3
The day is: 2
DateGC : {22, 4, 2014} Iterations: 2415
BaseY: 2004
StartY: 1988
BaseDay: 1
First day of year: 3
The day is: 2
Date : {14, 8, 2006} Iterations: 2415
Date : {15, 8, 2006} Iterations: 2416
BaseY: 2004
StartY: 1988
BaseDay: 1
First day of year: 3
The day is: 3
DateGC : {23, 4, 2014} Iterations: 2416
BaseY: 2004
StartY: 1988
BaseDay: 1
First day of year: 3
The day is: 3
Date : {15, 8, 2006} Iterations: 2416
Date : {16, 8, 2006} Iterations: 2417
BaseY: 2004
StartY: 1988
BaseDay: 1
First day of year: 3
The day is: 4
DateGC : {24, 4, 2014} Iterations: 2417
BaseY: 2004
StartY: 1988
BaseDay: 1
First day of year: 3
The day is: 4
Date : {16, 8, 2006} Iterations: 2417
Date : {17, 8, 2006} Iterations: 2418
BaseY: 2004
StartY: 1988
BaseDay: 1
First day of year: 3
The day is: 5
DateGC : {25, 4, 2014} Iterations: 2418
BaseY: 2004
StartY: 1988
BaseDay: 1
First day of year: 3
The day is: 5
Date : {17, 8, 2006} Iterations: 2418
Date : {18, 8, 2006} Iterations: 2419
BaseY: 2004
StartY: 1988
BaseDay: 1
First day of year: 3
The day is: 6
DateGC : {26, 4, 2014} Iterations: 2419
BaseY: 2004
StartY: 1988
BaseDay: 1
First day of year: 3
The day is: 6
Date : {18, 8, 2006} Iterations: 2419
Date : {19, 8, 2006} Iterations: 2420
BaseY: 2004
StartY: 1988
BaseDay: 1
First day of year: 3
The day is: 7
DateGC : {27, 4, 2014} Iterations: 2420
BaseY: 2004
StartY: 1988
BaseDay: 1
First day of year: 3
The day is: 7
Date : {19, 8, 2006} Iterations: 2420
Date : {20, 8, 2006} Iterations: 2421
BaseY: 2004
StartY: 1988
BaseDay: 1
First day of year: 3
The day is: 1
DateGC : {28, 4, 2014} Iterations: 2421
BaseY: 2004
StartY: 1988
BaseDay: 1
First day of year: 3
The day is: 1
Date : {20, 8, 2006} Iterations: 2421
Date : {21, 8, 2006} Iterations: 2422
BaseY: 2004
StartY: 1988
BaseDay: 1
First day of year: 3
The day is: 2
DateGC : {29, 4, 2014} Iterations: 2422
BaseY: 2004
StartY: 1988
BaseDay: 1
First day of year: 3
The day is: 2
Date : {21, 8, 2006} Iterations: 2422
Date : {22, 8, 2006} Iterations: 2423
BaseY: 2004
StartY: 1988
BaseDay: 1
First day of year: 3
The day is: 3
DateGC : {30, 4, 2014} Iterations: 2423
BaseY: 2004
StartY: 1988
BaseDay: 1
First day of year: 3
The day is: 3
Date : {22, 8, 2006} Iterations: 2423
Date : {23, 8, 2006} Iterations: 2424
BaseY: 2004
StartY: 1988
BaseDay: 1
First day of year: 3
The day is: 4
DateGC : {1, 5, 2014} Iterations: 2424
BaseY: 2004
StartY: 1988
BaseDay: 1
First day of year: 3
The day is: 4
Date : {23, 8, 2006} Iterations: 2424
Date : {24, 8, 2006} Iterations: 2425
BaseY: 2004
StartY: 1988
BaseDay: 1
First day of year: 3
The day is: 5
DateGC : {2, 5, 2014} Iterations: 2425
BaseY: 2004
StartY: 1988
BaseDay: 1
First day of year: 3
The day is: 5
Date : {24, 8, 2006} Iterations: 2425
Date : {25, 8, 2006} Iterations: 2426
BaseY: 2004
StartY: 1988
BaseDay: 1
First day of year: 3
The day is: 6
DateGC : {3, 5, 2014} Iterations: 2426
BaseY: 2004
StartY: 1988
BaseDay: 1
First day of year: 3
The day is: 6
Date : {25, 8, 2006} Iterations: 2426
Date : {26, 8, 2006} Iterations: 2427
BaseY: 2004
StartY: 1988
BaseDay: 1
First day of year: 3
The day is: 7
DateGC : {4, 5, 2014} Iterations: 2427
BaseY: 2004
StartY: 1988
BaseDay: 1
First day of year: 3
The day is: 7
Date : {26, 8, 2006} Iterations: 2427
Date : {27, 8, 2006} Iterations: 2428
BaseY: 2004
StartY: 1988
BaseDay: 1
First day of year: 3
The day is: 1
DateGC : {5, 5, 2014} Iterations: 2428
BaseY: 2004
StartY: 1988
BaseDay: 1
First day of year: 3
The day is: 1
Date : {27, 8, 2006} Iterations: 2428
Date : {28, 8, 2006} Iterations: 2429
BaseY: 2004
StartY: 1988
BaseDay: 1
First day of year: 3
The day is: 2
DateGC : {6, 5, 2014} Iterations: 2429
BaseY: 2004
StartY: 1988
BaseDay: 1
First day of year: 3
The day is: 2
Date : {28, 8, 2006} Iterations: 2429
Date : {29, 8, 2006} Iterations: 2430
BaseY: 2004
StartY: 1988
BaseDay: 1
First day of year: 3
The day is: 3
DateGC : {7, 5, 2014} Iterations: 2430
BaseY: 2004
StartY: 1988
BaseDay: 1
First day of year: 3
The day is: 3
Date : {29, 8, 2006} Iterations: 2430
Date : {30, 8, 2006} Iterations: 2431
BaseY: 2004
StartY: 1988
BaseDay: 1
First day of year: 3
The day is: 4
DateGC : {8, 5, 2014} Iterations: 2431
BaseY: 2004
StartY: 1988
BaseDay: 1
First day of year: 3
The day is: 4
Date : {30, 8, 2006} Iterations: 2431
Date : {1, 9, 2006} Iterations: 2432
BaseY: 2004
StartY: 1988
BaseDay: 1
First day of year: 3
The day is: 5
DateGC : {9, 5, 2014} Iterations: 2432
BaseY: 2004
StartY: 1988
BaseDay: 1
First day of year: 3
The day is: 5
Date : {1, 9, 2006} Iterations: 2432
Date : {2, 9, 2006} Iterations: 2433
BaseY: 2004
StartY: 1988
BaseDay: 1
First day of year: 3
The day is: 6
DateGC : {10, 5, 2014} Iterations: 2433
BaseY: 2004
StartY: 1988
BaseDay: 1
First day of year: 3
The day is: 6
Date : {2, 9, 2006} Iterations: 2433
Date : {3, 9, 2006} Iterations: 2434
BaseY: 2004
StartY: 1988
BaseDay: 1
First day of year: 3
The day is: 7
DateGC : {11, 5, 2014} Iterations: 2434
BaseY: 2004
StartY: 1988
BaseDay: 1
First day of year: 3
The day is: 7
Date : {3, 9, 2006} Iterations: 2434
Date : {4, 9, 2006} Iterations: 2435
BaseY: 2004
StartY: 1988
BaseDay: 1
First day of year: 3
The day is: 1
DateGC : {12, 5, 2014} Iterations: 2435
BaseY: 2004
StartY: 1988
BaseDay: 1
First day of year: 3
The day is: 1
Date : {4, 9, 2006} Iterations: 2435
Date : {5, 9, 2006} Iterations: 2436
BaseY: 2004
StartY: 1988
BaseDay: 1
First day of year: 3
The day is: 2
DateGC : {13, 5, 2014} Iterations: 2436
BaseY: 2004
StartY: 1988
BaseDay: 1
First day of year: 3
The day is: 2
Date : {5, 9, 2006} Iterations: 2436
Date : {6, 9, 2006} Iterations: 2437
BaseY: 2004
StartY: 1988
BaseDay: 1
First day of year: 3
The day is: 3
DateGC : {14, 5, 2014} Iterations: 2437
BaseY: 2004
StartY: 1988
BaseDay: 1
First day of year: 3
The day is: 3
Date : {6, 9, 2006} Iterations: 2437
Date : {7, 9, 2006} Iterations: 2438
BaseY: 2004
StartY: 1988
BaseDay: 1
First day of year: 3
The day is: 4
DateGC : {15, 5, 2014} Iterations: 2438
BaseY: 2004
StartY: 1988
BaseDay: 1
First day of year: 3
The day is: 4
Date : {7, 9, 2006} Iterations: 2438
Date : {8, 9, 2006} Iterations: 2439
BaseY: 2004
StartY: 1988
BaseDay: 1
First day of year: 3
The day is: 5
DateGC : {16, 5, 2014} Iterations: 2439
BaseY: 2004
StartY: 1988
BaseDay: 1
First day of year: 3
The day is: 5
Date : {8, 9, 2006} Iterations: 2439
Date : {9, 9, 2006} Iterations: 2440
BaseY: 2004
StartY: 1988
BaseDay: 1
First day of year: 3
The day is: 6
DateGC : {17, 5, 2014} Iterations: 2440
BaseY: 2004
StartY: 1988
BaseDay: 1
First day of year: 3
The day is: 6
Date : {9, 9, 2006} Iterations: 2440
Date : {10, 9, 2006} Iterations: 2441
BaseY: 2004
StartY: 1988
BaseDay: 1
First day of year: 3
The day is: 7
DateGC : {18, 5, 2014} Iterations: 2441
BaseY: 2004
StartY: 1988
BaseDay: 1
First day of year: 3
The day is: 7
Date : {10, 9, 2006} Iterations: 2441
Date : {11, 9, 2006} Iterations: 2442
BaseY: 2004
StartY: 1988
BaseDay: 1
First day of year: 3
The day is: 1
DateGC : {19, 5, 2014} Iterations: 2442
BaseY: 2004
StartY: 1988
BaseDay: 1
First day of year: 3
The day is: 1
Date : {11, 9, 2006} Iterations: 2442
Date : {12, 9, 2006} Iterations: 2443
BaseY: 2004
StartY: 1988
BaseDay: 1
First day of year: 3
The day is: 2
DateGC : {20, 5, 2014} Iterations: 2443
BaseY: 2004
StartY: 1988
BaseDay: 1
First day of year: 3
The day is: 2
Date : {12, 9, 2006} Iterations: 2443
Date : {13, 9, 2006} Iterations: 2444
BaseY: 2004
StartY: 1988
BaseDay: 1
First day of year: 3
The day is: 3
DateGC : {21, 5, 2014} Iterations: 2444
BaseY: 2004
StartY: 1988
BaseDay: 1
First day of year: 3
The day is: 3
Date : {13, 9, 2006} Iterations: 2444
Date : {14, 9, 2006} Iterations: 2445
BaseY: 2004
StartY: 1988
BaseDay: 1
First day of year: 3
The day is: 4
DateGC : {22, 5, 2014} Iterations: 2445
BaseY: 2004
StartY: 1988
BaseDay: 1
First day of year: 3
The day is: 4
Date : {14, 9, 2006} Iterations: 2445
Date : {15, 9, 2006} Iterations: 2446
BaseY: 2004
StartY: 1988
BaseDay: 1
First day of year: 3
The day is: 5
DateGC : {23, 5, 2014} Iterations: 2446
BaseY: 2004
StartY: 1988
BaseDay: 1
First day of year: 3
The day is: 5
Date : {15, 9, 2006} Iterations: 2446
Date : {16, 9, 2006} Iterations: 2447
BaseY: 2004
StartY: 1988
BaseDay: 1
First day of year: 3
The day is: 6
DateGC : {24, 5, 2014} Iterations: 2447
BaseY: 2004
StartY: 1988
BaseDay: 1
First day of year: 3
The day is: 6
Date : {16, 9, 2006} Iterations: 2447
Date : {17, 9, 2006} Iterations: 2448
BaseY: 2004
StartY: 1988
BaseDay: 1
First day of year: 3
The day is: 7
DateGC : {25, 5, 2014} Iterations: 2448
BaseY: 2004
StartY: 1988
BaseDay: 1
First day of year: 3
The day is: 7
Date : {17, 9, 2006} Iterations: 2448
Date : {18, 9, 2006} Iterations: 2449
BaseY: 2004
StartY: 1988
BaseDay: 1
First day of year: 3
The day is: 1
DateGC : {26, 5, 2014} Iterations: 2449
BaseY: 2004
StartY: 1988
BaseDay: 1
First day of year: 3
The day is: 1
Date : {18, 9, 2006} Iterations: 2449
Date : {19, 9, 2006} Iterations: 2450
BaseY: 2004
StartY: 1988
BaseDay: 1
First day of year: 3
The day is: 2
DateGC : {27, 5, 2014} Iterations: 2450
BaseY: 2004
StartY: 1988
BaseDay: 1
First day of year: 3
The day is: 2
Date : {19, 9, 2006} Iterations: 2450
Date : {20, 9, 2006} Iterations: 2451
BaseY: 2004
StartY: 1988
BaseDay: 1
First day of year: 3
The day is: 3
DateGC : {28, 5, 2014} Iterations: 2451
BaseY: 2004
StartY: 1988
BaseDay: 1
First day of year: 3
The day is: 3
Date : {20, 9, 2006} Iterations: 2451
Date : {21, 9, 2006} Iterations: 2452
BaseY: 2004
StartY: 1988
BaseDay: 1
First day of year: 3
The day is: 4
DateGC : {29, 5, 2014} Iterations: 2452
BaseY: 2004
StartY: 1988
BaseDay: 1
First day of year: 3
The day is: 4
Date : {21, 9, 2006} Iterations: 2452
Date : {22, 9, 2006} Iterations: 2453
BaseY: 2004
StartY: 1988
BaseDay: 1
First day of year: 3
The day is: 5
DateGC : {30, 5, 2014} Iterations: 2453
BaseY: 2004
StartY: 1988
BaseDay: 1
First day of year: 3
The day is: 5
Date : {22, 9, 2006} Iterations: 2453
Date : {23, 9, 2006} Iterations: 2454
BaseY: 2004
StartY: 1988
BaseDay: 1
First day of year: 3
The day is: 6
DateGC : {31, 5, 2014} Iterations: 2454
BaseY: 2004
StartY: 1988
BaseDay: 1
First day of year: 3
The day is: 6
Date : {23, 9, 2006} Iterations: 2454
Date : {24, 9, 2006} Iterations: 2455
BaseY: 2004
StartY: 1988
BaseDay: 1
First day of year: 3
The day is: 7
DateGC : {1, 6, 2014} Iterations: 2455
BaseY: 2004
StartY: 1988
BaseDay: 1
First day of year: 3
The day is: 7
Date : {24, 9, 2006} Iterations: 2455
Date : {25, 9, 2006} Iterations: 2456
BaseY: 2004
StartY: 1988
BaseDay: 1
First day of year: 3
The day is: 1
DateGC : {2, 6, 2014} Iterations: 2456
BaseY: 2004
StartY: 1988
BaseDay: 1
First day of year: 3
The day is: 1
Date : {25, 9, 2006} Iterations: 2456
Date : {26, 9, 2006} Iterations: 2457
BaseY: 2004
StartY: 1988
BaseDay: 1
First day of year: 3
The day is: 2
DateGC : {3, 6, 2014} Iterations: 2457
BaseY: 2004
StartY: 1988
BaseDay: 1
First day of year: 3
The day is: 2
Date : {26, 9, 2006} Iterations: 2457
Date : {27, 9, 2006} Iterations: 2458
BaseY: 2004
StartY: 1988
BaseDay: 1
First day of year: 3
The day is: 3
DateGC : {4, 6, 2014} Iterations: 2458
BaseY: 2004
StartY: 1988
BaseDay: 1
First day of year: 3
The day is: 3
Date : {27, 9, 2006} Iterations: 2458
Date : {28, 9, 2006} Iterations: 2459
BaseY: 2004
StartY: 1988
BaseDay: 1
First day of year: 3
The day is: 4
DateGC : {5, 6, 2014} Iterations: 2459
BaseY: 2004
StartY: 1988
BaseDay: 1
First day of year: 3
The day is: 4
Date : {28, 9, 2006} Iterations: 2459
Date : {29, 9, 2006} Iterations: 2460
BaseY: 2004
StartY: 1988
BaseDay: 1
First day of year: 3
The day is: 5
DateGC : {6, 6, 2014} Iterations: 2460
BaseY: 2004
StartY: 1988
BaseDay: 1
First day of year: 3
The day is: 5
Date : {29, 9, 2006} Iterations: 2460
Date : {30, 9, 2006} Iterations: 2461
BaseY: 2004
StartY: 1988
BaseDay: 1
First day of year: 3
The day is: 6
DateGC : {7, 6, 2014} Iterations: 2461
BaseY: 2004
StartY: 1988
BaseDay: 1
First day of year: 3
The day is: 6
Date : {30, 9, 2006} Iterations: 2461
Date : {1, 10, 2006} Iterations: 2462
BaseY: 2004
StartY: 1988
BaseDay: 1
First day of year: 3
The day is: 7
DateGC : {8, 6, 2014} Iterations: 2462
BaseY: 2004
StartY: 1988
BaseDay: 1
First day of year: 3
The day is: 7
Date : {1, 10, 2006} Iterations: 2462
Date : {2, 10, 2006} Iterations: 2463
BaseY: 2004
StartY: 1988
BaseDay: 1
First day of year: 3
The day is: 1
DateGC : {9, 6, 2014} Iterations: 2463
BaseY: 2004
StartY: 1988
BaseDay: 1
First day of year: 3
The day is: 1
Date : {2, 10, 2006} Iterations: 2463
Date : {3, 10, 2006} Iterations: 2464
BaseY: 2004
StartY: 1988
BaseDay: 1
First day of year: 3
The day is: 2
DateGC : {10, 6, 2014} Iterations: 2464
BaseY: 2004
StartY: 1988
BaseDay: 1
First day of year: 3
The day is: 2
Date : {3, 10, 2006} Iterations: 2464
Date : {4, 10, 2006} Iterations: 2465
BaseY: 2004
StartY: 1988
BaseDay: 1
First day of year: 3
The day is: 3
DateGC : {11, 6, 2014} Iterations: 2465
BaseY: 2004
StartY: 1988
BaseDay: 1
First day of year: 3
The day is: 3
Date : {4, 10, 2006} Iterations: 2465
Date : {5, 10, 2006} Iterations: 2466
BaseY: 2004
StartY: 1988
BaseDay: 1
First day of year: 3
The day is: 4
DateGC : {12, 6, 2014} Iterations: 2466
BaseY: 2004
StartY: 1988
BaseDay: 1
First day of year: 3
The day is: 4
Date : {5, 10, 2006} Iterations: 2466
Date : {6, 10, 2006} Iterations: 2467
BaseY: 2004
StartY: 1988
BaseDay: 1
First day of year: 3
The day is: 5
DateGC : {13, 6, 2014} Iterations: 2467
BaseY: 2004
StartY: 1988
BaseDay: 1
First day of year: 3
The day is: 5
Date : {6, 10, 2006} Iterations: 2467
Date : {7, 10, 2006} Iterations: 2468
BaseY: 2004
StartY: 1988
BaseDay: 1
First day of year: 3
The day is: 6
DateGC : {14, 6, 2014} Iterations: 2468
BaseY: 2004
StartY: 1988
BaseDay: 1
First day of year: 3
The day is: 6
Date : {7, 10, 2006} Iterations: 2468
Date : {8, 10, 2006} Iterations: 2469
BaseY: 2004
StartY: 1988
BaseDay: 1
First day of year: 3
The day is: 7
DateGC : {15, 6, 2014} Iterations: 2469
BaseY: 2004
StartY: 1988
BaseDay: 1
First day of year: 3
The day is: 7
Date : {8, 10, 2006} Iterations: 2469
Date : {9, 10, 2006} Iterations: 2470
BaseY: 2004
StartY: 1988
BaseDay: 1
First day of year: 3
The day is: 1
DateGC : {16, 6, 2014} Iterations: 2470
BaseY: 2004
StartY: 1988
BaseDay: 1
First day of year: 3
The day is: 1
Date : {9, 10, 2006} Iterations: 2470
Date : {10, 10, 2006} Iterations: 2471
BaseY: 2004
StartY: 1988
BaseDay: 1
First day of year: 3
The day is: 2
DateGC : {17, 6, 2014} Iterations: 2471
BaseY: 2004
StartY: 1988
BaseDay: 1
First day of year: 3
The day is: 2
Date : {10, 10, 2006} Iterations: 2471
Date : {11, 10, 2006} Iterations: 2472
BaseY: 2004
StartY: 1988
BaseDay: 1
First day of year: 3
The day is: 3
DateGC : {18, 6, 2014} Iterations: 2472
BaseY: 2004
StartY: 1988
BaseDay: 1
First day of year: 3
The day is: 3
Date : {11, 10, 2006} Iterations: 2472
Date : {12, 10, 2006} Iterations: 2473
BaseY: 2004
StartY: 1988
BaseDay: 1
First day of year: 3
The day is: 4
DateGC : {19, 6, 2014} Iterations: 2473
BaseY: 2004
StartY: 1988
BaseDay: 1
First day of year: 3
The day is: 4
Date : {12, 10, 2006} Iterations: 2473
Date : {13, 10, 2006} Iterations: 2474
BaseY: 2004
StartY: 1988
BaseDay: 1
First day of year: 3
The day is: 5
DateGC : {20, 6, 2014} Iterations: 2474
BaseY: 2004
StartY: 1988
BaseDay: 1
First day of year: 3
The day is: 5
Date : {13, 10, 2006} Iterations: 2474
Date : {14, 10, 2006} Iterations: 2475
BaseY: 2004
StartY: 1988
BaseDay: 1
First day of year: 3
The day is: 6
DateGC : {21, 6, 2014} Iterations: 2475
BaseY: 2004
StartY: 1988
BaseDay: 1
First day of year: 3
The day is: 6
Date : {14, 10, 2006} Iterations: 2475
Date : {15, 10, 2006} Iterations: 2476
BaseY: 2004
StartY: 1988
BaseDay: 1
First day of year: 3
The day is: 7
DateGC : {22, 6, 2014} Iterations: 2476
BaseY: 2004
StartY: 1988
BaseDay: 1
First day of year: 3
The day is: 7
Date : {15, 10, 2006} Iterations: 2476
Date : {16, 10, 2006} Iterations: 2477
BaseY: 2004
StartY: 1988
BaseDay: 1
First day of year: 3
The day is: 1
DateGC : {23, 6, 2014} Iterations: 2477
BaseY: 2004
StartY: 1988
BaseDay: 1
First day of year: 3
The day is: 1
Date : {16, 10, 2006} Iterations: 2477
Date : {17, 10, 2006} Iterations: 2478
BaseY: 2004
StartY: 1988
BaseDay: 1
First day of year: 3
The day is: 2
DateGC : {24, 6, 2014} Iterations: 2478
BaseY: 2004
StartY: 1988
BaseDay: 1
First day of year: 3
The day is: 2
Date : {17, 10, 2006} Iterations: 2478
Date : {18, 10, 2006} Iterations: 2479
BaseY: 2004
StartY: 1988
BaseDay: 1
First day of year: 3
The day is: 3
DateGC : {25, 6, 2014} Iterations: 2479
BaseY: 2004
StartY: 1988
BaseDay: 1
First day of year: 3
The day is: 3
Date : {18, 10, 2006} Iterations: 2479
Date : {19, 10, 2006} Iterations: 2480
BaseY: 2004
StartY: 1988
BaseDay: 1
First day of year: 3
The day is: 4
DateGC : {26, 6, 2014} Iterations: 2480
BaseY: 2004
StartY: 1988
BaseDay: 1
First day of year: 3
The day is: 4
Date : {19, 10, 2006} Iterations: 2480
Date : {20, 10, 2006} Iterations: 2481
BaseY: 2004
StartY: 1988
BaseDay: 1
First day of year: 3
The day is: 5
DateGC : {27, 6, 2014} Iterations: 2481
BaseY: 2004
StartY: 1988
BaseDay: 1
First day of year: 3
The day is: 5
Date : {20, 10, 2006} Iterations: 2481
Date : {21, 10, 2006} Iterations: 2482
BaseY: 2004
StartY: 1988
BaseDay: 1
First day of year: 3
The day is: 6
DateGC : {28, 6, 2014} Iterations: 2482
BaseY: 2004
StartY: 1988
BaseDay: 1
First day of year: 3
The day is: 6
Date : {21, 10, 2006} Iterations: 2482
Date : {22, 10, 2006} Iterations: 2483
BaseY: 2004
StartY: 1988
BaseDay: 1
First day of year: 3
The day is: 7
DateGC : {29, 6, 2014} Iterations: 2483
BaseY: 2004
StartY: 1988
BaseDay: 1
First day of year: 3
The day is: 7
Date : {22, 10, 2006} Iterations: 2483
Date : {23, 10, 2006} Iterations: 2484
BaseY: 2004
StartY: 1988
BaseDay: 1
First day of year: 3
The day is: 1
DateGC : {30, 6, 2014} Iterations: 2484
BaseY: 2004
StartY: 1988
BaseDay: 1
First day of year: 3
The day is: 1
Date : {23, 10, 2006} Iterations: 2484
Date : {24, 10, 2006} Iterations: 2485
BaseY: 2004
StartY: 1988
BaseDay: 1
First day of year: 3
The day is: 2
DateGC : {1, 7, 2014} Iterations: 2485
BaseY: 2004
StartY: 1988
BaseDay: 1
First day of year: 3
The day is: 2
Date : {24, 10, 2006} Iterations: 2485
Date : {25, 10, 2006} Iterations: 2486
BaseY: 2004
StartY: 1988
BaseDay: 1
First day of year: 3
The day is: 3
DateGC : {2, 7, 2014} Iterations: 2486
BaseY: 2004
StartY: 1988
BaseDay: 1
First day of year: 3
The day is: 3
Date : {25, 10, 2006} Iterations: 2486
Date : {26, 10, 2006} Iterations: 2487
BaseY: 2004
StartY: 1988
BaseDay: 1
First day of year: 3
The day is: 4
DateGC : {3, 7, 2014} Iterations: 2487
BaseY: 2004
StartY: 1988
BaseDay: 1
First day of year: 3
The day is: 4
Date : {26, 10, 2006} Iterations: 2487
Date : {27, 10, 2006} Iterations: 2488
BaseY: 2004
StartY: 1988
BaseDay: 1
First day of year: 3
The day is: 5
DateGC : {4, 7, 2014} Iterations: 2488
BaseY: 2004
StartY: 1988
BaseDay: 1
First day of year: 3
The day is: 5
Date : {27, 10, 2006} Iterations: 2488
Date : {28, 10, 2006} Iterations: 2489
BaseY: 2004
StartY: 1988
BaseDay: 1
First day of year: 3
The day is: 6
DateGC : {5, 7, 2014} Iterations: 2489
BaseY: 2004
StartY: 1988
BaseDay: 1
First day of year: 3
The day is: 6
Date : {28, 10, 2006} Iterations: 2489
Date : {29, 10, 2006} Iterations: 2490
BaseY: 2004
StartY: 1988
BaseDay: 1
First day of year: 3
The day is: 7
DateGC : {6, 7, 2014} Iterations: 2490
BaseY: 2004
StartY: 1988
BaseDay: 1
First day of year: 3
The day is: 7
Date : {29, 10, 2006} Iterations: 2490
Date : {30, 10, 2006} Iterations: 2491
BaseY: 2004
StartY: 1988
BaseDay: 1
First day of year: 3
The day is: 1
DateGC : {7, 7, 2014} Iterations: 2491
BaseY: 2004
StartY: 1988
BaseDay: 1
First day of year: 3
The day is: 1
Date : {30, 10, 2006} Iterations: 2491
Date : {1, 11, 2006} Iterations: 2492
BaseY: 2004
StartY: 1988
BaseDay: 1
First day of year: 3
The day is: 2
DateGC : {8, 7, 2014} Iterations: 2492
BaseY: 2004
StartY: 1988
BaseDay: 1
First day of year: 3
The day is: 2
Date : {1, 11, 2006} Iterations: 2492
Date : {2, 11, 2006} Iterations: 2493
BaseY: 2004
StartY: 1988
BaseDay: 1
First day of year: 3
The day is: 3
DateGC : {9, 7, 2014} Iterations: 2493
BaseY: 2004
StartY: 1988
BaseDay: 1
First day of year: 3
The day is: 3
Date : {2, 11, 2006} Iterations: 2493
Date : {3, 11, 2006} Iterations: 2494
BaseY: 2004
StartY: 1988
BaseDay: 1
First day of year: 3
The day is: 4
DateGC : {10, 7, 2014} Iterations: 2494
BaseY: 2004
StartY: 1988
BaseDay: 1
First day of year: 3
The day is: 4
Date : {3, 11, 2006} Iterations: 2494
Date : {4, 11, 2006} Iterations: 2495
BaseY: 2004
StartY: 1988
BaseDay: 1
First day of year: 3
The day is: 5
DateGC : {11, 7, 2014} Iterations: 2495
BaseY: 2004
StartY: 1988
BaseDay: 1
First day of year: 3
The day is: 5
Date : {4, 11, 2006} Iterations: 2495
Date : {5, 11, 2006} Iterations: 2496
BaseY: 2004
StartY: 1988
BaseDay: 1
First day of year: 3
The day is: 6
DateGC : {12, 7, 2014} Iterations: 2496
BaseY: 2004
StartY: 1988
BaseDay: 1
First day of year: 3
The day is: 6
Date : {5, 11, 2006} Iterations: 2496
Date : {6, 11, 2006} Iterations: 2497
BaseY: 2004
StartY: 1988
BaseDay: 1
First day of year: 3
The day is: 7
DateGC : {13, 7, 2014} Iterations: 2497
BaseY: 2004
StartY: 1988
BaseDay: 1
First day of year: 3
The day is: 7
Date : {6, 11, 2006} Iterations: 2497
Date : {7, 11, 2006} Iterations: 2498
BaseY: 2004
StartY: 1988
BaseDay: 1
First day of year: 3
The day is: 1
DateGC : {14, 7, 2014} Iterations: 2498
BaseY: 2004
StartY: 1988
BaseDay: 1
First day of year: 3
The day is: 1
Date : {7, 11, 2006} Iterations: 2498
Date : {8, 11, 2006} Iterations: 2499
BaseY: 2004
StartY: 1988
BaseDay: 1
First day of year: 3
The day is: 2
DateGC : {15, 7, 2014} Iterations: 2499
BaseY: 2004
StartY: 1988
BaseDay: 1
First day of year: 3
The day is: 2
Date : {8, 11, 2006} Iterations: 2499
Date : {9, 11, 2006} Iterations: 2500
BaseY: 2004
StartY: 1988
BaseDay: 1
First day of year: 3
The day is: 3
DateGC : {16, 7, 2014} Iterations: 2500
BaseY: 2004
StartY: 1988
BaseDay: 1
First day of year: 3
The day is: 3
Date : {9, 11, 2006} Iterations: 2500
Date : {10, 11, 2006} Iterations: 2501
BaseY: 2004
StartY: 1988
BaseDay: 1
First day of year: 3
The day is: 4
DateGC : {17, 7, 2014} Iterations: 2501
BaseY: 2004
StartY: 1988
BaseDay: 1
First day of year: 3
The day is: 4
Date : {10, 11, 2006} Iterations: 2501
Date : {11, 11, 2006} Iterations: 2502
BaseY: 2004
StartY: 1988
BaseDay: 1
First day of year: 3
The day is: 5
DateGC : {18, 7, 2014} Iterations: 2502
BaseY: 2004
StartY: 1988
BaseDay: 1
First day of year: 3
The day is: 5
Date : {11, 11, 2006} Iterations: 2502
Date : {12, 11, 2006} Iterations: 2503
BaseY: 2004
StartY: 1988
BaseDay: 1
First day of year: 3
The day is: 6
DateGC : {19, 7, 2014} Iterations: 2503
BaseY: 2004
StartY: 1988
BaseDay: 1
First day of year: 3
The day is: 6
Date : {12, 11, 2006} Iterations: 2503
Date : {13, 11, 2006} Iterations: 2504
BaseY: 2004
StartY: 1988
BaseDay: 1
First day of year: 3
The day is: 7
DateGC : {20, 7, 2014} Iterations: 2504
BaseY: 2004
StartY: 1988
BaseDay: 1
First day of year: 3
The day is: 7
Date : {13, 11, 2006} Iterations: 2504
Date : {14, 11, 2006} Iterations: 2505
BaseY: 2004
StartY: 1988
BaseDay: 1
First day of year: 3
The day is: 1
DateGC : {21, 7, 2014} Iterations: 2505
BaseY: 2004
StartY: 1988
BaseDay: 1
First day of year: 3
The day is: 1
Date : {14, 11, 2006} Iterations: 2505
Date : {15, 11, 2006} Iterations: 2506
BaseY: 2004
StartY: 1988
BaseDay: 1
First day of year: 3
The day is: 2
DateGC : {22, 7, 2014} Iterations: 2506
BaseY: 2004
StartY: 1988
BaseDay: 1
First day of year: 3
The day is: 2
Date : {15, 11, 2006} Iterations: 2506
Date : {16, 11, 2006} Iterations: 2507
BaseY: 2004
StartY: 1988
BaseDay: 1
First day of year: 3
The day is: 3
DateGC : {23, 7, 2014} Iterations: 2507
BaseY: 2004
StartY: 1988
BaseDay: 1
First day of year: 3
The day is: 3
Date : {16, 11, 2006} Iterations: 2507
Date : {17, 11, 2006} Iterations: 2508
BaseY: 2004
StartY: 1988
BaseDay: 1
First day of year: 3
The day is: 4
DateGC : {24, 7, 2014} Iterations: 2508
BaseY: 2004
StartY: 1988
BaseDay: 1
First day of year: 3
The day is: 4
Date : {17, 11, 2006} Iterations: 2508
Date : {18, 11, 2006} Iterations: 2509
BaseY: 2004
StartY: 1988
BaseDay: 1
First day of year: 3
The day is: 5
DateGC : {25, 7, 2014} Iterations: 2509
BaseY: 2004
StartY: 1988
BaseDay: 1
First day of year: 3
The day is: 5
Date : {18, 11, 2006} Iterations: 2509
Date : {19, 11, 2006} Iterations: 2510
BaseY: 2004
StartY: 1988
BaseDay: 1
First day of year: 3
The day is: 6
DateGC : {26, 7, 2014} Iterations: 2510
BaseY: 2004
StartY: 1988
BaseDay: 1
First day of year: 3
The day is: 6
Date : {19, 11, 2006} Iterations: 2510
Date : {20, 11, 2006} Iterations: 2511
BaseY: 2004
StartY: 1988
BaseDay: 1
First day of year: 3
The day is: 7
DateGC : {27, 7, 2014} Iterations: 2511
BaseY: 2004
StartY: 1988
BaseDay: 1
First day of year: 3
The day is: 7
Date : {20, 11, 2006} Iterations: 2511
Date : {21, 11, 2006} Iterations: 2512
BaseY: 2004
StartY: 1988
BaseDay: 1
First day of year: 3
The day is: 1
DateGC : {28, 7, 2014} Iterations: 2512
BaseY: 2004
StartY: 1988
BaseDay: 1
First day of year: 3
The day is: 1
Date : {21, 11, 2006} Iterations: 2512
Date : {22, 11, 2006} Iterations: 2513
BaseY: 2004
StartY: 1988
BaseDay: 1
First day of year: 3
The day is: 2
DateGC : {29, 7, 2014} Iterations: 2513
BaseY: 2004
StartY: 1988
BaseDay: 1
First day of year: 3
The day is: 2
Date : {22, 11, 2006} Iterations: 2513
Date : {23, 11, 2006} Iterations: 2514
BaseY: 2004
StartY: 1988
BaseDay: 1
First day of year: 3
The day is: 3
DateGC : {30, 7, 2014} Iterations: 2514
BaseY: 2004
StartY: 1988
BaseDay: 1
First day of year: 3
The day is: 3
Date : {23, 11, 2006} Iterations: 2514
Date : {24, 11, 2006} Iterations: 2515
BaseY: 2004
StartY: 1988
BaseDay: 1
First day of year: 3
The day is: 4
DateGC : {31, 7, 2014} Iterations: 2515
BaseY: 2004
StartY: 1988
BaseDay: 1
First day of year: 3
The day is: 4
Date : {24, 11, 2006} Iterations: 2515
Date : {25, 11, 2006} Iterations: 2516
BaseY: 2004
StartY: 1988
BaseDay: 1
First day of year: 3
The day is: 5
DateGC : {1, 8, 2014} Iterations: 2516
BaseY: 2004
StartY: 1988
BaseDay: 1
First day of year: 3
The day is: 5
Date : {25, 11, 2006} Iterations: 2516
Date : {26, 11, 2006} Iterations: 2517
BaseY: 2004
StartY: 1988
BaseDay: 1
First day of year: 3
The day is: 6
DateGC : {2, 8, 2014} Iterations: 2517
BaseY: 2004
StartY: 1988
BaseDay: 1
First day of year: 3
The day is: 6
Date : {26, 11, 2006} Iterations: 2517
Date : {27, 11, 2006} Iterations: 2518
BaseY: 2004
StartY: 1988
BaseDay: 1
First day of year: 3
The day is: 7
DateGC : {3, 8, 2014} Iterations: 2518
BaseY: 2004
StartY: 1988
BaseDay: 1
First day of year: 3
The day is: 7
Date : {27, 11, 2006} Iterations: 2518
Date : {28, 11, 2006} Iterations: 2519
BaseY: 2004
StartY: 1988
BaseDay: 1
First day of year: 3
The day is: 1
DateGC : {4, 8, 2014} Iterations: 2519
BaseY: 2004
StartY: 1988
BaseDay: 1
First day of year: 3
The day is: 1
Date : {28, 11, 2006} Iterations: 2519
Date : {29, 11, 2006} Iterations: 2520
BaseY: 2004
StartY: 1988
BaseDay: 1
First day of year: 3
The day is: 2
DateGC : {5, 8, 2014} Iterations: 2520
BaseY: 2004
StartY: 1988
BaseDay: 1
First day of year: 3
The day is: 2
Date : {29, 11, 2006} Iterations: 2520
Date : {30, 11, 2006} Iterations: 2521
BaseY: 2004
StartY: 1988
BaseDay: 1
First day of year: 3
The day is: 3
DateGC : {6, 8, 2014} Iterations: 2521
BaseY: 2004
StartY: 1988
BaseDay: 1
First day of year: 3
The day is: 3
Date : {30, 11, 2006} Iterations: 2521
Date : {1, 12, 2006} Iterations: 2522
BaseY: 2004
StartY: 1988
BaseDay: 1
First day of year: 3
The day is: 4
DateGC : {7, 8, 2014} Iterations: 2522
BaseY: 2004
StartY: 1988
BaseDay: 1
First day of year: 3
The day is: 4
Date : {1, 12, 2006} Iterations: 2522
Date : {2, 12, 2006} Iterations: 2523
BaseY: 2004
StartY: 1988
BaseDay: 1
First day of year: 3
The day is: 5
DateGC : {8, 8, 2014} Iterations: 2523
BaseY: 2004
StartY: 1988
BaseDay: 1
First day of year: 3
The day is: 5
Date : {2, 12, 2006} Iterations: 2523
Date : {3, 12, 2006} Iterations: 2524
BaseY: 2004
StartY: 1988
BaseDay: 1
First day of year: 3
The day is: 6
DateGC : {9, 8, 2014} Iterations: 2524
BaseY: 2004
StartY: 1988
BaseDay: 1
First day of year: 3
The day is: 6
Date : {3, 12, 2006} Iterations: 2524
Date : {4, 12, 2006} Iterations: 2525
BaseY: 2004
StartY: 1988
BaseDay: 1
First day of year: 3
The day is: 7
DateGC : {10, 8, 2014} Iterations: 2525
BaseY: 2004
StartY: 1988
BaseDay: 1
First day of year: 3
The day is: 7
Date : {4, 12, 2006} Iterations: 2525
Date : {5, 12, 2006} Iterations: 2526
BaseY: 2004
StartY: 1988
BaseDay: 1
First day of year: 3
The day is: 1
DateGC : {11, 8, 2014} Iterations: 2526
BaseY: 2004
StartY: 1988
BaseDay: 1
First day of year: 3
The day is: 1
Date : {5, 12, 2006} Iterations: 2526
Date : {6, 12, 2006} Iterations: 2527
BaseY: 2004
StartY: 1988
BaseDay: 1
First day of year: 3
The day is: 2
DateGC : {12, 8, 2014} Iterations: 2527
BaseY: 2004
StartY: 1988
BaseDay: 1
First day of year: 3
The day is: 2
Date : {6, 12, 2006} Iterations: 2527
Date : {7, 12, 2006} Iterations: 2528
BaseY: 2004
StartY: 1988
BaseDay: 1
First day of year: 3
The day is: 3
DateGC : {13, 8, 2014} Iterations: 2528
BaseY: 2004
StartY: 1988
BaseDay: 1
First day of year: 3
The day is: 3
Date : {7, 12, 2006} Iterations: 2528
Date : {8, 12, 2006} Iterations: 2529
BaseY: 2004
StartY: 1988
BaseDay: 1
First day of year: 3
The day is: 4
DateGC : {14, 8, 2014} Iterations: 2529
BaseY: 2004
StartY: 1988
BaseDay: 1
First day of year: 3
The day is: 4
Date : {8, 12, 2006} Iterations: 2529
Date : {9, 12, 2006} Iterations: 2530
BaseY: 2004
StartY: 1988
BaseDay: 1
First day of year: 3
The day is: 5
DateGC : {15, 8, 2014} Iterations: 2530
BaseY: 2004
StartY: 1988
BaseDay: 1
First day of year: 3
The day is: 5
Date : {9, 12, 2006} Iterations: 2530
Date : {10, 12, 2006} Iterations: 2531
BaseY: 2004
StartY: 1988
BaseDay: 1
First day of year: 3
The day is: 6
DateGC : {16, 8, 2014} Iterations: 2531
BaseY: 2004
StartY: 1988
BaseDay: 1
First day of year: 3
The day is: 6
Date : {10, 12, 2006} Iterations: 2531
Date : {11, 12, 2006} Iterations: 2532
BaseY: 2004
StartY: 1988
BaseDay: 1
First day of year: 3
The day is: 7
DateGC : {17, 8, 2014} Iterations: 2532
BaseY: 2004
StartY: 1988
BaseDay: 1
First day of year: 3
The day is: 7
Date : {11, 12, 2006} Iterations: 2532
Date : {12, 12, 2006} Iterations: 2533
BaseY: 2004
StartY: 1988
BaseDay: 1
First day of year: 3
The day is: 1
DateGC : {18, 8, 2014} Iterations: 2533
BaseY: 2004
StartY: 1988
BaseDay: 1
First day of year: 3
The day is: 1
Date : {12, 12, 2006} Iterations: 2533
Date : {13, 12, 2006} Iterations: 2534
BaseY: 2004
StartY: 1988
BaseDay: 1
First day of year: 3
The day is: 2
DateGC : {19, 8, 2014} Iterations: 2534
BaseY: 2004
StartY: 1988
BaseDay: 1
First day of year: 3
The day is: 2
Date : {13, 12, 2006} Iterations: 2534
Date : {14, 12, 2006} Iterations: 2535
BaseY: 2004
StartY: 1988
BaseDay: 1
First day of year: 3
The day is: 3
DateGC : {20, 8, 2014} Iterations: 2535
BaseY: 2004
StartY: 1988
BaseDay: 1
First day of year: 3
The day is: 3
Date : {14, 12, 2006} Iterations: 2535
Date : {15, 12, 2006} Iterations: 2536
BaseY: 2004
StartY: 1988
BaseDay: 1
First day of year: 3
The day is: 4
DateGC : {21, 8, 2014} Iterations: 2536
BaseY: 2004
StartY: 1988
BaseDay: 1
First day of year: 3
The day is: 4
Date : {15, 12, 2006} Iterations: 2536
Date : {16, 12, 2006} Iterations: 2537
BaseY: 2004
StartY: 1988
BaseDay: 1
First day of year: 3
The day is: 5
DateGC : {22, 8, 2014} Iterations: 2537
BaseY: 2004
StartY: 1988
BaseDay: 1
First day of year: 3
The day is: 5
Date : {16, 12, 2006} Iterations: 2537
Date : {17, 12, 2006} Iterations: 2538
BaseY: 2004
StartY: 1988
BaseDay: 1
First day of year: 3
The day is: 6
DateGC : {23, 8, 2014} Iterations: 2538
BaseY: 2004
StartY: 1988
BaseDay: 1
First day of year: 3
The day is: 6
Date : {17, 12, 2006} Iterations: 2538
Date : {18, 12, 2006} Iterations: 2539
BaseY: 2004
StartY: 1988
BaseDay: 1
First day of year: 3
The day is: 7
DateGC : {24, 8, 2014} Iterations: 2539
BaseY: 2004
StartY: 1988
BaseDay: 1
First day of year: 3
The day is: 7
Date : {18, 12, 2006} Iterations: 2539
Date : {19, 12, 2006} Iterations: 2540
BaseY: 2004
StartY: 1988
BaseDay: 1
First day of year: 3
The day is: 1
DateGC : {25, 8, 2014} Iterations: 2540
BaseY: 2004
StartY: 1988
BaseDay: 1
First day of year: 3
The day is: 1
Date : {19, 12, 2006} Iterations: 2540
Date : {20, 12, 2006} Iterations: 2541
BaseY: 2004
StartY: 1988
BaseDay: 1
First day of year: 3
The day is: 2
DateGC : {26, 8, 2014} Iterations: 2541
BaseY: 2004
StartY: 1988
BaseDay: 1
First day of year: 3
The day is: 2
Date : {20, 12, 2006} Iterations: 2541
Date : {21, 12, 2006} Iterations: 2542
BaseY: 2004
StartY: 1988
BaseDay: 1
First day of year: 3
The day is: 3
DateGC : {27, 8, 2014} Iterations: 2542
BaseY: 2004
StartY: 1988
BaseDay: 1
First day of year: 3
The day is: 3
Date : {21, 12, 2006} Iterations: 2542
Date : {22, 12, 2006} Iterations: 2543
BaseY: 2004
StartY: 1988
BaseDay: 1
First day of year: 3
The day is: 4
DateGC : {28, 8, 2014} Iterations: 2543
BaseY: 2004
StartY: 1988
BaseDay: 1
First day of year: 3
The day is: 4
Date : {22, 12, 2006} Iterations: 2543
Date : {23, 12, 2006} Iterations: 2544
BaseY: 2004
StartY: 1988
BaseDay: 1
First day of year: 3
The day is: 5
DateGC : {29, 8, 2014} Iterations: 2544
BaseY: 2004
StartY: 1988
BaseDay: 1
First day of year: 3
The day is: 5
Date : {23, 12, 2006} Iterations: 2544
Date : {24, 12, 2006} Iterations: 2545
BaseY: 2004
StartY: 1988
BaseDay: 1
First day of year: 3
The day is: 6
DateGC : {30, 8, 2014} Iterations: 2545
BaseY: 2004
StartY: 1988
BaseDay: 1
First day of year: 3
The day is: 6
Date : {24, 12, 2006} Iterations: 2545
Date : {25, 12, 2006} Iterations: 2546
BaseY: 2004
StartY: 1988
BaseDay: 1
First day of year: 3
The day is: 7
DateGC : {31, 8, 2014} Iterations: 2546
BaseY: 2004
StartY: 1988
BaseDay: 1
First day of year: 3
The day is: 7
Date : {25, 12, 2006} Iterations: 2546
Date : {26, 12, 2006} Iterations: 2547
BaseY: 2004
StartY: 1988
BaseDay: 1
First day of year: 3
The day is: 1
DateGC : {1, 9, 2014} Iterations: 2547
BaseY: 2004
StartY: 1988
BaseDay: 1
First day of year: 3
The day is: 1
Date : {26, 12, 2006} Iterations: 2547
Date : {27, 12, 2006} Iterations: 2548
BaseY: 2004
StartY: 1988
BaseDay: 1
First day of year: 3
The day is: 2
DateGC : {2, 9, 2014} Iterations: 2548
BaseY: 2004
StartY: 1988
BaseDay: 1
First day of year: 3
The day is: 2
Date : {27, 12, 2006} Iterations: 2548
Date : {28, 12, 2006} Iterations: 2549
BaseY: 2004
StartY: 1988
BaseDay: 1
First day of year: 3
The day is: 3
DateGC : {3, 9, 2014} Iterations: 2549
BaseY: 2004
StartY: 1988
BaseDay: 1
First day of year: 3
The day is: 3
Date : {28, 12, 2006} Iterations: 2549
Date : {29, 12, 2006} Iterations: 2550
BaseY: 2004
StartY: 1988
BaseDay: 1
First day of year: 3
The day is: 4
DateGC : {4, 9, 2014} Iterations: 2550
BaseY: 2004
StartY: 1988
BaseDay: 1
First day of year: 3
The day is: 4
Date : {29, 12, 2006} Iterations: 2550
Date : {30, 12, 2006} Iterations: 2551
BaseY: 2004
StartY: 1988
BaseDay: 1
First day of year: 3
The day is: 5
DateGC : {5, 9, 2014} Iterations: 2551
BaseY: 2004
StartY: 1988
BaseDay: 1
First day of year: 3
The day is: 5
Date : {30, 12, 2006} Iterations: 2551
Date : {1, 13, 2006} Iterations: 2552
BaseY: 2004
StartY: 1988
BaseDay: 1
First day of year: 3
The day is: 6
DateGC : {6, 9, 2014} Iterations: 2552
BaseY: 2004
StartY: 1988
BaseDay: 1
First day of year: 3
The day is: 6
Date : {1, 13, 2006} Iterations: 2552
Date : {2, 13, 2006} Iterations: 2553
BaseY: 2004
StartY: 1988
BaseDay: 1
First day of year: 3
The day is: 7
DateGC : {7, 9, 2014} Iterations: 2553
BaseY: 2004
StartY: 1988
BaseDay: 1
First day of year: 3
The day is: 7
Date : {2, 13, 2006} Iterations: 2553
Date : {3, 13, 2006} Iterations: 2554
BaseY: 2004
StartY: 1988
BaseDay: 1
First day of year: 3
The day is: 1
DateGC : {8, 9, 2014} Iterations: 2554
BaseY: 2004
StartY: 1988
BaseDay: 1
First day of year: 3
The day is: 1
Date : {3, 13, 2006} Iterations: 2554
Date : {4, 13, 2006} Iterations: 2555
BaseY: 2004
StartY: 1988
BaseDay: 1
First day of year: 3
The day is: 2
DateGC : {9, 9, 2014} Iterations: 2555
BaseY: 2004
StartY: 1988
BaseDay: 1
First day of year: 3
The day is: 2
Date : {4, 13, 2006} Iterations: 2555
Date : {5, 13, 2006} Iterations: 2556
BaseY: 2004
StartY: 1988
BaseDay: 1
First day of year: 3
The day is: 3
DateGC : {10, 9, 2014} Iterations: 2556
BaseY: 2004
StartY: 1988
BaseDay: 1
First day of year: 3
The day is: 3
Date : {5, 13, 2006} Iterations: 2556
]]></system-out>
  </testcase>
  <testcase name="convertToDayOfWeek" classname="com.calendarConverter.service.ConvertDateTest" time="0.002">
    <system-out><![CDATA[Bean: com.calendarConverter.service.ConvertDateTest.ORIGINAL initialized...
This the setUp method and this is the Date : {5, 13, 2006}
true
BaseY: 2016
StartY: 2016
BaseDay: 2
First day of year: 2
The day is: 2
]]></system-out>
  </testcase>
</testsuite>